207659
212159
225534
207284
206159
244534
205784
211409
204659
207034
206534
212534
221659
213534
208784
290534
223534
211034
204034
206159
206159
214534
208534
204909
206284
257284
204534
207409
204534
210534
205659
222534
209784
206534
206784
238284
203909
206034
203784
212159
203909
209534
219784
216784
203909
261784
211534
206659
207034
210909
205409
207409
212159
209034
203784
247284
205659
205784
203159
209659
204909
209159
206784
204284
203409
252284
206284
202284
206159
204909
205034
212034
210159
215784
209159
250909
207409
204659
209284
205159
212284
209159
216159
203784
206534
232034
208034
207284
208909
202784
203034
206159
213659
204284
210534
278659
205659
217659
218534
206909
215534
223284
213284
209659
215909
281159
216534
205784
218159
219784
213409
209534
224659
219784
208659
256159
217284
226659
212659
220409
217159
216659
214784
206159
218284
292659
203534
217784
216409
210659
215034
221159
207284
219784
216534
248909
210909
206034
203034
205409
202909
210784
211784
208159
206284
239284
207284
207784
204159
206284
204284
209784
208409
204659
206909
263909
204409
215534
217159
204159
219409
212784
208784
215284
219284
250159
202909
206409
208534
221034
204909
204909
212284
205534
204409
248659
214159
206409
219159
213784
205159
206034
212534
202409
204909
242784
212534
209284
206534
206909
206784
206909
213034
205784
206284
251034
207409
202909
207909
202034
202034
208909
212284
203909
203159
254659
202159
205909
209284
206659
201659
210284
209784
204409
201409
258034
204284
205409
219159
205409
201909
209159
213784
204784
204159
245659
207534
208659
205534
205409
203784
215034
219909
209534
207284
256659
204784
208909
208784
204909
206784
209284
232784
211159
206909
242909
210409
206034
203534
210409
212034
207784
212534
205659
209534
275909
206659
210534
210659
208284
212909
211534
214909
206659
207159
248784
207159
206784
211409
204284
205909
215034
225034
204784
206034
273159
205409
204409
207534
205784
206784
210159
216034
209534
211034
250784
205784
206034
207159
203534
208659
213659
212909
206034
208159
270284
205784
205034
205659
202659
206909
204909
211659
212034
202659
236784
211284
203909
205909
207534
211534
208284
214534
206534
207034
250909
206409
203784
209284
219909
202909
210659
209534
212284
206909
252034
206034
207659
206409
204909
207034
209784
211159
207034
204034
263284
206534
207784
206659
206284
203909
208534
210284
205034
205284
280034
213409
195909
211659
207534
204034
213284
210409
204659
207534
260159
206909
203534
208034
209659
203409
211409
209909
205909
205034
231534
209784
206034
203659
210909
205659
215034
213159
205159
205784
229159
203284
205159
206659
205159
203909
209784
218659
210034
202909
236659
204909
211534
202534
213034
204659
213659
208409
204159
205034
225284
207034
203784
205534
210159
202159
209409
205534
203534
202034
232409
201159
206409
204159
209159
202534
210534
208909
206534
201534
234409
208034
203659
203909
208409
218409
206284
208909
206159
202284
247284
201659
205909
204159
205159
204909
210909
209034
205034
205034
245159
206284
207034
205659
205909
208409
209659
207659
206409
207534
240659
208284
205784
204784
208909
208534
209784
212784
211034
204159
243534
206784
206409
206784
213659
204284
208784
212659
210534
204159
240909
209534
208159
203159
206159
209534
210034
208534
208284
203909
245159
206284
210284
206159
212034
204409
211784
212909
205659
204159
249784
207659
206159
203784
206284
206284
209909
210034
208909
207909
240159
206159
210284
204284
206909
204659
209409
211784
208159
206784
239284
206534
212784
204284
209534
206784
210159
231784
208034
207534
284159
208284
210159
209909
207409
207409
231284
209409
208159
209409
236659
209284
210784
205034
208659
207284
211159
212284
210409
211034
295284
206909
209784
212284
206534
206659
215659
211784
204159
208784
261909
208909
207534
211534
206284
207034
207034
213284
208034
208784
245159
208659
209909
208784
206534
206534
210284
212284
207409
210909
251784
210534
207409
198284
198534
198909
203784
232284
209284
209159
256784
208034
210284
207909
208284
208034
216784
210409
211784
208034
269159
206534
210659
209159
209159
207909
213909
210159
208784
212034
256284
204409
203659
209284
204659
206159
206909
212659
212409
203534
261659
205784
204909
203659
208159
208659
208659
211159
206159
203659
238034
205159
209909
203534
208659
208284
208034
229534
209784
204409
243409
207909
206284
203284
208784
206159
207909
210534
211409
203659
259409
208409
207034
205534
211034
207784
215159
213159
211909
203909
250284
207159
211659
204159
206909
207659
211159
212284
209034
204659
231284
208034
206534
205034
209034
208284
208784
216409
206409
203284
228159
210159
205534
203909
211534
207159
215409
214659
212659
203784
260284
208784
206034
203659
210909
210534
215659
212909
208284
208034
239284
202784
208034
203284
205784
203659
211284
207159
208409
206909
272659
206659
207909
202784
208034
205909
207034
210159
209909
207659
255409
203784
210409
203034
206159
207159
212409
208284
206909
205159
251659
206909
211534
202784
209534
209659
207159
209034
222409
203784
247534
204909
205159
202784
209034
203409
209159
209034
205659
203159
256534
209034
214659
205284
206159
203909
214659
211534
207909
206409
260659
207534
211034
212034
207284
207409
212409
209909
210159
206659
256784
205034
210409
209284
210784
213034
222784
210409
208284
208659
267409
205409
207534
206784
211909
203909
213534
210159
206659
204034
237909
206284
207284
210659
207409
204159
211784
211034
208784
207659
249909
209034
211034
207159
207534
205784
213034
211034
207284
207909
257409
204409
211284
203909
208534
218409
209784
212409
212284
208284
271409
205159
208909
210409
208284
211159
213784
214284
209409
205784
257284
208784
208284
205284
208909
213034
212409
214034
209284
219409
253409
207659
210284
207284
209659
212284
211534
211034
207659
205659
264284
207784
212534
204659
206409
206409
211159
212159
208784
204409
244409
209284
208034
207909
208409
204034
209034
208784
208784
204409
248659
204284
208034
204409
210534
210159
209284
210784
210784
203534
238784
205409
208909
213159
206659
206784
214159
209534
207034
207534
246909
210534
208784
208784
211534
210409
212034
214159
209034
210659
251909
207784
209159
207909
210534
209784
211409
215159
211909
208909
240034
209909
209034
207784
211409
206034
213784
217534
215534
207284
236659
208409
209159
205659
212534
208784
211909
212284
215909
206159
270159
210159
207909
207284
208659
211284
220034
216909
213534
209034
277659
206159
211159
207784
210159
206784
213909
226534
210659
209159
237784
207784
210659
208034
209534
206159
214034
212534
214159
211034
249784
205659
208409
208159
210409
208659
217159
216284
210909
208909
268284
207159
210659
209534
212034
206409
211284
227534
211534
209909
264909
206409
210784
205909
211284
210534
216284
214909
213909
211034
273409
208909
210534
206034
210784
208534
213534
214034
212409
205784
246909
208534
214659
209034
209034
210784
215534
221034
209159
210034
258909
210534
209159
208784
