956622
956822
430722
951032
904122
435552
482422
956222
904022
487422
909912
951722
909622
904522
909022
951072
482322
951922
951222
430522
435422
909822
435422
956422
435422
430862
956022
956122
951222
951122
956022
482622
430522
909522
435812
904842
951322
956022
482322
951422
435912
487622
435322
909022
956812
956272
430022
430622
435812
435422
951122
909322
430622
951522
482122
904382
435022
482422
909712
956222
487122
956132
435222
956422
482912
435162
904812
435522
909222
956222
430222
482722
487322
909422
956122
909272
909332
482622
951022
430522
956522
435232
482422
904422
430022
482852
430022
951522
430912
904122
430322
482822
430322
487222
909222
951962
904912
951322
435912
956122
956812
956622
482322
435422
951222
904752
909812
430622
909022
956322
909122
904822
956522
909222
435222
482062
435122
487122
435422
430322
430422
904322
482622
951122
482812
904252
956522
482122
904222
487222
956812
909422
904422
909522
487122
482862
951822
909032
904622
909322
435222
904822
487032
430432
904122
904382
904522
487332
487022
430622
430732
487632
435922
430422
482122
435962
430922
430522
430622
956622
435622
487522
956922
430622
909132
956352
435422
909422
956422
904032
951722
909822
909622
487722
904422
956492
904822
435152
430822
956522
909322
909232
956032
435232
435522
904962
482822
904622
435322
956622
956522
430332
430922
956232
956722
482013
904322
482622
956522
951232
435622
951032
430822
482032
487822
435482
435522
956922
482132
435522
956722
482132
430722
430622
956722
951662
435322
487522
904422
909722
435422
956922
951922
435822
487622
909272
487322
430922
904322
956622
904422
951922
435132
435332
904622
904772
951622
951532
951822
909422
487422
904732
487332
482422
909622
956882
956222
487132
909222
904622
904622
904132
909622
435422
951622
904662
430622
482522
956622
487522
909722
909132
904032
951432
904832
487972
430322
482822
951622
482822
482222
435822
487922
909722
904222
951352
482522
487422
482242
951722
482422
430532
904822
430032
909222
482282
951422
482922
909822
956622
430322
956922
430032
956422
430322
956082
951422
435622
904222
909322
435422
435332
430432
951722
435022
430652
956422
482222
430322
951622
482022
487822
956432
909222
909022
430472
956622
435422
909322
951622
487222
956032
909032
487422
435122
951352
956822
435522
951622
956622
951222
951822
909922
909322
956122
909262
904222
435522
430922
904822
487422
951132
951922
951722
956222
951862
487422
482622
487222
956722
909222
951722
430032
487622
487122
909562
482622
956622
956522
487422
956222
482032
956032
956422
951222
487262
904822
430422
430622
956132
956222
487822
435922
956422
951222
956062
435132
909422
435222
909842
482922
435722
482032
435622
904222
430452
430522
951332
487422
951822
482922
909822
951132
435822
435222
487462
904922
904422
482722
482232
430622
956622
909822
951422
909122
951652
904522
435032
951222
909322
909322
487822
482032
951722
904222
487572
430322
430032
956222
904822
951722
487032
430922
482622
435322
430792
435422
482522
909922
909922
430222
430132
482032
435422
482222
951952
909422
904422
482222
909822
482822
482822
435032
430722
956222
956962
482522
435922
904522
904622
904522
909922
482032
956922
951422
482272
482722
435422
909422
956822
951322
487032
487722
487422
482222
482352
435522
482722
482422
487622
904422
430822
909722
909722
951522
904362
435522
430722
435522
956422
430242
482132
956922
482722
482522
435652
951522
904222
487422
909422
430322
482722
956832
909332
482322
909372
482622
909522
482322
951522
951522
435332
435732
435032
909322
956662
951622
951722
435222
435722
904522
487822
951822
482722
909622
956682
956422
904722
951032
430522
482522
435332
487232
904032
909422
487972
904322
904822
956222
904522
909622
487922
956722
956922
951622
951162
909032
951522
482322
482922
956822
951032
909032
430722
904322
487562
909422
956722
956322
904822
904722
435822
904332
951922
956222
435282
904522
904522
951622
909622
435232
487032
909822
951132
482722
909582
435322
909722
430322
951522
487222
430132
904722
951822
951522
956672
909422
956922
904522
951622
904322
435742
904042
951632
956722
430552
430422
430132
956322
430922
430032
430032
435232
430822
482322
430472
487522
435522
956222
956522
435422
951432
435132
909922
956522
482082
909622
904522
430322
904722
430622
904922
956732
482632
487322
951352
487622
435722
904422
904522
904522
430332
904722
909822
909222
430062
435522
951622
435322
482922
430422
430632
904032
904922
430422
909362
909722
909522
487522
956032
956322
435132
430132
435922
904322
430662
430522
909422
487322
430032
482032
487722
435922
430032
904622
430072
956622
430332
909322
951722
951522
487132
951032
435822
956622
430172
956422
430922
435522
482622
956622
956332
951922
951922
904622
435482
487922
487922
482622
904922
904522
482232
430842
956522
482622
430062
435622
482922
430722
482722
482322
482132
487032
904522
956522
482362
904522
909522
909322
430822
487032
956922
487922
909822
951422
951472
482922
435922
951722
430622
482622
904032
956822
430622
951722
951652
435422
909822
430922
951622
487322
435132
904432
909622
482622
435092
435132
482522
430622
956232
951722
482822
956922
956622
435222
956462
435122
951822
487222
482522
956422
430332
904032
904822
435622
435323
951342
951742
487832
482232
909422
904642
430242
951032
430732
909723
482922
951522
430632
430932
956422
482042
909042
951922
956432
909103
904532
482622
904242
904432
435122
430242
482342
951032
909632
951123
435422
956522
909532
487432
482722
956422
956442
956152
909422
487872
904622
430422
430632
951632
430732
951422
951142
951532
909422
482582
482732
956432
904032
430432
951832
951722
435822
482732
482632
487572
951122
487532
430922
435122
435732
487432
487532
956432
909932
430672
951722
435222
435322
430322
487422
951032
487342
487522
904622
904172
956622
909222
904522
487122
904322
430722
951232
909922
482032
435233
482832
956422
904422
956532
909432
909722
956142
904532
951622
482582
487632
956532
951032
482122
435732
430722
430922
904732
951132
904082
951522
956322
951722
956922
487122
956622
951822
487122
904622
909572
904722
430722
435922
487422
904132
487722
904922
951222
951622
430362
951722
482122
909422
487422
904822
430922
904732
951622
956342
951803
909122
482122
904522
956222
487032
951332
909032
909322
430622
430162
435032
951222
482422
487322
956622
482922
487732
951722
951032
430482
435222
956222
909522
956422
956622
904822
956732
904722
909522
487872
951832
951722
909832
482732
909632
482432
904922
487632
430732
909592
487722
951632
909632
435222
951422
904932
487142
909122
956632
435133
909822
909332
904832
909622
956922
430832
435442
951622
904422
904072
430232
956322
956832
904632
956922
951132
435342
904532
909032
487982
909632
951622
482932
482142
482732
487032
487742
904632
487132
909262
909722
430222
904622
951422
430822
435322
904522
951422
487122
487952
956722
430422
951432
909022
482422
951032
487422
956322
951132
956572
430622
482522
482522
909222
487422
435032
487622
956322
487722
482382
487222
435532
482332
