Program started.
Iteration: 0 - HW_STAMPS? 0
Test started.
Sent packet number 0/100
Wait for data
After wait for data
Sent packet number 1/100
Wait for data
After wait for data
Sent packet number 2/100
Wait for data
After wait for data
Sent packet number 3/100
Wait for data
After wait for data
Sent packet number 4/100
Wait for data
After wait for data
Sent packet number 5/100
Wait for data
After wait for data
Sent packet number 6/100
Wait for data
After wait for data
Sent packet number 7/100
Wait for data
After wait for data
Sent packet number 8/100
Wait for data
After wait for data
Sent packet number 9/100
Wait for data
After wait for data
Sent packet number 10/100
Wait for data
After wait for data
Sent packet number 11/100
Wait for data
After wait for data
Sent packet number 12/100
Wait for data
After wait for data
HW: 2 s, 9223372036854775822 ns
ts[1] - ???: 3399988123389603631 s, 3399988123389603631 ns
SW: 1657183729 s, 373825563 ns
Sent packet number 13/100
Wait for data
After wait for data
HW: 2 s, 9223372036854775822 ns
ts[1] - ???: 3399988123389603631 s, 3399988123389603631 ns
SW: 1657183729 s, 373825563 ns
Sent packet number 14/100
Wait for data
After wait for data
HW: 2 s, 9223372036854775822 ns
ts[1] - ???: 3399988123389603631 s, 3399988123389603631 ns
SW: 1657183729 s, 373825563 ns
Sent packet number 15/100
Wait for data
After wait for data
HW: 2 s, 9223372036854775822 ns
ts[1] - ???: 3399988123389603631 s, 3399988123389603631 ns
SW: 1657183729 s, 373825563 ns
Sent packet number 16/100
Wait for data
After wait for data
HW: 2 s, 9223372036854775822 ns
ts[1] - ???: 3399988123389603631 s, 3399988123389603631 ns
SW: 1657183729 s, 373825563 ns
Sent packet number 17/100
Wait for data
After wait for data
HW: 2 s, 9223372036854775822 ns
ts[1] - ???: 3399988123389603631 s, 3399988123389603631 ns
SW: 1657183729 s, 373825563 ns
Sent packet number 18/100
Wait for data
After wait for data
HW: 2 s, 9223372036854775822 ns
ts[1] - ???: 3399988123389603631 s, 3399988123389603631 ns
SW: 1657183729 s, 373825563 ns
Sent packet number 19/100
Wait for data
After wait for data
HW: 2 s, 9223372036854775822 ns
ts[1] - ???: 3399988123389603631 s, 3399988123389603631 ns
SW: 1657183729 s, 373825563 ns
Sent packet number 20/100
Wait for data
After wait for data
HW: 2 s, 9223372036854775822 ns
ts[1] - ???: 3399988123389603631 s, 3399988123389603631 ns
SW: 1657183729 s, 373825563 ns
Sent packet number 21/100
Wait for data
After wait for data
HW: 2 s, 9223372036854775822 ns
ts[1] - ???: 3399988123389603631 s, 3399988123389603631 ns
SW: 1657183729 s, 373825563 ns
Sent packet number 22/100
Wait for data
After wait for data
HW: 2 s, 9223372036854775822 ns
ts[1] - ???: 3399988123389603631 s, 3399988123389603631 ns
SW: 1657183729 s, 373825563 ns
Sent packet number 23/100
Wait for data
After wait for data
HW: 2 s, 9223372036854775822 ns
ts[1] - ???: 3399988123389603631 s, 3399988123389603631 ns
SW: 1657183729 s, 373825563 ns
Sent packet number 24/100
Wait for data
After wait for data
HW: 2 s, 9223372036854775822 ns
ts[1] - ???: 3399988123389603631 s, 3399988123389603631 ns
SW: 1657183729 s, 373825563 ns
Sent packet number 25/100
Wait for data
After wait for data
HW: 2 s, 9223372036854775822 ns
ts[1] - ???: 3399988123389603631 s, 3399988123389603631 ns
SW: 1657183729 s, 373825563 ns
Sent packet number 26/100
Wait for data
After wait for data
HW: 2 s, 9223372036854775822 ns
ts[1] - ???: 3399988123389603631 s, 3399988123389603631 ns
SW: 1657183729 s, 373825563 ns
Sent packet number 27/100
Wait for data
After wait for data
HW: 2 s, 9223372036854775822 ns
ts[1] - ???: 3399988123389603631 s, 3399988123389603631 ns
SW: 1657183729 s, 373825563 ns
Sent packet number 28/100
Wait for data
After wait for data
HW: 2 s, 9223372036854775822 ns
ts[1] - ???: 3399988123389603631 s, 3399988123389603631 ns
SW: 1657183729 s, 373825563 ns
Sent packet number 29/100
Wait for data
After wait for data
HW: 2 s, 9223372036854775822 ns
ts[1] - ???: 3399988123389603631 s, 3399988123389603631 ns
SW: 1657183729 s, 373825563 ns
Sent packet number 30/100
Wait for data
After wait for data
HW: 2 s, 9223372036854775822 ns
ts[1] - ???: 3399988123389603631 s, 3399988123389603631 ns
SW: 1657183729 s, 373825563 ns
Sent packet number 31/100
Wait for data
After wait for data
HW: 2 s, 9223372036854775822 ns
ts[1] - ???: 3399988123389603631 s, 3399988123389603631 ns
SW: 1657183729 s, 373825563 ns
Sent packet number 32/100
Wait for data
After wait for data
HW: 2 s, 9223372036854775822 ns
ts[1] - ???: 3399988123389603631 s, 3399988123389603631 ns
SW: 1657183729 s, 373825563 ns
Sent packet number 33/100
Wait for data
After wait for data
HW: 2 s, 9223372036854775822 ns
ts[1] - ???: 3399988123389603631 s, 3399988123389603631 ns
SW: 1657183729 s, 373825563 ns
Sent packet number 34/100
Wait for data
After wait for data
HW: 2 s, 9223372036854775822 ns
ts[1] - ???: 3399988123389603631 s, 3399988123389603631 ns
SW: 1657183729 s, 373825563 ns
Sent packet number 35/100
Wait for data
After wait for data
HW: 2 s, 9223372036854775822 ns
ts[1] - ???: 3399988123389603631 s, 3399988123389603631 ns
SW: 1657183729 s, 373825563 ns
Sent packet number 36/100
Wait for data
After wait for data
HW: 2 s, 9223372036854775822 ns
ts[1] - ???: 3399988123389603631 s, 3399988123389603631 ns
SW: 1657183729 s, 373825563 ns
Sent packet number 37/100
Wait for data
After wait for data
HW: 2 s, 9223372036854775822 ns
ts[1] - ???: 3399988123389603631 s, 3399988123389603631 ns
SW: 1657183729 s, 374592566 ns
Sent packet number 38/100
Wait for data
After wait for data
HW: 2 s, 9223372036854775822 ns
ts[1] - ???: 3399988123389603631 s, 3399988123389603631 ns
SW: 1657183729 s, 374592566 ns
Sent packet number 39/100
Wait for data
After wait for data
HW: 2 s, 9223372036854775822 ns
ts[1] - ???: 3399988123389603631 s, 3399988123389603631 ns
SW: 1657183729 s, 374592566 ns
Sent packet number 40/100
Wait for data
After wait for data
HW: 2 s, 9223372036854775822 ns
ts[1] - ???: 3399988123389603631 s, 3399988123389603631 ns
SW: 1657183729 s, 374592566 ns
Sent packet number 41/100
Wait for data
After wait for data
HW: 2 s, 9223372036854775822 ns
ts[1] - ???: 3399988123389603631 s, 3399988123389603631 ns
SW: 1657183729 s, 374592566 ns
Sent packet number 42/100
Wait for data
After wait for data
HW: 2 s, 9223372036854775822 ns
ts[1] - ???: 3399988123389603631 s, 3399988123389603631 ns
SW: 1657183729 s, 374592566 ns
Sent packet number 43/100
Wait for data
After wait for data
HW: 2 s, 9223372036854775822 ns
ts[1] - ???: 3399988123389603631 s, 3399988123389603631 ns
SW: 1657183729 s, 374592566 ns
Sent packet number 44/100
Wait for data
After wait for data
HW: 2 s, 9223372036854775822 ns
ts[1] - ???: 3399988123389603631 s, 3399988123389603631 ns
SW: 1657183729 s, 374592566 ns
Sent packet number 45/100
Wait for data
After wait for data
HW: 2 s, 9223372036854775822 ns
ts[1] - ???: 3399988123389603631 s, 3399988123389603631 ns
SW: 1657183729 s, 374592566 ns
Sent packet number 46/100
Wait for data
After wait for data
HW: 2 s, 9223372036854775822 ns
ts[1] - ???: 3399988123389603631 s, 3399988123389603631 ns
SW: 1657183729 s, 374592566 ns
Sent packet number 47/100
Wait for data
After wait for data
HW: 2 s, 9223372036854775822 ns
ts[1] - ???: 3399988123389603631 s, 3399988123389603631 ns
SW: 1657183729 s, 374592566 ns
Sent packet number 48/100
Wait for data
After wait for data
HW: 2 s, 9223372036854775822 ns
ts[1] - ???: 3399988123389603631 s, 3399988123389603631 ns
SW: 1657183729 s, 374592566 ns
Sent packet number 49/100
Wait for data
After wait for data
HW: 2 s, 9223372036854775822 ns
ts[1] - ???: 3399988123389603631 s, 3399988123389603631 ns
SW: 1657183729 s, 374592566 ns
Sent packet number 50/100
Wait for data
After wait for data
HW: 2 s, 9223372036854775822 ns
ts[1] - ???: 3399988123389603631 s, 3399988123389603631 ns
SW: 1657183729 s, 374592566 ns
Sent packet number 51/100
Wait for data
After wait for data
HW: 2 s, 9223372036854775822 ns
ts[1] - ???: 3399988123389603631 s, 3399988123389603631 ns
SW: 1657183729 s, 374592566 ns
Sent packet number 52/100
Wait for data
After wait for data
HW: 2 s, 9223372036854775822 ns
ts[1] - ???: 3399988123389603631 s, 3399988123389603631 ns
SW: 1657183729 s, 374592566 ns
Sent packet number 53/100
Wait for data
After wait for data
HW: 2 s, 9223372036854775822 ns
ts[1] - ???: 3399988123389603631 s, 3399988123389603631 ns
SW: 1657183729 s, 374592566 ns
Sent packet number 54/100
Wait for data
After wait for data
HW: 2 s, 9223372036854775822 ns
ts[1] - ???: 3399988123389603631 s, 3399988123389603631 ns
SW: 1657183729 s, 374592566 ns
Sent packet number 55/100
Wait for data
After wait for data
HW: 2 s, 9223372036854775822 ns
ts[1] - ???: 3399988123389603631 s, 3399988123389603631 ns
SW: 1657183729 s, 374592566 ns
Sent packet number 56/100
Wait for data
After wait for data
HW: 2 s, 9223372036854775822 ns
ts[1] - ???: 3399988123389603631 s, 3399988123389603631 ns
SW: 1657183729 s, 374592566 ns
Sent packet number 57/100
Wait for data
After wait for data
HW: 2 s, 9223372036854775822 ns
ts[1] - ???: 3399988123389603631 s, 3399988123389603631 ns
SW: 1657183729 s, 374592566 ns
Sent packet number 58/100
Wait for data
After wait for data
HW: 2 s, 9223372036854775822 ns
ts[1] - ???: 3399988123389603631 s, 3399988123389603631 ns
SW: 1657183729 s, 374592566 ns
Sent packet number 59/100
Wait for data
After wait for data
HW: 2 s, 9223372036854775822 ns
ts[1] - ???: 3399988123389603631 s, 3399988123389603631 ns
SW: 1657183729 s, 374592566 ns
Sent packet number 60/100
Wait for data
After wait for data
HW: 2 s, 9223372036854775822 ns
ts[1] - ???: 3399988123389603631 s, 3399988123389603631 ns
SW: 1657183729 s, 374592566 ns
Sent packet number 61/100
Wait for data
After wait for data
HW: 2 s, 9223372036854775822 ns
ts[1] - ???: 3399988123389603631 s, 3399988123389603631 ns
SW: 1657183729 s, 374592566 ns
Sent packet number 62/100
Wait for data
After wait for data
HW: 2 s, 9223372036854775822 ns
ts[1] - ???: 3399988123389603631 s, 3399988123389603631 ns
SW: 1657183729 s, 374592566 ns
Sent packet number 63/100
Wait for data
After wait for data
HW: 2 s, 9223372036854775822 ns
ts[1] - ???: 3399988123389603631 s, 3399988123389603631 ns
SW: 1657183729 s, 374592566 ns
Sent packet number 64/100
Wait for data
After wait for data
HW: 2 s, 9223372036854775822 ns
ts[1] - ???: 3399988123389603631 s, 3399988123389603631 ns
SW: 1657183729 s, 374592566 ns
Sent packet number 65/100
Wait for data
After wait for data
HW: 2 s, 9223372036854775822 ns
ts[1] - ???: 3399988123389603631 s, 3399988123389603631 ns
SW: 1657183729 s, 374592566 ns
Sent packet number 66/100
Wait for data
After wait for data
HW: 2 s, 9223372036854775822 ns
ts[1] - ???: 3399988123389603631 s, 3399988123389603631 ns
SW: 1657183729 s, 374592566 ns
Sent packet number 67/100
Wait for data
After wait for data
HW: 2 s, 9223372036854775822 ns
ts[1] - ???: 3399988123389603631 s, 3399988123389603631 ns
SW: 1657183729 s, 374592566 ns
Sent packet number 68/100
Wait for data
After wait for data
HW: 2 s, 9223372036854775822 ns
ts[1] - ???: 3399988123389603631 s, 3399988123389603631 ns
SW: 1657183729 s, 374592566 ns
Sent packet number 69/100
Wait for data
After wait for data
HW: 2 s, 9223372036854775822 ns
ts[1] - ???: 3399988123389603631 s, 3399988123389603631 ns
SW: 1657183729 s, 374592566 ns
Sent packet number 70/100
Wait for data
After wait for data
HW: 2 s, 9223372036854775822 ns
ts[1] - ???: 3399988123389603631 s, 3399988123389603631 ns
SW: 1657183729 s, 374592566 ns
Sent packet number 71/100
Wait for data
After wait for data
HW: 2 s, 9223372036854775822 ns
ts[1] - ???: 3399988123389603631 s, 3399988123389603631 ns
SW: 1657183729 s, 374592566 ns
Sent packet number 72/100
Wait for data
After wait for data
HW: 2 s, 9223372036854775822 ns
ts[1] - ???: 3399988123389603631 s, 3399988123389603631 ns
SW: 1657183729 s, 374592566 ns
Sent packet number 73/100
Wait for data
After wait for data
HW: 2 s, 9223372036854775822 ns
ts[1] - ???: 3399988123389603631 s, 3399988123389603631 ns
SW: 1657183729 s, 374592566 ns
Sent packet number 74/100
Wait for data
After wait for data
HW: 2 s, 9223372036854775822 ns
ts[1] - ???: 3399988123389603631 s, 3399988123389603631 ns
SW: 1657183729 s, 374592566 ns
Sent packet number 75/100
Wait for data
After wait for data
HW: 2 s, 9223372036854775822 ns
ts[1] - ???: 3399988123389603631 s, 3399988123389603631 ns
SW: 1657183729 s, 374592566 ns
Sent packet number 76/100
Wait for data
After wait for data
HW: 2 s, 9223372036854775822 ns
ts[1] - ???: 3399988123389603631 s, 3399988123389603631 ns
SW: 1657183729 s, 374883187 ns
Sent packet number 77/100
Wait for data
After wait for data
HW: 2 s, 9223372036854775822 ns
ts[1] - ???: 3399988123389603631 s, 3399988123389603631 ns
SW: 1657183729 s, 374883187 ns
Sent packet number 78/100
Wait for data
After wait for data
HW: 2 s, 9223372036854775822 ns
ts[1] - ???: 3399988123389603631 s, 3399988123389603631 ns
SW: 1657183729 s, 374883187 ns
Sent packet number 79/100
Wait for data
After wait for data
HW: 2 s, 9223372036854775822 ns
ts[1] - ???: 3399988123389603631 s, 3399988123389603631 ns
SW: 1657183729 s, 374883187 ns
Sent packet number 80/100
Wait for data
After wait for data
HW: 2 s, 9223372036854775822 ns
ts[1] - ???: 3399988123389603631 s, 3399988123389603631 ns
SW: 1657183729 s, 374883187 ns
Sent packet number 81/100
Wait for data
After wait for data
HW: 2 s, 9223372036854775822 ns
ts[1] - ???: 3399988123389603631 s, 3399988123389603631 ns
SW: 1657183729 s, 374883187 ns
Sent packet number 82/100
Wait for data
After wait for data
HW: 2 s, 9223372036854775822 ns
ts[1] - ???: 3399988123389603631 s, 3399988123389603631 ns
SW: 1657183729 s, 374883187 ns
Sent packet number 83/100
Wait for data
After wait for data
HW: 2 s, 9223372036854775822 ns
ts[1] - ???: 3399988123389603631 s, 3399988123389603631 ns
SW: 1657183729 s, 374883187 ns
Sent packet number 84/100
Wait for data
After wait for data
HW: 2 s, 9223372036854775822 ns
ts[1] - ???: 3399988123389603631 s, 3399988123389603631 ns
SW: 1657183729 s, 374883187 ns
Sent packet number 85/100
Wait for data
After wait for data
HW: 2 s, 9223372036854775822 ns
ts[1] - ???: 3399988123389603631 s, 3399988123389603631 ns
SW: 1657183729 s, 374883187 ns
Sent packet number 86/100
Wait for data
After wait for data
HW: 2 s, 9223372036854775822 ns
ts[1] - ???: 3399988123389603631 s, 3399988123389603631 ns
SW: 1657183729 s, 374883187 ns
Sent packet number 87/100
Wait for data
After wait for data
HW: 2 s, 9223372036854775822 ns
ts[1] - ???: 3399988123389603631 s, 3399988123389603631 ns
SW: 1657183729 s, 374883187 ns
Sent packet number 88/100
Wait for data
After wait for data
HW: 2 s, 9223372036854775822 ns
ts[1] - ???: 3399988123389603631 s, 3399988123389603631 ns
SW: 1657183729 s, 374883187 ns
Sent packet number 89/100
Wait for data
After wait for data
HW: 2 s, 9223372036854775822 ns
ts[1] - ???: 3399988123389603631 s, 3399988123389603631 ns
SW: 1657183729 s, 374883187 ns
Sent packet number 90/100
Wait for data
After wait for data
HW: 2 s, 9223372036854775822 ns
ts[1] - ???: 3399988123389603631 s, 3399988123389603631 ns
SW: 1657183729 s, 374883187 ns
Sent packet number 91/100
Wait for data
After wait for data
HW: 2 s, 9223372036854775822 ns
ts[1] - ???: 3399988123389603631 s, 3399988123389603631 ns
SW: 1657183729 s, 374883187 ns
Sent packet number 92/100
Wait for data
After wait for data
HW: 2 s, 9223372036854775822 ns
ts[1] - ???: 3399988123389603631 s, 3399988123389603631 ns
SW: 1657183729 s, 374883187 ns
Sent packet number 93/100
Wait for data
After wait for data
HW: 2 s, 9223372036854775822 ns
ts[1] - ???: 3399988123389603631 s, 3399988123389603631 ns
SW: 1657183729 s, 374883187 ns
Sent packet number 94/100
Wait for data
After wait for data
HW: 2 s, 9223372036854775822 ns
ts[1] - ???: 3399988123389603631 s, 3399988123389603631 ns
SW: 1657183729 s, 374883187 ns
Sent packet number 95/100
Wait for data
After wait for data
HW: 2 s, 9223372036854775822 ns
ts[1] - ???: 3399988123389603631 s, 3399988123389603631 ns
SW: 1657183729 s, 374883187 ns
Sent packet number 96/100
Wait for data
After wait for data
HW: 2 s, 9223372036854775822 ns
ts[1] - ???: 3399988123389603631 s, 3399988123389603631 ns
SW: 1657183729 s, 374883187 ns
Sent packet number 97/100
Wait for data
After wait for data
HW: 2 s, 9223372036854775822 ns
ts[1] - ???: 3399988123389603631 s, 3399988123389603631 ns
SW: 1657183729 s, 374883187 ns
Sent packet number 98/100
Wait for data
After wait for data
HW: 2 s, 9223372036854775822 ns
ts[1] - ???: 3399988123389603631 s, 3399988123389603631 ns
SW: 1657183729 s, 374883187 ns
Sent packet number 99/100
Wait for data
After wait for data
HW: 2 s, 9223372036854775822 ns
ts[1] - ???: 3399988123389603631 s, 3399988123389603631 ns
SW: 1657183729 s, 374883187 ns
Iteration: 1 - HW_STAMPS? 1
Test started.
Sent packet number 0/100
Wait for data
After wait for data
HW: 2 s, 9223372036854775822 ns
ts[1] - ???: 3399988123389603631 s, 3399988123389603631 ns
SW: 1657183729 s, 374883187 ns
Sent packet number 1/100
Wait for data
After wait for data
HW: 2 s, 9223372036854775822 ns
ts[1] - ???: 3399988123389603631 s, 3399988123389603631 ns
SW: 1657183729 s, 374883187 ns
Sent packet number 2/100
Wait for data
After wait for data
HW: 2 s, 9223372036854775822 ns
ts[1] - ???: 3399988123389603631 s, 3399988123389603631 ns
SW: 1657183729 s, 374883187 ns
Sent packet number 3/100
Wait for data
After wait for data
HW: 2 s, 9223372036854775822 ns
ts[1] - ???: 3399988123389603631 s, 3399988123389603631 ns
SW: 1657183729 s, 374883187 ns
Sent packet number 4/100
Wait for data
After wait for data
HW: 2 s, 9223372036854775822 ns
ts[1] - ???: 3399988123389603631 s, 3399988123389603631 ns
SW: 1657183729 s, 374883187 ns
Sent packet number 5/100
Wait for data
After wait for data
HW: 2 s, 9223372036854775822 ns
ts[1] - ???: 3399988123389603631 s, 3399988123389603631 ns
SW: 1657183729 s, 374883187 ns
Sent packet number 6/100
Wait for data
After wait for data
HW: 2 s, 9223372036854775822 ns
ts[1] - ???: 3399988123389603631 s, 3399988123389603631 ns
SW: 1657183729 s, 374883187 ns
Sent packet number 7/100
Wait for data
After wait for data
HW: 2 s, 9223372036854775822 ns
ts[1] - ???: 3399988123389603631 s, 3399988123389603631 ns
SW: 1657183729 s, 375534817 ns
Sent packet number 8/100
Wait for data
After wait for data
HW: 2 s, 9223372036854775822 ns
ts[1] - ???: 3399988123389603631 s, 3399988123389603631 ns
SW: 1657183729 s, 375534817 ns
Sent packet number 9/100
Wait for data
After wait for data
HW: 2 s, 9223372036854775822 ns
ts[1] - ???: 3399988123389603631 s, 3399988123389603631 ns
SW: 1657183729 s, 375534817 ns
Sent packet number 10/100
Wait for data
After wait for data
HW: 2 s, 9223372036854775822 ns
ts[1] - ???: 3399988123389603631 s, 3399988123389603631 ns
SW: 1657183729 s, 375534817 ns
Sent packet number 11/100
Wait for data
After wait for data
HW: 2 s, 9223372036854775822 ns
ts[1] - ???: 3399988123389603631 s, 3399988123389603631 ns
SW: 1657183729 s, 375534817 ns
Sent packet number 12/100
Wait for data
After wait for data
HW: 2 s, 9223372036854775822 ns
ts[1] - ???: 3399988123389603631 s, 3399988123389603631 ns
SW: 1657183729 s, 375534817 ns
Sent packet number 13/100
Wait for data
After wait for data
HW: 2 s, 9223372036854775822 ns
ts[1] - ???: 3399988123389603631 s, 3399988123389603631 ns
SW: 1657183729 s, 375534817 ns
Sent packet number 14/100
Wait for data
After wait for data
HW: 2 s, 9223372036854775822 ns
ts[1] - ???: 3399988123389603631 s, 3399988123389603631 ns
SW: 1657183729 s, 375534817 ns
Sent packet number 15/100
Wait for data
After wait for data
HW: 2 s, 9223372036854775822 ns
ts[1] - ???: 3399988123389603631 s, 3399988123389603631 ns
SW: 1657183729 s, 375534817 ns
Sent packet number 16/100
Wait for data
After wait for data
HW: 2 s, 9223372036854775822 ns
ts[1] - ???: 3399988123389603631 s, 3399988123389603631 ns
SW: 1657183729 s, 375534817 ns
Sent packet number 17/100
Wait for data
After wait for data
HW: 2 s, 9223372036854775822 ns
ts[1] - ???: 3399988123389603631 s, 3399988123389603631 ns
SW: 1657183729 s, 375534817 ns
Sent packet number 18/100
Wait for data
After wait for data
HW: 2 s, 9223372036854775822 ns
ts[1] - ???: 3399988123389603631 s, 3399988123389603631 ns
SW: 1657183729 s, 375534817 ns
Sent packet number 19/100
Wait for data
After wait for data
HW: 2 s, 9223372036854775822 ns
ts[1] - ???: 3399988123389603631 s, 3399988123389603631 ns
SW: 1657183729 s, 375534817 ns
Sent packet number 20/100
Wait for data
After wait for data
HW: 2 s, 9223372036854775822 ns
ts[1] - ???: 3399988123389603631 s, 3399988123389603631 ns
SW: 1657183729 s, 375534817 ns
Sent packet number 21/100
Wait for data
After wait for data
HW: 2 s, 9223372036854775822 ns
ts[1] - ???: 3399988123389603631 s, 3399988123389603631 ns
SW: 1657183729 s, 375534817 ns
Sent packet number 22/100
Wait for data
After wait for data
HW: 2 s, 9223372036854775822 ns
ts[1] - ???: 3399988123389603631 s, 3399988123389603631 ns
SW: 1657183729 s, 375534817 ns
Sent packet number 23/100
Wait for data
After wait for data
HW: 2 s, 9223372036854775822 ns
ts[1] - ???: 3399988123389603631 s, 3399988123389603631 ns
SW: 1657183729 s, 375534817 ns
Sent packet number 24/100
Wait for data
After wait for data
HW: 2 s, 9223372036854775822 ns
ts[1] - ???: 3399988123389603631 s, 3399988123389603631 ns
SW: 1657183729 s, 375534817 ns
Sent packet number 25/100
Wait for data
After wait for data
HW: 2 s, 9223372036854775822 ns
ts[1] - ???: 3399988123389603631 s, 3399988123389603631 ns
SW: 1657183729 s, 375534817 ns
Sent packet number 26/100
Wait for data
After wait for data
HW: 2 s, 9223372036854775822 ns
ts[1] - ???: 3399988123389603631 s, 3399988123389603631 ns
SW: 1657183729 s, 375534817 ns
Sent packet number 27/100
Wait for data
After wait for data
HW: 2 s, 9223372036854775822 ns
ts[1] - ???: 3399988123389603631 s, 3399988123389603631 ns
SW: 1657183729 s, 375534817 ns
Sent packet number 28/100
Wait for data
After wait for data
HW: 2 s, 9223372036854775822 ns
ts[1] - ???: 3399988123389603631 s, 3399988123389603631 ns
SW: 1657183729 s, 375534817 ns
Sent packet number 29/100
Wait for data
After wait for data
HW: 2 s, 9223372036854775822 ns
ts[1] - ???: 3399988123389603631 s, 3399988123389603631 ns
SW: 1657183729 s, 375534817 ns
Sent packet number 30/100
Wait for data
After wait for data
HW: 2 s, 9223372036854775822 ns
ts[1] - ???: 3399988123389603631 s, 3399988123389603631 ns
SW: 1657183729 s, 375534817 ns
Sent packet number 31/100
Wait for data
After wait for data
HW: 2 s, 9223372036854775822 ns
ts[1] - ???: 3399988123389603631 s, 3399988123389603631 ns
SW: 1657183729 s, 375534817 ns
Sent packet number 32/100
Wait for data
After wait for data
HW: 2 s, 9223372036854775822 ns
ts[1] - ???: 3399988123389603631 s, 3399988123389603631 ns
SW: 1657183729 s, 375534817 ns
Sent packet number 33/100
Wait for data
After wait for data
HW: 2 s, 9223372036854775822 ns
ts[1] - ???: 3399988123389603631 s, 3399988123389603631 ns
SW: 1657183729 s, 375534817 ns
Sent packet number 34/100
Wait for data
After wait for data
HW: 2 s, 9223372036854775822 ns
ts[1] - ???: 3399988123389603631 s, 3399988123389603631 ns
SW: 1657183729 s, 375534817 ns
Sent packet number 35/100
Wait for data
After wait for data
HW: 2 s, 9223372036854775822 ns
ts[1] - ???: 3399988123389603631 s, 3399988123389603631 ns
SW: 1657183729 s, 375534817 ns
Sent packet number 36/100
Wait for data
After wait for data
HW: 2 s, 9223372036854775822 ns
ts[1] - ???: 3399988123389603631 s, 3399988123389603631 ns
SW: 1657183729 s, 375534817 ns
Sent packet number 37/100
Wait for data
After wait for data
HW: 2 s, 9223372036854775822 ns
ts[1] - ???: 3399988123389603631 s, 3399988123389603631 ns
SW: 1657183729 s, 375534817 ns
Sent packet number 38/100
Wait for data
After wait for data
HW: 2 s, 9223372036854775822 ns
ts[1] - ???: 3399988123389603631 s, 3399988123389603631 ns
SW: 1657183729 s, 375534817 ns
Sent packet number 39/100
Wait for data
After wait for data
HW: 2 s, 9223372036854775822 ns
ts[1] - ???: 3399988123389603631 s, 3399988123389603631 ns
SW: 1657183729 s, 375534817 ns
Sent packet number 40/100
Wait for data
After wait for data
HW: 2 s, 9223372036854775822 ns
ts[1] - ???: 3399988123389603631 s, 3399988123389603631 ns
SW: 1657183729 s, 375846203 ns
Sent packet number 41/100
Wait for data
After wait for data
HW: 2 s, 9223372036854775822 ns
ts[1] - ???: 3399988123389603631 s, 3399988123389603631 ns
SW: 1657183729 s, 375846203 ns
Sent packet number 42/100
Wait for data
After wait for data
HW: 2 s, 9223372036854775822 ns
ts[1] - ???: 3399988123389603631 s, 3399988123389603631 ns
SW: 1657183729 s, 375846203 ns
Sent packet number 43/100
Wait for data
After wait for data
HW: 2 s, 9223372036854775822 ns
ts[1] - ???: 3399988123389603631 s, 3399988123389603631 ns
SW: 1657183729 s, 375846203 ns
Sent packet number 44/100
Wait for data
After wait for data
HW: 2 s, 9223372036854775822 ns
ts[1] - ???: 3399988123389603631 s, 3399988123389603631 ns
SW: 1657183729 s, 375846203 ns
Sent packet number 45/100
Wait for data
After wait for data
HW: 2 s, 9223372036854775822 ns
ts[1] - ???: 3399988123389603631 s, 3399988123389603631 ns
SW: 1657183729 s, 375846203 ns
Sent packet number 46/100
Wait for data
After wait for data
HW: 2 s, 9223372036854775822 ns
ts[1] - ???: 3399988123389603631 s, 3399988123389603631 ns
SW: 1657183729 s, 375846203 ns
Sent packet number 47/100
Wait for data
After wait for data
HW: 2 s, 9223372036854775822 ns
ts[1] - ???: 3399988123389603631 s, 3399988123389603631 ns
SW: 1657183729 s, 375846203 ns
Sent packet number 48/100
Wait for data
After wait for data
HW: 2 s, 9223372036854775822 ns
ts[1] - ???: 3399988123389603631 s, 3399988123389603631 ns
SW: 1657183729 s, 375846203 ns
Sent packet number 49/100
Wait for data
After wait for data
HW: 2 s, 9223372036854775822 ns
ts[1] - ???: 3399988123389603631 s, 3399988123389603631 ns
SW: 1657183729 s, 375846203 ns
Sent packet number 50/100
Wait for data
After wait for data
HW: 2 s, 9223372036854775822 ns
ts[1] - ???: 3399988123389603631 s, 3399988123389603631 ns
SW: 1657183729 s, 375846203 ns
Sent packet number 51/100
Wait for data
After wait for data
HW: 2 s, 9223372036854775822 ns
ts[1] - ???: 3399988123389603631 s, 3399988123389603631 ns
SW: 1657183729 s, 375846203 ns
Sent packet number 52/100
Wait for data
After wait for data
HW: 2 s, 9223372036854775822 ns
ts[1] - ???: 3399988123389603631 s, 3399988123389603631 ns
SW: 1657183729 s, 375846203 ns
Sent packet number 53/100
Wait for data
After wait for data
HW: 2 s, 9223372036854775822 ns
ts[1] - ???: 3399988123389603631 s, 3399988123389603631 ns
SW: 1657183729 s, 375846203 ns
Sent packet number 54/100
Wait for data
After wait for data
HW: 2 s, 9223372036854775822 ns
ts[1] - ???: 3399988123389603631 s, 3399988123389603631 ns
SW: 1657183729 s, 375846203 ns
Sent packet number 55/100
Wait for data
After wait for data
HW: 2 s, 9223372036854775822 ns
ts[1] - ???: 3399988123389603631 s, 3399988123389603631 ns
SW: 1657183729 s, 375846203 ns
Sent packet number 56/100
Wait for data
After wait for data
HW: 2 s, 9223372036854775822 ns
ts[1] - ???: 3399988123389603631 s, 3399988123389603631 ns
SW: 1657183729 s, 375846203 ns
Sent packet number 57/100
Wait for data
After wait for data
HW: 2 s, 9223372036854775822 ns
ts[1] - ???: 3399988123389603631 s, 3399988123389603631 ns
SW: 1657183729 s, 375846203 ns
Sent packet number 58/100
Wait for data
After wait for data
HW: 2 s, 9223372036854775822 ns
ts[1] - ???: 3399988123389603631 s, 3399988123389603631 ns
SW: 1657183729 s, 375846203 ns
Sent packet number 59/100
Wait for data
After wait for data
HW: 2 s, 9223372036854775822 ns
ts[1] - ???: 3399988123389603631 s, 3399988123389603631 ns
SW: 1657183729 s, 375846203 ns
Sent packet number 60/100
Wait for data
After wait for data
HW: 2 s, 9223372036854775822 ns
ts[1] - ???: 3399988123389603631 s, 3399988123389603631 ns
SW: 1657183729 s, 375846203 ns
Sent packet number 61/100
Wait for data
After wait for data
HW: 2 s, 9223372036854775822 ns
ts[1] - ???: 3399988123389603631 s, 3399988123389603631 ns
SW: 1657183729 s, 375846203 ns
Sent packet number 62/100
Wait for data
After wait for data
HW: 2 s, 9223372036854775822 ns
ts[1] - ???: 3399988123389603631 s, 3399988123389603631 ns
SW: 1657183729 s, 375846203 ns
Sent packet number 63/100
Wait for data
After wait for data
HW: 2 s, 9223372036854775822 ns
ts[1] - ???: 3399988123389603631 s, 3399988123389603631 ns
SW: 1657183729 s, 375846203 ns
Sent packet number 64/100
Wait for data
After wait for data
HW: 2 s, 9223372036854775822 ns
ts[1] - ???: 3399988123389603631 s, 3399988123389603631 ns
SW: 1657183729 s, 375846203 ns
Sent packet number 65/100
Wait for data
After wait for data
HW: 2 s, 9223372036854775822 ns
ts[1] - ???: 3399988123389603631 s, 3399988123389603631 ns
SW: 1657183729 s, 375846203 ns
Sent packet number 66/100
Wait for data
After wait for data
HW: 2 s, 9223372036854775822 ns
ts[1] - ???: 3399988123389603631 s, 3399988123389603631 ns
SW: 1657183729 s, 375846203 ns
Sent packet number 67/100
Wait for data
After wait for data
HW: 2 s, 9223372036854775822 ns
ts[1] - ???: 3399988123389603631 s, 3399988123389603631 ns
SW: 1657183729 s, 375846203 ns
Sent packet number 68/100
Wait for data
After wait for data
HW: 2 s, 9223372036854775822 ns
ts[1] - ???: 3399988123389603631 s, 3399988123389603631 ns
SW: 1657183729 s, 375846203 ns
Sent packet number 69/100
Wait for data
After wait for data
HW: 2 s, 9223372036854775822 ns
ts[1] - ???: 3399988123389603631 s, 3399988123389603631 ns
SW: 1657183729 s, 375846203 ns
Sent packet number 70/100
Wait for data
After wait for data
HW: 2 s, 9223372036854775822 ns
ts[1] - ???: 3399988123389603631 s, 3399988123389603631 ns
SW: 1657183729 s, 375846203 ns
Sent packet number 71/100
Wait for data
After wait for data
HW: 2 s, 9223372036854775822 ns
ts[1] - ???: 3399988123389603631 s, 3399988123389603631 ns
SW: 1657183729 s, 375846203 ns
Sent packet number 72/100
Wait for data
After wait for data
HW: 2 s, 9223372036854775822 ns
ts[1] - ???: 3399988123389603631 s, 3399988123389603631 ns
SW: 1657183729 s, 375846203 ns
Sent packet number 73/100
Wait for data
After wait for data
HW: 2 s, 9223372036854775822 ns
ts[1] - ???: 3399988123389603631 s, 3399988123389603631 ns
SW: 1657183729 s, 375846203 ns
Sent packet number 74/100
Wait for data
After wait for data
HW: 2 s, 9223372036854775822 ns
ts[1] - ???: 3399988123389603631 s, 3399988123389603631 ns
SW: 1657183729 s, 375846203 ns
Sent packet number 75/100
Wait for data
After wait for data
HW: 2 s, 9223372036854775822 ns
ts[1] - ???: 3399988123389603631 s, 3399988123389603631 ns
SW: 1657183729 s, 375846203 ns
Sent packet number 76/100
Wait for data
After wait for data
HW: 2 s, 9223372036854775822 ns
ts[1] - ???: 3399988123389603631 s, 3399988123389603631 ns
SW: 1657183729 s, 375846203 ns
Sent packet number 77/100
Wait for data
After wait for data
HW: 2 s, 9223372036854775822 ns
ts[1] - ???: 3399988123389603631 s, 3399988123389603631 ns
SW: 1657183729 s, 375846203 ns
Sent packet number 78/100
Wait for data
After wait for data
HW: 2 s, 9223372036854775822 ns
ts[1] - ???: 3399988123389603631 s, 3399988123389603631 ns
SW: 1657183729 s, 375846203 ns
Sent packet number 79/100
Wait for data
After wait for data
HW: 2 s, 9223372036854775822 ns
ts[1] - ???: 3399988123389603631 s, 3399988123389603631 ns
SW: 1657183729 s, 375846203 ns
Sent packet number 80/100
Wait for data
After wait for data
HW: 2 s, 9223372036854775822 ns
ts[1] - ???: 3399988123389603631 s, 3399988123389603631 ns
SW: 1657183729 s, 375846203 ns
Sent packet number 81/100
Wait for data
After wait for data
HW: 2 s, 9223372036854775822 ns
ts[1] - ???: 3399988123389603631 s, 3399988123389603631 ns
SW: 1657183729 s, 375846203 ns
Sent packet number 82/100
Wait for data
After wait for data
HW: 2 s, 9223372036854775822 ns
ts[1] - ???: 3399988123389603631 s, 3399988123389603631 ns
SW: 1657183729 s, 375846203 ns
Sent packet number 83/100
Wait for data
After wait for data
HW: 2 s, 9223372036854775822 ns
ts[1] - ???: 3399988123389603631 s, 3399988123389603631 ns
SW: 1657183729 s, 375846203 ns
Sent packet number 84/100
Wait for data
After wait for data
HW: 2 s, 9223372036854775822 ns
ts[1] - ???: 3399988123389603631 s, 3399988123389603631 ns
SW: 1657183729 s, 375846203 ns
Sent packet number 85/100
Wait for data
After wait for data
HW: 2 s, 9223372036854775822 ns
ts[1] - ???: 3399988123389603631 s, 3399988123389603631 ns
SW: 1657183729 s, 375846203 ns
Sent packet number 86/100
Wait for data
After wait for data
HW: 2 s, 9223372036854775822 ns
ts[1] - ???: 3399988123389603631 s, 3399988123389603631 ns
SW: 1657183729 s, 375846203 ns
Sent packet number 87/100
Wait for data
After wait for data
HW: 2 s, 9223372036854775822 ns
ts[1] - ???: 3399988123389603631 s, 3399988123389603631 ns
SW: 1657183729 s, 375846203 ns
Sent packet number 88/100
Wait for data
After wait for data
HW: 2 s, 9223372036854775822 ns
ts[1] - ???: 3399988123389603631 s, 3399988123389603631 ns
SW: 1657183729 s, 375846203 ns
Sent packet number 89/100
Wait for data
After wait for data
HW: 2 s, 9223372036854775822 ns
ts[1] - ???: 3399988123389603631 s, 3399988123389603631 ns
SW: 1657183729 s, 375846203 ns
Sent packet number 90/100
Wait for data
After wait for data
HW: 2 s, 9223372036854775822 ns
ts[1] - ???: 3399988123389603631 s, 3399988123389603631 ns
SW: 1657183729 s, 375846203 ns
Sent packet number 91/100
Wait for data
After wait for data
HW: 2 s, 9223372036854775822 ns
ts[1] - ???: 3399988123389603631 s, 3399988123389603631 ns
SW: 1657183729 s, 375846203 ns
Sent packet number 92/100
Wait for data
After wait for data
HW: 2 s, 9223372036854775822 ns
ts[1] - ???: 3399988123389603631 s, 3399988123389603631 ns
SW: 1657183729 s, 375846203 ns
Sent packet number 93/100
Wait for data
After wait for data
HW: 2 s, 9223372036854775822 ns
ts[1] - ???: 3399988123389603631 s, 3399988123389603631 ns
SW: 1657183729 s, 375846203 ns
Sent packet number 94/100
Wait for data
After wait for data
HW: 2 s, 9223372036854775822 ns
ts[1] - ???: 3399988123389603631 s, 3399988123389603631 ns
SW: 1657183729 s, 375846203 ns
Sent packet number 95/100
Wait for data
After wait for data
HW: 2 s, 9223372036854775822 ns
ts[1] - ???: 3399988123389603631 s, 3399988123389603631 ns
SW: 1657183729 s, 375846203 ns
Sent packet number 96/100
Wait for data
After wait for data
HW: 2 s, 9223372036854775822 ns
ts[1] - ???: 3399988123389603631 s, 3399988123389603631 ns
SW: 1657183729 s, 375846203 ns
Sent packet number 97/100
Wait for data
After wait for data
HW: 2 s, 9223372036854775822 ns
ts[1] - ???: 3399988123389603631 s, 3399988123389603631 ns
SW: 1657183729 s, 375846203 ns
Sent packet number 98/100
Wait for data
After wait for data
HW: 2 s, 9223372036854775822 ns
ts[1] - ???: 3399988123389603631 s, 3399988123389603631 ns
SW: 1657183729 s, 375846203 ns
Sent packet number 99/100
Wait for data
After wait for data
HW: 2 s, 9223372036854775822 ns
ts[1] - ???: 3399988123389603631 s, 3399988123389603631 ns
SW: 1657183729 s, 375846203 ns
