946493
947384
948384
949376
950380
951380
952375
953375
954374
955374
956387
957383
958382
959379
960379
961375
962375
963376
964374
965382
966375
967375
968387
969376
970375
971375
972376
973379
974384
975375
976375
977376
978382
979379
980375
981375
982374
983375
984375
985378
986382
987377
988382
989382
990377
991375
992375
993375
994376
995376
996375
997389
998376
999382
380
1381
2376
3377
4386
5387
6385
7392
8389
9383
10:25:46.
11383
12389
13385
14383
15383
16383
17375
18379
19378
20381
21375
22375
23376
24374
25375
26384
27388
28384
29390
30385
31385
32384
33384
34384
35387
36392
37383
38384
39386
40383
41385
42388
43382
44375
45374
46378
47375
48375
49381
50384
51375
52375
53381
54380
55383
56377
57376
58375
59374
60374
61374
62374
63376
64375
65383
66383
67376
68375
69379
70379
71382
72376
73379
74382
75382
76385
77384
78383
79384
80375
81375
82376
83375
84375
85375
86379
87380
88376
89382
90375
91375
92380
93375
94375
95375
96375
97375
98375
99382
100375
101375
102375
103375
104375
105378
106375
107374
108375
109380
110375
111374
112375
113376
114375
115374
116378
117374
118375
119375
120379
121375
122375
123374
124375
125376
126377
127375
128375
129377
130375
131375
132378
133375
134375
135380
136375
137375
138375
139374
140375
141375
142374
143374
144375
145375
146375
147375
148375
149387
150375
151375
152375
153375
154375
155375
156374
157374
158375
159376
160374
161374
162378
163374
164380
165379
166375
167375
168376
169374
170375
171375
172375
173374
174378
175374
176376
177374
178374
179374
180374
181374
182375
183374
184374
185379
186374
187374
188377
189374
190375
191384
192375
193375
194377
195375
196375
197375
198376
199376
200375
201375
202379
203374
204374
205375
206375
207374
208379
209374
210376
211374
212374
213374
214374
215378
216374
217383
218385
219386
220379
221376
222375
223375
224375
225376
226374
227374
228375
229385
230379
231375
232375
233382
234375
235380
236375
237376
238374
239374
240374
241377
242374
243374
244374
245374
246374
247380
248374
249374
250384
251382
252376
253375
254377
255375
256375
257375
258380
259375
260380
261375
262376
263375
264375
265375
266376
267382
268375
269375
270375
271375
272375
273378
274374
275375
276375
277375
278374
279375
280376
281375
282375
283382
284380
285375
286375
287375
288375
289375
290375
291375
292374
293375
294376
295375
296375
297375
298379
299383
300382
301381
302375
303375
304375
305375
306374
307375
308375
309375
310381
311375
312386
313375
314374
315379
316380
317376
318376
319382
320382
321379
322375
323375
324375
325375
326382
327375
328376
329377
330375
331382
332377
333375
334375
335374
336378
337374
338374
339375
340375
341376
342378
343375
344375
345375
346375
347375
348375
349375
350375
351375
352381
353382
354375
355375
356377
357374
358374
359375
360377
361374
362375
363375
364374
365374
366375
367374
368374
369377
370374
371375
372379
373376
374375
375376
376375
377376
378375
379381
380381
381375
382379
383375
384375
385375
386376
387375
388376
389375
390377
391377
392375
393384
394387
395377
396377
397375
398380
399383
400376
401376
402375
403375
404372022/07
405376
406375
407382
408380
409375
410375
411384
412375
413375
414376
415375
416376
417375
418375
419375
420375
421379
422375
423375
424386
425375
426383
427379
428380
429379
430375
431375
432376
433381
434383
435376
436375
437379
438383
439376
440375
441375
442385
443375
444376
445374
446374
447397
448375
449374
450374
451380
452374
453374
454381
455375
456375
457376
458377
459374
460374
461383
462382
463376
464375
465375
466375
467375
468375
469376
470376
471374
472374
473384
474387
475385
476393
477383
478383
479387
480375
481374
482374
483380
484374
485374
486375
487374
488380
489375
490382
491375
492375
493375
494375
495375
496375
497375
498378
499375
500375
501375
502376
503375
504374
505376
506375
507375
508381
509375
510375
511375
512375
513376
514375
515386
516376
517375
518377
519375
520375
521375
522379
523375
524376
525375
526376
527375
528377
529375
530382
531375
532379
533374
534374
535379
536374
537374
538374
539378
540374
541374
542385
543377
544375
545375
546375
547375
548376
549377
550376
551375
552375
553377
554385
555382
556377
557375
558374
559374
560375
561375
562376
563382
564375
565378
566375
567375
568377
569375
570380
571382
572375
573401
574381
575380
576385
577375
578375
579378
580374
581374
582374
583376
584375
585374
586375
587377
588376
589375
590374
591380
592374
593374
594374
595374
596374
597374
598381
599374
600375
601377
602375
603375
604375
605374
606374
607374
608378
609374
610374
611388
612376
613375
614384
615380
616375
617375
618381
619383
620376
621375
622375
623375
624375
625375
626382
627383
628382
629376
630389
631382
632384
633388
634382
635375
636375
637376
638383
639376
640381
641381
642383
643386
644375
645375
646376
647377
648374
649383
650388
651376
652375
653384
654376
655376
656375
657375
658381
659375
660375
661382
662381
663381
664375
665375
666375
667374
668374
669388
670376
671375
672376
673379
674384
675382
676380
677376
678375
679375
680375
681375
682375
683383
684375
685375
686375
687375
688376
689379
690380
691382
692375
693388
694375
695375
696377
697375
698375
699381
700375
701375
702375
703382
704377
705375
706375
707384
708376
709375
710375
711380
712375
713381
714375
715376
716383
717375
718375
719387
720376
721375
722375
723383
724375
725380
726375
727375
728386
729376
730380
731382
732381
733382
734378
735382
736382
737375
738375
739382
740380
741375
742383
743386
744387
745382
746384
747383
748384
749375
750374
751380
752374
753390
754375
755384
756382
757376
758384
759383
760376
761375
762375
763382
764375
765375
766375
767375
768376
769379
770375
771375
772383
773382
774387
775376
776376
777377
778376
779375
780378
781375
782375
783382
784376
785382
786379
787375
788380
789379
790377
791375
792375
793384
79437982022/07
795382
796376
797382
798376
799382
800374
801383
802382
803382
804383
805383
806383
807376
808377
809375
810375
811386
812375
813395
814384
815383
816376
817376
818375
819383
820383
821416
822380
823375
824383
825382
826375
827375
828389
829376
830376
831377
832375
833376
834380
835376
836375
837379
838375
839379
840383
841375
842375
843376
844384
845375
846375
847375
848387
849375
850376
851378
852382
853382
854384
855375
856375
857379
858375
859375
860379
861382
862376
863375
864381
865375
866379
867379
868375
869382
870380
871375
872382
873375
874389
875380
876375
877378
878375
879375
880376
881375
882379
883375
884390
885383
886375
887378
888375
889381
890375
891377
892375
893375
894382
895383
896380
897379
898375
899375
900382
901382
902379
903375
904380
905379
906386
907385
908387
909383
910383
911384
912376
913375
914382
915376
916376
917389
918383
919384
920380
921380
922376
923375
924382
925375
926375
927376
928382
929376
930375
931375
932375
933374
934381
935382
936375
937374
938375
939380
940375
941375
942375
943375
944380
945375
946376
947375
948393
949405
950380
951384
952383
953376
954382
955376
956376
957375
958375
959376
960375
961375
962375
963375
964382
965376
966376
967375
968380
969382
970376
971376
972382
973375
974382
975383
976380
977376
978375
979375
980377
981375
982376
983375
984383
985375
986376
987376
988376
989385432022/07
990385
991381
992376
993375
994376
995375
996375
997383
998376
999384
381
1382
2389
3376
4376
5375
6375
7375
8375
9375
10380
11384
12375
13375
14375
15383
16381
17376
18376
19384
20385
21376
22382
23377
24376
25382
26379
27375
28385
29382
30376
31379
32375
33384
34387
35384
36384
37387
38381
39381
40381
41378
42375
43374
44378
45374
46375
47379
48375
49374
50385
51378
52377
53375
54376
55389
56385
57380
58379
59375
60375
61375
62375
63375
64379
65380
66383
67376
68375
69382
70383
71375
72376
73375
74376
75380
76383
77388
78376
79376
80376
81382
82383
83380
84375
85382
86380
87375
88375
89385
90383
91376
92378
93376
94380
95380
96376
97375
98391
99376
100375
101375
102375
103376
104382
105380
106376
107376
108376
109376
110381
111380
112381
113384
114388
115380
116376
117376
118375
119383
120381
121378
122378
123376
124380
125389
126376
127376
128383
129383
130376
131380
132376
133375
134375
135380
136377
137376
138380
139382
140389
141376
142375
143376
144376
145380
146376
147385
148376
149376
150381
151376
152376
153375
154380
155383
156381
157380
158379
159375
160375
161377
162375
163380
164376
165382
166377
167376
168376
169383
170376
171375
172375
173376
174376
175385
176383
177376
178376
179383
180381
181377
182376
183375
184380
185378
186384
187386
188388
189385
190384
191388
192391
193384
194384
195384
196387
197384
198388
199384
200387
201390
202384
203389
204383
205378
206385
207381
208381
209376
210375
211376
212388
213384
214386
215387
216395
217388
218384
219388
220389
221391
222384
223385
224385
225388
226384
227384
228384
229388
230389
231386
232397
233386
234385
235386
236390
237384
238385
239386
240384
241384
242397
243389
244384
245383
246383
247385
248384
249383
250384
251386
252387
253384
254384
255388
256389
257385
258389
259382
260384
261380
262384
263389
264383
265384
266389
267384
268382
269391
270384
271392
272386
273387
274384
275384
276384
277389
278384
279384
280384
281386
282389
283384
284384
285385
286396
287384
288383
289384
290383
291385
292389
293383
294383
295383
296383
297388
298384
299383
300383
301385
302383
303383
304388
305383
306382
307383
308384
309383
310387
311383
312383
313385
314384
315384
316385
317383
318384
319385
320384
321383
322383
323383
324386
325387
326384
327384
328383
329384
330383
331383
332383
333383
334381
335389
336384
337381
338385
339385
340385
341384
342385
343390
344383
345385
346385
347384
348384
349384
350386
351384
352385
353385
354386
355386
356383
357389
358387
359384
360385
361385
362384
363383
364388
365384
366385
367384
368389
369386
370386
371384
372388
373387
374386
375391
376386
377386
378387
379387
380385
381388
382389
383387
384383
385384
386391
387391
388389
389391
390399
391390
392387
393391
394388
395389
396392
397394
398392
399391
400389
401385
402391
403386
404385
405385
406386
407386
408389
409395
410391
411391
412389
413386
414391
415386
416388
417387
418387
419386
420389
421402
422386
423387
424390
425389
426389
427387
428395
429387
430386
431384
432384
433384
434384
435391
436392
437386
438386
439391
440384
441383
442383
443384
444383
445383
446385
447384
448385
449407
450384
451381
452385
453385
454383
455384
456383
457386
458383
459383
460389
461384
462384
463389
464388
465384
466384
467385
468384
469385
470385
471389
472387
473382
474384
475391
476388
477383
478384
479386
480384
481384
482384
483384
484390
485383
486383
487383
488396
489383
490383
491385
492384
493383
494384
495385
496384
497384
498388
499384
500387
501384
502386
503384
504383
505386
506383
507381
508385
509384
510385
511393
512383
513387
514383
515384
516387
517388
518383
519384
520386
521382
522384
523387
524383
525383
526389
527384
528384
529383
530390
531384
532385
533384
534387
535383
536383
537392
538383
539384
540384
541390
542383
543392
544384
545384
546383
547388
548384
549385
550389
551384
552385
553383
554385
555385
556384
557383
558383
559383
560384
561385
562384
563389
564386
565384
566383
567383
568383
569383
570390
571389
572385
573383
574384
575386
576386
577383
578383
579384
580385
581384
582383
583383
584384
585383
586383
587385
588385
589383
590384
591383
592383
593384
594386
595391
596391
597383
598383
599383
600383
601384
602390
603383
604383
605383
606385
607381
608384
609383
610385
611383
612383
613385
614383
615384
616386
617387
618383
619383
620385
621389
622384
623383
624383
625384
626386
627387
628384
629384
630384
631383
632384
633383
634384
635388
636383
637383
638385
639386
640391
641384
642391
643386
644384
645383
646385
647383
648381
649384
650385
651384
652377
653376
654375
655379
656376
657384
658387
659385
660384
661381
662385
663385
664384
665381
666385
667384
668383
669391
670385
671384
672384
673385
674386
675391
676400
677383
678384
679383
680387
681384
682384
683382
684384
685383
686384
687385
688388
689384
690384
691384
692382
693384
694385
695384
696377
697377
698379
699382
700377
701376
702376
703379
704376
705375
706384
707376
708379
709380
710376
711379
712375
713376
714377
715376
716376
717376
718378
719391
720385
721384
722384
723380
724383
725376
726375
727375
728377
729381
730385
731386
732386
733385
734377
735384
736387
737379
738376
739384
740380
741376
742377
743377
744381
745375
746375
747376
748382
749383
750375
751375
752375
753381
754375
755384
756376
757380
758381
759380
760380
761376
762376
763376
764376
765376
766375
767380
768375
769380
770380
771381
772377
773378
774376
775375
776383
777376
778379
779383
780376
781378
782375
783375
784380
785375
786376
787386
788388
789383
790384
791377
792376
793382
794375
795375
796380
797382
798379
799388
800377
801375
802375
803375
804382
805376
806376
807377
808375
809383
810376
811375
812380
813375
814381
815386
816380
817375
818375
819396
820383
821383
822376
823376
824378
825382
826376
827375
828380
829382
830376
831375
832376
833375
834378
835375
836383
837376
838382
839390
840381
841376
842375
843375
844382
845381
846376
847375
848375
849383
850375
851376
852384
853383
854376
855378
856375
857375
858375
859383
860376
861376
862383
863376
864375
865376
866377
867375
868382
869386
870379
871382
872378
873375
874376
875375
876390
877377
878375
879375
880380
881376
882375
883376
884375
885384
886385
887376
888376
889376
890380
891383
892376
893377
894375
895381
896377
897376
898375
899375
900382
901376
902380
903378
904375
905375
906375
907375
908384
909376
910380
911376
912377
913376
914376
915375
916380
917375
918387
919380
920387
921383
922376
923376
924376
925377
926375
927375
928374
929390
930383
931376
932375
933375
934383
935382
936383
937375
938375
939375
940384
941379
942375
943375
944377
945380
946375
947375
948375
949375
950397
951381
952376
953380
954376
955375
956375
957375
958376
959375
960383
961376
962375
963375
964375
965374
966375
967383
968385
969376
970382
971384
972376
973376
974375
975375
976380
977376
978375
979375
980375
981375
982377
983379
984383
985376
986375
987374
988374
989374
990376
991379
992377
993377
994375
995375
996375
997383
998375
999381
380
1376
2374
3374
4379
5375
6375
7374
8374
9374
10377
11375
12374
13375
14375
15384
16382
17375
18375
19388
20380
21376
22375
23376
24376
25376
26387
27377
28375
29375
30375
31380
32375
33380
34377
35376
36385
37377
38375
39375
40376
41375
42383
43382
44375
45375
46375
47375
48379
49387
50377
51375
52374
53374
54375
55381
56376
57377
58380
59376
60375
61375
62377
63376
64375
65391
66385
67383
68377
69376
70376
71375
72375
73376
74378
75377
76376
77376
78376
79376
80375
81389
82386
83375
84375
85382
86381
87375
88383
89384
90382
91375
92375
93375
94375
95375
96375
97384
98385
99376
100375
101376
102375
103375
104375
105375
106375
107375
108377
109374
110374
111375
112386
113382
114388
115382
116376
117375
118375
119375
120380
121381
122375
123375
124375
125379
126375
127374
128376
129375
130380
131375
132377
133375
134375
135375
136375
137375
138375
139380
140376
141375
142375
143375
144380
145376
146380
147376
148375
149376
150375
151382
152376
153375
154376
155378
156384
157376
158375
159375
160375
161381
162383
163376
164375
165381
166380
167376
168376
169379
170376
171380
172375
173376
174375
175375
176377
177378
178384
179379
180375
181375
182375
183374
184375
185375
186374
187374
188374
189377
190374
191374
192374
193381
194379
195383
196376
197375
198375
199375
200375
201381
202375
203382
204381
205375
206376
207375
208376
209375
210375
211381
212376
213376
214375
215375
216375
217376
218386
219396
220387
221386
222385
223379
224377
225376
226377
227394
228376
229378
230376
231376
232375
233375
234375
235376
236376
237375
238379
239376
240375
241375
242376
243389
244383
245376
246375
247380
248376
249375
250378
251375
252375
253375
254377
255374
256375
257375
258375
259376
260383
261380
262383
263376
264375
265375
266375
267375
268375
269375
270375
271385
272377
273375
274382
275375
276387
277380
278375
279378
280377
281375
282377
283375
284375
285375
286375
287375
288380
289376
290376
291377
292385
293376
294375
295380
296383
297377
298376
299376
300375
301382
302376
303375
304375
305374
306379
307375
308383
309376
310375
311375
312375
313375
314375
315375
316375
317376
318380
319381
320375
321382
322375
323375
324389
325382
326376
327375
328382
329376
330375
331375
332375
333375
334376
335375
336375
337377
338376
339375
340391
341383
342376
343375
344375
345380
346376
347375
348380
349377
350375
351376
352376
353376
354378
355387
356377
357380
358376
359377
360376
361380
362380
363377
364376
365379
366384
367377
368381
369376
370375
371376
372375
373389
374376
375376
376376
377375
378378
379378
380383
381376
382383
383376
384386
385375
386375
387377
388382
389384
390383
391377
392389
393383
394376
395377
396376
397381
398377
399377
400376
401381
402378
403385
404378
405380
406389
407376
408375
409383
410376
411385
412378
413376
414384
415376
416380
417375
418375
419375
420381
421375
422387
423375
424374
425375
426375
427375
428375
429375
430381
431375
432376
433388
434386
435385
436378
437375
438383
439383
440375
441375
442375
443381
444374
445375
446375
447375
448375
449375
450375
451391
452375
453376
454387
455376
456375
457375
458375
459381
460380
461374
462374
463375
464375
465380
466375
467375
468376
469379
470384
471380
472376
473376
474381
475375
476375
477375
478378
479375
480375
481375
482376
483377
484375
485375
486381
487390
488376
489376
490376
491376
492385
493376
494379
495376
496376
497378
498375
499377
500377
501383
502378
503390
504376
505376
506376
507377
508375
509377
510375
511376
512375
513375
514376
515377
516375
517376
518376
519387
520376
521376
522378
523379
524376
525376
526377
527383
528383
529376
530375
531382
532377
533380
534376
535388
536381
537376
538380
539382
540376
541375
542375
543376
544375
545381
546377
547375
548375
549381
550376
551381
552384
553376
554377
555382
556378
557383
558378
559379
560377
561386
562375
563377
564375
565377
566374
567376
568386
569376
570380
571376
572376
573375
574379
575377
576379
577376
578375
579375
580376
581376
582377
583375
584388
585381
586375
587380
588376
589376
590377
591381
592378
593378
594376
595376
596376
597378
598382
599384
600387
601381
602375
603375
604375
605375
606375
607375
608375
609375
610376
611375
612375
613375
614375
615378
616384
617380
618376
619375
620375
621380
622376
623385
624383
625376
626382
627376
628375
629374
630374
631374
632375
633383
634383
635376
636375
637375
638375
639376
640388
641386
642380
643376
644382
645376
646376
647379
648375
649376
650375
651381
652375
653382
654376
655376
656376
657388
658380
659380
660382
661379
662375
663375
664376
665375
666375
667375
668375
669375
670375
671375
672375
673375
674375
675383
676385
677377
678375
679376
680388
681376
682376
683376
684376
685375
686376
687375
688383
689376
690376
691375
692378
693375
694375
695375
696375
697376
698376
699381
700377
701377
702377
703382
704376
705376
706378
707388
708376
709376
710375
711380
712377
713376
714379
715376
716375
717376
718378
719376
720375
721376
722379
723377
724380
725374
726374
727375
728375
729374
730377
731374
732375
733375
734385
735380
736376
737376
738375
739375
740374
741375
742375
743375
744375
745375
746375
747375
748375
749374
750374
751375
752378
753375
754376
755375282022/07
756385
757376
758383
759376
760381
761382
762376
763375
764378
765376
766376
767376
768376
769377
770375
771379
772380
773376
774375
775376
776376
777375
778375
779380
780385
781382
782378
783376
784376
785376
786376
787376
788382
789376
790379
791377
792376
793383
794376
795377
796383
797382
798375
799375
800375
801375
802379
803381
804375
805376
806376
807376
808375
809376
810377
811377
812375
813375
814375
815383
816377
817377
818376
819376
820375
821378
822376
823379
824375
825385
826382
827380
828375
829378
830376
831376
832376
833376
834381
835378
836375
837376
838376
839378
840376
841376
842391
843377
844380
845376
846378
847376
848375
849376
850376
851376
852377
853384
854376
855375
856378
857377
858378
859376
860382
861379
862377
863377
864378
865376
866377
867376
868377
869386
870376
871376
872376
873376
874381
875375
876380
877375
878375
879379
880376
881376
882376
883380
884376
885376
886376
887378
888377
889376
890375
891377
892379
893378
894376
895384
896394
897387
898387
899392
900387
901384
902430
903385
904494
905557
906437
907394
908411
909546
910473
911454
912452
913452
914461
915455
916605
917497
918428
919461
920386
921466
922430
923530
924470
925494
926560
927500
928424
929515
930498
931640
932556
933497
934402
935622
936612
937654
938641
939386
941448
942386
943738
944608
945561
946755
947572
948614
949563
950436
951601
952658
953458
954401
955796
956671
957675
958650
959614
960682
961698
962662
963645
964710
965689
966679
967680
968813
969813
970818
971782
972766
973626
974402
975681
976389
977698
978840
979399
980652
981509
982673
983642
984706
985485
986409
987388
988399
989782
990764
991574
992495
993602
994602
995580
996587
997425
998484
999443
642
1488
2688
3915
4841
5914
6867
7862
9002
9448
10666
11476
12643
13386
14832
15911
16528
17608
18822
19391
20385
21400
22779
23546
24775
25576
26857
27548
28706
29531
303832022/07
31401
32393
33391
34392
35406
36392
37386
38398
39389
40385
41387
42394
43386
44398
45396
46391
47400
48396
49386
50387
51393
52395
53403
54399
55397
56392
57388
58400
59393
60391
61386
62387
63401
64397
65397
66400
67391
68392
69387
70386
71401
72393
73390
74388
75401
76399
77395
78389
79389
80407
81394
82388
83407
84399
85409
86399
87392
88388
89400
90396
91390
92387
93387
94400
95400
96398
97391
98386
99386
100386
101401
102402
103391
104392
105399
106391
107386
108399
109400
110401
111388
112392
113387
114387
115409
116406
117400
118399
119391
120388
121386
122387
123388
124395
125398
126396
127392
128390
129387
130387
131389
132400
133402
134391
135393
136392
137402
138386
139387
140387
141387
142386
143400
144387
145393
146391
147403
148399
149390
150389
151386
152386
153401
154397
155397
156392
157387
158400
159404
160398
161394
162390
163387
164387
165394
166405
167393
168387
169394
170386
171400
172401
173391
174393
175399
176392
177390
178387
179388
180386
181387
182386
183387
184401
185407
186406
187403
188401
189403
190399
191394
192399
193403
194396
195396
196393
197386
198386
199389
200401
201396
202389
203393
204389
205394
206407
207399
208388
209389
210386
211400
212392
213386
214386
215394
216407
217400
218392
219389
220386
221387
222402
223400
224392
225401
226396
227387
228386
229388
230387
231402
232398
233396
234391
235400
236397
237397
238386
239386
240386
241401
242400
243392
244391
245394
246392
247399
248395
249392
250386
251399
252400
253398
254387
255397
256398
257401
258387
259400
260388
261388
262392
263387
264386
265394
266394
267386
268400
269388
270389
271386
272387
273399
274402
275412
276400
277393
278391
279387
280385
281387
282386
283402
284402
285397
286398
287386
288386
289387
290387
291387
292400
293399
294398
295397
296395
297386
298386
299399
300400
301397
302386
303388
304401
305403
306390
307399
308396
309389
310386
311399
312386
313387
314386
315407
316395
317389
318387
319386
320400
321388
322386
323403
324397
325407
326398
327389
328386
329385
330385
331397
332392
333386
334386
335407
336402
337388
338385
339386
340401
341391
342393
343385
344400
345404
346397
347386
348387
349398
350391
351387
352387
353401
354394
355395
356393
357388
358400
359401
360387
361386
362387
363402
364391
365398
366391
367399
368389
369386
370400
371391
372395
373387
374388
375406
376407
377391
378390
379386
380388
381400
382388
383388
384386
385409
386404
387385
388385
389388
390387
391393
392391
393399
394388
395397
396398
397386
398399
399399
400386
401387
402400
403397
404392
405400
406393
407387
408387
409402
410387
411392
412392
413386
414386
415394
416400
417389
418387
419387
420400
421390
422386
423387
10:25:49.
425397
426393
427388
428404
429408
430392
431386
432406
433392
434395
435403
436394
437388
438393
439393
440389
441393
442387
443388
444403
445402
446393
447401
448390
449387
450399
451391
452389
453416
454400
455399
456393
457387
458395
459388
460385
461399
462386
463386
464398
465395
466392
467399
468391
469387
470404
471392
472392
473388
474400
475398
476392
477400
478401
479387
480386
481387
482397
483389
484387
485394
486406
487388
488392
489386
490386
491392
492390
493388
494401
495403
496397
497388
498399
499391
500390
501386
502399
503394
504389
505407
506408
507388
508387
509387
510389
511388
512387
513395
514394
515411
516407
517390
518392
519403
520394
521385
522399
523402
524389
525409
526403
527385
528399
529391
530387
531386
532397
533394
534386
535406
536402
537392
538386
539400
540385
541386
542385
543389
544386
545410
546408
547387
548390
549388
550402
551390
552387
553402
554397
555398
556392
557392
558393
559386
560398
561387
562383
563401
564392
565392
566394
567391
568400
569387
570386
571400
572393
573387
574400
575404
576392
577387
578397
579386
580388
581387
582393
583386
584387
585402
586400
587387
588399
589391
590385
591398
592395
593390
594394
595407
596401
597387
598383
599397
600384
601388
602401
603548
604386
605411
606398
607391
608392
609405
610395
611389
612390
613388
614404
615402
618036
618092
618389
619387
620401
621395
622387
623387
624526
625403
626393
627386
628388
629391
630387
631391
632391
633388
634414
635388
636386
637386
638400
639394
640390
641385
642387
643408
644432
645386
646386
647385
648395
649388
650385
651385
652399
653388
654414
655386
656400
657389
658386
659387
660403
661399
662391
663387
664430
665398
666397
667386
668387
669386
670400
671386
672391
673386
674417
675393
676388
677389
678386
679400
680401
681400
682395
683391
684434
685399
686386
687385
688400
689390
690388
691385
692400
693387
694418
695387
696388
697403
698392
699388
700401
701401
702395
703457
704430
705401
706393
707387
708387
709400
710392
711389
712386
713435
714424
715388
716388
717387
718401
719390
720387
721392
722400
723428
724417
725388
726385
727387
728401
729389
730387
731397
732397
733410
734409
735385
736400
737391
738386
739386
740394
741389
742387
743453
744425
745389
746386
747386
748402
749399
750390
751396
752387
753421
754425
755390
756390
757386
758400
759395
760387
761387
762398
763442
764424
765399
766387
767386
768386
769400
770388
771386
772399
773432
774409
775386
776398
777392
778391
779399
780397
781393
782386
783448
784422
785387
786386
787386
788398
789394
790385
791400
792390
793451
794419
795386
796385
797398
798389
799385
800386
801396
802389
803442
804429
805392
806387
807399
808396
809388
810385
811402
812398
813425
814412
815391
816386
817401
818399
819389
820388
821386
822399
823432
824415
825391
826386
827400
828387
829386
830399
831386
832385
833437
834414
835385
836384
837391
838386
839399
840392
841386
842385
843423
844421
845401
846391
847387
848400
849393
850385
851399
852387
853446
854423
855391
856388
857386
858393
859386
860387
861395
862382
863412
864403
865379
866385
867378
868389
869378
870377
871396
872384
873427
874419
875394
876387
877388
878399
879394
880392
881387
882393
883434
884406
885379
886378
887383
888378
889379
890377
891378
892377
893404
894418
895378
896377
897378
898377
899377
900377
901377
902385
903404
904399
905378
906376
907378
908377
910378
911377
912378
913408
914409
915379
916378
917379
918392
919391
920379
921378
922377
923410
924411
925378
926381
927377
928377
929376
930377
931380
932384
933399
934392
935377
936377
937377
938377
939377
940377
941377
942379
943400
944396
945378
946390
947387
948378
949377
950381
951385
952379
953431
954417
955383
956380
957376
958376
959377
960377
961385
962377
963405
964401
965377
966377
967377
968378
969384
970376
971376
972376
973432
974398
975388
976382
977376
978376
979386
980377
981376
982378
983400
984393
985377
986376
987377
988376
989381
990376
991376
992376
993400
994405
995380
996383
997390
998378
999386
379
1390
2377
3400
4395
5376
6386
7380
8376
9376
10376
11378
12380
13406
14392
15376
16376
17376
18382
19387
20385
21377
22384
23400
24394
25378
26376
27378
28377
29376
30376
31376
32377
33400
34398
35386
36382
37376
38376
39378
40376
41376
42376
43409
44392
45382
46376
47377
48376
49383
50378
51376
52379
53406
54391
55396
56378
57376
58379
59376
60376
61376
62376
63413
64395
65377
66377
67387
68383
69382
70376
71376
72377
73398
74392
75376
76376
77380
78376
79376
80376
81376
82376
83394
84394
85378
86378
87376
88377
89376
90376
91376
92376
93435
94398
95380
96381
97379
98380
99376
100376
101376
102376
103394
104391
105376
106376
107376
108376
109376
110386
111378
112376
113401
114397
115380
116376
117377
118379
119377
120388
121377
122377
123401
124395
125376
126376
127376
128376
129378
130378
131380
132379
133423
134414
135378
136381
137376
138376
139376
140376
141389
142377
143405
144393
145379
146381
147377
148376
149377
150376
151376
152386
153402
154393
155377
156377
157380
158378
159380
160380
161376
162376
163394
164391
165376
166376
167378
168386
169377
170376
171376
172377
173396
174394
175377
176376
177376
178376
179376
180376
181383
182377
183414
184394
185379
186377
187380
188381
189380
190379
191377
192376
193398
194393
195378
196394
197378
198377
199377
200377
201378
202377
203402
204394
205377
206376
207379
208378
209377
210376
211389
212379
213399
214398
215387
216383
217377
218385
219388
220383
221377
222377
223427
224407
225378
226377
227380
228377
229377
230388
231394
232378
233412
234406
235384
236380
237377
238377
239377
240378
241377
242378
243408
244397
245378
246377
247383
248377
249377
250392
251378
252377
253406
254406
255377
256377
257389
258377
259377
260378
261377
262379
263422
264395
265377
266377
267376
268376
269376
270388
271381
272381
273418
274398
275377
276379
277377
278377
279380
280379
281381
282379
283401
284399
285377
286377
287376
288376
289376
290376
291376
292376
293395
294391
295377
296386
297377
298377
299376
300377
301376
302376
303396
304391
305385
306377
307377
308376
309376
310376
311376
312376
313396
314391
315377
316376
317376
318376
319376
320376
321376
322376
323399
324389
325376
326376
327376
328376
329383
330376
331376
332379
333395
334390
335376
336376
337382
338376
339376
340378
341376
342376
343397
344401
345378
346382
347377
348383
349381
350378
351381
352378
353405
354400
355379
356382
357379
358380
359380
360377
361378
362377
363429
364416
365393
366387
367387
368387
369393
370392
371387
372385
373451
374424
375393
376393
377385
378400
379402
380389
381386
382402
383425
384409
385385
386399
387391
388388
389387
390387
391400
392390
393445
394424
395399
396386
397389
398389
399391
400390
401393
402392
403428
404412
405386
406387
407387
408386
409389
410385
411386
412385
413418
414406
415385
416385
417388
418392
419387
420385
421386
422391
423416
424412
425386
426388
427389
428388
429388
430385
431385
432385
433417
434411
435385
436385
437392
438389
439389
440392
441387
442387
443427
444409
445385
446389
447393
448385
449385
450385
451387
452388
453425
454407
455401
456385
457385
458385
459386
460391
461385
462385
463416
464408
465386
466386
467385
468385
469385
470386
471390
472389
473425
474411
475392
476388
477385
478385
479392
480386
481385
482386
483411
484408
485387
486386
487386
488385
489391
490386
491386
492387
493420
494410
495392
496390
497386
498385
499387
500387
501385
502387
503429
504410
505384
506391
507386
508387
509384
510384
511387
512388
513407
514413
515384
516386
517390
518390
519390
520385
521386
522385
523406
524406
525388
526389
527388
528386
529385
530384
531384
532385
533404
534406
535386
536387
537385
538387
539387
540387
541387
542387
543429
544413
545389
546389
547386
548388
549384
550384
551389
552385
553416
554409
555388
556387
557384
558385
559387
560385
561385
562386
563410
564409
565389
566385
567384
568385
569385
570385
571390
572386
573413
574402
575385
576384
577385
578385
579385
580385
581387
582385
583421
584408
585386
586386
587385
588385
589384
590385
591389
592388
593404
594413
595385
596384
597384
598385
599385
600385
601385
602384
603409
604407
605385
606384
607385
608385
609387
610385
611385
612385
613411
614404
615385
616390
617391
618392
619391
620387
621391
622389
623434
624416
625386
626401
627391
628385
629404
630393
631391
632386
633442
634413
635386
636393
637386
638386
639401
640401
641389
642386
643427
644416
645389
646390
647387
648386
649401
650389
651388
652386
653446
654424
655393
656386
657399
658389
659387
660403
661391
662386
663436
664409
665386
666386
667393
668391
669386
670400
671389
672385
673446
674418
675391
676386
677400
678390
679386
680401
681388
682386
683443
684420
685387
686386
687400
688392
689388
690407
691390
692386
693441
694411
695386
696387
697400
698392
699387
700400
701392
702386
703477
704410
705386
706401
707392
708388
709405
710387
711385
712387
713447
714415
715385
716397
717389
718386
719386
720399
721384
722385
723433
724407
725385
726385
727393
728385
729385
730390
731385
732385
733445
734414
735385
736397
737387
738385
739400
740391
741386
742385
743429
744411
745386
746385
747403
748388
749387
750404
751396
752393
753437
754425
755387
756386
757386
758400
759389
760386
761385
762397
763415
764411
765386
766400
767392
768386
769385
770400
771392
772388
773404
774420
775400
776392
777390
778387
779387
780400
781387
782385
783440
784420
785392
786387
787386
788399
789389
790389
791386
792386
793431
794408
795386
796386
797400
798392
799386
800386
801400
802388
803446
804420
805395
806386
807386
808399
809398
810387
811386
812387
813433
814423
815390
816386
817386
818394
819390
820386
821399
822391
823430
824424
825401
826390
827385
828386
829400
830393
831389
832385
833448
834411
835389
836385
837400
838392
839391
840386
841385
842398
843413
844410
845387
846398
847389
848385
849401
850389
851386
852393
853432
854419
855400
856392
857388
858385
859398
860394
861389
862385
863437
864413
865385
866398
867392
868390
869386
870398
871394
872390
873416
874428
875400
876388
877385
878385
879397
880392
881384
882393
883409
884420
885396
886385
887397
888397
889391
890384
891385
892391
893430
894422
895389
896384
897397
898388
899384
900398
901389
902384
903446
904412
905384
906400
907397
908385
909385
910399
911396
912388
913432
914413
915389
916388
917388
918396
919395
920388
921403
922389
923453
924437
925402
926390
927388
928388
929405
930390
931388
932401
933469
934429
935394
936386
937399
938390
939388
940403
941396
942387
943442
944419
945390
946388
947388
948395
949389
950387
951403
952393
953465
954435
955392
956406
957388
958401
959391
960387
961402
962399
963432
964416
965387
966387
967395
968387
969403
970388
971389
972387
973430
974412
975386
976394
977388
978391
979400
980392
981387
982389
983441
984413
985380
986378
987378
988379
989379
990378
991388
992389
993429
994409
995378
996378
997377
998387
999387
379
1378
2377
3405
4410
5384
6385
7376
8386
9393
10390
11387
12379
13413
14404
15379
16378
17377
18378
19389
20388
21378
22378
23412
24407
25392
26391
27399
28394
29390
30392
31388
32388
33447
34415
35387
36392
37389
38388
39385
40385
41385
42385
43424
44414
45386
46386
47388
48392
49386
50386
51387
52387
53448
54411
55386
56387
57391
58387
59386
60388
61385
62385
63411
64409
65385
66387
67386
68386
69389
70386
71386
72390
73422
74408
75387
76385
77386
78393
79387
80386
81386
82388
83422
84413
85389
86386
87385
88387
89385
90393
91385
92385
93420
94422
95387
96392
97387
98391
99386
100387
101387
102391
103419
104412
105386
106388
107386
108385
109388
110385
111385
112386
113428
114405
115387
116385
117387
118387
119390
120386
121386
122385
123424
124410
125387
126391
127387
128386
129385
130386
131385
132386
133433
134406
135385
136385
137385
138386
139386
140387
141387
142388
143424
144404
145385
146386
147390
148390
149386
150387
151389
152385
153427
154410
155393
156386
157387
158386
159385
160385
161385
162386
163431
164419
165385
166387
167385
168387
169387
170387
171387
172389
173450
174424
175387
176389
177387
178385
179386
180388
181385
182386
183420
184413
185391
186393
187387
188389
189392
190386
191386
192386
193432
194422
195390
196390
197388
198389
199387
200387
201387
202386
203426
204433
205388
206388
207386
208386
209386
210388
211388
212386
213412
214409
215385
216385
217385
218385
219385
220385
221387
222389
223423
224416
225389
226396
227387
228389
229388
230392
231391
232387
233412
234425
235389
236385
237385
238386
239389
240393
241394
242383
243454
244435
245394
246386
247399
248389
249386
250399
251390
252392
253441
254428
255391
256390
257385
258399
259388
260388
261386
262402
263440
264410
265387
266390
267386
268385
269392
270387
271386
272385
273417
274410
275388
276388
277391
278385
279385
280386
281386
282388
283421
284414
285388
286391
287386
288386
289385
290386
291387
292389
293407
294417
295388
296389
297387
298385
299386
300389
301389
302388
303428
304411
305386
306386
307386
308386
309386
310386
311386
312389
313423
314414
315391
316389
317389
318386
319385
320385
321386
322385
323433
324420
325392
326386
327385
328385
329386
330386
331390
332388
333413
334411
335392
336392
337386
338386
339386
340389
341390
342392
343418
344420
345386
346385
347386
348385
349386
350391
351389
352386
353426
354420
355390
356394
357389
358391
359389
360385
361385
362385
363433
364407
365390
366388
367389
368391
369390
370386
371386
372386
373409
374407
375386
376386
377388
378389
379387
380385
381386
382386
383416
384408
385388
386390
387388
388387
389387
390386
391386
392389
393425
394416
395388
396389
397386
398386
399386
400386
401389
402389
403424
404408
405386
406385
407389
408386
409389
410388
411388
412388
413412
414413
415392
416391
417386
418386
419388
420391
421388
422388
423413
424414
425386
426386
427386
428386
429388
430391
431389
432385
433406
434410
435389
436394
437391
438386
439385
440386
441386
442390
443427
444411
445393
446386
447385
448386
449386
450387
451390
452390
453427
454411
455386
456386
457404
458392
459391
460388
461387
462392
463454
464411
465389
466388
467393
468386
469386
470386
471388
472388
473418
474409
475386
476386
477386
478388
479390
480387
481386
482386
483448
484413
485391
486387
487386
488386
489388
490389
491386
492386
493421
494408
495387
496388
497386
498388
499388
500388
501386
502386
503422
504418
505389
506387
507388
508390
509389
510387
511388
512390
513431
514420
515391
516393
517387
518387
519388
520390
521389
522387
523436
524423
525392
526388
527388
528395
529391
530387
531391
532387
533431
534419
535392
536387
537388
538388
539390
540386
541387
542390
543430
544410
545387
546388
547390
548387
549388
550390
551393
552387
553431
554415
555390
556387
557387
558390
559390
560388
561400
562392
563427
564420
565391
566386
567386
568389
569391
570392
571387
572390
573432
574422
575387
576387
577388
578389
579386
580391
581386
582388
583428
584413
585386
586386
587389
588390
589394
590387
591387
592386
593425
594413
595386
596387
597387
598386
599386
600388
601386
602387
603423
604410
605386
606387
607389
608387
609392
610390
611389
612391
613426
614416
615387
616386
617389
618386
619388
620387
621387
622388
623427
624412
625389
626392
627387
628391
629388
630387
631391
632387
633434
634415
635393
636388
637388
638386
639388
640392
641387
642390
643430
644420
645389
646392
647395
648390
649389
650390
651387
652389
653427
654412
655392
656388
657388
658390
659386
660387
661387
662386
663416
664423
665388
666389
667386
668385
669386
670389
671394
672394
673431
674415
675391
676388
677388
678388
679388
680387
681390
682390
683424
684414
685387
686387
687386
688391
689386
690387
691387
692386
693412
694413
695387
696387
697391
698390
699387
700386
701385
702387
703422
704411
705386
706394
707387
708388
709387
710387
711389
712389
713422
714407
715387
716385
717385
718390
719388
720390
721386
722385
723406
724415
725390
726388
727388
728386
729386
730391
731386
732385
733409
734406
735386
736388
737391
738389
739390
740387
741388
742388
743425
744413
745392
746387
747388
748389
749390
750387
751387
752386
753409
754407
755386
756385
757386
758386
759388
760388
761387
762390
763415
764411
765387
766387
767389
768392
769390
770388
771387
772390
773425
774414
775386
776386
777386
778390
779392
780386
781386
782386
783426
784415
785386
786387
787386
788386
789387
790387
791386
792386
793417
794409
795387
796387
797392
798392
799387
800387
801388
802387
803437
804412
805391
806386
807388
808386
809388
810388
811389
812387
813450
814415
815387
816400
817389
818385
819398
820389
821386
822385
823440
824425
825387
826386
827385
828399
829391
830386
831399
832388
833432
834422
835399
836390
837386
838385
839391
840386
841385
842400
843413
844407
845386
846399
847395
848393
849386
850392
851386
852391
853438
854421
855387
856386
857386
858386
859386
860388
861392
862390
863436
864414
865386
866386
867386
868387
869387
870387
871387
872392
873427
874414
875388
876389
877387
878387
879386
880392
881388
882386
883423
884419
885387
886388
887386
888387
889385
890387
891391
892387
893425
894414
895386
896386
897386
898386
899386
900391
901387
902393
903427
904422
905387
906385
907385
908385
909385
910386
911388
912388
913423
914404
915388
916387
917390
918390
919388
920387
921387
922387
923425
924416
925390
926387
927391
928394
929393
930386
931385
932387
933418
934407
935386
936386
937389
938389
939387
940390
941386
942386
943440
944413
945386
946386
947387
948393
949387
950386
951385
952386
953439
954423
955386
956386
957388
958403
959386
960386
961387
962391
963411
964417
965394
966392
967388
968387
969387
970386
971386
972387
973418
974414
975389
976388
977388
978387
979387
980386
981387
982386
983440
984414
985388
986387
987388
988388
989386
990385
991386
992386
993418
994412
995386
996386
997389
998389
999387
391
1393
2386
3424
4420
5389
6388
7388
8387
9389
10388
11385
12385
13416
14421
15387
16386
17385
18385
19385
20386
21387
22386
23422
24410
25388
26390
27388
28387
29386
30386
31386
32390
33420
34418
35388
36393
37388
38385
39385
40385
41385
42389
43412
44409
45387
46386
47387
48387
49386
50388
51387
52388
53415
54408
55386
56387
57387
58386
59386
60386
61387
62389
63423
64410
65389
66389
67391
68387
69387
70386
71386
72386
73439
74412
75390
76391
77388
78389
79387
80386
81386
82386
83424
84419
85386
86388
87387
88387
89387
90389
91386
92387
93435
94417
95388
96387
97387
98387
99386
100387
101387
102387
103418
104409
105387
106386
107387
108387
109386
110386
111386
112386
113421
114425
115395
116386
117386
118386
119389
120389
121386
122386
123421
124417
125389
126386
127386
128387
129389
130390
131390
132391
133439
134415
135390
136388
137387
138387
139388
140387
141386
142387
143432
144415
145386
146386
147386
148388
149389
150388
151388
152386
153419
154416
155386
156387
157387
158387
159387
160387
161390
162391
163427
164421
165389
166386
167386
168386
169387
170385
171387
172386
173434
174431
175387
176387
177391
178391
179389
180387
181389
182391
183408
184416
185389
186388
187387
188386
189386
190387
191389
192387
193408
194410
195386
196386
197392
198388
199389
200386
201387
202386
203429
204410
205387
206387
207386
208387
209390
210387
211387
212385
213435
214411
215388
216388
217388
218387
219386
220387
221388
222388
223413
224414
225387
226390
227387
228387
229389
230387
231386
232386
233423
234413
235387
236387
237392
238390
239389
240392
241389
242387
243433
244416
245389
246389
247393
248386
249386
250386
251387
252390
253421
254410
255386
256386
257386
258386
259390
260389
261386
262386
263411
264412
265388
266389
267390
268392
269389
270392
271387
272386
273423
274410
275386
276387
277387
278389
279387
280387
281387
282387
283423
284408
285387
286386
287386
288386
289388
290386
291389
292388
293407
294409
295386
296386
297386
298386
299387
300389
301389
302386
303422
304412
305387
306387
307386
308389
309387
310386
311385
312386
313431
314423
315387
316388
317386
318386
319390
320386
321386
322386
323420
324412
325389
326386
327391
328387
329387
330386
331386
332387
333421
334415
335387
336386
337387
338386
339387
340386
341386
342386
343436
344410
345386
346390
347387
348394
349389
350389
351390
352390
353421
354422
355387
356391
357389
358387
359386
360386
361387
362386
363422
364416
365387
366386
367386
368387
369387
370387
371386
372386
373421
374411
375387
376387
377388
378387
379387
380392
381388
382387
383430
384410
385387
386388
387386
388386
389386
390386
391387
392392
393429
394412
395389
396386
397386
398387
399387
400387
401387
402387
403424
404412
405389
406393
407389
408393
409389
410389
411389
412391
413440
414417
415387
416388
417387
418391
419391
420387
421387
422386
423436
424415
425386
426386
427387
428387
429388
430387
431388
432387
433439
434415
435390
436388
437391
438390
439391
440389
441389
442391
443439
444419
445387
446387
447387
448387
449387
450386
451386
452391
453433
454421
455389
456391
457389
458390
459402
460387
461386
462393
463427
464416
465388
466394
467385
468388
469392
470390
471387
472386
473432
474429
475386
476386
477386
478386
479389
480393
481387
482387
483424
484420
485389
486389
487386
488389
489387
490390
491387
492387
493424
494416
495386
496387
497387
498388
499390
500387
501387
502387
503434
504417
505390
506388
507387
508387
509387
510389
511389
512386
513437
514414
515387
516388
517386
518385
519386
520386
521387
522386
523434
524408
525390
526389
527388
528391
529387
530386
531386
532387
533425
534414
535386
536390
537386
538389
539389
540386
541385
542388
543410
544412
545387
546388
547387
548386
549386
550386
551391
552387
553422
554412
555389
556390
557390
558392
559389
560388
561390
562388
563426
564407
565385
566385
567386
568385
569385
570386
571385
572387
573424
574408
575393
576389
577386
578385
579388
580387
581387
582391
583420
584410
585389
586389
587386
588388
589389
590386
591387
592389
593415
594413
595391
596386
597391
598390
599387
600387
601386
602386
603421
604420
605387
606388
607391
608391
609387
610387
611390
612392
613420
614412
615387
616388
617388
618388
619386
620388
621389
622386
623425
624420
625392
626386
627386
628386
629387
630389
631388
632388
633420
634408
635386
636386
637386
638386
639390
640387
641388
642390
643415
644416
645388
646385
647386
648387
649386
650386
651391
652392
653433
654416
655387
656386
657403
658399
659389
660389
661386
662398
663426
664419
665387
666384
667400
668391
669385
670388
671405
672389
673411
674400
675377
676389
677391
678381
679378
680382
681377
682377
683414
684406
685386
686378
687377
688377
689379
690380
691385
692378
693405
694398
695377
696377
697384
698378
699377
700376
701376
702377
703401
704402
705381
706376
707376
708378
709378
710389
711378
712386
713415
714408
715378
716378
717377
718388
719389
720378
721378
722378
723416
724400
725378
726378
727377
728384
729378
730376
731376
732377
733423
734418
735386
736377
737377
738379
739388
740379
741384
742378
743420
744410
745377
746378
747378
748382
749387
750387
751377
752378
753403
754405
755377
756377
757377
758380
759377
760377
761377
762377
763401
764398
765377
766376
767376
768379
769377
770377
771376
772380
773398
774391
775377
776377
777379
778376
779387
780378
781377
782377
783430
784403
785377
786377
787377
788383
789387
790378
791380
792380
793418
794400
795380
796377
797376
798378
799377
800377
801390
802377
803417
804412
805379
806377
807377
808377
809377
810381
811392
812388
813404
814395
815378
816379
817377
818377
819383
820376
821386
822380
823406
824397
825379
826391
827378
828377
829378
830378
831377
832377
833416
834408
835378
836377
837378
838377
839377
840377
841392
842378
843422
844405
845378
846377
847377
848378
849377
850377
851378
852377
853401
854402
855377
856377
857377
858378
859382
860380
861377
862379
863402
864400
865379
866377
867376
868376
869387
870378
871377
872377
873418
874395
875377
876381
877387
878379
879389
880397
881388
882386
883442
884411
885387
886377
887381
888377
889378
890378
891380
892377
893434
894405
895378
896377
897377
898379
899377
900376
901377
902383
903397
904394
905377
906377
907380
908377
909377
910377
911377
912377
913403
914393
915377
916377
917379
918377
919377
920383
921389
922386
923404
924398
925377
926377
927377
928377
929376
930376
931378
932376
933423
934397
935377
936377
937376
938377
939376
940377
941389
942377
943416
944396
945379
946377
947377
948380
949377
950377
951388
952377
953397
954400
955385
956377
957377
958383
959377
960394
961377
962378
963398
964396
965379
966376
967376
968378
969381
970376
971388
972379
973399
974396
975384
976377
977377
978377
979378
980377
981378
982378
983413
984395
985378
986377
987383
988378
989378
990379
991378
992377
993416
994396
995381
996377
997392
998385
999385
381
1377
2377
3414
4404
5378
6386
7378
8378
9378
10392
11379
12379
13404
14420
15379
16380
17379
18384
19391
20389
21378
22378
23425
24416
25387
26388
27387
28387
29385
30385
31389
32387
33443
34412
35386
36385
37386
38385
39389
40387
41386
42387
43432
44416
45387
46386
47391
48390
49392
50389
51386
52387
53424
54408
55388
56387
57386
58387
59387
60386
61387
62386
63440
64409
65389
66388
67388
68395
69389
70386
71387
72387
73422
74418
75388
76393
77385
78387
79387
80386
81386
82390
83427
84408
85386
86387
87387
88386
89389
90386
91387
92388
93419
94413
95392
96389
97389
98386
99386
100387
101387
102387
103413
104413
105387
106386
107386
108387
109386
110386
111386
112386
113423
114410
115386
116386
117386
118387
119388
120389
121388
122388
123421
124409
125387
126392
127387
128386
129390
130388
131388
132389
133424
134410
135386
136386
137389
138386
139386
140386
141389
142391
143409
144412
145389
146386
147386
148387
149387
150386
151392
152392
153431
154409
155386
156388
157393
158391
159389
160393
161387
162387
163430
164411
165388
166389
167388
168386
169387
170388
171392
172387
173426
174413
175386
176392
177388
178389
179388
180387
181387
182387
183434
184412
185387
186389
187389
188390
189387
190392
191386
192386
193435
194410
195386
196386
197387
198394
199387
200389
201391
202387
203418
204410
205386
206387
207386
208386
209388
210386
211388
212386
213424
214407
215389
216388
217388
218387
219385
220386
221385
222387
223424
224410
225386
226387
227386
228386
229386
230387
231389
232387
233424
234415
235386
236386
237386
238386
239388
240385
241390
242387
243420
244409
245393
246386
247387
248387
249389
250391
251388
252389
253451
254412
255386
256386
257385
258385
259386
260386
261385
262385
263419
264417
265386
266392
267387
268387
269390
270385
271386
272385
273412
274412
275386
276385
277387
278388
279388
280386
281386
282385
283417
284408
285388
286388
287385
288386
289386
290386
291386
292388
293423
294410
295387
296387
297389
298387
299387
300387
301387
302386
303421
304407
305387
306388
307388
308386
309388
310385
311387
312386
313408
314405
315385
316386
317387
318391
319389
320386
321386
322388
323415
324416
325392
326386
327386
328386
329386
330386
331386
332386
333411
334409
335392
336396
337387
338388
339387
340391
341388
342389
343420
344419
345388
346387
347389
348388
349386
350388
351386
352387
353430
354411
355392
356387
357387
358389
359389
360386
361390
362388
363470
364431
365400
366389
367386
368401
369389
370388
371385
372399
373419
374417
375386
376387
377398
378391
379386
380386
381398
382398
383439
384419
385387
386388
387387
388386
389386
390385
391386
392385
393440
394418
395386
396388
397387
398392
399390
400387
401387
402389
403430
404425
405390
406389
407390
408386
409387
410387
411389
412389
413436
414411
415390
416391
417385
418386
419388
420391
421386
422386
423428
424405
425393
426386
427385
428389
429392
430389
431390
432389
433420
434412
435386
436385
437386
438386
439386
440386
441386
442386
443440
444407
445390
446392
447387
448386
449386
450388
451388
452393
453415
454417
455387
456385
457386
458388
459390
460390
461404
462386
463427
464418
465388
466387
467388
468394
469386
470386
471386
472386
473433
474413
475387
476386
477386
478387
479386
480386
481387
482387
483406
484416
485389
486393
487386
488389
489385
490385
491387
492386
493414
494420
495386
496388
497393
498389
499386
500386
501386
502385
503424
504408
505388
506388
507392
508387
509392
510388
511392
512386
513419
514409
515388
516385
517387
518391
519386
520389
521385
522384
523416
524403
525385
526385
527384
528387
529387
530388
531386
532391
533401
534413
535387
536387
537385
538385
539388
540387
541385
542385
543405
544414
545390
546385
547387
548390
549387
550385
551387
552386
553418
554413
555387
556387
557388
558391
559388
560389
561387
562393
563410
564416
565389
566394
567389
568391
569390
570389
571389
572388
573433
574423
575390
576387
577388
578403
579390
580388
581387
582401
583442
584424
585385
586398
587388
588388
589386
590388
591403
592389
593435
594432
595401
596395
597389
598387
599402
600388
601385
602400
603432
604415
605385
606400
607400
608385
609385
610393
611390
612386
613435
614417
615391
616385
617402
618391
619385
620385
621389
622390
623426
624419
625385
626399
627391
628386
629385
630398
631389
632385
633432
634415
635385
636400
637392
638390
639386
640399
641391
642385
643435
644417
645386
646386
647398
648389
649385
650386
651391
652390
653433
654421
655393
656389
657388
658388
659391
660387
661387
662387
663441
664414
665387
666391
667386
668387
669387
670386
671386
672387
673425
674422
675388
676386
677386
678385
679385
680385
681386
682386
683425
684410
685387
686385
687385
688385
689387
690386
691386
692387
693422
694421
695386
696386
697388
698386
699388
700388
701387
702387
703426
704423
705387
706387
707387
708387
709387
710388
711389
712391
713434
714418
715387
716386
717385
718386
719393
720387
721387
722386
723411
724418
725388
726389
727389
728386
729387
730387
731395
732388
733423
734411
735385
736390
737392
738386
739386
740385
741384
742388
743426
744414
745390
746387
747386
748387
749387
750388
751387
752387
753421
754422
755387
756387
757387
758390
759386
760387
761395
762387
763413
764422
765390
766387
767386
768386
769388
770388
771386
772386
773434
774416
775387
776389
777390
778388
779388
780391
781387
782392
783432
784414
785387
786386
787386
788389
789389
790390
791389
792390
793439
794415
795388
796387
797387
798387
799387
800386
801386
802387
803419
804427
805389
806386
807386
808387
809390
810386
811382
812380
813442
814413
815387
816386
817394
818391
819387
820387
821386
822393
823423
824419
825387
826386
827385
828381
829386
830377
831377
832385
833421
834414
835387
836389
837389
838391
839387
840387
841389
842390
843431
844427
845394
846392
847386
848387
849390
850391
851391
852389
853427
854414
855387
856388
857385
858388
859385
860385
861386
862384
863421
864408
865385
866385
867385
868384
869385
870388
871384
872386
873411
874405
875385
876385
877387
878390
879391
880387
881385
882385
883409
884403
885385
886387
887386
888387
889385
890387
891389
892387
893405
894410
895384
896385
897385
898385
899385
900384
901384
902385
903418
904404
905385
906385
907385
908389
909390
910389
911394
912387
913423
914418
915388
916385
917386
918387
919388
920389
921386
922386
923438
924408
925385
926377
927385
928388
929391
930386
931386
932386
933436
934414
935388
936386
937397
938386
939386
940391
941386
942387
943423
944411
945378
946377
947377
948376
949376
950376
951382
952388
953399
954393
955377
956386
957377
958376
959376
960376
961382
962396
963396
964392
965377
966376
967376
968389
969383
970376
971376
972376
973396
974391
975377
976376
977376
978376
979376
980376
981376
982376
983397
984394
985387
986388
987380
988378
989378
990385
991378
992376
993396
994392
995376
996380
997385
998378
999377
386
1391
2386
3416
4403
5378
6378
7380
8377
9388
10378
11390
12381
13410
14406
15377
16377
17376
18376
19376
20377
21380
22379
23405
24401
25380
26378
27377
28378
29378
30380
31377
32379
33439
34404
35384
36377
37392
38389
39386
40388
41387
42393
43423
44407
45385
46388
47387
48385
49385
50387
51386
52388
53441
54409
55387
56389
57385
58385
59386
60388
61387
62385
63420
64409
65388
66387
67386
68386
69385
70385
71385
72389
73418
74424
75391
76386
77389
78386
79388
80389
81388
82386
83475
84414
85386
86401
87389
88386
89398
90398
91390
92386
93439
94411
95387
96386
97400
98393
99387
100404
101402
102401
103449
104420
105390
106386
107399
108399
109394
110391
111387
112401
113426
114414
115388
116386
117401
118395
119388
120385
121399
122387
123434
124421
125390
126384
127386
128396
129391
130387
131387
132395
133431
134430
135400
136388
137388
138386
139386
140398
141386
142386
143432
144412
145385
146399
147393
148391
149388
150401
151387
152388
153435
154422
155387
156387
157386
158400
159400
160391
161390
162385
163429
164434
165396
166392
167389
168400
169402
170388
171387
172387
173432
174411
175386
176399
177387
178387
179387
180400
181388
182386
183432
184410
185385
186385
187396
188391
189386
190397
191391
192385
193444
194407
195385
196385
197399
198388
199386
200386
201400
202391
203448
204418
205388
206386
207399
208399
209388
210385
211386
212395
213454
214404
215386
216400
217390
218388
219386
220394
221390
222385
223434
224407
225386
226386
227398
228387
229387
230386
231394
232389
233457
234431
235398
236390
237387
238398
239392
240386
241399
242390
243455
244420
245401
246394
247389
248388
249403
250392
251387
252387
253441
254414
255388
256389
257399
258392
259387
260401
261389
262390
263440
264426
265392
266387
267385
268399
269388
270386
271386
272399
273427
274411
275386
276401
277393
278386
279388
280401
281392
282388
283449
284425
285392
286388
287399
288390
289392
290389
291388
292402
293447
294420
295385
296381
297390
298379
299377
300377
301377
302376
303403
304399
305380
306380
307381
308377
309378
310376
311376
312377
313394
314392
315377
316376
317379
318380
319382
320376
321376
322376
323403
324396
325378
326380
327376
328376
329376
330376
331376
332377
333411
334394
335378
336380
337379
338376
339376
340376
341376
342376
343404
344393
345380
346377
347376
348376
349376
350376
351376
352376
353394
354390
355382
356377
357376
358376
359376
360376
361376
362376
363400
364393
365382
366383
367376
368376
369376
370376
371376
372378
373400
374393
375376
376376
377379
378376
379376
380376
381376
382376
383410
384393
385378
386377
387376
388377
389376
390376
391378
392378
393410
394391
395377
396376
397376
398376
399377
400376
401376
402379
403406
404394
405381
406376
407377
408376
409376
410376
411376
412376
413395
414396
415377
416379
417376
418380
419380
420382
421376
422380
423394
424390
425377
426376
427376
428376
429376
430377
431376
432376
433400
434397
435377
436376
437382
438379
439376
440376
441377
442376
443431
444415
445384
446377
447377
448376
449376
450378
451376
452377
453399
454400
455378
456377
457378
458378
459382
460396
461379
462378
463426
464400
465377
466378
467381
468383
469377
470376
471385
472377
473398
474396
475381
476384
477378
478377
479377
480379
481378
482378
483414
484400
485378
486380
487383
488381
489382
490377
491376
492376
493407
494397
495377
496378
497380
498389
499381
500381
501376
502376
503400
504393
505377
506377
507376
508376
509376
510376
511383
512376
513393
514391
515377
516376
517376
518376
519376
520376
521378
522379
523399
524396
525376
526376
527376
528376
529376
530376
531376
532376
533400
534391
535385
536384
537376
538376
539376
540376
541376
542377
543420
544390
545377
546376
547376
548376
549376
550376
551376
552376
553396
554395
555380
556376
557376
558376
559376
560376
561384
562379
563393
564390
565377
566376
567376
568376
569378
570376
571376
572376
573406
574390
575377
576376
577376
578376
579376
580376
581387
582378
583396
584391
585377
586376
587376
588377
589376
590376
591377
592376
593399
594397
595383
596383
597376
598376
599376
600376
601376
602384
603410
604389
605377
606385
607377
608376
609376
610376
611376
612376
613396
614395
615377
616387
617377
618376
619376
620376
621376
622376
623413
624394
625395
626392
627383
628382
629380
630376
631376
632376
633414
634393
635377
636377
637383
638376
639376
640376
641386
642387
643403
644399
645381
646379
647383
648376
649376
650376
651375
652376
653395
654401
655383
656377
657378
658377
659376
660376
661385
662378
663409
664398
665384
666378
667378
668377
669383
670380
671377
672377
673412
674395
675377
676390
677380
678380
679380
680383
681379
682376
683397
684394
685377
686380
687376
688376
689376
690376
691379
692380
693395
694393
695378
696380
697379
698378
699377
700383
701378
702379
703423
704424
705391
706378
707377
708377
709377
710379
711376
712377
713411
714405
715383
716377
717376
718377
719376
720378
721376
722376
723403
724395
725377
726376
727377
728376
729376
730376
731376
732376
733401
734407
735377
736376
737381
738376
739376
740377
741387
742378
743408
744399
745380
746376
747376
748381
749376
750376
751376
752380
753414
754414
755393
756385
757386
758398
759398
760390
761385
762385
763443
764409
765387
766386
767386
768400
769390
770386
771387
772403
773413
774418
775388
776385
777400
778388
779385
780398
781392
782386
783429
784404
785385
786395
787385
788385
789393
790390
791385
792396
793418
794402
795400
796394
797389
798387
799392
800386
801386
802394
803423
804417
805399
806386
807385
808398
809388
810385
811408
812389
813429
814421
815393
816386
817385
818395
819386
820385
821399
822390
823405
824420
825391
826385
827385
828400
829389
830388
831385
832398
833441
834417
835387
836399
837392
838386
839400
840391
841385
842385
843424
844409
845385
846397
847389
848385
849398
850394
851386
852387
853443
854417
855386
856401
857392
858385
859386
860398
861390
862386
863444
864416
865385
866400
867392
868386
869401
870390
871386
872393
873467
874427
875394
876385
877387
878400
879392
880387
881387
882400
883441
884411
885379
886381
887387
888380
889384
890379
891378
892380
893408
894418
895387
896379
897378
898382
899377
900378
901377
902389
903441
904400
905385
906389
907388
908389
909393
910392
911387
912382
913424
914433
915379
916377
917378
918377
919388
920386
921382
922384
923439
924410
925378
926377
927377
928377
929377
930387
931387
932386
933411
934398
935379
936377
937379
938376
939376
940379
941378
942392
943428
944416
945378
946378
947379
948376
949378
950378
951383
952380
953414
954408
955378
956379
957376
958377
959382
960377
961379
962385
963418
964420
965380
966385
967381
968380
969379
970380
971379
972379
973443
974425
975386
976380
977378
978377
979377
980378
981379
982377
983449
984402
985381
986381
987383
988386
989379
990379
991381
992377
993427
994404
995393
996378
997387
998380
999394
380
1377
2379
3430
4403
5383
6380
7378
8377
9377
10386
11378
12392
13416
14403
15383
16377
17376
18376
19389
20386
21386
22391
23411
24405
25378
26378
27378
28390
29382
30395
31397
32388
33415
34406
35387
36378
37377
38379
39391
40378
41377
42377
43408
44400
45378
46381
47376
48377
49378
50381
51376
52377
53430
54408
55389
56388
57377
58377
59377
60376
61376
62376
63408
64407
65383
66376
67386
68378
69381
70378
71377
72377
73415
74395
75377
76381
77377
78377
79376
80377
81376
82376
83403
84395
85385
86377
87377
88376
89377
90377
91377
92377
93400
94392
95377
96377
97382
98376
99376
100376
101376
102377
103406
104395
105377
106378
107377
108382
109377
110377
111380
112376
113413
114413
115378
116377
117376
118376
119385
120391
121386
122378
123417
124403
125378
126377
127379
128378
129381
130376
131377
132377
133411
134396
135382
136376
137376
138378
139377
140377
141381
142376
143425
144394
145378
146377
147392
148377
149376
150376
151384
152377
153426
154396
155381
156377
157376
158376
159376
160377
161376
162380
163399
164396
165377
166379
167378
168376
169377
170377
171377
172388
173408
174397
175379
176383
177376
178377
179376
180377
181376
182376
183402
184397
185377
186376
187381
188380
189376
190376
191377
192376
193431
194401
195377
196388
197377
198377
199382
200377
201377
202392
203409
204395
205378
206377
207377
208376
209376
210381
211376
212376
213412
214393
215377
216380
217376
218376
219376
220376
221376
222376
223400
224392
225377
226377
227376
228382
229396
230377
231387
232383
233399
234393
235377
236377
237379
238376
239376
240382
241376
242376
243410
244400
245376
246376
247376
248378
249386
250386
251385
252388
253405
254397
255386
256387
257382
258377
259377
260376
261377
262376
263440
264435
265387
266390
267388
268386
269387
270389
271386
272386
273440
274422
275387
276386
277387
278390
279386
280386
281388
282394
283442
284414
285391
286387
287388
288388
289386
290387
291387
292390
293443
294412
295386
296389
297387
298387
299387
300387
301387
302387
303449
304417
305387
306387
307392
308386
309387
310388
311387
312386
313440
314426
315389
316386
317388
318389
319387
320387
321394
322388
323447
324412
325389
326387
327386
328388
329388
330391
331386
332387
333435
334404
335379
336377
337385
338378
339378
340377
341386
342381
343414
344405
345378
346378
347376
348377
349394
350382
351377
352377
353413
354400
355380
356381
357378
358378
359380
360377
361378
362377
363423
364413
365378
366377
367377
368381
369381
370389
371378
372384
373404
374400
375382
376378
377376
378377
379377
380381
381377
382378
383407
384399
385383
386378
387376
388376
389383
390377
391389
392377
393413
394408
395382
396378
397377
398376
399378
400379
401378
402378
403421
404403
405377
406376
407376
408393
409378
410376
411377
412380
413413
414408
415377
416378
417377
418393
419383
420377
421377
422380
423409
424402
425392
426378
427377
428377
429378
430378
431377
432384
433411
434405
435385
436378
437377
438377
439380
440379
441378
442376
443451
444421
445387
446400
447404
448389
449390
450391
451387
452385
453441
454426
455393
456391
457385
458399
459400
460400
461390
462388
463446
464423
465421
466401
467401
468397
469388
470385
471386
472398
473422
474420
475386
476391
477385
478386
479399
480400
481392
482386
483436
484421
485401
486400
487400
488399
489398
490390
491392
492386
493453
494428
495387
496395
497386
498387
499398
500392
501386
502402
503419
504413
505386
506392
507403
508394
509386
510387
511405
512390
513440
514416
515378
516377
517377
518382
519376
520376
521376
522377
523405
524399
525384
526377
527376
528376
529382
530376
531376
532376
533408
534395
535377
536377
537380
538376
539376
540376
541377
542379
543397
544415
545377
546377
547379
548380
549376
550376
551376
552376
553420
554403
555379
556377
557378
558377
559382
560377
561377
562378
563409
564406
565384
566382
567378
568377
569395
570386
571377
572384
573403
574407
575378
576383
577377
578376
579386
580382
581376
582376
583402
584394
585376
586376
587383
588377
589377
590376
591377
592381
593396
594392
595376
596376
597379
598378
599377
600376
601376
602376
603413
604394
605377
606376
607383
608379
609377
610376
611376
612376
613409
614391
615377
616376
617381
618376
619377
620377
621383
622376
623421
624408
625377
626376
627376
628376
629383
630376
631376
632377
633432
634396
635379
636376
637376
638386
639377
640376
641384
642377
643398
644399
645377
646377
647383
648381
649376
650376
651376
652384
653397
654391
655377
656376
657376
658378
659378
660378
661376
662376
663419
664392
665380
666378
667378
668380
669376
670376
671382
672376
673407
674398
675377
676376
677378
678377
679376
680377
681382
682376
683409
684399
685380
686376
687376
688382
689377
690376
691377
692376
693433
694394
695377
696376
697378
698376
699377
700376
701377
702376
703416
704395
705378
706380
707377
708377
709385
710377
711377
712380
713397
714401
715377
716385
717377
718376
719376
720376
721379
722376
723438
724401
725376
726376
727376
728380
729376
730376
731376
732376
733432
734399
735376
736376
737377
738376
739376
740380
741376
742376
743431
744402
745378
746377
747382
748377
749377
750377
751377
752377
753433
754400
755377
756376
757376
758376
759376
760377
761381
762377
763417
764406
765377
766376
767377
768376
769376
770387
771381
772377
773402
774393
775377
776381
777377
778376
779378
780377
781377
782390
783398
784394
785383
786377
787377
788380
789376
790376
791379
792376
793401
794394
795387
796378
797385
798381
799377
800377
801382
802376
803432
804399
805377
806376
807376
808376
809376
810377
811378
812376
813432
814395
815377
816377
817379
818376
819376
820381
821376
822376
823404
824390
825376
826376
827376
828376
829376
830381
831376
832377
833412
834413
835377
836376
837376
838377
839377
840380
841377
842377
843405
844410
845377
846377
847379
848377
849377
850376
851378
852376
853431
854399
855380
856376
857376
858381
859377
860376
861376
862382
863398
864392
865377
866377
867381
868377
869377
870380
871377
872377
873403
874399
875378
876378
877376
878376
879376
880376
881376
882378
883402
884392
885377
886376
887376
888377
889377
890376
891377
892376
893402
894390
895377
896383
897377
898377
899377
900382
901379
902377
903409
904399
905377
906378
907376
908376
909377
910377
911376
912378
913398
914394
915376
916383
917377
918376
919393
920377
921377
922378
923414
924396
925377
926378
927377
928377
929377
930379
931381
932377
933443
934410
935389
936388
937391
938386
939389
940387
941387
942387
943442
944414
945387
946387
947389
948391
949392
950389
951387
952387
953440
954419
955388
956388
957387
958389
959387
960395
961389
962387
963433
964414
965392
966402
967387
968388
969389
970387
971388
972387
973452
974411
975382
976391
977379
978379
979389
980382
981379
982380
983425
984414
985387
986387
987388
988388
989390
990386
991387
992390
993419
994410
995389
996391
997386
998389
999388
385
1386
2385
3458
4412
5389
6386
7387
8386
9393
10387
11387
12388
13430
14405
15378
16377
17377
18377
19386
20393
21377
22377
23438
24415
25388
26388
27388
28389
29388
30392
31390
32386
33435
34413
35386
36388
37388
38387
39387
40387
41386
42385
43439
44411
45386
46386
47392
48387
49387
50386
51388
52386
53436
54410
55392
56387
57388
58398
59387
60387
61388
62387
63429
64414
65386
66389
67387
68393
69387
70387
71387
72388
73444
74402
75378
76379
77379
78376
79376
80376
81377
82377
83406
84394
85377
86377
87377
88377
89377
90381
91377
92378
93411
94397
95386
96377
97386
98384
99377
100377
101380
102376
103397
104407
105377
106378
107378
108376
109378
110376
111377
112376
113436
114395
115377
116376
117386
118377
119377
120377
121377
122385
123416
124394
125377
126380
127376
128378
129377
130379
131377
132378
133409
134393
135377
136376
137376
138376
139376
140377
141377
142384
143398
144393
145376
146377
147377
148378
149377
150377
151382
152376
153397
154392
155377
156376
157376
158377
159395
160377
161377
162380
163402
164408
165378
166378
167377
168377
169376
170378
171381
172377
173411
174396
175382
176385
177377
178377
179380
180377
181378
182376
183402
184394
185377
186376
187376
188376
189377
190376
191377
192376
193432
194400
195377
196390
197376
198376
199383
200378
201378
202376
203407
204394
205379
206376
207376
208382
209391
210377
211376
212376
213422
214399
215377
216377
217376
218379
219376
220376
221376
222378
223398
224391
225377
226378
227379
228376
229376
230389
231382
232377
233399
234395
235386
236377
237379
238376
239386
240383
241377
242376
243440
244396
245378
246378
247376
248376
249379
250376
251387
252386
253442
254409
255386
256389
257389
258388
259388
260389
261387
262387
263430
264414
265387
266390
267394
268387
269387
270386
271392
272387
273440
274415
275387
276386
277387
278389
279386
280389
281392
282386
283424
284413
285387
286387
287387
288390
289391
290387
291386
292393
293439
294410
295386
296388
297386
298386
299392
300392
301386
302387
303435
304409
305386
306388
307388
308387
309387
310393
311386
312387
313423
314414
315387
316387
317388
318386
319387
320386
321389
322389
323425
324415
325387
326387
327386
328388
329387
330387
331392
332386
333435
334414
335387
336387
337387
338386
339387
340389
341393
342387
343423
344411
345386
346387
347388
348391
349386
350386
351389
352386
353453
354411
355390
356387
357387
358388
359390
360386
361387
362390
363426
364400
365377
366382
367376
368376
369376
370376
371387
372377
373404
374405
375383
376377
377377
378376
379378
380376
381376
382376
383398
384393
385377
386378
387376
388378
389377
390376
391380
392387
393404
394401
395380
396380
397377
398377
399377
400378
401376
402376
403402
404399
405377
406377
407382
408376
409377
410390
411379
412386
413419
414404
415379
416378
417380
418377
419377
420381
421378
422377
423401
424399
425377
426376
427376
428380
429376
430377
431377
432377
433425
434398
435377
436376
437376
438378
439382
440377
441376
442377
443428
444398
445390
446386
447386
448378
449377
450382
451377
452377
453412
454396
455382
456377
457376
458377
459382
460376
461376
462388
463412
464398
465378
466377
467394
468376
469376
470386
471387
472377
473399
474393
475377
476379
477376
478376
479377
480382
481376
482376
483400
484393
485383
486377
487377
488377
489382
490376
491377
492382
493398
494396
495377
496378
497377
498376
499377
500377
501377
502377
503400
504415
505390
506387
507389
508387
509387
510387
511386
512387
513440
514418
515387
516387
517389
518389
519387
520388
521388
522387
523413
524422
525387
526388
527388
528392
529388
530387
531388
532387
533431
534412
535394
536391
537390
538388
539391
540390
541390
542388
543420
544410
545387
546389
547388
548389
549388
550389
551394
552389
553428
554423
555389
556390
557387
558387
559387
560387
561389
562387
563422
564414
565392
566388
567388
568387
569388
570388
571388
572392
573432
574415
575388
576387
577387
578388
579388
580392
581387
582388
583429
584421
585391
586395
587390
588387
589390
590390
591396
592387
593430
594419
595387
596387
597387
598387
599389
600391
601390
602389
603427
604415
605389
606390
607389
608387
609387
610391
611387
612388
613429
614416
615391
616388
617389
618393
619389
620392
621393
622388
623414
624415
625388
626387
627388
628387
629387
630387
631387
632387
633426
634415
635387
636389
637391
638387
639388
640393
641388
642389
643442
644420
645389
646388
647388
648393
649387
650388
651389
652388
653412
654423
655389
656388
657389
658389
659394
660387
661389
662387
663439
664414
665386
666386
667387
668387
669386
670386
671386
672386
673405
674408
675387
676388
677387
678386
679386
680386
681386
682388
683407
684410
685386
686386
687386
688386
689388
690388
691388
692396
693426
694412
695387
696387
697388
698390
699391
700389
701388
702388
703427
704420
705390
706390
707391
708394
709388
710387
711388
712388
713439
714419
715390
716391
717387
718387
719389
720388
721390
722390
723469
724425
725391
726392
727388
728388
729403
730403
731389
732386
733426
734418
735394
736387
737389
738407
739390
740394
741388
742402
743445
744431
745388
746392
747388
748392
749390
750393
751387
752388
753407
754413
755393
756389
757392
758388
759396
760387
761387
762388
763432
764423
765390
766388
767392
768389
769387
770391
771387
772387
773424
774412
775391
776387
777387
778387
779388
780388
781389
782387
783437
784410
785389
786387
787386
788387
789390
790389
791393
792387
793410
794409
795388
796389
797387
798386
799387
800387
801389
802395
803427
804417
805388
806386
807386
808387
809387
810390
811389
812386
813405
814411
815388
816389
817393
818392
819387
820387
821387
822389
823422
824417
825392
826389
827389
828388
829387
830394
831388
832391
833424
834411
835395
836387
837388
838390
839389
840392
841393
842387
843423
844409
845390
846387
847387
848388
849390
850387
851387
852389
853419
854421
855390
856390
857394
858388
859388
860388
861389
862387
863424
864425
865387
866387
867387
868387
869388
870387
871388
872387
873409
874409
875387
876388
877389
878391
879393
880389
881388
882388
883426
884419
885390
886390
887388
888388
889389
890391
891390
892388
893424
894412
895391
896393
897388
898390
899393
900392
901391
902388
903421
904413
905393
906387
907388
908388
909389
910388
911388
912390
913427
914412
915390
916389
917392
918387
919387
920387
921387
922388
923452
924416
925396
926388
927388
928388
929389
930393
931394
932390
933424
934409
935387
936387
937387
938387
939390
940389
941389
942391
943409
944406
945388
946391
947388
948387
949387
950387
951388
952391
953432
954415
955388
956389
957388
958391
959389
960393
961387
962387
963420
964415
965394
966388
967388
968404
969387
970388
971390
972395
973438
974412
975388
976389
977391
978394
979390
980387
981388
982388
983421
984415
985388
986388
987390
988388
989389
990388
991388
992390
993422
994410
995387
996388
997388
998389
999391
388
1388
2390
3429
4414
5395
6389
7388
8387
9390
10393
11387
12386
13428
14408
15387
16387
17389
18390
19391
20387
21388
22387
23432
24413
25390
26390
27393
28386
29387
30391
31399
32388
33442
34427
35389
36391
37388
38387
39388
40390
41387
42390
43420
44415
45390
46388
47388
48387
49386
50386
51387
52389
53446
54422
55388
56388
57388
58388
59392
60394
61386
62387
63432
64412
65387
66387
67388
68387
69395
70389
71388
72393
73431
74419
75388
76387
77388
78387
79386
80386
81386
82387
83419
84416
85387
86387
87387
88387
89387
90389
91390
92390
93425
94409
95391
96387
97387
98390
99388
100394
101391
102388
103419
104410
105388
106389
107390
108390
109394
110390
111392
112391
113426
114420
115389
116392
117389
118389
119391
120394
121391
122389
123424
124411
125390
126389
127389
128387
129390
130390
131389
132390
133420
134423
135387
136387
137388
138389
139387
140388
141389
142389
143486
144423
145390
146388
147387
148387
149397
150391
151388
152410
153437
154438
155390
156397
157390
158388
159388
160389
161391
162392
163423
164432
165388
166388
167389
168390
169392
170389
171393
172393
173481
174434
175388
176402
177401
178396
179392
180389
181388
182387
183456
184429
185399
186391
187387
188388
189388
190403
191401
192393
193456
194417
195388
196405
197402
198389
199393
200387
201401
202410
203443
204421
205389
206390
207390
208402
209402
210392
211388
212387
213448
214444
215405
216387
217389
218390
219394
220401
221413
222389
223463
224432
225394
226389
227387
228401
229390
230387
231388
232405
233457
234433
235380
236378
237379
238384
239379
240377
241377
242377
243405
244395
245377
246379
247377
248377
249388
250378
251380
252379
253400
254397
255378
256388
257388
258388
259387
260381
261377
262378
263401
264415
265387
266387
267394
268379
269377
270384
271387
272378
273428
274414
275388
276388
277380
278378
279377
280377
281377
282380
283413
284402
285389
286379
287385
288379
289378
290378
291384
292377
293445
294406
295390
296378
297377
298389
299385
300379
301381
302379
303433
304405
305379
306377
307378
308379
309377
310377
311378
312387
313420
314399
315378
316377
317377
318378
319377
320376
321377
322377
323409
324397
325378
326377
327376
328377
329376
330376
331380
332376
333397
334394
335377
336376
337376
338377
339387
340378
341377
342378
343404
344396
345377
346377
347377
348377
349377
350377
351377
352377
353402
354394
355378
356377
357387
358378
359377
360378
361378
362377
363406
364395
365384
366383
367383
368379
369378
370381
371378
372378
373429
374413
375377
376376
377376
378376
379377
380376
381377
382376
383411
384403
385379
386380
387378
388377
389377
390379
391378
392383
393408
394404
395380
396379
397378
398377
399378
400378
401378
402378
403413
404401
405379
406384
407379
408388
409380
410377
411387
412385
413423
414421
415381
416386
417380
418388
419378
420398
421380
422387
423435
424414
425379
426393
427377
428381
429382
430381
431389
432384
433493
434430
435380
436407
437397
438388
439380
440402
441380
442386
443471
444405
445378
446383
447380
448392
449380
450380
451382
452378
453427
454414
455383
456381
457384
458384
459379
460388
461382
462390
463428
464445
465395
466378
467379
468383
469395
470377
471378
472378
473418
474408
475390
476391
477378
478378
479377
480381
481377
482378
483417
484409
485377
486376
487378
488381
489391
490380
491381
492378
493417
494413
495381
496381
497390
498379
499383
500382
501382
502383
503410
504401
505394
506379
507385
508382
509381
510379
511384
512381
513423
514412
515397
516395
517380
518380
519378
520379
521378
522390
523420
524402
525389
526380
527379
528378
529376
530380
531377
532377
533404
534400
535389
536378
537377
538378
539381
540377
541378
542379
543425
544395
545386
546378
547387
548384
549388
550387
551379
552377
553413
554409
555387
556387
557379
558379
559380
560379
561378
562379
563412
564425
565389
566382
567378
568389
569378
570379
571379
572380
573422
574404
575390
576381
577377
578377
579378
580382
581376
582377
583442
584408
585378
586377
587377
588381
589377
590377
591378
592394
593420
594400
595378
596394
597378
598377
599378
600378
601377
602377
603438
604400
605378
606378
607378
608378
609377
610389
611378
612383
613402
614396
615378
616378
617377
618377
619380
620377
621377
622377
623422
624399
625382
626379
627383
628380
629390
630378
631383
632377
633415
634401
635381
636376
637387
638379
639377
640391
641379
642378
643411
644400
645378
646378
647382
648377
649383
650379
651380
652377
653409
654424
655379
656379
657378
658379
659384
660380
661398
662380
663445
664433
665379
666380
667386
668380
669381
670377
671377
672376
673417
674398
675379
676378
677394
678393
679378
680387
681378
682378
683422
684404
685378
686378
687380
688377
689377
690377
691378
692381
693421
694409
695380
696377
697376
698377
699377
700384
701377
702377
703403
704394
705377
706377
707377
708377
709382
710377
711377
712377
713430
714394
715378
716377
717381
718377
719377
720385
721378
722377
723423
724399
725382
726377
727377
728379
729376
730379
731377
732383
733397
734402
735377
736379
737377
738377
739377
740379
741377
742377
743407
744402
745377
746376
747377
748380
749376
750378
751376
752377
753412
754394
755380
756377
757377
758386
759376
760377
761380
762377
763417
764418
765379
766377
767379
768383
769377
770378
771383
772377
773424
774394
775381
776383
777378
778378
779379
780377
781377
782377
783408
784393
785377
786377
787378
788377
789376
790377
791378
792377
793405
794398
795378
796377
797376
798378
799389
800379
801384
802377
803418
804400
805378
806378
807378
808377
809377
810377
811376
812376
813397
814396
815378
816377
817377
818381
819380
820377
821377
822377
823397
824395
825393
826387
827379
828381
829386
830387
831380
832382
833436
834415
835378
836383
837378
838377
839384
840377
841376
842377
843420
844402
845377
846377
847378
848377
849379
850376
851377
852377
853400
854394
855378
856379
857382
858376
859377
860377
861377
862377
863402
864395
865381
866377
867377
868377
869381
870377
871377
872381
873398
874392
875377
876383
877382
878377
879378
880389
881385
882378
883412
884395
885378
886380
887383
888377
889377
890378
891378
892377
893435
894396
895378
896389
897378
898377
899378
900378
901379
902380
903401
904422
905379
906377
907381
908387
909386
910381
911388
912377
913426
914428
915388
916386
917388
918394
919390
920391
921390
922391
923414
924427
925390
926387
927387
928387
929387
930387
931390
932387
933434
934423
935387
936387
937394
938387
939387
940386
941388
942388
943408
944413
945388
946390
947391
948390
949386
950387
951387
952387
953445
954411
955387
956387
957386
958388
959386
960388
961389
962390
963408
964409
965388
966388
967386
968387
969387
970404
971388
972387
973412
974407
975389
976388
977386
978385
979389
980386
981386
982386
983410
984409
985388
986390
987389
988389
989387
990385
991388
992385
993406
994411
995386
996386
997387
998385
999386
385
1386
2385
3430
4407
5390
6385
7387
8387
9387
10388
11389
12385
13426
14414
15387
16388
17388
18387
19391
20393
21388
22388
23423
24407
25391
26385
27395
28386
29385
30392
31387
32388
33424
34409
35393
36388
37395
38388
39389
40396
41390
42389
43406
44416
45390
46392
47389
48388
49390
50391
51387
52388
53426
54415
55389
56387
57387
58386
59386
60386
61387
62390
63424
64418
65393
66389
67394
68389
69395
70389
71391
72390
73441
74429
75395
76388
77387
78388
79388
80388
81388
82389
83429
84421
85387
86387
87392
88387
89387
90388
91386
92386
93454
94411
95386
96387
97387
98387
99388
100389
101395
102391
103404
104413
105387
106388
107388
108387
109390
110387
111388
112387
113426
114410
115392
116387
117387
118388
119388
120389
121388
122387
123440
124414
125388
126386
127388
128389
129386
130386
131388
132389
133417
134409
135391
136393
137387
138388
139388
140387
141388
142388
143429
144418
145389
146388
147387
148390
149387
150387
151397
152399
153432
154413
155387
156387
157391
158387
159387
160388
161387
162387
163420
164418
165390
166387
167392
168387
169387
170393
171393
172395
173441
174414
175390
176390
177393
178386
179387
180386
181387
182386
183434
184422
185390
186387
187386
188387
189389
190386
191386
192386
193464
194415
195387
196399
197381
198379
199379
200378
201386
202394
203444
204435
205401
206397
207391
208389
209387
210387
211401
212396
213416
214409
215387
216394
217387
218387
219387
220402
221391
222387
223444
224441
225399
226394
227388
228400
229393
230390
231388
232401
233439
234428
235394
236386
237387
238398
239390
240386
241386
242402
243444
244418
245387
246393
247392
248392
249388
250388
251389
252388
253425
254416
255389
256386
257386
258387
259387
260388
261391
262387
263425
264424
265387
266387
267387
268387
269392
270386
271386
272386
273418
274421
275386
276386
277388
278390
279387
280387
281386
282386
283431
284415
285394
286395
287391
288394
289390
290389
291391
292388
293418
294415
295387
296386
297387
298386
299387
300387
301387
302388
303435
304409
305386
306388
307389
308387
309387
310387
311392
312388
313429
314410
315387
316393
317390
318389
319387
320388
321387
322386
323430
324409
325387
326393
327392
328389
329386
330387
331390
332387
333423
334420
335388
336389
337400
338388
339388
340389
341390
342393
343448
344423
345389
346392
347389
348389
349393
350391
351389
352388
353457
354418
355388
356388
357388
358393
359387
360390
361391
362388
363428
364414
365388
366392
367389
368389
369392
370398
371388
372391
373471
374423
375390
376388
377388
378388
379393
380387
381387
382387
383438
384432
385388
386388
387387
388389
389402
390387
391388
392390
393428
394411
395388
396388
397387
398402
399387
400387
401396
402392
403480
404434
405395
406391
407388
408388
409389
410397
411388
412388
413457
414457
415387
416400
417401
418392
419387
420388
421392
422397
423470
424434
425390
426387
427400
428387
429387
430400
431387
432402
433490
434418
435389
436389
437390
438392
439387
440387
441398
442390
443451
444426
445399
446391
447387
448386
449400
450392
451393
452387
453441
454418
455390
456387
457387
458400
459400
460390
461386
462388
463420
464409
465390
466387
467400
468401
469395
470388
471402
472392
473425
474415
475389
476398
477392
478388
479393
480399
481392
482391
483464
484429
485398
486387
487387
488386
489397
490390
491387
492387
493441
494422
495390
496390
497387
498401
499389
500388
501387
502401
503429
504416
505393
506386
507386
508401
509393
510386
511387
512399
513422
514415
515387
516387
517401
518397
519389
520387
521402
522400
523422
524411
525386
526402
527398
528389
529387
530399
531394
532394
533440
534435
535400
536391
537387
538386
539402
540396
541391
542387
543448
544431
545399
546391
547389
548387
549402
550394
551386
552401
553436
554424
555387
556386
557386
558398
559394
560388
561386
562386
563438
564425
565388
566390
567387
568387
569406
570392
571391
572387
573446
574422
575390
576387
577387
578387
579403
580393
581391
582391
583439
584428
585403
586398
587393
588387
589388
590400
591403
592398
593427
594413
595386
596386
597402
598401
599397
600390
601392
602390
603440
604416
605387
606387
607387
608387
609395
610388
611389
612390
613426
614415
615395
616387
617386
618388
619389
620387
621387
622389
623430
624419
625388
626387
627386
628388
629389
630387
631387
632386
633413
634415
635390
636387
637389
638387
639386
640386
641392
642390
643423
644409
645392
646386
647388
648388
649387
650387
651386
652386
653421
654407
655387
656387
657387
658386
659387
660386
661387
662386
663427
664408
665391
666392
667389
668387
669386
670386
671393
672391
673437
674412
675387
676386
677386
678386
679386
680386
681385
682388
683419
684408
685387
686387
687388
688388
689388
690388
691388
692386
693422
694408
695387
696389
697388
698389
699392
700399
701386
702389
703421
704418
705390
706392
707392
708385
709388
710386
711388
712387
713408
714407
715387
716385
717385
718385
719386
720386
721386
722388
723429
724406
725394
726390
727386
728385
729386
730386
731386
732389
733417
734416
735390
736390
737385
738386
739385
740392
741393
742388
743422
744411
745386
746386
747385
748388
749388
750389
751386
752386
753418
754407
755386
756386
757385
758387
759389
760386
761386
762385
763406
764406
765386
766386
767385
768386
769385
770386
771388
772390
773417
774406
775386
776386
777389
778386
779386
780385
781387
782391
783417
784406
785385
786385
787386
788387
789386
790388
791396
792391
793407
794406
795385
796386
797386
798389
799386
800386
801388
802387
803408
804407
805386
806386
807387
808385
809388
810388
811388
812393
813406
814414
815391
816392
817393
818388
819397
820389
821388
822386
823418
824411
825398
826387
827389
828386
829390
830386
831388
832392
833430
834407
835380
836378
837381
838377
839377
840377
841385
842384
843407
844421
845388
846380
847379
848378
849377
850386
851377
852377
853419
854400
855390
856379
857377
858381
859377
860377
861377
862381
863400
864413
865377
866377
867377
868377
869378
870377
871377
872380
873401
874395
875381
876383
877377
878378
879379
880378
881378
882392
883441
884402
885378
886377
887377
888382
889378
890377
891378
892385
893408
894425
895383
896377
897376
898377
899377
900383
901376
902377
903414
904398
905378
906377
907379
908377
909377
910377
911383
912377
913420
914393
915380
916377
917377
918384
919388
920378
921377
922384
923403
924393
925377
926379
927377
928377
929377
930378
931376
932377
933398
934394
935377
936387
937378
938383
939377
940377
941377
942377
943412
944401
945382
946378
947379
948380
949377
950377
951384
952389
953423
954406
955382
956377
957377
958379
959382
960382
961377
962377
963442
964414
965386
966394
967388
968386
969387
970387
971390
972405
973472
974407
975386
976387
977387
978392
979388
980388
981388
982389
983428
984419
985394
986389
987387
988386
989390
990389
991387
992386
993423
994410
995386
996387
997388
998386
999387
386
1390
2387
3423
4416
5386
6388
7387
8389
9386
10387
11391
12387
13426
14406
15389
16386
17386
18389
19388
20387
21386
22386
23423
24407
25386
26385
27388
28388
29386
30386
31388
32387
33423
34407
35387
36389
37388
38397
39391
40392
41387
42387
43427
44412
45386
46393
47385
48386
49396
50386
51386
52387
53420
54415
55387
56386
57386
58389
59386
60388
61386
62390
63431
64407
65388
66388
67386
68386
69388
70390
71387
72386
73421
74410
75386
76385
77387
78386
79386
80387
81388
82387
83446
84406
85389
86387
87387
88386
89392
90387
91387
92386
93425
94418
95388
96386
97386
98388
99386
100386
101387
102387
103416
104405
105388
106390
107386
108386
109386
110388
111386
112386
113422
114406
115387
116389
117393
118390
119386
120386
121386
122387
123417
124407
125387
126387
127387
128389
129389
130386
131386
132386
133444
134419
135386
136386
137400
138391
139386
140386
141399
142393
143432
144421
145387
146389
147387
148399
149391
150386
151398
152395
153417
154411
155386
156401
157391
158386
159388
160387
161400
162389
163443
164426
165397
166395
167387
168402
169392
170387
171388
172398
173414
174417
175387
176402
177398
178388
179387
180386
181400
182389
183441
184425
185386
186401
187391
188387
189400
190401
191389
192391
193456
194423
195389
196392
197386
198400
199400
200391
201390
202387
203437
204429
205401
206394
207386
208386
209402
210401
211394
212387
213457
214453
215398
216394
217388
218388
219402
220404
221393
222386
223424
224414
225389
226391
227386
228391
229387
230388
231400
232386
233428
234408
235388
236388
237402
238391
239389
240387
241387
242398
243429
244410
245387
246400
247391
248386
249387
250400
251390
252386
253437
254436
255397
256390
257388
258388
259402
260392
261393
262388
263422
264440
265401
266402
267402
268395
269390
270387
271387
272412
273425
274417
275389
276388
277387
278403
279400
280390
281390
282387
283452
284418
285396
286387
287400
288398
289390
290387
291389
292402
293419
294409
295400
296402
297398
298388
299390
300386
301402
302402
303426
304413
305393
306386
307387
308400
309392
310387
311388
312402
313442
314417
315390
316386
317400
318389
319387
320388
321400
322394
323434
324416
325391
326386
327394
328392
329387
330400
331390
332387
333435
334420
335392
336387
337387
338401
339393
340387
341392
342387
343432
344410
345386
346386
347386
348386
349387
350387
351387
352389
353407
354407
355387
356389
357388
358386
359388
360387
361386
362388
363419
364412
365389
366394
367391
368387
369387
370386
371388
372389
373433
374409
375387
376395
377389
378387
379386
380387
381387
382390
383421
384413
385387
386388
387386
388387
389387
390391
391388
392387
393444
394424
395388
396388
397388
398387
399387
400387
401387
402387
403416
404415
405387
406388
407399
408390
409391
410387
411387
412392
413430
414431
415396
416390
417390
418390
419387
420387
421388
422388
423430
424419
425387
426387
427389
428387
429387
430390
431387
432387
433414
434430
435387
436390
437389
438390
439388
440387
441387
442388
443433
444433
445388
446388
447392
448388
449389
450389
451389
452388
453434
454437
455389
456388
457387
458388
459388
460396
461388
462388
463444
464416
465391
466388
467388
468388
469386
470387
471387
472386
473421
474414
475389
476389
477387
478389
479389
480392
481391
482391
483428
484433
485391
486390
487391
488393
489387
490389
491387
492387
493435
494414
495388
496387
497387
498386
499387
500387
501387
502387
503426
504418
505388
506387
507387
508387
509387
510386
511386
512387
513421
514411
515387
516386
517386
518389
519388
520386
521387
522388
523407
524409
525386
526386
527387
528389
529388
530388
531392
532392
533415
534414
535395
536390
537387
538386
539387
540386
541387
542387
543438
544421
545389
546389
547390
548395
549391
550391
551388
552386
553422
554411
555388
556388
557388
558392
559389
560387
561389
562388
563416
564413
565388
566387
567389
568387
569399
570390
571391
572392
573423
574421
575387
576386
577386
578387
579386
580386
581387
582387
583415
584424
585388
586388
587388
588400
589393
590389
591389
592387
593414
594413
595389
596388
597387
598388
599388
600388
601387
602389
603426
604413
605387
606386
607386
608386
609386
610386
611386
612386
613410
614408
615386
616393
617386
618387
619387
620386
621387
622386
623407
624407
625386
626388
627391
628386
629386
630386
631386
632386
633406
634407
635387
636389
637387
638386
639387
640387
641386
642387
643422
644407
645386
646386
647387
648386
649386
650386
651386
652386
653404
654407
655386
656386
657387
658386
659388
660387
661386
662387
663420
664408
665386
666386
667386
668386
669386
670386
671386
672386
673424
674412
675390
676386
677387
678386
679387
680386
681386
682387
683437
684409
685389
686389
687388
688392
689394
690392
691390
692392
693424
694408
695386
696392
697392
698392
699394
700388
701386
702386
703420
704409
705387
706386
707387
708389
709386
710388
711393
712390
713420
714413
715392
716389
717389
718389
719395
720387
721387
722387
723420
724407
725386
726387
727389
728392
729390
730387
731387
732387
733446
734418
735387
736388
737388
738392
739387
740386
741386
742388
743422
744416
745387
746389
747387
748396
749391
750387
751387
752387
753418
754411
755389
756390
757392
758395
759405
760387
761388
762388
763435
764428
765390
766390
767394
768388
769388
770399
771389
772390
773428
774413
775387
776387
777387
778386
779386
780386
781386
782386
783426
784410
785391
786393
787387
788387
789387
790391
791387
792388
793439
794414
795391
796393
797388
798396
799391
800390
801388
802388
803426
804417
805397
806392
807388
808394
809386
810386
811386
812387
813416
814427
815388
816388
817386
818391
819389
820379
821389
822378
823399
824404
825386
826380
827379
828387
829386
830378
831388
832380
833397
834400
835389
836390
837390
838383
839378
840378
841389
842388
843409
844408
845388
846386
847388
848389
849388
850389
851387
852388
853410
854409
855386
856387
857387
858386
859386
860388
861387
862386
863411
864406
865386
866386
867386
868386
869389
870391
871388
872387
873420
874412
875387
876389
877389
878395
879392
880390
881385
882388
883424
884407
885386
886391
887386
888386
889386
890386
891386
892386
893412
894417
895387
896386
897387
898387
899386
900387
901387
902386
903408
904413
905387
906389
907386
908386
909386
910386
911387
912386
913409
914407
915386
916387
917387
918388
919391
920391
921391
922389
923464
924408
925396
926390
927386
928387
929387
930389
931389
932387
933427
934413
935387
936387
937386
938386
939386
940386
941386
942387
943419
944421
945390
946389
947388
948391
949401
950390
951390
952397
953440
954426
955387
956390
957390
958388
959394
960389
961390
962389
963440
964426
965388
966388
967389
968391
969395
970390
971388
972389
973426
974431
975386
976386
977386
978387
979388
980386
981386
982386
983423
984411
985387
986386
987386
988387
989387
990386
991387
992389
993418
994410
995390
996387
997387
998389
999386
386
1387
2387
3431
4409
5391
6392
7387
8386
9387
10386
11389
12392
13416
14408
15387
16393
17386
18387
19387
20391
21388
22391
23417
24407
25388
26396
27388
28387
29390
30388
31387
32394
33432
34414
35389
36390
37387
38387
39386
40394
41386
42388
43428
44421
45389
46394
47389
48390
49387
50388
51387
52386
53423
54421
55387
56388
57387
58389
59393
60388
61388
62387
63437
64411
65387
66387
67387
68386
69387
70387
71388
72391
73423
74407
75387
76387
77387
78387
79387
80387
81387
82386
83422
84409
85386
86388
87391
88389
89388
90387
91387
92387
93421
94409
95386
96387
9
