1657195500 1745573
1657195500 3704565
1657195500 5706363
1657195500 7699323
1657195500 9723443
1657195500 11756428
1657195500 13719759
1657195500 15698214
1657195500 17708956
1657195500 19723636
1657195500 21762031
1657195500 23700270
1657195500 25722332
1657195500 27722240
1657195500 29751159
1657195500 31772999
1657195500 33702970
1657195500 35709095
1657195500 37700219
1657195500 39724460
1657195500 41740412
1657195500 43707720
1657195500 45706480
1657195500 47719287
1657195500 49722479
1657195500 51744317
1657195500 53698437
1657195500 55708596
1657195500 57709167
1657195500 59733746
1657195500 61733431
1657195500 63737396
1657195500 65698315
1657195500 67701910
1657195500 69736727
1657195500 71739672
1657195500 73698244
1657195500 75712091
1657195500 77706506
1657195500 79732146
1657195500 81757232
1657195500 83708593
1657195500 85697193
1657195500 87710856
1657195500 89715883
1657195500 91746081
1657195500 93705471
1657195500 95697232
1657195500 97719696
1657195500 99716695
1657195500 101738092
1657195500 103700427
1657195500 105697017
1657195500 107697621
1657195500 109722614
1657195500 111723343
1657195500 113720168
1657195500 115706940
1657195500 117708041
1657195500 119726603
1657195500 121725861
1657195500 123709148
1657195500 125696989
1657195500 127696764
1657195500 129720997
1657195500 131767014
1657195500 133700858
1657195500 135697459
1657195500 137719975
1657195500 139749353
1657195500 141762938
1657195500 143698317
1657195500 145708788
1657195500 147708314
1657195500 149732663
1657195500 151738462
1657195500 153697875
1657195500 155697646
1657195500 157708542
1657195500 159718797
1657195500 161738324
1657195500 163720932
1657195500 165706043
1657195500 167724632
1657195500 169730708
1657195500 171734769
1657195500 173705725
1657195500 175712530
1657195500 177697257
1657195500 179738655
1657195500 181723409
1657195500 183711173
1657195500 185705267
1657195500 187714032
1657195500 189725650
1657195500 191746585
1657195500 193698639
1657195500 195709065
1657195500 197706590
1657195500 199728963
1657195500 201747742
1657195500 203712390
1657195500 205712550
1657195500 207713361
1657195500 209737516
1657195500 211755041
1657195500 213708070
1657195500 215714709
1657195500 217707282
1657195500 219739529
1657195500 221744268
1657195500 223706615
1657195500 225706944
1657195500 227716063
1657195500 229732835
1657195500 231736864
1657195500 233712856
1657195500 235707775
1657195500 237707299
1657195500 239734963
1657195500 241768553
1657195500 243716379
1657195500 245707592
1657195500 247706998
1657195500 249732876
1657195500 251737924
1657195500 253706754
1657195500 255713861
1657195500 257707200
1657195500 259733204
1657195500 261759522
1657195500 263714551
1657195500 265708121
1657195500 267707248
1657195500 269734924
1657195500 271760145
1657195500 273715336
1657195500 275707706
1657195500 277708044
1657195500 279743339
1657195500 281752854
1657195500 283716548
1657195500 285718676
1657195500 287707012
1657195500 289738532
1657195500 291755806
1657195500 293713897
1657195500 295705956
1657195500 297708403
1657195500 299729880
1657195500 301749245
1657195500 303705750
1657195500 305711373
1657195500 307707803
1657195500 309729632
1657195500 311757808
1657195500 313708035
1657195500 315706035
1657195500 317706235
1657195500 319744622
1657195500 321757836
1657195500 323707070
1657195500 325708435
1657195500 327715630
1657195500 329735734
1657195500 331739021
1657195500 333712971
1657195500 335707954
1657195500 337716830
1657195500 339738228
1657195500 341755402
1657195500 343706555
1657195500 345712086
1657195500 347711661
1657195500 349748932
1657195500 351748125
1657195500 353721285
1657195500 355707329
1657195500 357707132
1657195500 359737969
1657195500 361750137
1657195500 363714650
1657195500 365712320
1657195500 367707337
1657195500 369734759
1657195500 371761525
1657195500 373704447
1657195500 375699564
1657195500 377705357
1657195500 379727891
1657195500 381750278
1657195500 383706137
1657195500 385698208
1657195500 387703372
1657195500 389725652
1657195500 391729265
1657195500 393697654
1657195500 395697112
1657195500 397705604
1657195500 399726888
1657195500 401726264
1657195500 403697254
1657195500 405696848
1657195500 407696953
1657195500 409711195
1657195500 411734613
1657195500 413705487
1657195500 415698297
1657195500 417701681
1657195500 419716595
1657195500 421740240
1657195500 423697128
1657195500 425697196
1657195500 427696415
1657195500 429733070
1657195500 431729630
1657195500 433697471
1657195500 435696516
1657195500 437696248
1657195500 439710924
1657195500 441726756
1657195500 443698739
1657195500 445696366
1657195500 447705366
1657195500 449713240
1657195500 451725923
1657195500 453697349
1657195500 455698681
1657195500 457696126
1657195500 459709826
1657195500 461717004
1657195500 463706349
1657195500 465697672
1657195500 467696868
1657195500 469713419
1657195500 471717490
1657195500 473698467
1657195500 475700816
1657195500 477701583
1657195500 479742821
1657195500 481741597
1657195500 483711268
1657195500 485713062
1657195500 487708199
1657195500 489735032
1657195500 491734372
1657195500 493706329
1657195500 495707806
1657195500 497706539
1657195500 499730170
1657195500 501799867
1657195500 503707122
1657195500 505699548
1657195500 507696493
1657195500 509727481
1657195500 511731795
1657195500 513708634
1657195500 515697769
1657195500 517705513
1657195500 519713517
1657195500 521728043
1657195500 523697207
1657195500 525696636
1657195500 527696799
1657195500 529730071
1657195500 531736259
1657195500 533697384
1657195500 535704728
1657195500 537697349
1657195500 539716718
1657195500 541721825
1657195500 543702256
1657195500 545705321
1657195500 547696871
1657195500 549713454
1657195500 551752250
1657195500 553700792
1657195500 555696289
1657195500 557696321
1657195500 559723320
1657195500 561723850
1657195500 563697522
1657195500 565710607
1657195500 567696094
1657195500 569709498
1657195500 571729481
1657195500 573698264
1657195500 575700410
1657195500 577697036
1657195500 579711780
1657195500 581749557
1657195500 583698892
1657195500 585698531
1657195500 587696726
1657195500 589711793
1657195500 591726055
1657195500 593697259
1657195500 595696455
1657195500 597696301
1657195500 599712323
1657195500 601723893
1657195500 603697278
1657195500 605696930
1657195500 607697347
1657195500 609710033
1657195500 611722311
1657195500 613697178
1657195500 615702179
1657195500 617699598
1657195500 619709517
1657195500 621787458
1657195500 623707341
1657195500 625708060
1657195500 627705330
1657195500 629729813
1657195500 631764368
1657195500 633705221
1657195500 635713004
1657195500 637709868
1657195500 639728671
1657195500 641749252
1657195500 643708337
1657195500 645717877
1657195500 647708948
1657195500 649739450
1657195500 651752119
1657195500 653718923
1657195500 655706228
1657195500 657715471
1657195500 659740942
1657195500 661747808
1657195500 663705991
1657195500 665709870
1657195500 667721540
1657195500 669723977
1657195500 671740684
1657195500 673705196
1657195500 675711432
1657195500 677717406
1657195500 679736714
1657195500 681770934
1657195500 683703042
1657195500 685697408
1657195500 687696813
1657195500 689716861
1657195500 691752408
1657195500 693701023
1657195500 695697167
1657195500 697696848
1657195500 699721850
1657195500 701728063
1657195500 703698775
1657195500 705696511
1657195500 707696772
1657195500 709720033
1657195500 711725129
1657195500 713698348
1657195500 715696832
1657195500 717696239
1657195500 719711434
1657195500 721723539
1657195500 723704659
1657195500 725702779
1657195500 727699491
1657195500 729721044
1657195500 731728428
1657195500 733706554
1657195500 735705580
1657195500 737705024
1657195500 739724587
1657195500 741735928
1657195500 743698431
1657195500 745697723
1657195500 747698901
1657195500 749722035
1657195500 751742258
1657195500 753699985
1657195500 755711887
1657195500 757696767
1657195500 759720124
1657195500 761744587
1657195500 763709619
1657195500 765700539
1657195500 767707400
1657195500 769720569
1657195500 771729991
1657195500 773707255
1657195500 775704613
1657195500 777699167
1657195500 779725302
1657195500 781740771
1657195500 783700023
1657195500 785697601
1657195500 787700096
1657195500 789737123
1657195500 791739163
1657195500 793707230
1657195500 795701477
1657195500 797700102
1657195500 799734519
1657195500 801738389
1657195500 803716068
1657195500 805708315
1657195500 807705940
1657195500 809731770
1657195500 811738484
1657195500 813709853
1657195500 815712132
1657195500 817706400
1657195500 819726498
1657195500 821736256
1657195500 823714348
1657195500 825702979
1657195500 827701060
1657195500 829735200
1657195500 831770839
1657195500 833720974
1657195500 835706328
1657195500 837701733
1657195500 839746823
1657195500 841768007
1657195500 843711200
1657195500 845707278
1657195500 847710710
1657195500 849742073
1657195500 851739211
1657195500 853714854
1657195500 855708749
1657195500 857712277
1657195500 859780705
1657195500 861791881
1657195500 863722651
1657195500 865715936
1657195500 867737240
1657195500 869759198
1657195500 871772026
1657195500 873720315
1657195500 875729155
1657195500 877718452
1657195500 879780033
1657195500 881810251
1657195500 883714840
1657195500 885707027
1657195500 887699752
1657195500 889751929
1657195500 891740758
1657195500 893699877
1657195500 895700860
1657195500 897716756
1657195500 899737321
1657195500 901746511
1657195500 903700212
1657195500 905713548
1657195500 907709538
1657195500 909745151
1657195500 911809633
1657195500 913725610
1657195500 915708705
1657195500 917717114
1657195500 919762269
1657195500 921742667
1657195500 923729868
1657195500 925716745
1657195500 927723021
1657195500 929781365
1657195500 931862036
1657195500 933702090
1657195500 935710604
1657195500 937710064
1657195500 939738039
1657195500 941736977
1657195500 943702228
1657195500 945700087
1657195500 947707152
1657195500 949744062
1657195500 951754491
1657195500 953700614
1657195500 955699661
1657195500 957699094
1657195500 959725555
1657195500 961737005
1657195500 963729032
1657195500 965705550
1657195500 967698808
1657195500 969742532
1657195500 971756538
1657195500 973703202
1657195500 975699402
1657195500 977697645
1657195500 979726673
1657195500 981754625
1657195500 983700597
1657195500 985712490
1657195500 987700669
1657195500 989730637
1657195500 991738535
1657195500 993710680
1657195500 995703316
1657195500 997699479
1657195500 999752622
