756428
719759
798214
708956
723636
762031
700270
722332
722240
751159
772999
702970
709095
700219
724460
740412
707720
706480
719287
722479
744317
798437
708596
709167
733746
733431
737396
798315
701910
736727
739672
798244
712091
706506
732146
757232
708593
797193
710856
715883
746081
705471
797232
719696
716695
738092
700427
697017
697621
722614
723343
720168
706940
708041
726603
725861
709148
696989
696764
720997
767014
700858
697459
719975
749353
762938
698317
708788
708314
732663
738462
697875
697646
708542
718797
738324
720932
706043
724632
730708
734769
705725
712530
697257
738655
723409
711173
705267
714032
725650
746585
698639
709065
706590
728963
747742
712390
712550
713361
737516
755041
708070
714709
707282
739529
744268
706615
706944
716063
732835
736864
712856
707775
707299
734963
768553
716379
707592
706998
732876
737924
706754
713861
707200
733204
759522
714551
708121
707248
734924
760145
715336
707706
708044
743339
752854
716548
718676
707012
738532
755806
713897
705956
708403
729880
749245
705750
711373
707803
729632
757808
708035
706035
706235
744622
757836
707070
708435
715630
735734
739021
712971
707954
716830
738228
755402
706555
712086
711661
748932
748125
721285
707329
707132
737969
750137
714650
712320
707337
734759
761525
704447
699564
705357
727891
750278
706137
698208
703372
725652
729265
697654
697112
705604
726888
726264
697254
696848
696953
711195
734613
705487
698297
701681
716595
740240
697128
697196
696415
733070
729630
697471
696516
696248
710924
726756
698739
696366
705366
713240
725923
697349
698681
696126
709826
717004
706349
697672
696868
713419
717490
698467
700816
701583
742821
741597
711268
713062
708199
735032
734372
706329
707806
706539
730170
799867
707122
699548
696493
727481
731795
708634
697769
705513
713517
728043
697207
696636
696799
730071
736259
697384
704728
697349
716718
721825
702256
705321
696871
713454
752250
700792
696289
696321
723320
723850
697522
710607
696094
709498
729481
698264
700410
697036
711780
749557
698892
698531
696726
711793
726055
697259
696455
696301
712323
723893
697278
696930
697347
710033
722311
697178
702179
699598
709517
787458
707341
708060
705330
729813
764368
705221
713004
709868
728671
749252
708337
717877
708948
739450
752119
718923
706228
715471
740942
747808
705991
709870
721540
723977
740684
705196
711432
717406
736714
770934
703042
697408
696813
716861
752408
701023
697167
696848
721850
728063
698775
696511
696772
720033
725129
698348
696832
696239
711434
723539
704659
702779
699491
721044
728428
706554
705580
705024
724587
735928
698431
697723
698901
722035
742258
699985
711887
696767
720124
744587
709619
700539
707400
720569
729991
707255
704613
699167
725302
740771
700023
697601
700096
737123
739163
707230
701477
700102
734519
738389
716068
708315
705940
731770
738484
709853
712132
706400
726498
736256
714348
702979
701060
735200
770839
720974
706328
701733
746823
768007
711200
707278
710710
742073
739211
714854
708749
712277
780705
791881
722651
715936
737240
759198
772026
720315
729155
718452
780033
810251
714840
707027
699752
751929
740758
699877
700860
716756
737321
746511
700212
713548
709538
745151
809633
725610
708705
717114
762269
742667
729868
716745
723021
781365
862036
702090
710604
710064
738039
736977
702228
700087
707152
744062
754491
700614
699661
699094
725555
737005
729032
705550
698808
742532
756538
703202
699402
697645
726673
754625
700597
712490
700669
730637
738535
710680
703316
699479
752622
