IOC_MTCA:Axis1-DbgStrToLOG
IOC_MTCA:Axis2-DbgStrToLOG
IOC_MTCA:Axis3-DbgStrToLOG
IOC_MTCA:Axis4-DbgStrToLOG
IOC_MTCA:Axis5-DbgStrToLOG
IOC_MTCA:Axis6-DbgStrToLOG
IOC_MTCA:Axis7-DbgStrToLOG
IOC_MTCA:Axis8-DbgStrToLOG
IOC_MTCA:Axis9-DbgStrToLOG
IOC_MTCA:Axis10-DbgStrToLOG
IOC_MTCA:Axis11-DbgStrToLOG
IOC_MTCA:Axis12-DbgStrToLOG
IOC_MTCA:Axis13-DbgStrToLOG
IOC_MTCA:Axis14-DbgStrToLOG
IOC_MTCA:Axis15-DbgStrToLOG
IOC_MTCA:Axis16-DbgStrToLOG
IOC_MTCA:Axis17-DbgStrToLOG
IOC_MTCA:Axis18-DbgStrToLOG
IOC_MTCA:Axis19-DbgStrToLOG
IOC_MTCA:Axis20-DbgStrToLOG
IOC_MTCA:Axis21-DbgStrToLOG
IOC_MTCA:Axis22-DbgStrToLOG
IOC_MTCA:Axis23-DbgStrToLOG
IOC_MTCA:Axis24-DbgStrToLOG
IOC_MTCA:Axis25-DbgStrToLOG
IOC_MTCA:Axis26-DbgStrToLOG
IOC_MTCA:Axis27-DbgStrToLOG
IOC_MTCA:Axis28-DbgStrToLOG
IOC_MTCA:Axis29-DbgStrToLOG
IOC_MTCA:Axis30-DbgStrToLOG
IOC_MTCA:Axis1-EnaCmd
IOC_MTCA:Axis1-ExeCmd
IOC_MTCA:Axis1-StpCmd
IOC_MTCA:Axis1-RstCmd
IOC_MTCA:Axis1-EncSrcTyp-Cmd
IOC_MTCA:Axis1-TrjSrcTyp-Cmd
IOC_MTCA:Axis1-PLC-EnaCmd
IOC_MTCA:Axis1-AllwCmdFrmPLCCmd
IOC_MTCA:Axis1-SftLimBwdEna
IOC_MTCA:Axis1-SftLimFwdEna
IOC_MTCA:Axis2-EnaCmd
IOC_MTCA:Axis2-ExeCmd
IOC_MTCA:Axis2-StpCmd
IOC_MTCA:Axis2-RstCmd
IOC_MTCA:Axis2-EncSrcTyp-Cmd
IOC_MTCA:Axis2-TrjSrcTyp-Cmd
IOC_MTCA:Axis2-PLC-EnaCmd
IOC_MTCA:Axis2-AllwCmdFrmPLCCmd
IOC_MTCA:Axis2-SftLimBwdEna
IOC_MTCA:Axis2-SftLimFwdEna
IOC_MTCA:Axis3-EnaCmd
IOC_MTCA:Axis3-ExeCmd
IOC_MTCA:Axis3-StpCmd
IOC_MTCA:Axis3-RstCmd
IOC_MTCA:Axis3-EncSrcTyp-Cmd
IOC_MTCA:Axis3-TrjSrcTyp-Cmd
IOC_MTCA:Axis3-PLC-EnaCmd
IOC_MTCA:Axis3-AllwCmdFrmPLCCmd
IOC_MTCA:Axis3-SftLimBwdEna
IOC_MTCA:Axis3-SftLimFwdEna
IOC_MTCA:Axis4-EnaCmd
IOC_MTCA:Axis4-ExeCmd
IOC_MTCA:Axis4-StpCmd
IOC_MTCA:Axis4-RstCmd
IOC_MTCA:Axis4-EncSrcTyp-Cmd
IOC_MTCA:Axis4-TrjSrcTyp-Cmd
IOC_MTCA:Axis4-PLC-EnaCmd
IOC_MTCA:Axis4-AllwCmdFrmPLCCmd
IOC_MTCA:Axis4-SftLimBwdEna
IOC_MTCA:Axis4-SftLimFwdEna
IOC_MTCA:Axis5-EnaCmd
IOC_MTCA:Axis5-ExeCmd
IOC_MTCA:Axis5-StpCmd
IOC_MTCA:Axis5-RstCmd
IOC_MTCA:Axis5-EncSrcTyp-Cmd
IOC_MTCA:Axis5-TrjSrcTyp-Cmd
IOC_MTCA:Axis5-PLC-EnaCmd
IOC_MTCA:Axis5-AllwCmdFrmPLCCmd
IOC_MTCA:Axis5-SftLimBwdEna
IOC_MTCA:Axis5-SftLimFwdEna
IOC_MTCA:Axis6-EnaCmd
IOC_MTCA:Axis6-ExeCmd
IOC_MTCA:Axis6-StpCmd
IOC_MTCA:Axis6-RstCmd
IOC_MTCA:Axis6-EncSrcTyp-Cmd
IOC_MTCA:Axis6-TrjSrcTyp-Cmd
IOC_MTCA:Axis6-PLC-EnaCmd
IOC_MTCA:Axis6-AllwCmdFrmPLCCmd
IOC_MTCA:Axis6-SftLimBwdEna
IOC_MTCA:Axis6-SftLimFwdEna
IOC_MTCA:Axis7-EnaCmd
IOC_MTCA:Axis7-ExeCmd
IOC_MTCA:Axis7-StpCmd
IOC_MTCA:Axis7-RstCmd
IOC_MTCA:Axis7-EncSrcTyp-Cmd
IOC_MTCA:Axis7-TrjSrcTyp-Cmd
IOC_MTCA:Axis7-PLC-EnaCmd
IOC_MTCA:Axis7-AllwCmdFrmPLCCmd
IOC_MTCA:Axis7-SftLimBwdEna
IOC_MTCA:Axis7-SftLimFwdEna
IOC_MTCA:Axis8-EnaCmd
IOC_MTCA:Axis8-ExeCmd
IOC_MTCA:Axis8-StpCmd
IOC_MTCA:Axis8-RstCmd
IOC_MTCA:Axis8-EncSrcTyp-Cmd
IOC_MTCA:Axis8-TrjSrcTyp-Cmd
IOC_MTCA:Axis8-PLC-EnaCmd
IOC_MTCA:Axis8-AllwCmdFrmPLCCmd
IOC_MTCA:Axis8-SftLimBwdEna
IOC_MTCA:Axis8-SftLimFwdEna
IOC_MTCA:Axis9-EnaCmd
IOC_MTCA:Axis9-ExeCmd
IOC_MTCA:Axis9-StpCmd
IOC_MTCA:Axis9-RstCmd
IOC_MTCA:Axis9-EncSrcTyp-Cmd
IOC_MTCA:Axis9-TrjSrcTyp-Cmd
IOC_MTCA:Axis9-PLC-EnaCmd
IOC_MTCA:Axis9-AllwCmdFrmPLCCmd
IOC_MTCA:Axis9-SftLimBwdEna
IOC_MTCA:Axis9-SftLimFwdEna
IOC_MTCA:Axis10-EnaCmd
IOC_MTCA:Axis10-ExeCmd
IOC_MTCA:Axis10-StpCmd
IOC_MTCA:Axis10-RstCmd
IOC_MTCA:Axis10-EncSrcTyp-Cmd
IOC_MTCA:Axis10-TrjSrcTyp-Cmd
IOC_MTCA:Axis10-PLC-EnaCmd
IOC_MTCA:Axis10-AllwCmdFrmPLCCmd
IOC_MTCA:Axis10-SftLimBwdEna
IOC_MTCA:Axis10-SftLimFwdEna
IOC_MTCA:Axis11-EnaCmd
IOC_MTCA:Axis11-ExeCmd
IOC_MTCA:Axis11-StpCmd
IOC_MTCA:Axis11-RstCmd
IOC_MTCA:Axis11-EncSrcTyp-Cmd
IOC_MTCA:Axis11-TrjSrcTyp-Cmd
IOC_MTCA:Axis11-PLC-EnaCmd
IOC_MTCA:Axis11-AllwCmdFrmPLCCmd
IOC_MTCA:Axis11-SftLimBwdEna
IOC_MTCA:Axis11-SftLimFwdEna
IOC_MTCA:Axis12-EnaCmd
IOC_MTCA:Axis12-ExeCmd
IOC_MTCA:Axis12-StpCmd
IOC_MTCA:Axis12-RstCmd
IOC_MTCA:Axis12-EncSrcTyp-Cmd
IOC_MTCA:Axis12-TrjSrcTyp-Cmd
IOC_MTCA:Axis12-PLC-EnaCmd
IOC_MTCA:Axis12-AllwCmdFrmPLCCmd
IOC_MTCA:Axis12-SftLimBwdEna
IOC_MTCA:Axis12-SftLimFwdEna
IOC_MTCA:Axis13-EnaCmd
IOC_MTCA:Axis13-ExeCmd
IOC_MTCA:Axis13-StpCmd
IOC_MTCA:Axis13-RstCmd
IOC_MTCA:Axis13-EncSrcTyp-Cmd
IOC_MTCA:Axis13-TrjSrcTyp-Cmd
IOC_MTCA:Axis13-PLC-EnaCmd
IOC_MTCA:Axis13-AllwCmdFrmPLCCmd
IOC_MTCA:Axis13-SftLimBwdEna
IOC_MTCA:Axis13-SftLimFwdEna
IOC_MTCA:Axis14-EnaCmd
IOC_MTCA:Axis14-ExeCmd
IOC_MTCA:Axis14-StpCmd
IOC_MTCA:Axis14-RstCmd
IOC_MTCA:Axis14-EncSrcTyp-Cmd
IOC_MTCA:Axis14-TrjSrcTyp-Cmd
IOC_MTCA:Axis14-PLC-EnaCmd
IOC_MTCA:Axis14-AllwCmdFrmPLCCmd
IOC_MTCA:Axis14-SftLimBwdEna
IOC_MTCA:Axis14-SftLimFwdEna
IOC_MTCA:Axis15-EnaCmd
IOC_MTCA:Axis15-ExeCmd
IOC_MTCA:Axis15-StpCmd
IOC_MTCA:Axis15-RstCmd
IOC_MTCA:Axis15-EncSrcTyp-Cmd
IOC_MTCA:Axis15-TrjSrcTyp-Cmd
IOC_MTCA:Axis15-PLC-EnaCmd
IOC_MTCA:Axis15-AllwCmdFrmPLCCmd
IOC_MTCA:Axis15-SftLimBwdEna
IOC_MTCA:Axis15-SftLimFwdEna
IOC_MTCA:Axis16-EnaCmd
IOC_MTCA:Axis16-ExeCmd
IOC_MTCA:Axis16-StpCmd
IOC_MTCA:Axis16-RstCmd
IOC_MTCA:Axis16-EncSrcTyp-Cmd
IOC_MTCA:Axis16-TrjSrcTyp-Cmd
IOC_MTCA:Axis16-PLC-EnaCmd
IOC_MTCA:Axis16-AllwCmdFrmPLCCmd
IOC_MTCA:Axis16-SftLimBwdEna
IOC_MTCA:Axis16-SftLimFwdEna
IOC_MTCA:Axis17-EnaCmd
IOC_MTCA:Axis17-ExeCmd
IOC_MTCA:Axis17-StpCmd
IOC_MTCA:Axis17-RstCmd
IOC_MTCA:Axis17-EncSrcTyp-Cmd
IOC_MTCA:Axis17-TrjSrcTyp-Cmd
IOC_MTCA:Axis17-PLC-EnaCmd
IOC_MTCA:Axis17-AllwCmdFrmPLCCmd
IOC_MTCA:Axis17-SftLimBwdEna
IOC_MTCA:Axis17-SftLimFwdEna
IOC_MTCA:Axis18-EnaCmd
IOC_MTCA:Axis18-ExeCmd
IOC_MTCA:Axis18-StpCmd
IOC_MTCA:Axis18-RstCmd
IOC_MTCA:Axis18-EncSrcTyp-Cmd
IOC_MTCA:Axis18-TrjSrcTyp-Cmd
IOC_MTCA:Axis18-PLC-EnaCmd
IOC_MTCA:Axis18-AllwCmdFrmPLCCmd
IOC_MTCA:Axis18-SftLimBwdEna
IOC_MTCA:Axis18-SftLimFwdEna
IOC_MTCA:Axis19-EnaCmd
IOC_MTCA:Axis19-ExeCmd
IOC_MTCA:Axis19-StpCmd
IOC_MTCA:Axis19-RstCmd
IOC_MTCA:Axis19-EncSrcTyp-Cmd
IOC_MTCA:Axis19-TrjSrcTyp-Cmd
IOC_MTCA:Axis19-PLC-EnaCmd
IOC_MTCA:Axis19-AllwCmdFrmPLCCmd
IOC_MTCA:Axis19-SftLimBwdEna
IOC_MTCA:Axis19-SftLimFwdEna
IOC_MTCA:Axis20-EnaCmd
IOC_MTCA:Axis20-ExeCmd
IOC_MTCA:Axis20-StpCmd
IOC_MTCA:Axis20-RstCmd
IOC_MTCA:Axis20-EncSrcTyp-Cmd
IOC_MTCA:Axis20-TrjSrcTyp-Cmd
IOC_MTCA:Axis20-PLC-EnaCmd
IOC_MTCA:Axis20-AllwCmdFrmPLCCmd
IOC_MTCA:Axis20-SftLimBwdEna
IOC_MTCA:Axis20-SftLimFwdEna
IOC_MTCA:Axis21-EnaCmd
IOC_MTCA:Axis21-ExeCmd
IOC_MTCA:Axis21-StpCmd
IOC_MTCA:Axis21-RstCmd
IOC_MTCA:Axis21-EncSrcTyp-Cmd
IOC_MTCA:Axis21-TrjSrcTyp-Cmd
IOC_MTCA:Axis21-PLC-EnaCmd
IOC_MTCA:Axis21-AllwCmdFrmPLCCmd
IOC_MTCA:Axis21-SftLimBwdEna
IOC_MTCA:Axis21-SftLimFwdEna
IOC_MTCA:Axis22-EnaCmd
IOC_MTCA:Axis22-ExeCmd
IOC_MTCA:Axis22-StpCmd
IOC_MTCA:Axis22-RstCmd
IOC_MTCA:Axis22-EncSrcTyp-Cmd
IOC_MTCA:Axis22-TrjSrcTyp-Cmd
IOC_MTCA:Axis22-PLC-EnaCmd
IOC_MTCA:Axis22-AllwCmdFrmPLCCmd
IOC_MTCA:Axis22-SftLimBwdEna
IOC_MTCA:Axis22-SftLimFwdEna
IOC_MTCA:Axis23-EnaCmd
IOC_MTCA:Axis23-ExeCmd
IOC_MTCA:Axis23-StpCmd
IOC_MTCA:Axis23-RstCmd
IOC_MTCA:Axis23-EncSrcTyp-Cmd
IOC_MTCA:Axis23-TrjSrcTyp-Cmd
IOC_MTCA:Axis23-PLC-EnaCmd
IOC_MTCA:Axis23-AllwCmdFrmPLCCmd
IOC_MTCA:Axis23-SftLimBwdEna
IOC_MTCA:Axis23-SftLimFwdEna
IOC_MTCA:Axis24-EnaCmd
IOC_MTCA:Axis24-ExeCmd
IOC_MTCA:Axis24-StpCmd
IOC_MTCA:Axis24-RstCmd
IOC_MTCA:Axis24-EncSrcTyp-Cmd
IOC_MTCA:Axis24-TrjSrcTyp-Cmd
IOC_MTCA:Axis24-PLC-EnaCmd
IOC_MTCA:Axis24-AllwCmdFrmPLCCmd
IOC_MTCA:Axis24-SftLimBwdEna
IOC_MTCA:Axis24-SftLimFwdEna
IOC_MTCA:Axis25-EnaCmd
IOC_MTCA:Axis25-ExeCmd
IOC_MTCA:Axis25-StpCmd
IOC_MTCA:Axis25-RstCmd
IOC_MTCA:Axis25-EncSrcTyp-Cmd
IOC_MTCA:Axis25-TrjSrcTyp-Cmd
IOC_MTCA:Axis25-PLC-EnaCmd
IOC_MTCA:Axis25-AllwCmdFrmPLCCmd
IOC_MTCA:Axis25-SftLimBwdEna
IOC_MTCA:Axis25-SftLimFwdEna
IOC_MTCA:Axis26-EnaCmd
IOC_MTCA:Axis26-ExeCmd
IOC_MTCA:Axis26-StpCmd
IOC_MTCA:Axis26-RstCmd
IOC_MTCA:Axis26-EncSrcTyp-Cmd
IOC_MTCA:Axis26-TrjSrcTyp-Cmd
IOC_MTCA:Axis26-PLC-EnaCmd
IOC_MTCA:Axis26-AllwCmdFrmPLCCmd
IOC_MTCA:Axis26-SftLimBwdEna
IOC_MTCA:Axis26-SftLimFwdEna
IOC_MTCA:Axis27-EnaCmd
IOC_MTCA:Axis27-ExeCmd
IOC_MTCA:Axis27-StpCmd
IOC_MTCA:Axis27-RstCmd
IOC_MTCA:Axis27-EncSrcTyp-Cmd
IOC_MTCA:Axis27-TrjSrcTyp-Cmd
IOC_MTCA:Axis27-PLC-EnaCmd
IOC_MTCA:Axis27-AllwCmdFrmPLCCmd
IOC_MTCA:Axis27-SftLimBwdEna
IOC_MTCA:Axis27-SftLimFwdEna
IOC_MTCA:Axis28-EnaCmd
IOC_MTCA:Axis28-ExeCmd
IOC_MTCA:Axis28-StpCmd
IOC_MTCA:Axis28-RstCmd
IOC_MTCA:Axis28-EncSrcTyp-Cmd
IOC_MTCA:Axis28-TrjSrcTyp-Cmd
IOC_MTCA:Axis28-PLC-EnaCmd
IOC_MTCA:Axis28-AllwCmdFrmPLCCmd
IOC_MTCA:Axis28-SftLimBwdEna
IOC_MTCA:Axis28-SftLimFwdEna
IOC_MTCA:Axis29-EnaCmd
IOC_MTCA:Axis29-ExeCmd
IOC_MTCA:Axis29-StpCmd
IOC_MTCA:Axis29-RstCmd
IOC_MTCA:Axis29-EncSrcTyp-Cmd
IOC_MTCA:Axis29-TrjSrcTyp-Cmd
IOC_MTCA:Axis29-PLC-EnaCmd
IOC_MTCA:Axis29-AllwCmdFrmPLCCmd
IOC_MTCA:Axis29-SftLimBwdEna
IOC_MTCA:Axis29-SftLimFwdEna
IOC_MTCA:Axis30-EnaCmd
IOC_MTCA:Axis30-ExeCmd
IOC_MTCA:Axis30-StpCmd
IOC_MTCA:Axis30-RstCmd
IOC_MTCA:Axis30-EncSrcTyp-Cmd
IOC_MTCA:Axis30-TrjSrcTyp-Cmd
IOC_MTCA:Axis30-PLC-EnaCmd
IOC_MTCA:Axis30-AllwCmdFrmPLCCmd
IOC_MTCA:Axis30-SftLimBwdEna
IOC_MTCA:Axis30-SftLimFwdEna
IOC_MTCA:MCU-ErrRst
IOC_MTCA:Axis1-HomProc-RB
IOC_MTCA:Axis1-Type
IOC_MTCA:Axis2-HomProc-RB
IOC_MTCA:Axis2-Type
IOC_MTCA:Axis3-HomProc-RB
IOC_MTCA:Axis3-Type
IOC_MTCA:Axis4-HomProc-RB
IOC_MTCA:Axis4-Type
IOC_MTCA:Axis5-HomProc-RB
IOC_MTCA:Axis5-Type
IOC_MTCA:Axis6-HomProc-RB
IOC_MTCA:Axis6-Type
IOC_MTCA:Axis7-HomProc-RB
IOC_MTCA:Axis7-Type
IOC_MTCA:Axis8-HomProc-RB
IOC_MTCA:Axis8-Type
IOC_MTCA:Axis9-HomProc-RB
IOC_MTCA:Axis9-Type
IOC_MTCA:Axis10-HomProc-RB
IOC_MTCA:Axis10-Type
IOC_MTCA:Axis11-HomProc-RB
IOC_MTCA:Axis11-Type
IOC_MTCA:Axis12-HomProc-RB
IOC_MTCA:Axis12-Type
IOC_MTCA:Axis13-HomProc-RB
IOC_MTCA:Axis13-Type
IOC_MTCA:Axis14-HomProc-RB
IOC_MTCA:Axis14-Type
IOC_MTCA:Axis15-HomProc-RB
IOC_MTCA:Axis15-Type
IOC_MTCA:Axis16-HomProc-RB
IOC_MTCA:Axis16-Type
IOC_MTCA:Axis17-HomProc-RB
IOC_MTCA:Axis17-Type
IOC_MTCA:Axis18-HomProc-RB
IOC_MTCA:Axis18-Type
IOC_MTCA:Axis19-HomProc-RB
IOC_MTCA:Axis19-Type
IOC_MTCA:Axis20-HomProc-RB
IOC_MTCA:Axis20-Type
IOC_MTCA:Axis21-HomProc-RB
IOC_MTCA:Axis21-Type
IOC_MTCA:Axis22-HomProc-RB
IOC_MTCA:Axis22-Type
IOC_MTCA:Axis23-HomProc-RB
IOC_MTCA:Axis23-Type
IOC_MTCA:Axis24-HomProc-RB
IOC_MTCA:Axis24-Type
IOC_MTCA:Axis25-HomProc-RB
IOC_MTCA:Axis25-Type
IOC_MTCA:Axis26-HomProc-RB
IOC_MTCA:Axis26-Type
IOC_MTCA:Axis27-HomProc-RB
IOC_MTCA:Axis27-Type
IOC_MTCA:Axis28-HomProc-RB
IOC_MTCA:Axis28-Type
IOC_MTCA:Axis29-HomProc-RB
IOC_MTCA:Axis29-Type
IOC_MTCA:Axis30-HomProc-RB
IOC_MTCA:Axis30-Type
IOC_MTCA:Axis1-MtnCmd
IOC_MTCA:Axis2-MtnCmd
IOC_MTCA:Axis3-MtnCmd
IOC_MTCA:Axis4-MtnCmd
IOC_MTCA:Axis5-MtnCmd
IOC_MTCA:Axis6-MtnCmd
IOC_MTCA:Axis7-MtnCmd
IOC_MTCA:Axis8-MtnCmd
IOC_MTCA:Axis9-MtnCmd
IOC_MTCA:Axis10-MtnCmd
IOC_MTCA:Axis11-MtnCmd
IOC_MTCA:Axis12-MtnCmd
IOC_MTCA:Axis13-MtnCmd
IOC_MTCA:Axis14-MtnCmd
IOC_MTCA:Axis15-MtnCmd
IOC_MTCA:Axis16-MtnCmd
IOC_MTCA:Axis17-MtnCmd
IOC_MTCA:Axis18-MtnCmd
IOC_MTCA:Axis19-MtnCmd
IOC_MTCA:Axis20-MtnCmd
IOC_MTCA:Axis21-MtnCmd
IOC_MTCA:Axis22-MtnCmd
IOC_MTCA:Axis23-MtnCmd
IOC_MTCA:Axis24-MtnCmd
IOC_MTCA:Axis25-MtnCmd
IOC_MTCA:Axis26-MtnCmd
IOC_MTCA:Axis27-MtnCmd
IOC_MTCA:Axis28-MtnCmd
IOC_MTCA:Axis29-MtnCmd
IOC_MTCA:Axis30-MtnCmd
IOC_MTCA:Axis1-OFF_
IOC_MTCA:Axis1-MRES_
IOC_MTCA:Axis1-HomPos
IOC_MTCA:Axis1-VelToHom
IOC_MTCA:Axis1-VelFrmHom
IOC_MTCA:Axis1-AccHom
IOC_MTCA:Axis1-TgtPosCmd
IOC_MTCA:Axis1-TgtVelCmd
IOC_MTCA:Axis2-OFF_
IOC_MTCA:Axis2-MRES_
IOC_MTCA:Axis2-HomPos
IOC_MTCA:Axis2-VelToHom
IOC_MTCA:Axis2-VelFrmHom
IOC_MTCA:Axis2-AccHom
IOC_MTCA:Axis2-TgtPosCmd
IOC_MTCA:Axis2-TgtVelCmd
IOC_MTCA:Axis3-OFF_
IOC_MTCA:Axis3-MRES_
IOC_MTCA:Axis3-HomPos
IOC_MTCA:Axis3-VelToHom
IOC_MTCA:Axis3-VelFrmHom
IOC_MTCA:Axis3-AccHom
IOC_MTCA:Axis3-TgtPosCmd
IOC_MTCA:Axis3-TgtVelCmd
IOC_MTCA:Axis4-OFF_
IOC_MTCA:Axis4-MRES_
IOC_MTCA:Axis4-HomPos
IOC_MTCA:Axis4-VelToHom
IOC_MTCA:Axis4-VelFrmHom
IOC_MTCA:Axis4-AccHom
IOC_MTCA:Axis4-TgtPosCmd
IOC_MTCA:Axis4-TgtVelCmd
IOC_MTCA:Axis5-OFF_
IOC_MTCA:Axis5-MRES_
IOC_MTCA:Axis5-HomPos
IOC_MTCA:Axis5-VelToHom
IOC_MTCA:Axis5-VelFrmHom
IOC_MTCA:Axis5-AccHom
IOC_MTCA:Axis5-TgtPosCmd
IOC_MTCA:Axis5-TgtVelCmd
IOC_MTCA:Axis6-OFF_
IOC_MTCA:Axis6-MRES_
IOC_MTCA:Axis6-HomPos
IOC_MTCA:Axis6-VelToHom
IOC_MTCA:Axis6-VelFrmHom
IOC_MTCA:Axis6-AccHom
IOC_MTCA:Axis6-TgtPosCmd
IOC_MTCA:Axis6-TgtVelCmd
IOC_MTCA:Axis7-OFF_
IOC_MTCA:Axis7-MRES_
IOC_MTCA:Axis7-HomPos
IOC_MTCA:Axis7-VelToHom
IOC_MTCA:Axis7-VelFrmHom
IOC_MTCA:Axis7-AccHom
IOC_MTCA:Axis7-TgtPosCmd
IOC_MTCA:Axis7-TgtVelCmd
IOC_MTCA:Axis8-OFF_
IOC_MTCA:Axis8-MRES_
IOC_MTCA:Axis8-HomPos
IOC_MTCA:Axis8-VelToHom
IOC_MTCA:Axis8-VelFrmHom
IOC_MTCA:Axis8-AccHom
IOC_MTCA:Axis8-TgtPosCmd
IOC_MTCA:Axis8-TgtVelCmd
IOC_MTCA:Axis9-OFF_
IOC_MTCA:Axis9-MRES_
IOC_MTCA:Axis9-HomPos
IOC_MTCA:Axis9-VelToHom
IOC_MTCA:Axis9-VelFrmHom
IOC_MTCA:Axis9-AccHom
IOC_MTCA:Axis9-TgtPosCmd
IOC_MTCA:Axis9-TgtVelCmd
IOC_MTCA:Axis10-OFF_
IOC_MTCA:Axis10-MRES_
IOC_MTCA:Axis10-HomPos
IOC_MTCA:Axis10-VelToHom
IOC_MTCA:Axis10-VelFrmHom
IOC_MTCA:Axis10-AccHom
IOC_MTCA:Axis10-TgtPosCmd
IOC_MTCA:Axis10-TgtVelCmd
IOC_MTCA:Axis11-OFF_
IOC_MTCA:Axis11-MRES_
IOC_MTCA:Axis11-HomPos
IOC_MTCA:Axis11-VelToHom
IOC_MTCA:Axis11-VelFrmHom
IOC_MTCA:Axis11-AccHom
IOC_MTCA:Axis11-TgtPosCmd
IOC_MTCA:Axis11-TgtVelCmd
IOC_MTCA:Axis12-OFF_
IOC_MTCA:Axis12-MRES_
IOC_MTCA:Axis12-HomPos
IOC_MTCA:Axis12-VelToHom
IOC_MTCA:Axis12-VelFrmHom
IOC_MTCA:Axis12-AccHom
IOC_MTCA:Axis12-TgtPosCmd
IOC_MTCA:Axis12-TgtVelCmd
IOC_MTCA:Axis13-OFF_
IOC_MTCA:Axis13-MRES_
IOC_MTCA:Axis13-HomPos
IOC_MTCA:Axis13-VelToHom
IOC_MTCA:Axis13-VelFrmHom
IOC_MTCA:Axis13-AccHom
IOC_MTCA:Axis13-TgtPosCmd
IOC_MTCA:Axis13-TgtVelCmd
IOC_MTCA:Axis14-OFF_
IOC_MTCA:Axis14-MRES_
IOC_MTCA:Axis14-HomPos
IOC_MTCA:Axis14-VelToHom
IOC_MTCA:Axis14-VelFrmHom
IOC_MTCA:Axis14-AccHom
IOC_MTCA:Axis14-TgtPosCmd
IOC_MTCA:Axis14-TgtVelCmd
IOC_MTCA:Axis15-OFF_
IOC_MTCA:Axis15-MRES_
IOC_MTCA:Axis15-HomPos
IOC_MTCA:Axis15-VelToHom
IOC_MTCA:Axis15-VelFrmHom
IOC_MTCA:Axis15-AccHom
IOC_MTCA:Axis15-TgtPosCmd
IOC_MTCA:Axis15-TgtVelCmd
IOC_MTCA:Axis16-OFF_
IOC_MTCA:Axis16-MRES_
IOC_MTCA:Axis16-HomPos
IOC_MTCA:Axis16-VelToHom
IOC_MTCA:Axis16-VelFrmHom
IOC_MTCA:Axis16-AccHom
IOC_MTCA:Axis16-TgtPosCmd
IOC_MTCA:Axis16-TgtVelCmd
IOC_MTCA:Axis17-OFF_
IOC_MTCA:Axis17-MRES_
IOC_MTCA:Axis17-HomPos
IOC_MTCA:Axis17-VelToHom
IOC_MTCA:Axis17-VelFrmHom
IOC_MTCA:Axis17-AccHom
IOC_MTCA:Axis17-TgtPosCmd
IOC_MTCA:Axis17-TgtVelCmd
IOC_MTCA:Axis18-OFF_
IOC_MTCA:Axis18-MRES_
IOC_MTCA:Axis18-HomPos
IOC_MTCA:Axis18-VelToHom
IOC_MTCA:Axis18-VelFrmHom
IOC_MTCA:Axis18-AccHom
IOC_MTCA:Axis18-TgtPosCmd
IOC_MTCA:Axis18-TgtVelCmd
IOC_MTCA:Axis19-OFF_
IOC_MTCA:Axis19-MRES_
IOC_MTCA:Axis19-HomPos
IOC_MTCA:Axis19-VelToHom
IOC_MTCA:Axis19-VelFrmHom
IOC_MTCA:Axis19-AccHom
IOC_MTCA:Axis19-TgtPosCmd
IOC_MTCA:Axis19-TgtVelCmd
IOC_MTCA:Axis20-OFF_
IOC_MTCA:Axis20-MRES_
IOC_MTCA:Axis20-HomPos
IOC_MTCA:Axis20-VelToHom
IOC_MTCA:Axis20-VelFrmHom
IOC_MTCA:Axis20-AccHom
IOC_MTCA:Axis20-TgtPosCmd
IOC_MTCA:Axis20-TgtVelCmd
IOC_MTCA:Axis21-OFF_
IOC_MTCA:Axis21-MRES_
IOC_MTCA:Axis21-HomPos
IOC_MTCA:Axis21-VelToHom
IOC_MTCA:Axis21-VelFrmHom
IOC_MTCA:Axis21-AccHom
IOC_MTCA:Axis21-TgtPosCmd
IOC_MTCA:Axis21-TgtVelCmd
IOC_MTCA:Axis22-OFF_
IOC_MTCA:Axis22-MRES_
IOC_MTCA:Axis22-HomPos
IOC_MTCA:Axis22-VelToHom
IOC_MTCA:Axis22-VelFrmHom
IOC_MTCA:Axis22-AccHom
IOC_MTCA:Axis22-TgtPosCmd
IOC_MTCA:Axis22-TgtVelCmd
IOC_MTCA:Axis23-OFF_
IOC_MTCA:Axis23-MRES_
IOC_MTCA:Axis23-HomPos
IOC_MTCA:Axis23-VelToHom
IOC_MTCA:Axis23-VelFrmHom
IOC_MTCA:Axis23-AccHom
IOC_MTCA:Axis23-TgtPosCmd
IOC_MTCA:Axis23-TgtVelCmd
IOC_MTCA:Axis24-OFF_
IOC_MTCA:Axis24-MRES_
IOC_MTCA:Axis24-HomPos
IOC_MTCA:Axis24-VelToHom
IOC_MTCA:Axis24-VelFrmHom
IOC_MTCA:Axis24-AccHom
IOC_MTCA:Axis24-TgtPosCmd
IOC_MTCA:Axis24-TgtVelCmd
IOC_MTCA:Axis25-OFF_
IOC_MTCA:Axis25-MRES_
IOC_MTCA:Axis25-HomPos
IOC_MTCA:Axis25-VelToHom
IOC_MTCA:Axis25-VelFrmHom
IOC_MTCA:Axis25-AccHom
IOC_MTCA:Axis25-TgtPosCmd
IOC_MTCA:Axis25-TgtVelCmd
IOC_MTCA:Axis26-OFF_
IOC_MTCA:Axis26-MRES_
IOC_MTCA:Axis26-HomPos
IOC_MTCA:Axis26-VelToHom
IOC_MTCA:Axis26-VelFrmHom
IOC_MTCA:Axis26-AccHom
IOC_MTCA:Axis26-TgtPosCmd
IOC_MTCA:Axis26-TgtVelCmd
IOC_MTCA:Axis27-OFF_
IOC_MTCA:Axis27-MRES_
IOC_MTCA:Axis27-HomPos
IOC_MTCA:Axis27-VelToHom
IOC_MTCA:Axis27-VelFrmHom
IOC_MTCA:Axis27-AccHom
IOC_MTCA:Axis27-TgtPosCmd
IOC_MTCA:Axis27-TgtVelCmd
IOC_MTCA:Axis28-OFF_
IOC_MTCA:Axis28-MRES_
IOC_MTCA:Axis28-HomPos
IOC_MTCA:Axis28-VelToHom
IOC_MTCA:Axis28-VelFrmHom
IOC_MTCA:Axis28-AccHom
IOC_MTCA:Axis28-TgtPosCmd
IOC_MTCA:Axis28-TgtVelCmd
IOC_MTCA:Axis29-OFF_
IOC_MTCA:Axis29-MRES_
IOC_MTCA:Axis29-HomPos
IOC_MTCA:Axis29-VelToHom
IOC_MTCA:Axis29-VelFrmHom
IOC_MTCA:Axis29-AccHom
IOC_MTCA:Axis29-TgtPosCmd
IOC_MTCA:Axis29-TgtVelCmd
IOC_MTCA:Axis30-OFF_
IOC_MTCA:Axis30-MRES_
IOC_MTCA:Axis30-HomPos
IOC_MTCA:Axis30-VelToHom
IOC_MTCA:Axis30-VelFrmHom
IOC_MTCA:Axis30-AccHom
IOC_MTCA:Axis30-TgtPosCmd
IOC_MTCA:Axis30-TgtVelCmd
IOC_MTCA:m0s002-BI01-Stat
IOC_MTCA:m0s002-BI02-Stat
IOC_MTCA:m0s002-Stat_
IOC_MTCA:Axis1-Stat_
IOC_MTCA:Axis2-Stat_
IOC_MTCA:Axis3-Stat_
IOC_MTCA:Axis4-Stat_
IOC_MTCA:Axis5-Stat_
IOC_MTCA:Axis6-Stat_
IOC_MTCA:Axis7-Stat_
IOC_MTCA:Axis8-Stat_
IOC_MTCA:Axis9-Stat_
IOC_MTCA:Axis10-Stat_
IOC_MTCA:Axis11-Stat_
IOC_MTCA:Axis12-Stat_
IOC_MTCA:Axis13-Stat_
IOC_MTCA:Axis14-Stat_
IOC_MTCA:Axis15-Stat_
IOC_MTCA:Axis16-Stat_
IOC_MTCA:Axis17-Stat_
IOC_MTCA:Axis18-Stat_
IOC_MTCA:Axis19-Stat_
IOC_MTCA:Axis20-Stat_
IOC_MTCA:Axis21-Stat_
IOC_MTCA:Axis22-Stat_
IOC_MTCA:Axis23-Stat_
IOC_MTCA:Axis24-Stat_
IOC_MTCA:Axis25-Stat_
IOC_MTCA:Axis26-Stat_
IOC_MTCA:Axis27-Stat_
IOC_MTCA:Axis28-Stat_
IOC_MTCA:Axis29-Stat_
IOC_MTCA:Axis30-Stat_
IOC_MTCA:m0-Stat_
IOC_MTCA:m0-Dom-Stat_
REQMOD:lab-mot-ctrl-cp-5004:MODULES
REQMOD:lab-mot-ctrl-cp-5004:VERSIONS
REQMOD:lab-mot-ctrl-cp-5004:MOD_VER
IOC_MTCA:Axis1-Array-Stat
IOC_MTCA:Axis1-PLC-Expr-RB
IOC_MTCA:Axis2-Array-Stat
IOC_MTCA:Axis2-PLC-Expr-RB
IOC_MTCA:Axis3-Array-Stat
IOC_MTCA:Axis3-PLC-Expr-RB
IOC_MTCA:Axis4-Array-Stat
IOC_MTCA:Axis4-PLC-Expr-RB
IOC_MTCA:Axis5-Array-Stat
IOC_MTCA:Axis5-PLC-Expr-RB
IOC_MTCA:Axis6-Array-Stat
IOC_MTCA:Axis6-PLC-Expr-RB
IOC_MTCA:Axis7-Array-Stat
IOC_MTCA:Axis7-PLC-Expr-RB
IOC_MTCA:Axis8-Array-Stat
IOC_MTCA:Axis8-PLC-Expr-RB
IOC_MTCA:Axis9-Array-Stat
IOC_MTCA:Axis9-PLC-Expr-RB
IOC_MTCA:Axis10-Array-Stat
IOC_MTCA:Axis10-PLC-Expr-RB
IOC_MTCA:Axis11-Array-Stat
IOC_MTCA:Axis11-PLC-Expr-RB
IOC_MTCA:Axis12-Array-Stat
IOC_MTCA:Axis12-PLC-Expr-RB
IOC_MTCA:Axis13-Array-Stat
IOC_MTCA:Axis13-PLC-Expr-RB
IOC_MTCA:Axis14-Array-Stat
IOC_MTCA:Axis14-PLC-Expr-RB
IOC_MTCA:Axis15-Array-Stat
IOC_MTCA:Axis15-PLC-Expr-RB
IOC_MTCA:Axis16-Array-Stat
IOC_MTCA:Axis16-PLC-Expr-RB
IOC_MTCA:Axis17-Array-Stat
IOC_MTCA:Axis17-PLC-Expr-RB
IOC_MTCA:Axis18-Array-Stat
IOC_MTCA:Axis18-PLC-Expr-RB
IOC_MTCA:Axis19-Array-Stat
IOC_MTCA:Axis19-PLC-Expr-RB
IOC_MTCA:Axis20-Array-Stat
IOC_MTCA:Axis20-PLC-Expr-RB
IOC_MTCA:Axis21-Array-Stat
IOC_MTCA:Axis21-PLC-Expr-RB
IOC_MTCA:Axis22-Array-Stat
IOC_MTCA:Axis22-PLC-Expr-RB
IOC_MTCA:Axis23-Array-Stat
IOC_MTCA:Axis23-PLC-Expr-RB
IOC_MTCA:Axis24-Array-Stat
IOC_MTCA:Axis24-PLC-Expr-RB
IOC_MTCA:Axis25-Array-Stat
IOC_MTCA:Axis25-PLC-Expr-RB
IOC_MTCA:Axis26-Array-Stat
IOC_MTCA:Axis26-PLC-Expr-RB
IOC_MTCA:Axis27-Array-Stat
IOC_MTCA:Axis27-PLC-Expr-RB
IOC_MTCA:Axis28-Array-Stat
IOC_MTCA:Axis28-PLC-Expr-RB
IOC_MTCA:Axis29-Array-Stat
IOC_MTCA:Axis29-PLC-Expr-RB
IOC_MTCA:Axis30-Array-Stat
IOC_MTCA:Axis30-PLC-Expr-RB
IOC_MTCA:MCU-ErrMsg
IOC_MTCA:MCU-Updated
IOC_MTCA:m0s002-Stat
IOC_MTCA:Axis1-Err
IOC_MTCA:Axis1-MR-ErrId
IOC_MTCA:Axis1-CfgRDBD-En-RB
IOC_MTCA:Axis1-CfgPOSLAG-En-RB
IOC_MTCA:Axis1-CfgDHLM-En-RB
IOC_MTCA:Axis1-CfgDLLM-En-RB
IOC_MTCA:Axis1-Stat
IOC_MTCA:Axis1-ErrId
IOC_MTCA:Axis2-Err
IOC_MTCA:Axis2-MR-ErrId
IOC_MTCA:Axis2-CfgRDBD-En-RB
IOC_MTCA:Axis2-CfgPOSLAG-En-RB
IOC_MTCA:Axis2-CfgDHLM-En-RB
IOC_MTCA:Axis2-CfgDLLM-En-RB
IOC_MTCA:Axis2-Stat
IOC_MTCA:Axis2-ErrId
IOC_MTCA:Axis3-Err
IOC_MTCA:Axis3-MR-ErrId
IOC_MTCA:Axis3-CfgRDBD-En-RB
IOC_MTCA:Axis3-CfgPOSLAG-En-RB
IOC_MTCA:Axis3-CfgDHLM-En-RB
IOC_MTCA:Axis3-CfgDLLM-En-RB
IOC_MTCA:Axis3-Stat
IOC_MTCA:Axis3-ErrId
IOC_MTCA:Axis4-Err
IOC_MTCA:Axis4-MR-ErrId
IOC_MTCA:Axis4-CfgRDBD-En-RB
IOC_MTCA:Axis4-CfgPOSLAG-En-RB
IOC_MTCA:Axis4-CfgDHLM-En-RB
IOC_MTCA:Axis4-CfgDLLM-En-RB
IOC_MTCA:Axis4-Stat
IOC_MTCA:Axis4-ErrId
IOC_MTCA:Axis5-Err
IOC_MTCA:Axis5-MR-ErrId
IOC_MTCA:Axis5-CfgRDBD-En-RB
IOC_MTCA:Axis5-CfgPOSLAG-En-RB
IOC_MTCA:Axis5-CfgDHLM-En-RB
IOC_MTCA:Axis5-CfgDLLM-En-RB
IOC_MTCA:Axis5-Stat
IOC_MTCA:Axis5-ErrId
IOC_MTCA:Axis6-Err
IOC_MTCA:Axis6-MR-ErrId
IOC_MTCA:Axis6-CfgRDBD-En-RB
IOC_MTCA:Axis6-CfgPOSLAG-En-RB
IOC_MTCA:Axis6-CfgDHLM-En-RB
IOC_MTCA:Axis6-CfgDLLM-En-RB
IOC_MTCA:Axis6-Stat
IOC_MTCA:Axis6-ErrId
IOC_MTCA:Axis7-Err
IOC_MTCA:Axis7-MR-ErrId
IOC_MTCA:Axis7-CfgRDBD-En-RB
IOC_MTCA:Axis7-CfgPOSLAG-En-RB
IOC_MTCA:Axis7-CfgDHLM-En-RB
IOC_MTCA:Axis7-CfgDLLM-En-RB
IOC_MTCA:Axis7-Stat
IOC_MTCA:Axis7-ErrId
IOC_MTCA:Axis8-Err
IOC_MTCA:Axis8-MR-ErrId
IOC_MTCA:Axis8-CfgRDBD-En-RB
IOC_MTCA:Axis8-CfgPOSLAG-En-RB
IOC_MTCA:Axis8-CfgDHLM-En-RB
IOC_MTCA:Axis8-CfgDLLM-En-RB
IOC_MTCA:Axis8-Stat
IOC_MTCA:Axis8-ErrId
IOC_MTCA:Axis9-Err
IOC_MTCA:Axis9-MR-ErrId
IOC_MTCA:Axis9-CfgRDBD-En-RB
IOC_MTCA:Axis9-CfgPOSLAG-En-RB
IOC_MTCA:Axis9-CfgDHLM-En-RB
IOC_MTCA:Axis9-CfgDLLM-En-RB
IOC_MTCA:Axis9-Stat
IOC_MTCA:Axis9-ErrId
IOC_MTCA:Axis10-Err
IOC_MTCA:Axis10-MR-ErrId
IOC_MTCA:Axis10-CfgRDBD-En-RB
IOC_MTCA:Axis10-CfgPOSLAG-En-RB
IOC_MTCA:Axis10-CfgDHLM-En-RB
IOC_MTCA:Axis10-CfgDLLM-En-RB
IOC_MTCA:Axis10-Stat
IOC_MTCA:Axis10-ErrId
IOC_MTCA:Axis11-Err
IOC_MTCA:Axis11-MR-ErrId
IOC_MTCA:Axis11-CfgRDBD-En-RB
IOC_MTCA:Axis11-CfgPOSLAG-En-RB
IOC_MTCA:Axis11-CfgDHLM-En-RB
IOC_MTCA:Axis11-CfgDLLM-En-RB
IOC_MTCA:Axis11-Stat
IOC_MTCA:Axis11-ErrId
IOC_MTCA:Axis12-Err
IOC_MTCA:Axis12-MR-ErrId
IOC_MTCA:Axis12-CfgRDBD-En-RB
IOC_MTCA:Axis12-CfgPOSLAG-En-RB
IOC_MTCA:Axis12-CfgDHLM-En-RB
IOC_MTCA:Axis12-CfgDLLM-En-RB
IOC_MTCA:Axis12-Stat
IOC_MTCA:Axis12-ErrId
IOC_MTCA:Axis13-Err
IOC_MTCA:Axis13-MR-ErrId
IOC_MTCA:Axis13-CfgRDBD-En-RB
IOC_MTCA:Axis13-CfgPOSLAG-En-RB
IOC_MTCA:Axis13-CfgDHLM-En-RB
IOC_MTCA:Axis13-CfgDLLM-En-RB
IOC_MTCA:Axis13-Stat
IOC_MTCA:Axis13-ErrId
IOC_MTCA:Axis14-Err
IOC_MTCA:Axis14-MR-ErrId
IOC_MTCA:Axis14-CfgRDBD-En-RB
IOC_MTCA:Axis14-CfgPOSLAG-En-RB
IOC_MTCA:Axis14-CfgDHLM-En-RB
IOC_MTCA:Axis14-CfgDLLM-En-RB
IOC_MTCA:Axis14-Stat
IOC_MTCA:Axis14-ErrId
IOC_MTCA:Axis15-Err
IOC_MTCA:Axis15-MR-ErrId
IOC_MTCA:Axis15-CfgRDBD-En-RB
IOC_MTCA:Axis15-CfgPOSLAG-En-RB
IOC_MTCA:Axis15-CfgDHLM-En-RB
IOC_MTCA:Axis15-CfgDLLM-En-RB
IOC_MTCA:Axis15-Stat
IOC_MTCA:Axis15-ErrId
IOC_MTCA:Axis16-Err
IOC_MTCA:Axis16-MR-ErrId
IOC_MTCA:Axis16-CfgRDBD-En-RB
IOC_MTCA:Axis16-CfgPOSLAG-En-RB
IOC_MTCA:Axis16-CfgDHLM-En-RB
IOC_MTCA:Axis16-CfgDLLM-En-RB
IOC_MTCA:Axis16-Stat
IOC_MTCA:Axis16-ErrId
IOC_MTCA:Axis17-Err
IOC_MTCA:Axis17-MR-ErrId
IOC_MTCA:Axis17-CfgRDBD-En-RB
IOC_MTCA:Axis17-CfgPOSLAG-En-RB
IOC_MTCA:Axis17-CfgDHLM-En-RB
IOC_MTCA:Axis17-CfgDLLM-En-RB
IOC_MTCA:Axis17-Stat
IOC_MTCA:Axis17-ErrId
IOC_MTCA:Axis18-Err
IOC_MTCA:Axis18-MR-ErrId
IOC_MTCA:Axis18-CfgRDBD-En-RB
IOC_MTCA:Axis18-CfgPOSLAG-En-RB
IOC_MTCA:Axis18-CfgDHLM-En-RB
IOC_MTCA:Axis18-CfgDLLM-En-RB
IOC_MTCA:Axis18-Stat
IOC_MTCA:Axis18-ErrId
IOC_MTCA:Axis19-Err
IOC_MTCA:Axis19-MR-ErrId
IOC_MTCA:Axis19-CfgRDBD-En-RB
IOC_MTCA:Axis19-CfgPOSLAG-En-RB
IOC_MTCA:Axis19-CfgDHLM-En-RB
IOC_MTCA:Axis19-CfgDLLM-En-RB
IOC_MTCA:Axis19-Stat
IOC_MTCA:Axis19-ErrId
IOC_MTCA:Axis20-Err
IOC_MTCA:Axis20-MR-ErrId
IOC_MTCA:Axis20-CfgRDBD-En-RB
IOC_MTCA:Axis20-CfgPOSLAG-En-RB
IOC_MTCA:Axis20-CfgDHLM-En-RB
IOC_MTCA:Axis20-CfgDLLM-En-RB
IOC_MTCA:Axis20-Stat
IOC_MTCA:Axis20-ErrId
IOC_MTCA:Axis21-Err
IOC_MTCA:Axis21-MR-ErrId
IOC_MTCA:Axis21-CfgRDBD-En-RB
IOC_MTCA:Axis21-CfgPOSLAG-En-RB
IOC_MTCA:Axis21-CfgDHLM-En-RB
IOC_MTCA:Axis21-CfgDLLM-En-RB
IOC_MTCA:Axis21-Stat
IOC_MTCA:Axis21-ErrId
IOC_MTCA:Axis22-Err
IOC_MTCA:Axis22-MR-ErrId
IOC_MTCA:Axis22-CfgRDBD-En-RB
IOC_MTCA:Axis22-CfgPOSLAG-En-RB
IOC_MTCA:Axis22-CfgDHLM-En-RB
IOC_MTCA:Axis22-CfgDLLM-En-RB
IOC_MTCA:Axis22-Stat
IOC_MTCA:Axis22-ErrId
IOC_MTCA:Axis23-Err
IOC_MTCA:Axis23-MR-ErrId
IOC_MTCA:Axis23-CfgRDBD-En-RB
IOC_MTCA:Axis23-CfgPOSLAG-En-RB
IOC_MTCA:Axis23-CfgDHLM-En-RB
IOC_MTCA:Axis23-CfgDLLM-En-RB
IOC_MTCA:Axis23-Stat
IOC_MTCA:Axis23-ErrId
IOC_MTCA:Axis24-Err
IOC_MTCA:Axis24-MR-ErrId
IOC_MTCA:Axis24-CfgRDBD-En-RB
IOC_MTCA:Axis24-CfgPOSLAG-En-RB
IOC_MTCA:Axis24-CfgDHLM-En-RB
IOC_MTCA:Axis24-CfgDLLM-En-RB
IOC_MTCA:Axis24-Stat
IOC_MTCA:Axis24-ErrId
IOC_MTCA:Axis25-Err
IOC_MTCA:Axis25-MR-ErrId
IOC_MTCA:Axis25-CfgRDBD-En-RB
IOC_MTCA:Axis25-CfgPOSLAG-En-RB
IOC_MTCA:Axis25-CfgDHLM-En-RB
IOC_MTCA:Axis25-CfgDLLM-En-RB
IOC_MTCA:Axis25-Stat
IOC_MTCA:Axis25-ErrId
IOC_MTCA:Axis26-Err
IOC_MTCA:Axis26-MR-ErrId
IOC_MTCA:Axis26-CfgRDBD-En-RB
IOC_MTCA:Axis26-CfgPOSLAG-En-RB
IOC_MTCA:Axis26-CfgDHLM-En-RB
IOC_MTCA:Axis26-CfgDLLM-En-RB
IOC_MTCA:Axis26-Stat
IOC_MTCA:Axis26-ErrId
IOC_MTCA:Axis27-Err
IOC_MTCA:Axis27-MR-ErrId
IOC_MTCA:Axis27-CfgRDBD-En-RB
IOC_MTCA:Axis27-CfgPOSLAG-En-RB
IOC_MTCA:Axis27-CfgDHLM-En-RB
IOC_MTCA:Axis27-CfgDLLM-En-RB
IOC_MTCA:Axis27-Stat
IOC_MTCA:Axis27-ErrId
IOC_MTCA:Axis28-Err
IOC_MTCA:Axis28-MR-ErrId
IOC_MTCA:Axis28-CfgRDBD-En-RB
IOC_MTCA:Axis28-CfgPOSLAG-En-RB
IOC_MTCA:Axis28-CfgDHLM-En-RB
IOC_MTCA:Axis28-CfgDLLM-En-RB
IOC_MTCA:Axis28-Stat
IOC_MTCA:Axis28-ErrId
IOC_MTCA:Axis29-Err
IOC_MTCA:Axis29-MR-ErrId
IOC_MTCA:Axis29-CfgRDBD-En-RB
IOC_MTCA:Axis29-CfgPOSLAG-En-RB
IOC_MTCA:Axis29-CfgDHLM-En-RB
IOC_MTCA:Axis29-CfgDLLM-En-RB
IOC_MTCA:Axis29-Stat
IOC_MTCA:Axis29-ErrId
IOC_MTCA:Axis30-Err
IOC_MTCA:Axis30-MR-ErrId
IOC_MTCA:Axis30-CfgRDBD-En-RB
IOC_MTCA:Axis30-CfgPOSLAG-En-RB
IOC_MTCA:Axis30-CfgDHLM-En-RB
IOC_MTCA:Axis30-CfgDLLM-En-RB
IOC_MTCA:Axis30-Stat
IOC_MTCA:Axis30-ErrId
IOC_MTCA:m0-Stat
IOC_MTCA:m0-SlvCntr
IOC_MTCA:m0-MemmapCntr
IOC_MTCA:m0-DomFailCntrTot
IOC_MTCA:m0-EntryCntr
IOC_MTCA:m0-Dom-Stat
IOC_MTCA:m0s002-BI01
IOC_MTCA:m0s002-BI02
IOC_MTCA:m0s002-Online
IOC_MTCA:m0s002-Operational
IOC_MTCA:m0s002-Alstate-Init
IOC_MTCA:m0s002-Alstate-Preop
IOC_MTCA:m0s002-Alstate-Safeop
IOC_MTCA:m0s002-Alstate-Op
IOC_MTCA:Axis1-EnaCmd-RB
IOC_MTCA:Axis1-EnaAct
IOC_MTCA:Axis1-ExeCmd-RB
IOC_MTCA:Axis1-Busy
IOC_MTCA:Axis1-AtTarget
IOC_MTCA:Axis1-Moving
IOC_MTCA:Axis1-LimFwd
IOC_MTCA:Axis1-LimBwd
IOC_MTCA:Axis1-HomeSwitch
IOC_MTCA:Axis1-Homed
IOC_MTCA:Axis1-InRT
IOC_MTCA:Axis1-TrjSrcTyp-RB
IOC_MTCA:Axis1-EncSrcTyp-RB
IOC_MTCA:Axis1-AllwCmdFrmPLCCmd-RB
IOC_MTCA:Axis1-SftLimFwdEna-RB
IOC_MTCA:Axis1-SftLimBwdEna-RB
IOC_MTCA:Axis1-PLC-EnaCmd-RB
IOC_MTCA:Axis1-PLC-FirstScan
IOC_MTCA:Axis2-EnaCmd-RB
IOC_MTCA:Axis2-EnaAct
IOC_MTCA:Axis2-ExeCmd-RB
IOC_MTCA:Axis2-Busy
IOC_MTCA:Axis2-AtTarget
IOC_MTCA:Axis2-Moving
IOC_MTCA:Axis2-LimFwd
IOC_MTCA:Axis2-LimBwd
IOC_MTCA:Axis2-HomeSwitch
IOC_MTCA:Axis2-Homed
IOC_MTCA:Axis2-InRT
IOC_MTCA:Axis2-TrjSrcTyp-RB
IOC_MTCA:Axis2-EncSrcTyp-RB
IOC_MTCA:Axis2-AllwCmdFrmPLCCmd-RB
IOC_MTCA:Axis2-SftLimFwdEna-RB
IOC_MTCA:Axis2-SftLimBwdEna-RB
IOC_MTCA:Axis2-PLC-EnaCmd-RB
IOC_MTCA:Axis2-PLC-FirstScan
IOC_MTCA:Axis3-EnaCmd-RB
IOC_MTCA:Axis3-EnaAct
IOC_MTCA:Axis3-ExeCmd-RB
IOC_MTCA:Axis3-Busy
IOC_MTCA:Axis3-AtTarget
IOC_MTCA:Axis3-Moving
IOC_MTCA:Axis3-LimFwd
IOC_MTCA:Axis3-LimBwd
IOC_MTCA:Axis3-HomeSwitch
IOC_MTCA:Axis3-Homed
IOC_MTCA:Axis3-InRT
IOC_MTCA:Axis3-TrjSrcTyp-RB
IOC_MTCA:Axis3-EncSrcTyp-RB
IOC_MTCA:Axis3-AllwCmdFrmPLCCmd-RB
IOC_MTCA:Axis3-SftLimFwdEna-RB
IOC_MTCA:Axis3-SftLimBwdEna-RB
IOC_MTCA:Axis3-PLC-EnaCmd-RB
IOC_MTCA:Axis3-PLC-FirstScan
IOC_MTCA:Axis4-EnaCmd-RB
IOC_MTCA:Axis4-EnaAct
IOC_MTCA:Axis4-ExeCmd-RB
IOC_MTCA:Axis4-Busy
IOC_MTCA:Axis4-AtTarget
IOC_MTCA:Axis4-Moving
IOC_MTCA:Axis4-LimFwd
IOC_MTCA:Axis4-LimBwd
IOC_MTCA:Axis4-HomeSwitch
IOC_MTCA:Axis4-Homed
IOC_MTCA:Axis4-InRT
IOC_MTCA:Axis4-TrjSrcTyp-RB
IOC_MTCA:Axis4-EncSrcTyp-RB
IOC_MTCA:Axis4-AllwCmdFrmPLCCmd-RB
IOC_MTCA:Axis4-SftLimFwdEna-RB
IOC_MTCA:Axis4-SftLimBwdEna-RB
IOC_MTCA:Axis4-PLC-EnaCmd-RB
IOC_MTCA:Axis4-PLC-FirstScan
IOC_MTCA:Axis5-EnaCmd-RB
IOC_MTCA:Axis5-EnaAct
IOC_MTCA:Axis5-ExeCmd-RB
IOC_MTCA:Axis5-Busy
IOC_MTCA:Axis5-AtTarget
IOC_MTCA:Axis5-Moving
IOC_MTCA:Axis5-LimFwd
IOC_MTCA:Axis5-LimBwd
IOC_MTCA:Axis5-HomeSwitch
IOC_MTCA:Axis5-Homed
IOC_MTCA:Axis5-InRT
IOC_MTCA:Axis5-TrjSrcTyp-RB
IOC_MTCA:Axis5-EncSrcTyp-RB
IOC_MTCA:Axis5-AllwCmdFrmPLCCmd-RB
IOC_MTCA:Axis5-SftLimFwdEna-RB
IOC_MTCA:Axis5-SftLimBwdEna-RB
IOC_MTCA:Axis5-PLC-EnaCmd-RB
IOC_MTCA:Axis5-PLC-FirstScan
IOC_MTCA:Axis6-EnaCmd-RB
IOC_MTCA:Axis6-EnaAct
IOC_MTCA:Axis6-ExeCmd-RB
IOC_MTCA:Axis6-Busy
IOC_MTCA:Axis6-AtTarget
IOC_MTCA:Axis6-Moving
IOC_MTCA:Axis6-LimFwd
IOC_MTCA:Axis6-LimBwd
IOC_MTCA:Axis6-HomeSwitch
IOC_MTCA:Axis6-Homed
IOC_MTCA:Axis6-InRT
IOC_MTCA:Axis6-TrjSrcTyp-RB
IOC_MTCA:Axis6-EncSrcTyp-RB
IOC_MTCA:Axis6-AllwCmdFrmPLCCmd-RB
IOC_MTCA:Axis6-SftLimFwdEna-RB
IOC_MTCA:Axis6-SftLimBwdEna-RB
IOC_MTCA:Axis6-PLC-EnaCmd-RB
IOC_MTCA:Axis6-PLC-FirstScan
IOC_MTCA:Axis7-EnaCmd-RB
IOC_MTCA:Axis7-EnaAct
IOC_MTCA:Axis7-ExeCmd-RB
IOC_MTCA:Axis7-Busy
IOC_MTCA:Axis7-AtTarget
IOC_MTCA:Axis7-Moving
IOC_MTCA:Axis7-LimFwd
IOC_MTCA:Axis7-LimBwd
IOC_MTCA:Axis7-HomeSwitch
IOC_MTCA:Axis7-Homed
IOC_MTCA:Axis7-InRT
IOC_MTCA:Axis7-TrjSrcTyp-RB
IOC_MTCA:Axis7-EncSrcTyp-RB
IOC_MTCA:Axis7-AllwCmdFrmPLCCmd-RB
IOC_MTCA:Axis7-SftLimFwdEna-RB
IOC_MTCA:Axis7-SftLimBwdEna-RB
IOC_MTCA:Axis7-PLC-EnaCmd-RB
IOC_MTCA:Axis7-PLC-FirstScan
IOC_MTCA:Axis8-EnaCmd-RB
IOC_MTCA:Axis8-EnaAct
IOC_MTCA:Axis8-ExeCmd-RB
IOC_MTCA:Axis8-Busy
IOC_MTCA:Axis8-AtTarget
IOC_MTCA:Axis8-Moving
IOC_MTCA:Axis8-LimFwd
IOC_MTCA:Axis8-LimBwd
IOC_MTCA:Axis8-HomeSwitch
IOC_MTCA:Axis8-Homed
IOC_MTCA:Axis8-InRT
IOC_MTCA:Axis8-TrjSrcTyp-RB
IOC_MTCA:Axis8-EncSrcTyp-RB
IOC_MTCA:Axis8-AllwCmdFrmPLCCmd-RB
IOC_MTCA:Axis8-SftLimFwdEna-RB
IOC_MTCA:Axis8-SftLimBwdEna-RB
IOC_MTCA:Axis8-PLC-EnaCmd-RB
IOC_MTCA:Axis8-PLC-FirstScan
IOC_MTCA:Axis9-EnaCmd-RB
IOC_MTCA:Axis9-EnaAct
IOC_MTCA:Axis9-ExeCmd-RB
IOC_MTCA:Axis9-Busy
IOC_MTCA:Axis9-AtTarget
IOC_MTCA:Axis9-Moving
IOC_MTCA:Axis9-LimFwd
IOC_MTCA:Axis9-LimBwd
IOC_MTCA:Axis9-HomeSwitch
IOC_MTCA:Axis9-Homed
IOC_MTCA:Axis9-InRT
IOC_MTCA:Axis9-TrjSrcTyp-RB
IOC_MTCA:Axis9-EncSrcTyp-RB
IOC_MTCA:Axis9-AllwCmdFrmPLCCmd-RB
IOC_MTCA:Axis9-SftLimFwdEna-RB
IOC_MTCA:Axis9-SftLimBwdEna-RB
IOC_MTCA:Axis9-PLC-EnaCmd-RB
IOC_MTCA:Axis9-PLC-FirstScan
IOC_MTCA:Axis10-EnaCmd-RB
IOC_MTCA:Axis10-EnaAct
IOC_MTCA:Axis10-ExeCmd-RB
IOC_MTCA:Axis10-Busy
IOC_MTCA:Axis10-AtTarget
IOC_MTCA:Axis10-Moving
IOC_MTCA:Axis10-LimFwd
IOC_MTCA:Axis10-LimBwd
IOC_MTCA:Axis10-HomeSwitch
IOC_MTCA:Axis10-Homed
IOC_MTCA:Axis10-InRT
IOC_MTCA:Axis10-TrjSrcTyp-RB
IOC_MTCA:Axis10-EncSrcTyp-RB
IOC_MTCA:Axis10-AllwCmdFrmPLCCmd-RB
IOC_MTCA:Axis10-SftLimFwdEna-RB
IOC_MTCA:Axis10-SftLimBwdEna-RB
IOC_MTCA:Axis10-PLC-EnaCmd-RB
IOC_MTCA:Axis10-PLC-FirstScan
IOC_MTCA:Axis11-EnaCmd-RB
IOC_MTCA:Axis11-EnaAct
IOC_MTCA:Axis11-ExeCmd-RB
IOC_MTCA:Axis11-Busy
IOC_MTCA:Axis11-AtTarget
IOC_MTCA:Axis11-Moving
IOC_MTCA:Axis11-LimFwd
IOC_MTCA:Axis11-LimBwd
IOC_MTCA:Axis11-HomeSwitch
IOC_MTCA:Axis11-Homed
IOC_MTCA:Axis11-InRT
IOC_MTCA:Axis11-TrjSrcTyp-RB
IOC_MTCA:Axis11-EncSrcTyp-RB
IOC_MTCA:Axis11-AllwCmdFrmPLCCmd-RB
IOC_MTCA:Axis11-SftLimFwdEna-RB
IOC_MTCA:Axis11-SftLimBwdEna-RB
IOC_MTCA:Axis11-PLC-EnaCmd-RB
IOC_MTCA:Axis11-PLC-FirstScan
IOC_MTCA:Axis12-EnaCmd-RB
IOC_MTCA:Axis12-EnaAct
IOC_MTCA:Axis12-ExeCmd-RB
IOC_MTCA:Axis12-Busy
IOC_MTCA:Axis12-AtTarget
IOC_MTCA:Axis12-Moving
IOC_MTCA:Axis12-LimFwd
IOC_MTCA:Axis12-LimBwd
IOC_MTCA:Axis12-HomeSwitch
IOC_MTCA:Axis12-Homed
IOC_MTCA:Axis12-InRT
IOC_MTCA:Axis12-TrjSrcTyp-RB
IOC_MTCA:Axis12-EncSrcTyp-RB
IOC_MTCA:Axis12-AllwCmdFrmPLCCmd-RB
IOC_MTCA:Axis12-SftLimFwdEna-RB
IOC_MTCA:Axis12-SftLimBwdEna-RB
IOC_MTCA:Axis12-PLC-EnaCmd-RB
IOC_MTCA:Axis12-PLC-FirstScan
IOC_MTCA:Axis13-EnaCmd-RB
IOC_MTCA:Axis13-EnaAct
IOC_MTCA:Axis13-ExeCmd-RB
IOC_MTCA:Axis13-Busy
IOC_MTCA:Axis13-AtTarget
IOC_MTCA:Axis13-Moving
IOC_MTCA:Axis13-LimFwd
IOC_MTCA:Axis13-LimBwd
IOC_MTCA:Axis13-HomeSwitch
IOC_MTCA:Axis13-Homed
IOC_MTCA:Axis13-InRT
IOC_MTCA:Axis13-TrjSrcTyp-RB
IOC_MTCA:Axis13-EncSrcTyp-RB
IOC_MTCA:Axis13-AllwCmdFrmPLCCmd-RB
IOC_MTCA:Axis13-SftLimFwdEna-RB
IOC_MTCA:Axis13-SftLimBwdEna-RB
IOC_MTCA:Axis13-PLC-EnaCmd-RB
IOC_MTCA:Axis13-PLC-FirstScan
IOC_MTCA:Axis14-EnaCmd-RB
IOC_MTCA:Axis14-EnaAct
IOC_MTCA:Axis14-ExeCmd-RB
IOC_MTCA:Axis14-Busy
IOC_MTCA:Axis14-AtTarget
IOC_MTCA:Axis14-Moving
IOC_MTCA:Axis14-LimFwd
IOC_MTCA:Axis14-LimBwd
IOC_MTCA:Axis14-HomeSwitch
IOC_MTCA:Axis14-Homed
IOC_MTCA:Axis14-InRT
IOC_MTCA:Axis14-TrjSrcTyp-RB
IOC_MTCA:Axis14-EncSrcTyp-RB
IOC_MTCA:Axis14-AllwCmdFrmPLCCmd-RB
IOC_MTCA:Axis14-SftLimFwdEna-RB
IOC_MTCA:Axis14-SftLimBwdEna-RB
IOC_MTCA:Axis14-PLC-EnaCmd-RB
IOC_MTCA:Axis14-PLC-FirstScan
IOC_MTCA:Axis15-EnaCmd-RB
IOC_MTCA:Axis15-EnaAct
IOC_MTCA:Axis15-ExeCmd-RB
IOC_MTCA:Axis15-Busy
IOC_MTCA:Axis15-AtTarget
IOC_MTCA:Axis15-Moving
IOC_MTCA:Axis15-LimFwd
IOC_MTCA:Axis15-LimBwd
IOC_MTCA:Axis15-HomeSwitch
IOC_MTCA:Axis15-Homed
IOC_MTCA:Axis15-InRT
IOC_MTCA:Axis15-TrjSrcTyp-RB
IOC_MTCA:Axis15-EncSrcTyp-RB
IOC_MTCA:Axis15-AllwCmdFrmPLCCmd-RB
IOC_MTCA:Axis15-SftLimFwdEna-RB
IOC_MTCA:Axis15-SftLimBwdEna-RB
IOC_MTCA:Axis15-PLC-EnaCmd-RB
IOC_MTCA:Axis15-PLC-FirstScan
IOC_MTCA:Axis16-EnaCmd-RB
IOC_MTCA:Axis16-EnaAct
IOC_MTCA:Axis16-ExeCmd-RB
IOC_MTCA:Axis16-Busy
IOC_MTCA:Axis16-AtTarget
IOC_MTCA:Axis16-Moving
IOC_MTCA:Axis16-LimFwd
IOC_MTCA:Axis16-LimBwd
IOC_MTCA:Axis16-HomeSwitch
IOC_MTCA:Axis16-Homed
IOC_MTCA:Axis16-InRT
IOC_MTCA:Axis16-TrjSrcTyp-RB
IOC_MTCA:Axis16-EncSrcTyp-RB
IOC_MTCA:Axis16-AllwCmdFrmPLCCmd-RB
IOC_MTCA:Axis16-SftLimFwdEna-RB
IOC_MTCA:Axis16-SftLimBwdEna-RB
IOC_MTCA:Axis16-PLC-EnaCmd-RB
IOC_MTCA:Axis16-PLC-FirstScan
IOC_MTCA:Axis17-EnaCmd-RB
IOC_MTCA:Axis17-EnaAct
IOC_MTCA:Axis17-ExeCmd-RB
IOC_MTCA:Axis17-Busy
IOC_MTCA:Axis17-AtTarget
IOC_MTCA:Axis17-Moving
IOC_MTCA:Axis17-LimFwd
IOC_MTCA:Axis17-LimBwd
IOC_MTCA:Axis17-HomeSwitch
IOC_MTCA:Axis17-Homed
IOC_MTCA:Axis17-InRT
IOC_MTCA:Axis17-TrjSrcTyp-RB
IOC_MTCA:Axis17-EncSrcTyp-RB
IOC_MTCA:Axis17-AllwCmdFrmPLCCmd-RB
IOC_MTCA:Axis17-SftLimFwdEna-RB
IOC_MTCA:Axis17-SftLimBwdEna-RB
IOC_MTCA:Axis17-PLC-EnaCmd-RB
IOC_MTCA:Axis17-PLC-FirstScan
IOC_MTCA:Axis18-EnaCmd-RB
IOC_MTCA:Axis18-EnaAct
IOC_MTCA:Axis18-ExeCmd-RB
IOC_MTCA:Axis18-Busy
IOC_MTCA:Axis18-AtTarget
IOC_MTCA:Axis18-Moving
IOC_MTCA:Axis18-LimFwd
IOC_MTCA:Axis18-LimBwd
IOC_MTCA:Axis18-HomeSwitch
IOC_MTCA:Axis18-Homed
IOC_MTCA:Axis18-InRT
IOC_MTCA:Axis18-TrjSrcTyp-RB
IOC_MTCA:Axis18-EncSrcTyp-RB
IOC_MTCA:Axis18-AllwCmdFrmPLCCmd-RB
IOC_MTCA:Axis18-SftLimFwdEna-RB
IOC_MTCA:Axis18-SftLimBwdEna-RB
IOC_MTCA:Axis18-PLC-EnaCmd-RB
IOC_MTCA:Axis18-PLC-FirstScan
IOC_MTCA:Axis19-EnaCmd-RB
IOC_MTCA:Axis19-EnaAct
IOC_MTCA:Axis19-ExeCmd-RB
IOC_MTCA:Axis19-Busy
IOC_MTCA:Axis19-AtTarget
IOC_MTCA:Axis19-Moving
IOC_MTCA:Axis19-LimFwd
IOC_MTCA:Axis19-LimBwd
IOC_MTCA:Axis19-HomeSwitch
IOC_MTCA:Axis19-Homed
IOC_MTCA:Axis19-InRT
IOC_MTCA:Axis19-TrjSrcTyp-RB
IOC_MTCA:Axis19-EncSrcTyp-RB
IOC_MTCA:Axis19-AllwCmdFrmPLCCmd-RB
IOC_MTCA:Axis19-SftLimFwdEna-RB
IOC_MTCA:Axis19-SftLimBwdEna-RB
IOC_MTCA:Axis19-PLC-EnaCmd-RB
IOC_MTCA:Axis19-PLC-FirstScan
IOC_MTCA:Axis20-EnaCmd-RB
IOC_MTCA:Axis20-EnaAct
IOC_MTCA:Axis20-ExeCmd-RB
IOC_MTCA:Axis20-Busy
IOC_MTCA:Axis20-AtTarget
IOC_MTCA:Axis20-Moving
IOC_MTCA:Axis20-LimFwd
IOC_MTCA:Axis20-LimBwd
IOC_MTCA:Axis20-HomeSwitch
IOC_MTCA:Axis20-Homed
IOC_MTCA:Axis20-InRT
IOC_MTCA:Axis20-TrjSrcTyp-RB
IOC_MTCA:Axis20-EncSrcTyp-RB
IOC_MTCA:Axis20-AllwCmdFrmPLCCmd-RB
IOC_MTCA:Axis20-SftLimFwdEna-RB
IOC_MTCA:Axis20-SftLimBwdEna-RB
IOC_MTCA:Axis20-PLC-EnaCmd-RB
IOC_MTCA:Axis20-PLC-FirstScan
IOC_MTCA:Axis21-EnaCmd-RB
IOC_MTCA:Axis21-EnaAct
IOC_MTCA:Axis21-ExeCmd-RB
IOC_MTCA:Axis21-Busy
IOC_MTCA:Axis21-AtTarget
IOC_MTCA:Axis21-Moving
IOC_MTCA:Axis21-LimFwd
IOC_MTCA:Axis21-LimBwd
IOC_MTCA:Axis21-HomeSwitch
IOC_MTCA:Axis21-Homed
IOC_MTCA:Axis21-InRT
IOC_MTCA:Axis21-TrjSrcTyp-RB
IOC_MTCA:Axis21-EncSrcTyp-RB
IOC_MTCA:Axis21-AllwCmdFrmPLCCmd-RB
IOC_MTCA:Axis21-SftLimFwdEna-RB
IOC_MTCA:Axis21-SftLimBwdEna-RB
IOC_MTCA:Axis21-PLC-EnaCmd-RB
IOC_MTCA:Axis21-PLC-FirstScan
IOC_MTCA:Axis22-EnaCmd-RB
IOC_MTCA:Axis22-EnaAct
IOC_MTCA:Axis22-ExeCmd-RB
IOC_MTCA:Axis22-Busy
IOC_MTCA:Axis22-AtTarget
IOC_MTCA:Axis22-Moving
IOC_MTCA:Axis22-LimFwd
IOC_MTCA:Axis22-LimBwd
IOC_MTCA:Axis22-HomeSwitch
IOC_MTCA:Axis22-Homed
IOC_MTCA:Axis22-InRT
IOC_MTCA:Axis22-TrjSrcTyp-RB
IOC_MTCA:Axis22-EncSrcTyp-RB
IOC_MTCA:Axis22-AllwCmdFrmPLCCmd-RB
IOC_MTCA:Axis22-SftLimFwdEna-RB
IOC_MTCA:Axis22-SftLimBwdEna-RB
IOC_MTCA:Axis22-PLC-EnaCmd-RB
IOC_MTCA:Axis22-PLC-FirstScan
IOC_MTCA:Axis23-EnaCmd-RB
IOC_MTCA:Axis23-EnaAct
IOC_MTCA:Axis23-ExeCmd-RB
IOC_MTCA:Axis23-Busy
IOC_MTCA:Axis23-AtTarget
IOC_MTCA:Axis23-Moving
IOC_MTCA:Axis23-LimFwd
IOC_MTCA:Axis23-LimBwd
IOC_MTCA:Axis23-HomeSwitch
IOC_MTCA:Axis23-Homed
IOC_MTCA:Axis23-InRT
IOC_MTCA:Axis23-TrjSrcTyp-RB
IOC_MTCA:Axis23-EncSrcTyp-RB
IOC_MTCA:Axis23-AllwCmdFrmPLCCmd-RB
IOC_MTCA:Axis23-SftLimFwdEna-RB
IOC_MTCA:Axis23-SftLimBwdEna-RB
IOC_MTCA:Axis23-PLC-EnaCmd-RB
IOC_MTCA:Axis23-PLC-FirstScan
IOC_MTCA:Axis24-EnaCmd-RB
IOC_MTCA:Axis24-EnaAct
IOC_MTCA:Axis24-ExeCmd-RB
IOC_MTCA:Axis24-Busy
IOC_MTCA:Axis24-AtTarget
IOC_MTCA:Axis24-Moving
IOC_MTCA:Axis24-LimFwd
IOC_MTCA:Axis24-LimBwd
IOC_MTCA:Axis24-HomeSwitch
IOC_MTCA:Axis24-Homed
IOC_MTCA:Axis24-InRT
IOC_MTCA:Axis24-TrjSrcTyp-RB
IOC_MTCA:Axis24-EncSrcTyp-RB
IOC_MTCA:Axis24-AllwCmdFrmPLCCmd-RB
IOC_MTCA:Axis24-SftLimFwdEna-RB
IOC_MTCA:Axis24-SftLimBwdEna-RB
IOC_MTCA:Axis24-PLC-EnaCmd-RB
IOC_MTCA:Axis24-PLC-FirstScan
IOC_MTCA:Axis25-EnaCmd-RB
IOC_MTCA:Axis25-EnaAct
IOC_MTCA:Axis25-ExeCmd-RB
IOC_MTCA:Axis25-Busy
IOC_MTCA:Axis25-AtTarget
IOC_MTCA:Axis25-Moving
IOC_MTCA:Axis25-LimFwd
IOC_MTCA:Axis25-LimBwd
IOC_MTCA:Axis25-HomeSwitch
IOC_MTCA:Axis25-Homed
IOC_MTCA:Axis25-InRT
IOC_MTCA:Axis25-TrjSrcTyp-RB
IOC_MTCA:Axis25-EncSrcTyp-RB
IOC_MTCA:Axis25-AllwCmdFrmPLCCmd-RB
IOC_MTCA:Axis25-SftLimFwdEna-RB
IOC_MTCA:Axis25-SftLimBwdEna-RB
IOC_MTCA:Axis25-PLC-EnaCmd-RB
IOC_MTCA:Axis25-PLC-FirstScan
IOC_MTCA:Axis26-EnaCmd-RB
IOC_MTCA:Axis26-EnaAct
IOC_MTCA:Axis26-ExeCmd-RB
IOC_MTCA:Axis26-Busy
IOC_MTCA:Axis26-AtTarget
IOC_MTCA:Axis26-Moving
IOC_MTCA:Axis26-LimFwd
IOC_MTCA:Axis26-LimBwd
IOC_MTCA:Axis26-HomeSwitch
IOC_MTCA:Axis26-Homed
IOC_MTCA:Axis26-InRT
IOC_MTCA:Axis26-TrjSrcTyp-RB
IOC_MTCA:Axis26-EncSrcTyp-RB
IOC_MTCA:Axis26-AllwCmdFrmPLCCmd-RB
IOC_MTCA:Axis26-SftLimFwdEna-RB
IOC_MTCA:Axis26-SftLimBwdEna-RB
IOC_MTCA:Axis26-PLC-EnaCmd-RB
IOC_MTCA:Axis26-PLC-FirstScan
IOC_MTCA:Axis27-EnaCmd-RB
IOC_MTCA:Axis27-EnaAct
IOC_MTCA:Axis27-ExeCmd-RB
IOC_MTCA:Axis27-Busy
IOC_MTCA:Axis27-AtTarget
IOC_MTCA:Axis27-Moving
IOC_MTCA:Axis27-LimFwd
IOC_MTCA:Axis27-LimBwd
IOC_MTCA:Axis27-HomeSwitch
IOC_MTCA:Axis27-Homed
IOC_MTCA:Axis27-InRT
IOC_MTCA:Axis27-TrjSrcTyp-RB
IOC_MTCA:Axis27-EncSrcTyp-RB
IOC_MTCA:Axis27-AllwCmdFrmPLCCmd-RB
IOC_MTCA:Axis27-SftLimFwdEna-RB
IOC_MTCA:Axis27-SftLimBwdEna-RB
IOC_MTCA:Axis27-PLC-EnaCmd-RB
IOC_MTCA:Axis27-PLC-FirstScan
IOC_MTCA:Axis28-EnaCmd-RB
IOC_MTCA:Axis28-EnaAct
IOC_MTCA:Axis28-ExeCmd-RB
IOC_MTCA:Axis28-Busy
IOC_MTCA:Axis28-AtTarget
IOC_MTCA:Axis28-Moving
IOC_MTCA:Axis28-LimFwd
IOC_MTCA:Axis28-LimBwd
IOC_MTCA:Axis28-HomeSwitch
IOC_MTCA:Axis28-Homed
IOC_MTCA:Axis28-InRT
IOC_MTCA:Axis28-TrjSrcTyp-RB
IOC_MTCA:Axis28-EncSrcTyp-RB
IOC_MTCA:Axis28-AllwCmdFrmPLCCmd-RB
IOC_MTCA:Axis28-SftLimFwdEna-RB
IOC_MTCA:Axis28-SftLimBwdEna-RB
IOC_MTCA:Axis28-PLC-EnaCmd-RB
IOC_MTCA:Axis28-PLC-FirstScan
IOC_MTCA:Axis29-EnaCmd-RB
IOC_MTCA:Axis29-EnaAct
IOC_MTCA:Axis29-ExeCmd-RB
IOC_MTCA:Axis29-Busy
IOC_MTCA:Axis29-AtTarget
IOC_MTCA:Axis29-Moving
IOC_MTCA:Axis29-LimFwd
IOC_MTCA:Axis29-LimBwd
IOC_MTCA:Axis29-HomeSwitch
IOC_MTCA:Axis29-Homed
IOC_MTCA:Axis29-InRT
IOC_MTCA:Axis29-TrjSrcTyp-RB
IOC_MTCA:Axis29-EncSrcTyp-RB
IOC_MTCA:Axis29-AllwCmdFrmPLCCmd-RB
IOC_MTCA:Axis29-SftLimFwdEna-RB
IOC_MTCA:Axis29-SftLimBwdEna-RB
IOC_MTCA:Axis29-PLC-EnaCmd-RB
IOC_MTCA:Axis29-PLC-FirstScan
IOC_MTCA:Axis30-EnaCmd-RB
IOC_MTCA:Axis30-EnaAct
IOC_MTCA:Axis30-ExeCmd-RB
IOC_MTCA:Axis30-Busy
IOC_MTCA:Axis30-AtTarget
IOC_MTCA:Axis30-Moving
IOC_MTCA:Axis30-LimFwd
IOC_MTCA:Axis30-LimBwd
IOC_MTCA:Axis30-HomeSwitch
IOC_MTCA:Axis30-Homed
IOC_MTCA:Axis30-InRT
IOC_MTCA:Axis30-TrjSrcTyp-RB
IOC_MTCA:Axis30-EncSrcTyp-RB
IOC_MTCA:Axis30-AllwCmdFrmPLCCmd-RB
IOC_MTCA:Axis30-SftLimFwdEna-RB
IOC_MTCA:Axis30-SftLimBwdEna-RB
IOC_MTCA:Axis30-PLC-EnaCmd-RB
IOC_MTCA:Axis30-PLC-FirstScan
IOC_MTCA:m0-LinkUp
IOC_MTCA:m0-AlStates-Init
IOC_MTCA:m0-AlStates-Preop
IOC_MTCA:m0-AlStates-Safeop
IOC_MTCA:m0-AlStates-Op
IOC_MTCA:m0-Dom-RedunActive
IOC_MTCA:m0-Dom-WC-Zero
IOC_MTCA:m0-Dom-WC-Incomplete
IOC_MTCA:m0-Dom-WC-Complete
IOC_MTCA:m0-Stat-OK
IOC_MTCA:m0s002-EntryCntr
IOC_MTCA:Axis1-SeqState
IOC_MTCA:Axis1-LastIlock
IOC_MTCA:Axis2-SeqState
IOC_MTCA:Axis2-LastIlock
IOC_MTCA:Axis3-SeqState
IOC_MTCA:Axis3-LastIlock
IOC_MTCA:Axis4-SeqState
IOC_MTCA:Axis4-LastIlock
IOC_MTCA:Axis5-SeqState
IOC_MTCA:Axis5-LastIlock
IOC_MTCA:Axis6-SeqState
IOC_MTCA:Axis6-LastIlock
IOC_MTCA:Axis7-SeqState
IOC_MTCA:Axis7-LastIlock
IOC_MTCA:Axis8-SeqState
IOC_MTCA:Axis8-LastIlock
IOC_MTCA:Axis9-SeqState
IOC_MTCA:Axis9-LastIlock
IOC_MTCA:Axis10-SeqState
IOC_MTCA:Axis10-LastIlock
IOC_MTCA:Axis11-SeqState
IOC_MTCA:Axis11-LastIlock
IOC_MTCA:Axis12-SeqState
IOC_MTCA:Axis12-LastIlock
IOC_MTCA:Axis13-SeqState
IOC_MTCA:Axis13-LastIlock
IOC_MTCA:Axis14-SeqState
IOC_MTCA:Axis14-LastIlock
IOC_MTCA:Axis15-SeqState
IOC_MTCA:Axis15-LastIlock
IOC_MTCA:Axis16-SeqState
IOC_MTCA:Axis16-LastIlock
IOC_MTCA:Axis17-SeqState
IOC_MTCA:Axis17-LastIlock
IOC_MTCA:Axis18-SeqState
IOC_MTCA:Axis18-LastIlock
IOC_MTCA:Axis19-SeqState
IOC_MTCA:Axis19-LastIlock
IOC_MTCA:Axis20-SeqState
IOC_MTCA:Axis20-LastIlock
IOC_MTCA:Axis21-SeqState
IOC_MTCA:Axis21-LastIlock
IOC_MTCA:Axis22-SeqState
IOC_MTCA:Axis22-LastIlock
IOC_MTCA:Axis23-SeqState
IOC_MTCA:Axis23-LastIlock
IOC_MTCA:Axis24-SeqState
IOC_MTCA:Axis24-LastIlock
IOC_MTCA:Axis25-SeqState
IOC_MTCA:Axis25-LastIlock
IOC_MTCA:Axis26-SeqState
IOC_MTCA:Axis26-LastIlock
IOC_MTCA:Axis27-SeqState
IOC_MTCA:Axis27-LastIlock
IOC_MTCA:Axis28-SeqState
IOC_MTCA:Axis28-LastIlock
IOC_MTCA:Axis29-SeqState
IOC_MTCA:Axis29-LastIlock
IOC_MTCA:Axis30-SeqState
IOC_MTCA:Axis30-LastIlock
IOC_MTCA:m0-SlvRsp
IOC_MTCA:m0-Dom-WC
IOC_MTCA:Axis1-Cmd_
IOC_MTCA:Axis2-Cmd_
IOC_MTCA:Axis3-Cmd_
IOC_MTCA:Axis4-Cmd_
IOC_MTCA:Axis5-Cmd_
IOC_MTCA:Axis6-Cmd_
IOC_MTCA:Axis7-Cmd_
IOC_MTCA:Axis8-Cmd_
IOC_MTCA:Axis9-Cmd_
IOC_MTCA:Axis10-Cmd_
IOC_MTCA:Axis11-Cmd_
IOC_MTCA:Axis12-Cmd_
IOC_MTCA:Axis13-Cmd_
IOC_MTCA:Axis14-Cmd_
IOC_MTCA:Axis15-Cmd_
IOC_MTCA:Axis16-Cmd_
IOC_MTCA:Axis17-Cmd_
IOC_MTCA:Axis18-Cmd_
IOC_MTCA:Axis19-Cmd_
IOC_MTCA:Axis20-Cmd_
IOC_MTCA:Axis21-Cmd_
IOC_MTCA:Axis22-Cmd_
IOC_MTCA:Axis23-Cmd_
IOC_MTCA:Axis24-Cmd_
IOC_MTCA:Axis25-Cmd_
IOC_MTCA:Axis26-Cmd_
IOC_MTCA:Axis27-Cmd_
IOC_MTCA:Axis28-Cmd_
IOC_MTCA:Axis29-Cmd_
IOC_MTCA:Axis30-Cmd_
IOC_MTCA:m0s002-One
IOC_MTCA:m0s002-Zero
IOC_MTCA:Axis1-DIR_
IOC_MTCA:Axis1-ErrRst
IOC_MTCA:Axis1-HomProc
IOC_MTCA:Axis1-MtnCmdData
IOC_MTCA:Axis2-DIR_
IOC_MTCA:Axis2-ErrRst
IOC_MTCA:Axis2-HomProc
IOC_MTCA:Axis2-MtnCmdData
IOC_MTCA:Axis3-DIR_
IOC_MTCA:Axis3-ErrRst
IOC_MTCA:Axis3-HomProc
IOC_MTCA:Axis3-MtnCmdData
IOC_MTCA:Axis4-DIR_
IOC_MTCA:Axis4-ErrRst
IOC_MTCA:Axis4-HomProc
IOC_MTCA:Axis4-MtnCmdData
IOC_MTCA:Axis5-DIR_
IOC_MTCA:Axis5-ErrRst
IOC_MTCA:Axis5-HomProc
IOC_MTCA:Axis5-MtnCmdData
IOC_MTCA:Axis6-DIR_
IOC_MTCA:Axis6-ErrRst
IOC_MTCA:Axis6-HomProc
IOC_MTCA:Axis6-MtnCmdData
IOC_MTCA:Axis7-DIR_
IOC_MTCA:Axis7-ErrRst
IOC_MTCA:Axis7-HomProc
IOC_MTCA:Axis7-MtnCmdData
IOC_MTCA:Axis8-DIR_
IOC_MTCA:Axis8-ErrRst
IOC_MTCA:Axis8-HomProc
IOC_MTCA:Axis8-MtnCmdData
IOC_MTCA:Axis9-DIR_
IOC_MTCA:Axis9-ErrRst
IOC_MTCA:Axis9-HomProc
IOC_MTCA:Axis9-MtnCmdData
IOC_MTCA:Axis10-DIR_
IOC_MTCA:Axis10-ErrRst
IOC_MTCA:Axis10-HomProc
IOC_MTCA:Axis10-MtnCmdData
IOC_MTCA:Axis11-DIR_
IOC_MTCA:Axis11-ErrRst
IOC_MTCA:Axis11-HomProc
IOC_MTCA:Axis11-MtnCmdData
IOC_MTCA:Axis12-DIR_
IOC_MTCA:Axis12-ErrRst
IOC_MTCA:Axis12-HomProc
IOC_MTCA:Axis12-MtnCmdData
IOC_MTCA:Axis13-DIR_
IOC_MTCA:Axis13-ErrRst
IOC_MTCA:Axis13-HomProc
IOC_MTCA:Axis13-MtnCmdData
IOC_MTCA:Axis14-DIR_
IOC_MTCA:Axis14-ErrRst
IOC_MTCA:Axis14-HomProc
IOC_MTCA:Axis14-MtnCmdData
IOC_MTCA:Axis15-DIR_
IOC_MTCA:Axis15-ErrRst
IOC_MTCA:Axis15-HomProc
IOC_MTCA:Axis15-MtnCmdData
IOC_MTCA:Axis16-DIR_
IOC_MTCA:Axis16-ErrRst
IOC_MTCA:Axis16-HomProc
IOC_MTCA:Axis16-MtnCmdData
IOC_MTCA:Axis17-DIR_
IOC_MTCA:Axis17-ErrRst
IOC_MTCA:Axis17-HomProc
IOC_MTCA:Axis17-MtnCmdData
IOC_MTCA:Axis18-DIR_
IOC_MTCA:Axis18-ErrRst
IOC_MTCA:Axis18-HomProc
IOC_MTCA:Axis18-MtnCmdData
IOC_MTCA:Axis19-DIR_
IOC_MTCA:Axis19-ErrRst
IOC_MTCA:Axis19-HomProc
IOC_MTCA:Axis19-MtnCmdData
IOC_MTCA:Axis20-DIR_
IOC_MTCA:Axis20-ErrRst
IOC_MTCA:Axis20-HomProc
IOC_MTCA:Axis20-MtnCmdData
IOC_MTCA:Axis21-DIR_
IOC_MTCA:Axis21-ErrRst
IOC_MTCA:Axis21-HomProc
IOC_MTCA:Axis21-MtnCmdData
IOC_MTCA:Axis22-DIR_
IOC_MTCA:Axis22-ErrRst
IOC_MTCA:Axis22-HomProc
IOC_MTCA:Axis22-MtnCmdData
IOC_MTCA:Axis23-DIR_
IOC_MTCA:Axis23-ErrRst
IOC_MTCA:Axis23-HomProc
IOC_MTCA:Axis23-MtnCmdData
IOC_MTCA:Axis24-DIR_
IOC_MTCA:Axis24-ErrRst
IOC_MTCA:Axis24-HomProc
IOC_MTCA:Axis24-MtnCmdData
IOC_MTCA:Axis25-DIR_
IOC_MTCA:Axis25-ErrRst
IOC_MTCA:Axis25-HomProc
IOC_MTCA:Axis25-MtnCmdData
IOC_MTCA:Axis26-DIR_
IOC_MTCA:Axis26-ErrRst
IOC_MTCA:Axis26-HomProc
IOC_MTCA:Axis26-MtnCmdData
IOC_MTCA:Axis27-DIR_
IOC_MTCA:Axis27-ErrRst
IOC_MTCA:Axis27-HomProc
IOC_MTCA:Axis27-MtnCmdData
IOC_MTCA:Axis28-DIR_
IOC_MTCA:Axis28-ErrRst
IOC_MTCA:Axis28-HomProc
IOC_MTCA:Axis28-MtnCmdData
IOC_MTCA:Axis29-DIR_
IOC_MTCA:Axis29-ErrRst
IOC_MTCA:Axis29-HomProc
IOC_MTCA:Axis29-MtnCmdData
IOC_MTCA:Axis30-DIR_
IOC_MTCA:Axis30-ErrRst
IOC_MTCA:Axis30-HomProc
IOC_MTCA:Axis30-MtnCmdData
IOC_MTCA:m0s002-BI01-TimeRiseTS
IOC_MTCA:m0s002-BI01-TimeFallTS
IOC_MTCA:m0s002-BI02-TimeRiseTS
IOC_MTCA:m0s002-BI02-TimeFallTS
REQMOD:lab-mot-ctrl-cp-5004:exit
REQMOD:lab-mot-ctrl-cp-5004:BaseVersion
REQMOD:lab-mot-ctrl-cp-5004:require_VER
REQMOD:lab-mot-ctrl-cp-5004:ecmccfg_VER
REQMOD:lab-mot-ctrl-cp-5004:mcoreutils_VER
REQMOD:lab-mot-ctrl-cp-5004:asyn_VER
REQMOD:lab-mot-ctrl-cp-5004:exprtk_VER
REQMOD:lab-mot-ctrl-cp-5004:motor_VER
REQMOD:lab-mot-ctrl-cp-5004:ruckig_VER
REQMOD:lab-mot-ctrl-cp-5004:ecmc_VER
IOC_MTCA:m0s002-HWType
IOC_MTCA:Axis1-MsgTxt
IOC_MTCA:Axis2-MsgTxt
IOC_MTCA:Axis3-MsgTxt
IOC_MTCA:Axis4-MsgTxt
IOC_MTCA:Axis5-MsgTxt
IOC_MTCA:Axis6-MsgTxt
IOC_MTCA:Axis7-MsgTxt
IOC_MTCA:Axis8-MsgTxt
IOC_MTCA:Axis9-MsgTxt
IOC_MTCA:Axis10-MsgTxt
IOC_MTCA:Axis11-MsgTxt
IOC_MTCA:Axis12-MsgTxt
IOC_MTCA:Axis13-MsgTxt
IOC_MTCA:Axis14-MsgTxt
IOC_MTCA:Axis15-MsgTxt
IOC_MTCA:Axis16-MsgTxt
IOC_MTCA:Axis17-MsgTxt
IOC_MTCA:Axis18-MsgTxt
IOC_MTCA:Axis19-MsgTxt
IOC_MTCA:Axis20-MsgTxt
IOC_MTCA:Axis21-MsgTxt
IOC_MTCA:Axis22-MsgTxt
IOC_MTCA:Axis23-MsgTxt
IOC_MTCA:Axis24-MsgTxt
IOC_MTCA:Axis25-MsgTxt
IOC_MTCA:Axis26-MsgTxt
IOC_MTCA:Axis27-MsgTxt
IOC_MTCA:Axis28-MsgTxt
IOC_MTCA:Axis29-MsgTxt
IOC_MTCA:Axis30-MsgTxt
IOC_MTCA:m0s002-BI01-TimeRise
IOC_MTCA:m0s002-BI01-TimeFall
IOC_MTCA:m0s002-BI02-TimeRise
IOC_MTCA:m0s002-BI02-TimeFall
IOC_MTCA:Axis1-VelAct
IOC_MTCA:Axis1-Vel-RB
IOC_MTCA:Axis1-Acc-RB
IOC_MTCA:Axis1-EncAct
IOC_MTCA:Axis1-CfgSREV-RB
IOC_MTCA:Axis1-CfgUREV-RB
IOC_MTCA:Axis1-CfgPMIN-RB
IOC_MTCA:Axis1-CfgPMAX-RB
IOC_MTCA:Axis1-CfgSPDB-RB
IOC_MTCA:Axis1-CfgRDBD-RB
IOC_MTCA:Axis1-CfgRDBD-Tim-RB
IOC_MTCA:Axis1-CfgPOSLAG-RB
IOC_MTCA:Axis1-CfgPOSLAG-Tim-RB
IOC_MTCA:Axis1-CfgDHLM-RB
IOC_MTCA:Axis1-CfgDLLM-RB
IOC_MTCA:Axis1-CfgVELO-RB
IOC_MTCA:Axis1-CfgVMAX-RB
IOC_MTCA:Axis1-CfgJVEL-RB
IOC_MTCA:Axis1-CfgACCS-RB
IOC_MTCA:Axis1-HomPos-RB
IOC_MTCA:Axis1-PosAct
IOC_MTCA:Axis1-PosSet
IOC_MTCA:Axis1-PosErr
IOC_MTCA:Axis1-PLC-Err
IOC_MTCA:Axis2-VelAct
IOC_MTCA:Axis2-Vel-RB
IOC_MTCA:Axis2-Acc-RB
IOC_MTCA:Axis2-EncAct
IOC_MTCA:Axis2-CfgSREV-RB
IOC_MTCA:Axis2-CfgUREV-RB
IOC_MTCA:Axis2-CfgPMIN-RB
IOC_MTCA:Axis2-CfgPMAX-RB
IOC_MTCA:Axis2-CfgSPDB-RB
IOC_MTCA:Axis2-CfgRDBD-RB
IOC_MTCA:Axis2-CfgRDBD-Tim-RB
IOC_MTCA:Axis2-CfgPOSLAG-RB
IOC_MTCA:Axis2-CfgPOSLAG-Tim-RB
IOC_MTCA:Axis2-CfgDHLM-RB
IOC_MTCA:Axis2-CfgDLLM-RB
IOC_MTCA:Axis2-CfgVELO-RB
IOC_MTCA:Axis2-CfgVMAX-RB
IOC_MTCA:Axis2-CfgJVEL-RB
IOC_MTCA:Axis2-CfgACCS-RB
IOC_MTCA:Axis2-HomPos-RB
IOC_MTCA:Axis2-PosAct
IOC_MTCA:Axis2-PosSet
IOC_MTCA:Axis2-PosErr
IOC_MTCA:Axis2-PLC-Err
IOC_MTCA:Axis3-VelAct
IOC_MTCA:Axis3-Vel-RB
IOC_MTCA:Axis3-Acc-RB
IOC_MTCA:Axis3-EncAct
IOC_MTCA:Axis3-CfgSREV-RB
IOC_MTCA:Axis3-CfgUREV-RB
IOC_MTCA:Axis3-CfgPMIN-RB
IOC_MTCA:Axis3-CfgPMAX-RB
IOC_MTCA:Axis3-CfgSPDB-RB
IOC_MTCA:Axis3-CfgRDBD-RB
IOC_MTCA:Axis3-CfgRDBD-Tim-RB
IOC_MTCA:Axis3-CfgPOSLAG-RB
IOC_MTCA:Axis3-CfgPOSLAG-Tim-RB
IOC_MTCA:Axis3-CfgDHLM-RB
IOC_MTCA:Axis3-CfgDLLM-RB
IOC_MTCA:Axis3-CfgVELO-RB
IOC_MTCA:Axis3-CfgVMAX-RB
IOC_MTCA:Axis3-CfgJVEL-RB
IOC_MTCA:Axis3-CfgACCS-RB
IOC_MTCA:Axis3-HomPos-RB
IOC_MTCA:Axis3-PosAct
IOC_MTCA:Axis3-PosSet
IOC_MTCA:Axis3-PosErr
IOC_MTCA:Axis3-PLC-Err
IOC_MTCA:Axis4-VelAct
IOC_MTCA:Axis4-Vel-RB
IOC_MTCA:Axis4-Acc-RB
IOC_MTCA:Axis4-EncAct
IOC_MTCA:Axis4-CfgSREV-RB
IOC_MTCA:Axis4-CfgUREV-RB
IOC_MTCA:Axis4-CfgPMIN-RB
IOC_MTCA:Axis4-CfgPMAX-RB
IOC_MTCA:Axis4-CfgSPDB-RB
IOC_MTCA:Axis4-CfgRDBD-RB
IOC_MTCA:Axis4-CfgRDBD-Tim-RB
IOC_MTCA:Axis4-CfgPOSLAG-RB
IOC_MTCA:Axis4-CfgPOSLAG-Tim-RB
IOC_MTCA:Axis4-CfgDHLM-RB
IOC_MTCA:Axis4-CfgDLLM-RB
IOC_MTCA:Axis4-CfgVELO-RB
IOC_MTCA:Axis4-CfgVMAX-RB
IOC_MTCA:Axis4-CfgJVEL-RB
IOC_MTCA:Axis4-CfgACCS-RB
IOC_MTCA:Axis4-HomPos-RB
IOC_MTCA:Axis4-PosAct
IOC_MTCA:Axis4-PosSet
IOC_MTCA:Axis4-PosErr
IOC_MTCA:Axis4-PLC-Err
IOC_MTCA:Axis5-VelAct
IOC_MTCA:Axis5-Vel-RB
IOC_MTCA:Axis5-Acc-RB
IOC_MTCA:Axis5-EncAct
IOC_MTCA:Axis5-CfgSREV-RB
IOC_MTCA:Axis5-CfgUREV-RB
IOC_MTCA:Axis5-CfgPMIN-RB
IOC_MTCA:Axis5-CfgPMAX-RB
IOC_MTCA:Axis5-CfgSPDB-RB
IOC_MTCA:Axis5-CfgRDBD-RB
IOC_MTCA:Axis5-CfgRDBD-Tim-RB
IOC_MTCA:Axis5-CfgPOSLAG-RB
IOC_MTCA:Axis5-CfgPOSLAG-Tim-RB
IOC_MTCA:Axis5-CfgDHLM-RB
IOC_MTCA:Axis5-CfgDLLM-RB
IOC_MTCA:Axis5-CfgVELO-RB
IOC_MTCA:Axis5-CfgVMAX-RB
IOC_MTCA:Axis5-CfgJVEL-RB
IOC_MTCA:Axis5-CfgACCS-RB
IOC_MTCA:Axis5-HomPos-RB
IOC_MTCA:Axis5-PosAct
IOC_MTCA:Axis5-PosSet
IOC_MTCA:Axis5-PosErr
IOC_MTCA:Axis5-PLC-Err
IOC_MTCA:Axis6-VelAct
IOC_MTCA:Axis6-Vel-RB
IOC_MTCA:Axis6-Acc-RB
IOC_MTCA:Axis6-EncAct
IOC_MTCA:Axis6-CfgSREV-RB
IOC_MTCA:Axis6-CfgUREV-RB
IOC_MTCA:Axis6-CfgPMIN-RB
IOC_MTCA:Axis6-CfgPMAX-RB
IOC_MTCA:Axis6-CfgSPDB-RB
IOC_MTCA:Axis6-CfgRDBD-RB
IOC_MTCA:Axis6-CfgRDBD-Tim-RB
IOC_MTCA:Axis6-CfgPOSLAG-RB
IOC_MTCA:Axis6-CfgPOSLAG-Tim-RB
IOC_MTCA:Axis6-CfgDHLM-RB
IOC_MTCA:Axis6-CfgDLLM-RB
IOC_MTCA:Axis6-CfgVELO-RB
IOC_MTCA:Axis6-CfgVMAX-RB
IOC_MTCA:Axis6-CfgJVEL-RB
IOC_MTCA:Axis6-CfgACCS-RB
IOC_MTCA:Axis6-HomPos-RB
IOC_MTCA:Axis6-PosAct
IOC_MTCA:Axis6-PosSet
IOC_MTCA:Axis6-PosErr
IOC_MTCA:Axis6-PLC-Err
IOC_MTCA:Axis7-VelAct
IOC_MTCA:Axis7-Vel-RB
IOC_MTCA:Axis7-Acc-RB
IOC_MTCA:Axis7-EncAct
IOC_MTCA:Axis7-CfgSREV-RB
IOC_MTCA:Axis7-CfgUREV-RB
IOC_MTCA:Axis7-CfgPMIN-RB
IOC_MTCA:Axis7-CfgPMAX-RB
IOC_MTCA:Axis7-CfgSPDB-RB
IOC_MTCA:Axis7-CfgRDBD-RB
IOC_MTCA:Axis7-CfgRDBD-Tim-RB
IOC_MTCA:Axis7-CfgPOSLAG-RB
IOC_MTCA:Axis7-CfgPOSLAG-Tim-RB
IOC_MTCA:Axis7-CfgDHLM-RB
IOC_MTCA:Axis7-CfgDLLM-RB
IOC_MTCA:Axis7-CfgVELO-RB
IOC_MTCA:Axis7-CfgVMAX-RB
IOC_MTCA:Axis7-CfgJVEL-RB
IOC_MTCA:Axis7-CfgACCS-RB
IOC_MTCA:Axis7-HomPos-RB
IOC_MTCA:Axis7-PosAct
IOC_MTCA:Axis7-PosSet
IOC_MTCA:Axis7-PosErr
IOC_MTCA:Axis7-PLC-Err
IOC_MTCA:Axis8-VelAct
IOC_MTCA:Axis8-Vel-RB
IOC_MTCA:Axis8-Acc-RB
IOC_MTCA:Axis8-EncAct
IOC_MTCA:Axis8-CfgSREV-RB
IOC_MTCA:Axis8-CfgUREV-RB
IOC_MTCA:Axis8-CfgPMIN-RB
IOC_MTCA:Axis8-CfgPMAX-RB
IOC_MTCA:Axis8-CfgSPDB-RB
IOC_MTCA:Axis8-CfgRDBD-RB
IOC_MTCA:Axis8-CfgRDBD-Tim-RB
IOC_MTCA:Axis8-CfgPOSLAG-RB
IOC_MTCA:Axis8-CfgPOSLAG-Tim-RB
IOC_MTCA:Axis8-CfgDHLM-RB
IOC_MTCA:Axis8-CfgDLLM-RB
IOC_MTCA:Axis8-CfgVELO-RB
IOC_MTCA:Axis8-CfgVMAX-RB
IOC_MTCA:Axis8-CfgJVEL-RB
IOC_MTCA:Axis8-CfgACCS-RB
IOC_MTCA:Axis8-HomPos-RB
IOC_MTCA:Axis8-PosAct
IOC_MTCA:Axis8-PosSet
IOC_MTCA:Axis8-PosErr
IOC_MTCA:Axis8-PLC-Err
IOC_MTCA:Axis9-VelAct
IOC_MTCA:Axis9-Vel-RB
IOC_MTCA:Axis9-Acc-RB
IOC_MTCA:Axis9-EncAct
IOC_MTCA:Axis9-CfgSREV-RB
IOC_MTCA:Axis9-CfgUREV-RB
IOC_MTCA:Axis9-CfgPMIN-RB
IOC_MTCA:Axis9-CfgPMAX-RB
IOC_MTCA:Axis9-CfgSPDB-RB
IOC_MTCA:Axis9-CfgRDBD-RB
IOC_MTCA:Axis9-CfgRDBD-Tim-RB
IOC_MTCA:Axis9-CfgPOSLAG-RB
IOC_MTCA:Axis9-CfgPOSLAG-Tim-RB
IOC_MTCA:Axis9-CfgDHLM-RB
IOC_MTCA:Axis9-CfgDLLM-RB
IOC_MTCA:Axis9-CfgVELO-RB
IOC_MTCA:Axis9-CfgVMAX-RB
IOC_MTCA:Axis9-CfgJVEL-RB
IOC_MTCA:Axis9-CfgACCS-RB
IOC_MTCA:Axis9-HomPos-RB
IOC_MTCA:Axis9-PosAct
IOC_MTCA:Axis9-PosSet
IOC_MTCA:Axis9-PosErr
IOC_MTCA:Axis9-PLC-Err
IOC_MTCA:Axis10-VelAct
IOC_MTCA:Axis10-Vel-RB
IOC_MTCA:Axis10-Acc-RB
IOC_MTCA:Axis10-EncAct
IOC_MTCA:Axis10-CfgSREV-RB
IOC_MTCA:Axis10-CfgUREV-RB
IOC_MTCA:Axis10-CfgPMIN-RB
IOC_MTCA:Axis10-CfgPMAX-RB
IOC_MTCA:Axis10-CfgSPDB-RB
IOC_MTCA:Axis10-CfgRDBD-RB
IOC_MTCA:Axis10-CfgRDBD-Tim-RB
IOC_MTCA:Axis10-CfgPOSLAG-RB
IOC_MTCA:Axis10-CfgPOSLAG-Tim-RB
IOC_MTCA:Axis10-CfgDHLM-RB
IOC_MTCA:Axis10-CfgDLLM-RB
IOC_MTCA:Axis10-CfgVELO-RB
IOC_MTCA:Axis10-CfgVMAX-RB
IOC_MTCA:Axis10-CfgJVEL-RB
IOC_MTCA:Axis10-CfgACCS-RB
IOC_MTCA:Axis10-HomPos-RB
IOC_MTCA:Axis10-PosAct
IOC_MTCA:Axis10-PosSet
IOC_MTCA:Axis10-PosErr
IOC_MTCA:Axis10-PLC-Err
IOC_MTCA:Axis11-VelAct
IOC_MTCA:Axis11-Vel-RB
IOC_MTCA:Axis11-Acc-RB
IOC_MTCA:Axis11-EncAct
IOC_MTCA:Axis11-CfgSREV-RB
IOC_MTCA:Axis11-CfgUREV-RB
IOC_MTCA:Axis11-CfgPMIN-RB
IOC_MTCA:Axis11-CfgPMAX-RB
IOC_MTCA:Axis11-CfgSPDB-RB
IOC_MTCA:Axis11-CfgRDBD-RB
IOC_MTCA:Axis11-CfgRDBD-Tim-RB
IOC_MTCA:Axis11-CfgPOSLAG-RB
IOC_MTCA:Axis11-CfgPOSLAG-Tim-RB
IOC_MTCA:Axis11-CfgDHLM-RB
IOC_MTCA:Axis11-CfgDLLM-RB
IOC_MTCA:Axis11-CfgVELO-RB
IOC_MTCA:Axis11-CfgVMAX-RB
IOC_MTCA:Axis11-CfgJVEL-RB
IOC_MTCA:Axis11-CfgACCS-RB
IOC_MTCA:Axis11-HomPos-RB
IOC_MTCA:Axis11-PosAct
IOC_MTCA:Axis11-PosSet
IOC_MTCA:Axis11-PosErr
IOC_MTCA:Axis11-PLC-Err
IOC_MTCA:Axis12-VelAct
IOC_MTCA:Axis12-Vel-RB
IOC_MTCA:Axis12-Acc-RB
IOC_MTCA:Axis12-EncAct
IOC_MTCA:Axis12-CfgSREV-RB
IOC_MTCA:Axis12-CfgUREV-RB
IOC_MTCA:Axis12-CfgPMIN-RB
IOC_MTCA:Axis12-CfgPMAX-RB
IOC_MTCA:Axis12-CfgSPDB-RB
IOC_MTCA:Axis12-CfgRDBD-RB
IOC_MTCA:Axis12-CfgRDBD-Tim-RB
IOC_MTCA:Axis12-CfgPOSLAG-RB
IOC_MTCA:Axis12-CfgPOSLAG-Tim-RB
IOC_MTCA:Axis12-CfgDHLM-RB
IOC_MTCA:Axis12-CfgDLLM-RB
IOC_MTCA:Axis12-CfgVELO-RB
IOC_MTCA:Axis12-CfgVMAX-RB
IOC_MTCA:Axis12-CfgJVEL-RB
IOC_MTCA:Axis12-CfgACCS-RB
IOC_MTCA:Axis12-HomPos-RB
IOC_MTCA:Axis12-PosAct
IOC_MTCA:Axis12-PosSet
IOC_MTCA:Axis12-PosErr
IOC_MTCA:Axis12-PLC-Err
IOC_MTCA:Axis13-VelAct
IOC_MTCA:Axis13-Vel-RB
IOC_MTCA:Axis13-Acc-RB
IOC_MTCA:Axis13-EncAct
IOC_MTCA:Axis13-CfgSREV-RB
IOC_MTCA:Axis13-CfgUREV-RB
IOC_MTCA:Axis13-CfgPMIN-RB
IOC_MTCA:Axis13-CfgPMAX-RB
IOC_MTCA:Axis13-CfgSPDB-RB
IOC_MTCA:Axis13-CfgRDBD-RB
IOC_MTCA:Axis13-CfgRDBD-Tim-RB
IOC_MTCA:Axis13-CfgPOSLAG-RB
IOC_MTCA:Axis13-CfgPOSLAG-Tim-RB
IOC_MTCA:Axis13-CfgDHLM-RB
IOC_MTCA:Axis13-CfgDLLM-RB
IOC_MTCA:Axis13-CfgVELO-RB
IOC_MTCA:Axis13-CfgVMAX-RB
IOC_MTCA:Axis13-CfgJVEL-RB
IOC_MTCA:Axis13-CfgACCS-RB
IOC_MTCA:Axis13-HomPos-RB
IOC_MTCA:Axis13-PosAct
IOC_MTCA:Axis13-PosSet
IOC_MTCA:Axis13-PosErr
IOC_MTCA:Axis13-PLC-Err
IOC_MTCA:Axis14-VelAct
IOC_MTCA:Axis14-Vel-RB
IOC_MTCA:Axis14-Acc-RB
IOC_MTCA:Axis14-EncAct
IOC_MTCA:Axis14-CfgSREV-RB
IOC_MTCA:Axis14-CfgUREV-RB
IOC_MTCA:Axis14-CfgPMIN-RB
IOC_MTCA:Axis14-CfgPMAX-RB
IOC_MTCA:Axis14-CfgSPDB-RB
IOC_MTCA:Axis14-CfgRDBD-RB
IOC_MTCA:Axis14-CfgRDBD-Tim-RB
IOC_MTCA:Axis14-CfgPOSLAG-RB
IOC_MTCA:Axis14-CfgPOSLAG-Tim-RB
IOC_MTCA:Axis14-CfgDHLM-RB
IOC_MTCA:Axis14-CfgDLLM-RB
IOC_MTCA:Axis14-CfgVELO-RB
IOC_MTCA:Axis14-CfgVMAX-RB
IOC_MTCA:Axis14-CfgJVEL-RB
IOC_MTCA:Axis14-CfgACCS-RB
IOC_MTCA:Axis14-HomPos-RB
IOC_MTCA:Axis14-PosAct
IOC_MTCA:Axis14-PosSet
IOC_MTCA:Axis14-PosErr
IOC_MTCA:Axis14-PLC-Err
IOC_MTCA:Axis15-VelAct
IOC_MTCA:Axis15-Vel-RB
IOC_MTCA:Axis15-Acc-RB
IOC_MTCA:Axis15-EncAct
IOC_MTCA:Axis15-CfgSREV-RB
IOC_MTCA:Axis15-CfgUREV-RB
IOC_MTCA:Axis15-CfgPMIN-RB
IOC_MTCA:Axis15-CfgPMAX-RB
IOC_MTCA:Axis15-CfgSPDB-RB
IOC_MTCA:Axis15-CfgRDBD-RB
IOC_MTCA:Axis15-CfgRDBD-Tim-RB
IOC_MTCA:Axis15-CfgPOSLAG-RB
IOC_MTCA:Axis15-CfgPOSLAG-Tim-RB
IOC_MTCA:Axis15-CfgDHLM-RB
IOC_MTCA:Axis15-CfgDLLM-RB
IOC_MTCA:Axis15-CfgVELO-RB
IOC_MTCA:Axis15-CfgVMAX-RB
IOC_MTCA:Axis15-CfgJVEL-RB
IOC_MTCA:Axis15-CfgACCS-RB
IOC_MTCA:Axis15-HomPos-RB
IOC_MTCA:Axis15-PosAct
IOC_MTCA:Axis15-PosSet
IOC_MTCA:Axis15-PosErr
IOC_MTCA:Axis15-PLC-Err
IOC_MTCA:Axis16-VelAct
IOC_MTCA:Axis16-Vel-RB
IOC_MTCA:Axis16-Acc-RB
IOC_MTCA:Axis16-EncAct
IOC_MTCA:Axis16-CfgSREV-RB
IOC_MTCA:Axis16-CfgUREV-RB
IOC_MTCA:Axis16-CfgPMIN-RB
IOC_MTCA:Axis16-CfgPMAX-RB
IOC_MTCA:Axis16-CfgSPDB-RB
IOC_MTCA:Axis16-CfgRDBD-RB
IOC_MTCA:Axis16-CfgRDBD-Tim-RB
IOC_MTCA:Axis16-CfgPOSLAG-RB
IOC_MTCA:Axis16-CfgPOSLAG-Tim-RB
IOC_MTCA:Axis16-CfgDHLM-RB
IOC_MTCA:Axis16-CfgDLLM-RB
IOC_MTCA:Axis16-CfgVELO-RB
IOC_MTCA:Axis16-CfgVMAX-RB
IOC_MTCA:Axis16-CfgJVEL-RB
IOC_MTCA:Axis16-CfgACCS-RB
IOC_MTCA:Axis16-HomPos-RB
IOC_MTCA:Axis16-PosAct
IOC_MTCA:Axis16-PosSet
IOC_MTCA:Axis16-PosErr
IOC_MTCA:Axis16-PLC-Err
IOC_MTCA:Axis17-VelAct
IOC_MTCA:Axis17-Vel-RB
IOC_MTCA:Axis17-Acc-RB
IOC_MTCA:Axis17-EncAct
IOC_MTCA:Axis17-CfgSREV-RB
IOC_MTCA:Axis17-CfgUREV-RB
IOC_MTCA:Axis17-CfgPMIN-RB
IOC_MTCA:Axis17-CfgPMAX-RB
IOC_MTCA:Axis17-CfgSPDB-RB
IOC_MTCA:Axis17-CfgRDBD-RB
IOC_MTCA:Axis17-CfgRDBD-Tim-RB
IOC_MTCA:Axis17-CfgPOSLAG-RB
IOC_MTCA:Axis17-CfgPOSLAG-Tim-RB
IOC_MTCA:Axis17-CfgDHLM-RB
IOC_MTCA:Axis17-CfgDLLM-RB
IOC_MTCA:Axis17-CfgVELO-RB
IOC_MTCA:Axis17-CfgVMAX-RB
IOC_MTCA:Axis17-CfgJVEL-RB
IOC_MTCA:Axis17-CfgACCS-RB
IOC_MTCA:Axis17-HomPos-RB
IOC_MTCA:Axis17-PosAct
IOC_MTCA:Axis17-PosSet
IOC_MTCA:Axis17-PosErr
IOC_MTCA:Axis17-PLC-Err
IOC_MTCA:Axis18-VelAct
IOC_MTCA:Axis18-Vel-RB
IOC_MTCA:Axis18-Acc-RB
IOC_MTCA:Axis18-EncAct
IOC_MTCA:Axis18-CfgSREV-RB
IOC_MTCA:Axis18-CfgUREV-RB
IOC_MTCA:Axis18-CfgPMIN-RB
IOC_MTCA:Axis18-CfgPMAX-RB
IOC_MTCA:Axis18-CfgSPDB-RB
IOC_MTCA:Axis18-CfgRDBD-RB
IOC_MTCA:Axis18-CfgRDBD-Tim-RB
IOC_MTCA:Axis18-CfgPOSLAG-RB
IOC_MTCA:Axis18-CfgPOSLAG-Tim-RB
IOC_MTCA:Axis18-CfgDHLM-RB
IOC_MTCA:Axis18-CfgDLLM-RB
IOC_MTCA:Axis18-CfgVELO-RB
IOC_MTCA:Axis18-CfgVMAX-RB
IOC_MTCA:Axis18-CfgJVEL-RB
IOC_MTCA:Axis18-CfgACCS-RB
IOC_MTCA:Axis18-HomPos-RB
IOC_MTCA:Axis18-PosAct
IOC_MTCA:Axis18-PosSet
IOC_MTCA:Axis18-PosErr
IOC_MTCA:Axis18-PLC-Err
IOC_MTCA:Axis19-VelAct
IOC_MTCA:Axis19-Vel-RB
IOC_MTCA:Axis19-Acc-RB
IOC_MTCA:Axis19-EncAct
IOC_MTCA:Axis19-CfgSREV-RB
IOC_MTCA:Axis19-CfgUREV-RB
IOC_MTCA:Axis19-CfgPMIN-RB
IOC_MTCA:Axis19-CfgPMAX-RB
IOC_MTCA:Axis19-CfgSPDB-RB
IOC_MTCA:Axis19-CfgRDBD-RB
IOC_MTCA:Axis19-CfgRDBD-Tim-RB
IOC_MTCA:Axis19-CfgPOSLAG-RB
IOC_MTCA:Axis19-CfgPOSLAG-Tim-RB
IOC_MTCA:Axis19-CfgDHLM-RB
IOC_MTCA:Axis19-CfgDLLM-RB
IOC_MTCA:Axis19-CfgVELO-RB
IOC_MTCA:Axis19-CfgVMAX-RB
IOC_MTCA:Axis19-CfgJVEL-RB
IOC_MTCA:Axis19-CfgACCS-RB
IOC_MTCA:Axis19-HomPos-RB
IOC_MTCA:Axis19-PosAct
IOC_MTCA:Axis19-PosSet
IOC_MTCA:Axis19-PosErr
IOC_MTCA:Axis19-PLC-Err
IOC_MTCA:Axis20-VelAct
IOC_MTCA:Axis20-Vel-RB
IOC_MTCA:Axis20-Acc-RB
IOC_MTCA:Axis20-EncAct
IOC_MTCA:Axis20-CfgSREV-RB
IOC_MTCA:Axis20-CfgUREV-RB
IOC_MTCA:Axis20-CfgPMIN-RB
IOC_MTCA:Axis20-CfgPMAX-RB
IOC_MTCA:Axis20-CfgSPDB-RB
IOC_MTCA:Axis20-CfgRDBD-RB
IOC_MTCA:Axis20-CfgRDBD-Tim-RB
IOC_MTCA:Axis20-CfgPOSLAG-RB
IOC_MTCA:Axis20-CfgPOSLAG-Tim-RB
IOC_MTCA:Axis20-CfgDHLM-RB
IOC_MTCA:Axis20-CfgDLLM-RB
IOC_MTCA:Axis20-CfgVELO-RB
IOC_MTCA:Axis20-CfgVMAX-RB
IOC_MTCA:Axis20-CfgJVEL-RB
IOC_MTCA:Axis20-CfgACCS-RB
IOC_MTCA:Axis20-HomPos-RB
IOC_MTCA:Axis20-PosAct
IOC_MTCA:Axis20-PosSet
IOC_MTCA:Axis20-PosErr
IOC_MTCA:Axis20-PLC-Err
IOC_MTCA:Axis21-VelAct
IOC_MTCA:Axis21-Vel-RB
IOC_MTCA:Axis21-Acc-RB
IOC_MTCA:Axis21-EncAct
IOC_MTCA:Axis21-CfgSREV-RB
IOC_MTCA:Axis21-CfgUREV-RB
IOC_MTCA:Axis21-CfgPMIN-RB
IOC_MTCA:Axis21-CfgPMAX-RB
IOC_MTCA:Axis21-CfgSPDB-RB
IOC_MTCA:Axis21-CfgRDBD-RB
IOC_MTCA:Axis21-CfgRDBD-Tim-RB
IOC_MTCA:Axis21-CfgPOSLAG-RB
IOC_MTCA:Axis21-CfgPOSLAG-Tim-RB
IOC_MTCA:Axis21-CfgDHLM-RB
IOC_MTCA:Axis21-CfgDLLM-RB
IOC_MTCA:Axis21-CfgVELO-RB
IOC_MTCA:Axis21-CfgVMAX-RB
IOC_MTCA:Axis21-CfgJVEL-RB
IOC_MTCA:Axis21-CfgACCS-RB
IOC_MTCA:Axis21-HomPos-RB
IOC_MTCA:Axis21-PosAct
IOC_MTCA:Axis21-PosSet
IOC_MTCA:Axis21-PosErr
IOC_MTCA:Axis21-PLC-Err
IOC_MTCA:Axis22-VelAct
IOC_MTCA:Axis22-Vel-RB
IOC_MTCA:Axis22-Acc-RB
IOC_MTCA:Axis22-EncAct
IOC_MTCA:Axis22-CfgSREV-RB
IOC_MTCA:Axis22-CfgUREV-RB
IOC_MTCA:Axis22-CfgPMIN-RB
IOC_MTCA:Axis22-CfgPMAX-RB
IOC_MTCA:Axis22-CfgSPDB-RB
IOC_MTCA:Axis22-CfgRDBD-RB
IOC_MTCA:Axis22-CfgRDBD-Tim-RB
IOC_MTCA:Axis22-CfgPOSLAG-RB
IOC_MTCA:Axis22-CfgPOSLAG-Tim-RB
IOC_MTCA:Axis22-CfgDHLM-RB
IOC_MTCA:Axis22-CfgDLLM-RB
IOC_MTCA:Axis22-CfgVELO-RB
IOC_MTCA:Axis22-CfgVMAX-RB
IOC_MTCA:Axis22-CfgJVEL-RB
IOC_MTCA:Axis22-CfgACCS-RB
IOC_MTCA:Axis22-HomPos-RB
IOC_MTCA:Axis22-PosAct
IOC_MTCA:Axis22-PosSet
IOC_MTCA:Axis22-PosErr
IOC_MTCA:Axis22-PLC-Err
IOC_MTCA:Axis23-VelAct
IOC_MTCA:Axis23-Vel-RB
IOC_MTCA:Axis23-Acc-RB
IOC_MTCA:Axis23-EncAct
IOC_MTCA:Axis23-CfgSREV-RB
IOC_MTCA:Axis23-CfgUREV-RB
IOC_MTCA:Axis23-CfgPMIN-RB
IOC_MTCA:Axis23-CfgPMAX-RB
IOC_MTCA:Axis23-CfgSPDB-RB
IOC_MTCA:Axis23-CfgRDBD-RB
IOC_MTCA:Axis23-CfgRDBD-Tim-RB
IOC_MTCA:Axis23-CfgPOSLAG-RB
IOC_MTCA:Axis23-CfgPOSLAG-Tim-RB
IOC_MTCA:Axis23-CfgDHLM-RB
IOC_MTCA:Axis23-CfgDLLM-RB
IOC_MTCA:Axis23-CfgVELO-RB
IOC_MTCA:Axis23-CfgVMAX-RB
IOC_MTCA:Axis23-CfgJVEL-RB
IOC_MTCA:Axis23-CfgACCS-RB
IOC_MTCA:Axis23-HomPos-RB
IOC_MTCA:Axis23-PosAct
IOC_MTCA:Axis23-PosSet
IOC_MTCA:Axis23-PosErr
IOC_MTCA:Axis23-PLC-Err
IOC_MTCA:Axis24-VelAct
IOC_MTCA:Axis24-Vel-RB
IOC_MTCA:Axis24-Acc-RB
IOC_MTCA:Axis24-EncAct
IOC_MTCA:Axis24-CfgSREV-RB
IOC_MTCA:Axis24-CfgUREV-RB
IOC_MTCA:Axis24-CfgPMIN-RB
IOC_MTCA:Axis24-CfgPMAX-RB
IOC_MTCA:Axis24-CfgSPDB-RB
IOC_MTCA:Axis24-CfgRDBD-RB
IOC_MTCA:Axis24-CfgRDBD-Tim-RB
IOC_MTCA:Axis24-CfgPOSLAG-RB
IOC_MTCA:Axis24-CfgPOSLAG-Tim-RB
IOC_MTCA:Axis24-CfgDHLM-RB
IOC_MTCA:Axis24-CfgDLLM-RB
IOC_MTCA:Axis24-CfgVELO-RB
IOC_MTCA:Axis24-CfgVMAX-RB
IOC_MTCA:Axis24-CfgJVEL-RB
IOC_MTCA:Axis24-CfgACCS-RB
IOC_MTCA:Axis24-HomPos-RB
IOC_MTCA:Axis24-PosAct
IOC_MTCA:Axis24-PosSet
IOC_MTCA:Axis24-PosErr
IOC_MTCA:Axis24-PLC-Err
IOC_MTCA:Axis25-VelAct
IOC_MTCA:Axis25-Vel-RB
IOC_MTCA:Axis25-Acc-RB
IOC_MTCA:Axis25-EncAct
IOC_MTCA:Axis25-CfgSREV-RB
IOC_MTCA:Axis25-CfgUREV-RB
IOC_MTCA:Axis25-CfgPMIN-RB
IOC_MTCA:Axis25-CfgPMAX-RB
IOC_MTCA:Axis25-CfgSPDB-RB
IOC_MTCA:Axis25-CfgRDBD-RB
IOC_MTCA:Axis25-CfgRDBD-Tim-RB
IOC_MTCA:Axis25-CfgPOSLAG-RB
IOC_MTCA:Axis25-CfgPOSLAG-Tim-RB
IOC_MTCA:Axis25-CfgDHLM-RB
IOC_MTCA:Axis25-CfgDLLM-RB
IOC_MTCA:Axis25-CfgVELO-RB
IOC_MTCA:Axis25-CfgVMAX-RB
IOC_MTCA:Axis25-CfgJVEL-RB
IOC_MTCA:Axis25-CfgACCS-RB
IOC_MTCA:Axis25-HomPos-RB
IOC_MTCA:Axis25-PosAct
IOC_MTCA:Axis25-PosSet
IOC_MTCA:Axis25-PosErr
IOC_MTCA:Axis25-PLC-Err
IOC_MTCA:Axis26-VelAct
IOC_MTCA:Axis26-Vel-RB
IOC_MTCA:Axis26-Acc-RB
IOC_MTCA:Axis26-EncAct
IOC_MTCA:Axis26-CfgSREV-RB
IOC_MTCA:Axis26-CfgUREV-RB
IOC_MTCA:Axis26-CfgPMIN-RB
IOC_MTCA:Axis26-CfgPMAX-RB
IOC_MTCA:Axis26-CfgSPDB-RB
IOC_MTCA:Axis26-CfgRDBD-RB
IOC_MTCA:Axis26-CfgRDBD-Tim-RB
IOC_MTCA:Axis26-CfgPOSLAG-RB
IOC_MTCA:Axis26-CfgPOSLAG-Tim-RB
IOC_MTCA:Axis26-CfgDHLM-RB
IOC_MTCA:Axis26-CfgDLLM-RB
IOC_MTCA:Axis26-CfgVELO-RB
IOC_MTCA:Axis26-CfgVMAX-RB
IOC_MTCA:Axis26-CfgJVEL-RB
IOC_MTCA:Axis26-CfgACCS-RB
IOC_MTCA:Axis26-HomPos-RB
IOC_MTCA:Axis26-PosAct
IOC_MTCA:Axis26-PosSet
IOC_MTCA:Axis26-PosErr
IOC_MTCA:Axis26-PLC-Err
IOC_MTCA:Axis27-VelAct
IOC_MTCA:Axis27-Vel-RB
IOC_MTCA:Axis27-Acc-RB
IOC_MTCA:Axis27-EncAct
IOC_MTCA:Axis27-CfgSREV-RB
IOC_MTCA:Axis27-CfgUREV-RB
IOC_MTCA:Axis27-CfgPMIN-RB
IOC_MTCA:Axis27-CfgPMAX-RB
IOC_MTCA:Axis27-CfgSPDB-RB
IOC_MTCA:Axis27-CfgRDBD-RB
IOC_MTCA:Axis27-CfgRDBD-Tim-RB
IOC_MTCA:Axis27-CfgPOSLAG-RB
IOC_MTCA:Axis27-CfgPOSLAG-Tim-RB
IOC_MTCA:Axis27-CfgDHLM-RB
IOC_MTCA:Axis27-CfgDLLM-RB
IOC_MTCA:Axis27-CfgVELO-RB
IOC_MTCA:Axis27-CfgVMAX-RB
IOC_MTCA:Axis27-CfgJVEL-RB
IOC_MTCA:Axis27-CfgACCS-RB
IOC_MTCA:Axis27-HomPos-RB
IOC_MTCA:Axis27-PosAct
IOC_MTCA:Axis27-PosSet
IOC_MTCA:Axis27-PosErr
IOC_MTCA:Axis27-PLC-Err
IOC_MTCA:Axis28-VelAct
IOC_MTCA:Axis28-Vel-RB
IOC_MTCA:Axis28-Acc-RB
IOC_MTCA:Axis28-EncAct
IOC_MTCA:Axis28-CfgSREV-RB
IOC_MTCA:Axis28-CfgUREV-RB
IOC_MTCA:Axis28-CfgPMIN-RB
IOC_MTCA:Axis28-CfgPMAX-RB
IOC_MTCA:Axis28-CfgSPDB-RB
IOC_MTCA:Axis28-CfgRDBD-RB
IOC_MTCA:Axis28-CfgRDBD-Tim-RB
IOC_MTCA:Axis28-CfgPOSLAG-RB
IOC_MTCA:Axis28-CfgPOSLAG-Tim-RB
IOC_MTCA:Axis28-CfgDHLM-RB
IOC_MTCA:Axis28-CfgDLLM-RB
IOC_MTCA:Axis28-CfgVELO-RB
IOC_MTCA:Axis28-CfgVMAX-RB
IOC_MTCA:Axis28-CfgJVEL-RB
IOC_MTCA:Axis28-CfgACCS-RB
IOC_MTCA:Axis28-HomPos-RB
IOC_MTCA:Axis28-PosAct
IOC_MTCA:Axis28-PosSet
IOC_MTCA:Axis28-PosErr
IOC_MTCA:Axis28-PLC-Err
IOC_MTCA:Axis29-VelAct
IOC_MTCA:Axis29-Vel-RB
IOC_MTCA:Axis29-Acc-RB
IOC_MTCA:Axis29-EncAct
IOC_MTCA:Axis29-CfgSREV-RB
IOC_MTCA:Axis29-CfgUREV-RB
IOC_MTCA:Axis29-CfgPMIN-RB
IOC_MTCA:Axis29-CfgPMAX-RB
IOC_MTCA:Axis29-CfgSPDB-RB
IOC_MTCA:Axis29-CfgRDBD-RB
IOC_MTCA:Axis29-CfgRDBD-Tim-RB
IOC_MTCA:Axis29-CfgPOSLAG-RB
IOC_MTCA:Axis29-CfgPOSLAG-Tim-RB
IOC_MTCA:Axis29-CfgDHLM-RB
IOC_MTCA:Axis29-CfgDLLM-RB
IOC_MTCA:Axis29-CfgVELO-RB
IOC_MTCA:Axis29-CfgVMAX-RB
IOC_MTCA:Axis29-CfgJVEL-RB
IOC_MTCA:Axis29-CfgACCS-RB
IOC_MTCA:Axis29-HomPos-RB
IOC_MTCA:Axis29-PosAct
IOC_MTCA:Axis29-PosSet
IOC_MTCA:Axis29-PosErr
IOC_MTCA:Axis29-PLC-Err
IOC_MTCA:Axis30-VelAct
IOC_MTCA:Axis30-Vel-RB
IOC_MTCA:Axis30-Acc-RB
IOC_MTCA:Axis30-EncAct
IOC_MTCA:Axis30-CfgSREV-RB
IOC_MTCA:Axis30-CfgUREV-RB
IOC_MTCA:Axis30-CfgPMIN-RB
IOC_MTCA:Axis30-CfgPMAX-RB
IOC_MTCA:Axis30-CfgSPDB-RB
IOC_MTCA:Axis30-CfgRDBD-RB
IOC_MTCA:Axis30-CfgRDBD-Tim-RB
IOC_MTCA:Axis30-CfgPOSLAG-RB
IOC_MTCA:Axis30-CfgPOSLAG-Tim-RB
IOC_MTCA:Axis30-CfgDHLM-RB
IOC_MTCA:Axis30-CfgDLLM-RB
IOC_MTCA:Axis30-CfgVELO-RB
IOC_MTCA:Axis30-CfgVMAX-RB
IOC_MTCA:Axis30-CfgJVEL-RB
IOC_MTCA:Axis30-CfgACCS-RB
IOC_MTCA:Axis30-HomPos-RB
IOC_MTCA:Axis30-PosAct
IOC_MTCA:Axis30-PosSet
IOC_MTCA:Axis30-PosErr
IOC_MTCA:Axis30-PLC-Err
IOC_MTCA:MCU-AppMode
IOC_MTCA:MCU-ErrId
IOC_MTCA:MCU-ThdLatMin
IOC_MTCA:MCU-ThdLatMax
IOC_MTCA:MCU-ThdPrdMin
IOC_MTCA:MCU-ThdPrdMax
IOC_MTCA:MCU-ThdExeMin
IOC_MTCA:MCU-ThdExeMax
IOC_MTCA:MCU-ThdSndMin
IOC_MTCA:MCU-ThdSndMax
IOC_MTCA:Axis1-MCU1-asyn
IOC_MTCA:Axis2-MCU1-asyn
IOC_MTCA:Axis3-MCU1-asyn
IOC_MTCA:Axis4-MCU1-asyn
IOC_MTCA:Axis5-MCU1-asyn
IOC_MTCA:Axis6-MCU1-asyn
IOC_MTCA:Axis7-MCU1-asyn
IOC_MTCA:Axis8-MCU1-asyn
IOC_MTCA:Axis9-MCU1-asyn
IOC_MTCA:Axis10-MCU1-asyn
IOC_MTCA:Axis11-MCU1-asyn
IOC_MTCA:Axis12-MCU1-asyn
IOC_MTCA:Axis13-MCU1-asyn
IOC_MTCA:Axis14-MCU1-asyn
IOC_MTCA:Axis15-MCU1-asyn
IOC_MTCA:Axis16-MCU1-asyn
IOC_MTCA:Axis17-MCU1-asyn
IOC_MTCA:Axis18-MCU1-asyn
IOC_MTCA:Axis19-MCU1-asyn
IOC_MTCA:Axis20-MCU1-asyn
IOC_MTCA:Axis21-MCU1-asyn
IOC_MTCA:Axis22-MCU1-asyn
IOC_MTCA:Axis23-MCU1-asyn
IOC_MTCA:Axis24-MCU1-asyn
IOC_MTCA:Axis25-MCU1-asyn
IOC_MTCA:Axis26-MCU1-asyn
IOC_MTCA:Axis27-MCU1-asyn
IOC_MTCA:Axis28-MCU1-asyn
IOC_MTCA:Axis29-MCU1-asyn
IOC_MTCA:Axis30-MCU1-asyn
IOC_MTCA:MCU-Cmd
IOC_MTCA:Axis1
IOC_MTCA:Axis2
IOC_MTCA:Axis3
IOC_MTCA:Axis4
IOC_MTCA:Axis5
IOC_MTCA:Axis6
IOC_MTCA:Axis7
IOC_MTCA:Axis8
IOC_MTCA:Axis9
IOC_MTCA:Axis10
IOC_MTCA:Axis11
IOC_MTCA:Axis12
IOC_MTCA:Axis13
IOC_MTCA:Axis14
IOC_MTCA:Axis15
IOC_MTCA:Axis16
IOC_MTCA:Axis17
IOC_MTCA:Axis18
IOC_MTCA:Axis19
IOC_MTCA:Axis20
IOC_MTCA:Axis21
IOC_MTCA:Axis22
IOC_MTCA:Axis23
IOC_MTCA:Axis24
IOC_MTCA:Axis25
IOC_MTCA:Axis26
IOC_MTCA:Axis27
IOC_MTCA:Axis28
IOC_MTCA:Axis29
IOC_MTCA:Axis30
