shmid 2
polltime 1.000000
time now       : 1655128453 s, 000000856 us, 000856913 ns
time shm ref   : 1655128453 s, 000000044 us, 000044655 ns
time shm rx    : 1655128453 s, 000000044 us, 000044547 ns
diff rx vs ref : -00000108 ns
DIFF 2022-06-13 15:54:13.000856913 -108
time now       : 1655128454 s, 000001012 us, 001012540 ns
time shm ref   : 1655128454 s, 000000046 us, 000046040 ns
time shm rx    : 1655128454 s, 000000045 us, 000045968 ns
diff rx vs ref : -00000072 ns
DIFF 2022-06-13 15:54:14.001012540 -72
time now       : 1655128455 s, 000001085 us, 001085187 ns
time shm ref   : 1655128455 s, 000000044 us, 000044382 ns
time shm rx    : 1655128455 s, 000000044 us, 000044380 ns
diff rx vs ref : -00000002 ns
DIFF 2022-06-13 15:54:15.001085187 -2
time now       : 1655128456 s, 000001156 us, 001156159 ns
time shm ref   : 1655128456 s, 000000048 us, 000048266 ns
time shm rx    : 1655128456 s, 000000048 us, 000048239 ns
diff rx vs ref : -00000027 ns
DIFF 2022-06-13 15:54:16.001156159 -27
time now       : 1655128457 s, 000001226 us, 001226724 ns
time shm ref   : 1655128457 s, 000000044 us, 000044780 ns
time shm rx    : 1655128457 s, 000000044 us, 000044695 ns
diff rx vs ref : -00000085 ns
DIFF 2022-06-13 15:54:17.001226724 -85
time now       : 1655128458 s, 000001282 us, 001282826 ns
time shm ref   : 1655128458 s, 000000045 us, 000045870 ns
time shm rx    : 1655128458 s, 000000045 us, 000045705 ns
diff rx vs ref : -00000165 ns
DIFF 2022-06-13 15:54:18.001282826 -165
time now       : 1655128459 s, 000001355 us, 001355170 ns
time shm ref   : 1655128459 s, 000000046 us, 000046165 ns
time shm rx    : 1655128459 s, 000000046 us, 000046101 ns
diff rx vs ref : -00000064 ns
DIFF 2022-06-13 15:54:19.001355170 -64
time now       : 1655128460 s, 000001427 us, 001427806 ns
time shm ref   : 1655128460 s, 000000045 us, 000045813 ns
time shm rx    : 1655128460 s, 000000045 us, 000045802 ns
diff rx vs ref : -00000011 ns
DIFF 2022-06-13 15:54:20.001427806 -11
time now       : 1655128461 s, 000001506 us, 001506709 ns
time shm ref   : 1655128461 s, 000000045 us, 000045529 ns
time shm rx    : 1655128461 s, 000000045 us, 000045474 ns
diff rx vs ref : -00000055 ns
DIFF 2022-06-13 15:54:21.001506709 -55
