shmid 2
polltime 1.000000
time now       : 1655706358 s, 000229074 us, 229074974 ns
time shm ref   : 1655706358 s, 000000055 us, 000055796 ns
time shm rx    : 1655706358 s, 000000055 us, 000055781 ns
diff rx vs ref : -00000015 ns
DIFF 2022-06-20 08:25:58.229074974 -15
time now       : 1655706359 s, 000229219 us, 229219852 ns
time shm ref   : 1655706359 s, 000000059 us, 000059430 ns
time shm rx    : 1655706359 s, 000000059 us, 000059546 ns
diff rx vs ref : 000000116 ns
DIFF 2022-06-20 08:25:59.229219852 116
time now       : 1655706360 s, 000229294 us, 229294180 ns
time shm ref   : 1655706360 s, 000000056 us, 000056704 ns
time shm rx    : 1655706360 s, 000000056 us, 000056718 ns
diff rx vs ref : 000000014 ns
DIFF 2022-06-20 08:26:00.229294180 14
time now       : 1655706361 s, 000229366 us, 229366706 ns
time shm ref   : 1655706361 s, 000000056 us, 000056727 ns
time shm rx    : 1655706361 s, 000000056 us, 000056723 ns
diff rx vs ref : -00000004 ns
DIFF 2022-06-20 08:26:01.229366706 -4
time now       : 1655706362 s, 000229439 us, 229439364 ns
time shm ref   : 1655706362 s, 000000056 us, 000056523 ns
time shm rx    : 1655706362 s, 000000056 us, 000056515 ns
diff rx vs ref : -00000008 ns
DIFF 2022-06-20 08:26:02.229439364 -8
time now       : 1655706363 s, 000229510 us, 229510460 ns
time shm ref   : 1655706363 s, 000000056 us, 000056704 ns
time shm rx    : 1655706363 s, 000000056 us, 000056701 ns
diff rx vs ref : -00000003 ns
DIFF 2022-06-20 08:26:03.229510460 -3
time now       : 1655706364 s, 000229582 us, 229582227 ns
time shm ref   : 1655706364 s, 000000056 us, 000056330 ns
time shm rx    : 1655706364 s, 000000056 us, 000056351 ns
diff rx vs ref : 000000021 ns
DIFF 2022-06-20 08:26:04.229582227 21
time now       : 1655706365 s, 000229653 us, 229653746 ns
time shm ref   : 1655706365 s, 000000057 us, 000057090 ns
time shm rx    : 1655706365 s, 000000057 us, 000057094 ns
diff rx vs ref : 000000004 ns
DIFF 2022-06-20 08:26:05.229653746 4
time now       : 1655706366 s, 000229725 us, 229725753 ns
time shm ref   : 1655706366 s, 000000053 us, 000053967 ns
time shm rx    : 1655706366 s, 000000053 us, 000053935 ns
diff rx vs ref : -00000032 ns
DIFF 2022-06-20 08:26:06.229725753 -32
time now       : 1655706367 s, 000229797 us, 229797336 ns
time shm ref   : 1655706367 s, 000000056 us, 000056829 ns
time shm rx    : 1655706367 s, 000000056 us, 000056792 ns
diff rx vs ref : -00000037 ns
DIFF 2022-06-20 08:26:07.229797336 -37
time now       : 1655706368 s, 000229822 us, 229822716 ns
time shm ref   : 1655706368 s, 000000054 us, 000054615 ns
time shm rx    : 1655706368 s, 000000054 us, 000054624 ns
diff rx vs ref : 000000009 ns
DIFF 2022-06-20 08:26:08.229822716 9
time now       : 1655706369 s, 000229894 us, 229894102 ns
time shm ref   : 1655706369 s, 000000057 us, 000057159 ns
time shm rx    : 1655706369 s, 000000057 us, 000057175 ns
diff rx vs ref : 000000016 ns
DIFF 2022-06-20 08:26:09.229894102 16
time now       : 1655706370 s, 000229965 us, 229965054 ns
time shm ref   : 1655706370 s, 000000055 us, 000055966 ns
time shm rx    : 1655706370 s, 000000055 us, 000055954 ns
diff rx vs ref : -00000012 ns
DIFF 2022-06-20 08:26:10.229965054 -12
time now       : 1655706371 s, 000230036 us, 230036978 ns
time shm ref   : 1655706371 s, 000000055 us, 000055887 ns
time shm rx    : 1655706371 s, 000000055 us, 000055869 ns
diff rx vs ref : -00000018 ns
DIFF 2022-06-20 08:26:11.230036978 -18
time now       : 1655706372 s, 000230108 us, 230108192 ns
time shm ref   : 1655706372 s, 000000056 us, 000056261 ns
time shm rx    : 1655706372 s, 000000056 us, 000056249 ns
diff rx vs ref : -00000012 ns
DIFF 2022-06-20 08:26:12.230108192 -12
time now       : 1655706373 s, 000230179 us, 230179458 ns
time shm ref   : 1655706373 s, 000000056 us, 000056886 ns
time shm rx    : 1655706373 s, 000000056 us, 000056853 ns
diff rx vs ref : -00000033 ns
DIFF 2022-06-20 08:26:13.230179458 -33
time now       : 1655706374 s, 000230250 us, 230250276 ns
time shm ref   : 1655706374 s, 000000056 us, 000056966 ns
time shm rx    : 1655706374 s, 000000056 us, 000056953 ns
diff rx vs ref : -00000013 ns
DIFF 2022-06-20 08:26:14.230250276 -13
time now       : 1655706375 s, 000230321 us, 230321118 ns
time shm ref   : 1655706375 s, 000000057 us, 000057181 ns
time shm rx    : 1655706375 s, 000000057 us, 000057134 ns
diff rx vs ref : -00000047 ns
DIFF 2022-06-20 08:26:15.230321118 -47
time now       : 1655706376 s, 000230392 us, 230392770 ns
time shm ref   : 1655706376 s, 000000056 us, 000056012 ns
time shm rx    : 1655706376 s, 000000055 us, 000055950 ns
diff rx vs ref : -00000062 ns
DIFF 2022-06-20 08:26:16.230392770 -62
time now       : 1655706377 s, 000230463 us, 230463651 ns
time shm ref   : 1655706377 s, 000000055 us, 000055875 ns
time shm rx    : 1655706377 s, 000000055 us, 000055862 ns
diff rx vs ref : -00000013 ns
DIFF 2022-06-20 08:26:17.230463651 -13
time now       : 1655706378 s, 000230535 us, 230535632 ns
time shm ref   : 1655706378 s, 000000056 us, 000056625 ns
time shm rx    : 1655706378 s, 000000056 us, 000056679 ns
diff rx vs ref : 000000054 ns
DIFF 2022-06-20 08:26:18.230535632 54
time now       : 1655706379 s, 000230608 us, 230608489 ns
time shm ref   : 1655706379 s, 000000056 us, 000056261 ns
time shm rx    : 1655706379 s, 000000056 us, 000056276 ns
diff rx vs ref : 000000015 ns
DIFF 2022-06-20 08:26:19.230608489 15
time now       : 1655706380 s, 000230681 us, 230681366 ns
time shm ref   : 1655706380 s, 000000057 us, 000057431 ns
time shm rx    : 1655706380 s, 000000057 us, 000057505 ns
diff rx vs ref : 000000074 ns
DIFF 2022-06-20 08:26:20.230681366 74
time now       : 1655706381 s, 000230757 us, 230757664 ns
time shm ref   : 1655706381 s, 000000057 us, 000057613 ns
time shm rx    : 1655706381 s, 000000057 us, 000057615 ns
diff rx vs ref : 000000002 ns
DIFF 2022-06-20 08:26:21.230757664 2
time now       : 1655706382 s, 000230822 us, 230822823 ns
time shm ref   : 1655706382 s, 000000057 us, 000057590 ns
time shm rx    : 1655706382 s, 000000057 us, 000057647 ns
diff rx vs ref : 000000057 ns
DIFF 2022-06-20 08:26:22.230822823 57
time now       : 1655706383 s, 000230894 us, 230894364 ns
time shm ref   : 1655706383 s, 000000057 us, 000057295 ns
time shm rx    : 1655706383 s, 000000057 us, 000057290 ns
diff rx vs ref : -00000005 ns
DIFF 2022-06-20 08:26:23.230894364 -5
no valid data timeout (1 sec)
Wait timeout
