shmid 2
polltime 1.000000
time now       : 1655722859 s, 000516105 us, 516105610 ns
time shm ref   : 1655722859 s, 000000052 us, 000052718 ns
time shm rx    : 1655722859 s, 000000052 us, 000052682 ns
diff rx vs ref : -00000036 ns
VALID 2022-06-20 13:00:59.516105610 1
DIFF 2022-06-20 13:00:59.516105610 -36
time now       : 1655722860 s, 000516265 us, 516265354 ns
time shm ref   : 1655722860 s, 000000054 us, 000054422 ns
time shm rx    : 1655722860 s, 000000054 us, 000054361 ns
diff rx vs ref : -00000061 ns
VALID 2022-06-20 13:01:00.516265354 1
DIFF 2022-06-20 13:01:00.516265354 -61
time now       : 1655722861 s, 000516339 us, 516339433 ns
time shm ref   : 1655722861 s, 000000053 us, 000053570 ns
time shm rx    : 1655722861 s, 000000053 us, 000053485 ns
diff rx vs ref : -00000085 ns
VALID 2022-06-20 13:01:01.516339433 1
DIFF 2022-06-20 13:01:01.516339433 -85
time now       : 1655722862 s, 000516413 us, 516413599 ns
time shm ref   : 1655722862 s, 000000058 us, 000058567 ns
time shm rx    : 1655722862 s, 000000058 us, 000058701 ns
diff rx vs ref : 000000134 ns
VALID 2022-06-20 13:01:02.516413599 1
DIFF 2022-06-20 13:01:02.516413599 134
time now       : 1655722863 s, 000516492 us, 516492316 ns
time shm ref   : 1655722863 s, 000000053 us, 000053752 ns
time shm rx    : 1655722863 s, 000000053 us, 000053706 ns
diff rx vs ref : -00000046 ns
VALID 2022-06-20 13:01:03.516492316 1
DIFF 2022-06-20 13:01:03.516492316 -46
time now       : 1655722864 s, 000516568 us, 516568339 ns
time shm ref   : 1655722864 s, 000000052 us, 000052832 ns
time shm rx    : 1655722864 s, 000000052 us, 000052808 ns
diff rx vs ref : -00000024 ns
VALID 2022-06-20 13:01:04.516568339 1
DIFF 2022-06-20 13:01:04.516568339 -24
time now       : 1655722865 s, 000516641 us, 516641431 ns
time shm ref   : 1655722865 s, 000000053 us, 000053411 ns
time shm rx    : 1655722865 s, 000000053 us, 000053391 ns
diff rx vs ref : -00000020 ns
VALID 2022-06-20 13:01:05.516641431 1
DIFF 2022-06-20 13:01:05.516641431 -20
time now       : 1655722866 s, 000516715 us, 516715361 ns
time shm ref   : 1655722866 s, 000000052 us, 000052502 ns
time shm rx    : 1655722866 s, 000000052 us, 000052514 ns
diff rx vs ref : 000000012 ns
VALID 2022-06-20 13:01:06.516715361 1
DIFF 2022-06-20 13:01:06.516715361 12
time now       : 1655722867 s, 000516760 us, 516760556 ns
time shm ref   : 1655722867 s, 000000052 us, 000052729 ns
time shm rx    : 1655722867 s, 000000052 us, 000052746 ns
diff rx vs ref : 000000017 ns
VALID 2022-06-20 13:01:07.516760556 1
DIFF 2022-06-20 13:01:07.516760556 17
time now       : 1655722868 s, 000516833 us, 516833147 ns
time shm ref   : 1655722868 s, 000000052 us, 000052684 ns
time shm rx    : 1655722868 s, 000000052 us, 000052683 ns
diff rx vs ref : -00000001 ns
VALID 2022-06-20 13:01:08.516833147 1
DIFF 2022-06-20 13:01:08.516833147 -1
time now       : 1655722869 s, 000516905 us, 516905885 ns
time shm ref   : 1655722869 s, 000000053 us, 000053138 ns
time shm rx    : 1655722869 s, 000000053 us, 000053162 ns
diff rx vs ref : 000000024 ns
VALID 2022-06-20 13:01:09.516905885 1
DIFF 2022-06-20 13:01:09.516905885 24
time now       : 1655722870 s, 000516979 us, 516979530 ns
time shm ref   : 1655722870 s, 000000052 us, 000052548 ns
time shm rx    : 1655722870 s, 000000052 us, 000052596 ns
diff rx vs ref : 000000048 ns
VALID 2022-06-20 13:01:10.516979530 1
DIFF 2022-06-20 13:01:10.516979530 48
time now       : 1655722871 s, 000517051 us, 517051628 ns
time shm ref   : 1655722871 s, 000000052 us, 000052434 ns
time shm rx    : 1655722871 s, 000000052 us, 000052447 ns
diff rx vs ref : 000000013 ns
VALID 2022-06-20 13:01:11.517051628 1
DIFF 2022-06-20 13:01:11.517051628 13
time now       : 1655722872 s, 000517124 us, 517124576 ns
time shm ref   : 1655722872 s, 000000053 us, 000053252 ns
time shm rx    : 1655722872 s, 000000053 us, 000053239 ns
diff rx vs ref : -00000013 ns
VALID 2022-06-20 13:01:12.517124576 1
DIFF 2022-06-20 13:01:12.517124576 -13
time now       : 1655722873 s, 000517199 us, 517199445 ns
time shm ref   : 1655722873 s, 000000053 us, 000053195 ns
time shm rx    : 1655722873 s, 000000053 us, 000053165 ns
diff rx vs ref : -00000030 ns
VALID 2022-06-20 13:01:13.517199445 1
DIFF 2022-06-20 13:01:13.517199445 -30
time now       : 1655722874 s, 000517280 us, 517280100 ns
time shm ref   : 1655722874 s, 000000057 us, 000057556 ns
time shm rx    : 1655722874 s, 000000057 us, 000057552 ns
diff rx vs ref : -00000004 ns
VALID 2022-06-20 13:01:14.517280100 1
DIFF 2022-06-20 13:01:14.517280100 -4
time now       : 1655722875 s, 000517355 us, 517355756 ns
time shm ref   : 1655722875 s, 000000052 us, 000052991 ns
time shm rx    : 1655722875 s, 000000052 us, 000052961 ns
diff rx vs ref : -00000030 ns
VALID 2022-06-20 13:01:15.517355756 1
DIFF 2022-06-20 13:01:15.517355756 -30
time now       : 1655722876 s, 000517431 us, 517431805 ns
time shm ref   : 1655722876 s, 000000057 us, 000057579 ns
time shm rx    : 1655722876 s, 000000057 us, 000057833 ns
diff rx vs ref : 000000254 ns
VALID 2022-06-20 13:01:16.517431805 1
DIFF 2022-06-20 13:01:16.517431805 254
time now       : 1655722877 s, 000517513 us, 517513306 ns
time shm ref   : 1655722877 s, 000000054 us, 000054615 ns
time shm rx    : 1655722877 s, 000000054 us, 000054604 ns
diff rx vs ref : -00000011 ns
VALID 2022-06-20 13:01:17.517513306 1
DIFF 2022-06-20 13:01:17.517513306 -11
time now       : 1655722878 s, 000517588 us, 517588505 ns
time shm ref   : 1655722878 s, 000000053 us, 000053013 ns
time shm rx    : 1655722878 s, 000000053 us, 000053013 ns
diff rx vs ref : 000000000 ns
VALID 2022-06-20 13:01:18.517588505 1
DIFF 2022-06-20 13:01:18.517588505 0
time now       : 1655722879 s, 000517660 us, 517660234 ns
time shm ref   : 1655722879 s, 000000053 us, 000053445 ns
time shm rx    : 1655722879 s, 000000053 us, 000053457 ns
diff rx vs ref : 000000012 ns
VALID 2022-06-20 13:01:19.517660234 1
DIFF 2022-06-20 13:01:19.517660234 12
time now       : 1655722880 s, 000517732 us, 517732325 ns
time shm ref   : 1655722880 s, 000000052 us, 000052809 ns
time shm rx    : 1655722880 s, 000000052 us, 000052854 ns
diff rx vs ref : 000000045 ns
VALID 2022-06-20 13:01:20.517732325 1
DIFF 2022-06-20 13:01:20.517732325 45
time now       : 1655722881 s, 000517817 us, 517817067 ns
time shm ref   : 1655722881 s, 000000053 us, 000053456 ns
time shm rx    : 1655722881 s, 000000053 us, 000053444 ns
diff rx vs ref : -00000012 ns
VALID 2022-06-20 13:01:21.517817067 1
DIFF 2022-06-20 13:01:21.517817067 -12
time now       : 1655722882 s, 000517888 us, 517888724 ns
time shm ref   : 1655722882 s, 000000052 us, 000052854 ns
time shm rx    : 1655722882 s, 000000052 us, 000052912 ns
diff rx vs ref : 000000058 ns
VALID 2022-06-20 13:01:22.517888724 1
DIFF 2022-06-20 13:01:22.517888724 58
time now       : 1655722883 s, 000517960 us, 517960932 ns
time shm ref   : 1655722883 s, 000000053 us, 000053104 ns
time shm rx    : 1655722883 s, 000000053 us, 000053091 ns
diff rx vs ref : -00000013 ns
VALID 2022-06-20 13:01:23.517960932 1
DIFF 2022-06-20 13:01:23.517960932 -13
time now       : 1655722884 s, 000518032 us, 518032568 ns
time shm ref   : 1655722884 s, 000000052 us, 000052604 ns
time shm rx    : 1655722884 s, 000000052 us, 000052647 ns
diff rx vs ref : 000000043 ns
VALID 2022-06-20 13:01:24.518032568 1
DIFF 2022-06-20 13:01:24.518032568 43
time now       : 1655722885 s, 000518103 us, 518103991 ns
time shm ref   : 1655722885 s, 000000052 us, 000052639 ns
time shm rx    : 1655722885 s, 000000052 us, 000052698 ns
diff rx vs ref : 000000059 ns
VALID 2022-06-20 13:01:25.518103991 1
DIFF 2022-06-20 13:01:25.518103991 59
time now       : 1655722886 s, 000518175 us, 518175292 ns
time shm ref   : 1655722886 s, 000000053 us, 000053184 ns
time shm rx    : 1655722886 s, 000000053 us, 000053218 ns
diff rx vs ref : 000000034 ns
VALID 2022-06-20 13:01:26.518175292 1
DIFF 2022-06-20 13:01:26.518175292 34
time now       : 1655722887 s, 000518246 us, 518246023 ns
time shm ref   : 1655722887 s, 000000052 us, 000052264 ns
time shm rx    : 1655722887 s, 000000052 us, 000052346 ns
diff rx vs ref : 000000082 ns
VALID 2022-06-20 13:01:27.518246023 1
DIFF 2022-06-20 13:01:27.518246023 82
time now       : 1655722888 s, 000518316 us, 518316490 ns
time shm ref   : 1655722888 s, 000000052 us, 000052343 ns
time shm rx    : 1655722888 s, 000000052 us, 000052423 ns
diff rx vs ref : 000000080 ns
VALID 2022-06-20 13:01:28.518316490 1
DIFF 2022-06-20 13:01:28.518316490 80
time now       : 1655722889 s, 000518388 us, 518388158 ns
time shm ref   : 1655722889 s, 000000052 us, 000052445 ns
time shm rx    : 1655722889 s, 000000052 us, 000052473 ns
diff rx vs ref : 000000028 ns
VALID 2022-06-20 13:01:29.518388158 1
DIFF 2022-06-20 13:01:29.518388158 28
time now       : 1655722890 s, 000518459 us, 518459345 ns
time shm ref   : 1655722890 s, 000000052 us, 000052707 ns
time shm rx    : 1655722890 s, 000000052 us, 000052813 ns
diff rx vs ref : 000000106 ns
VALID 2022-06-20 13:01:30.518459345 1
DIFF 2022-06-20 13:01:30.518459345 106
time now       : 1655722891 s, 000518531 us, 518531035 ns
time shm ref   : 1655722891 s, 000000052 us, 000052752 ns
time shm rx    : 1655722891 s, 000000052 us, 000052785 ns
diff rx vs ref : 000000033 ns
VALID 2022-06-20 13:01:31.518531035 1
DIFF 2022-06-20 13:01:31.518531035 33
time now       : 1655722892 s, 000518602 us, 518602215 ns
time shm ref   : 1655722892 s, 000000052 us, 000052661 ns
time shm rx    : 1655722892 s, 000000052 us, 000052726 ns
diff rx vs ref : 000000065 ns
VALID 2022-06-20 13:01:32.518602215 1
DIFF 2022-06-20 13:01:32.518602215 65
time now       : 1655722893 s, 000518673 us, 518673893 ns
time shm ref   : 1655722893 s, 000000052 us, 000052127 ns
time shm rx    : 1655722893 s, 000000052 us, 000052140 ns
diff rx vs ref : 000000013 ns
VALID 2022-06-20 13:01:33.518673893 1
DIFF 2022-06-20 13:01:33.518673893 13
time now       : 1655722894 s, 000518751 us, 518751199 ns
time shm ref   : 1655722894 s, 000000052 us, 000052809 ns
time shm rx    : 1655722894 s, 000000052 us, 000052848 ns
diff rx vs ref : 000000039 ns
VALID 2022-06-20 13:01:34.518751199 1
DIFF 2022-06-20 13:01:34.518751199 39
time now       : 1655722895 s, 000518828 us, 518828112 ns
time shm ref   : 1655722895 s, 000000052 us, 000052741 ns
time shm rx    : 1655722895 s, 000000052 us, 000052823 ns
diff rx vs ref : 000000082 ns
VALID 2022-06-20 13:01:35.518828112 1
DIFF 2022-06-20 13:01:35.518828112 82
time now       : 1655722896 s, 000518898 us, 518898959 ns
time shm ref   : 1655722896 s, 000000052 us, 000052525 ns
time shm rx    : 1655722896 s, 000000052 us, 000052569 ns
diff rx vs ref : 000000044 ns
VALID 2022-06-20 13:01:36.518898959 1
DIFF 2022-06-20 13:01:36.518898959 44
time now       : 1655722897 s, 000518970 us, 518970371 ns
time shm ref   : 1655722897 s, 000000052 us, 000052786 ns
time shm rx    : 1655722897 s, 000000052 us, 000052793 ns
diff rx vs ref : 000000007 ns
VALID 2022-06-20 13:01:37.518970371 1
DIFF 2022-06-20 13:01:37.518970371 7
time now       : 1655722898 s, 000519041 us, 519041429 ns
time shm ref   : 1655722898 s, 000000052 us, 000052150 ns
time shm rx    : 1655722898 s, 000000052 us, 000052141 ns
diff rx vs ref : -00000009 ns
VALID 2022-06-20 13:01:38.519041429 1
DIFF 2022-06-20 13:01:38.519041429 -9
time now       : 1655722899 s, 000519112 us, 519112457 ns
time shm ref   : 1655722899 s, 000000052 us, 000052252 ns
time shm rx    : 1655722899 s, 000000052 us, 000052206 ns
diff rx vs ref : -00000046 ns
VALID 2022-06-20 13:01:39.519112457 1
DIFF 2022-06-20 13:01:39.519112457 -46
time now       : 1655722900 s, 000519183 us, 519183291 ns
time shm ref   : 1655722900 s, 000000052 us, 000052798 ns
time shm rx    : 1655722900 s, 000000052 us, 000052806 ns
diff rx vs ref : 000000008 ns
VALID 2022-06-20 13:01:40.519183291 1
DIFF 2022-06-20 13:01:40.519183291 8
time now       : 1655722901 s, 000519253 us, 519253969 ns
time shm ref   : 1655722901 s, 000000052 us, 000052196 ns
time shm rx    : 1655722901 s, 000000052 us, 000052221 ns
diff rx vs ref : 000000025 ns
VALID 2022-06-20 13:01:41.519253969 1
DIFF 2022-06-20 13:01:41.519253969 25
time now       : 1655722902 s, 000519324 us, 519324975 ns
time shm ref   : 1655722902 s, 000000052 us, 000052684 ns
time shm rx    : 1655722902 s, 000000052 us, 000052677 ns
diff rx vs ref : -00000007 ns
VALID 2022-06-20 13:01:42.519324975 1
DIFF 2022-06-20 13:01:42.519324975 -7
time now       : 1655722903 s, 000519396 us, 519396569 ns
time shm ref   : 1655722903 s, 000000052 us, 000052502 ns
time shm rx    : 1655722903 s, 000000052 us, 000052551 ns
diff rx vs ref : 000000049 ns
VALID 2022-06-20 13:01:43.519396569 1
DIFF 2022-06-20 13:01:43.519396569 49
time now       : 1655722904 s, 000519468 us, 519468292 ns
time shm ref   : 1655722904 s, 000000052 us, 000052423 ns
time shm rx    : 1655722904 s, 000000052 us, 000052397 ns
diff rx vs ref : -00000026 ns
VALID 2022-06-20 13:01:44.519468292 1
DIFF 2022-06-20 13:01:44.519468292 -26
time now       : 1655722905 s, 000519539 us, 519539296 ns
time shm ref   : 1655722905 s, 000000052 us, 000052548 ns
time shm rx    : 1655722905 s, 000000052 us, 000052521 ns
diff rx vs ref : -00000027 ns
VALID 2022-06-20 13:01:45.519539296 1
DIFF 2022-06-20 13:01:45.519539296 -27
time now       : 1655722906 s, 000519611 us, 519611394 ns
time shm ref   : 1655722906 s, 000000052 us, 000052911 ns
time shm rx    : 1655722906 s, 000000052 us, 000052906 ns
diff rx vs ref : -00000005 ns
VALID 2022-06-20 13:01:46.519611394 1
DIFF 2022-06-20 13:01:46.519611394 -5
time now       : 1655722907 s, 000519683 us, 519683499 ns
time shm ref   : 1655722907 s, 000000052 us, 000052559 ns
time shm rx    : 1655722907 s, 000000052 us, 000052582 ns
diff rx vs ref : 000000023 ns
VALID 2022-06-20 13:01:47.519683499 1
DIFF 2022-06-20 13:01:47.519683499 23
time now       : 1655722908 s, 000519758 us, 519758145 ns
time shm ref   : 1655722908 s, 000000052 us, 000052786 ns
time shm rx    : 1655722908 s, 000000052 us, 000052747 ns
diff rx vs ref : -00000039 ns
VALID 2022-06-20 13:01:48.519758145 1
DIFF 2022-06-20 13:01:48.519758145 -39
time now       : 1655722909 s, 000519829 us, 519829669 ns
time shm ref   : 1655722909 s, 000000052 us, 000052832 ns
time shm rx    : 1655722909 s, 000000052 us, 000052813 ns
diff rx vs ref : -00000019 ns
VALID 2022-06-20 13:01:49.519829669 1
DIFF 2022-06-20 13:01:49.519829669 -19
time now       : 1655722910 s, 000519901 us, 519901567 ns
time shm ref   : 1655722910 s, 000000052 us, 000052798 ns
time shm rx    : 1655722910 s, 000000052 us, 000052814 ns
diff rx vs ref : 000000016 ns
VALID 2022-06-20 13:01:50.519901567 1
DIFF 2022-06-20 13:01:50.519901567 16
time now       : 1655722911 s, 000519973 us, 519973164 ns
time shm ref   : 1655722911 s, 000000052 us, 000052843 ns
time shm rx    : 1655722911 s, 000000052 us, 000052885 ns
diff rx vs ref : 000000042 ns
VALID 2022-06-20 13:01:51.519973164 1
DIFF 2022-06-20 13:01:51.519973164 42
time now       : 1655722912 s, 000520044 us, 520044413 ns
time shm ref   : 1655722912 s, 000000053 us, 000053036 ns
time shm rx    : 1655722912 s, 000000053 us, 000053008 ns
diff rx vs ref : -00000028 ns
VALID 2022-06-20 13:01:52.520044413 1
DIFF 2022-06-20 13:01:52.520044413 -28
time now       : 1655722913 s, 000520115 us, 520115384 ns
time shm ref   : 1655722913 s, 000000052 us, 000052718 ns
time shm rx    : 1655722913 s, 000000052 us, 000052723 ns
diff rx vs ref : 000000005 ns
VALID 2022-06-20 13:01:53.520115384 1
DIFF 2022-06-20 13:01:53.520115384 5
time now       : 1655722914 s, 000520186 us, 520186961 ns
time shm ref   : 1655722914 s, 000000052 us, 000052616 ns
time shm rx    : 1655722914 s, 000000052 us, 000052585 ns
diff rx vs ref : -00000031 ns
VALID 2022-06-20 13:01:54.520186961 1
DIFF 2022-06-20 13:01:54.520186961 -31
time now       : 1655722915 s, 000520258 us, 520258393 ns
time shm ref   : 1655722915 s, 000000052 us, 000052423 ns
time shm rx    : 1655722915 s, 000000052 us, 000052418 ns
diff rx vs ref : -00000005 ns
VALID 2022-06-20 13:01:55.520258393 1
DIFF 2022-06-20 13:01:55.520258393 -5
time now       : 1655722916 s, 000520329 us, 520329822 ns
time shm ref   : 1655722916 s, 000000053 us, 000053093 ns
time shm rx    : 1655722916 s, 000000053 us, 000053095 ns
diff rx vs ref : 000000002 ns
VALID 2022-06-20 13:01:56.520329822 1
DIFF 2022-06-20 13:01:56.520329822 2
time now       : 1655722917 s, 000520400 us, 520400419 ns
time shm ref   : 1655722917 s, 000000052 us, 000052491 ns
time shm rx    : 1655722917 s, 000000052 us, 000052486 ns
diff rx vs ref : -00000005 ns
VALID 2022-06-20 13:01:57.520400419 1
DIFF 2022-06-20 13:01:57.520400419 -5
time now       : 1655722918 s, 000520471 us, 520471728 ns
time shm ref   : 1655722918 s, 000000052 us, 000052457 ns
time shm rx    : 1655722918 s, 000000052 us, 000052468 ns
diff rx vs ref : 000000011 ns
VALID 2022-06-20 13:01:58.520471728 1
DIFF 2022-06-20 13:01:58.520471728 11
time now       : 1655722919 s, 000520542 us, 520542438 ns
time shm ref   : 1655722919 s, 000000052 us, 000052071 ns
time shm rx    : 1655722919 s, 000000052 us, 000052047 ns
diff rx vs ref : -00000024 ns
VALID 2022-06-20 13:01:59.520542438 1
DIFF 2022-06-20 13:01:59.520542438 -24
time now       : 1655722920 s, 000520613 us, 520613570 ns
time shm ref   : 1655722920 s, 000000053 us, 000053536 ns
time shm rx    : 1655722920 s, 000000053 us, 000053541 ns
diff rx vs ref : 000000005 ns
VALID 2022-06-20 13:02:00.520613570 1
DIFF 2022-06-20 13:02:00.520613570 5
time now       : 1655722921 s, 000520691 us, 520691633 ns
time shm ref   : 1655722921 s, 000000052 us, 000052991 ns
time shm rx    : 1655722921 s, 000000052 us, 000052971 ns
diff rx vs ref : -00000020 ns
VALID 2022-06-20 13:02:01.520691633 1
DIFF 2022-06-20 13:02:01.520691633 -20
time now       : 1655722922 s, 000520763 us, 520763689 ns
time shm ref   : 1655722922 s, 000000053 us, 000053377 ns
time shm rx    : 1655722922 s, 000000053 us, 000053295 ns
diff rx vs ref : -00000082 ns
VALID 2022-06-20 13:02:02.520763689 1
DIFF 2022-06-20 13:02:02.520763689 -82
time now       : 1655722923 s, 000520835 us, 520835412 ns
time shm ref   : 1655722923 s, 000000052 us, 000052775 ns
time shm rx    : 1655722923 s, 000000052 us, 000052730 ns
diff rx vs ref : -00000045 ns
VALID 2022-06-20 13:02:03.520835412 1
DIFF 2022-06-20 13:02:03.520835412 -45
time now       : 1655722924 s, 000520906 us, 520906710 ns
time shm ref   : 1655722924 s, 000000053 us, 000053252 ns
time shm rx    : 1655722924 s, 000000053 us, 000053227 ns
diff rx vs ref : -00000025 ns
VALID 2022-06-20 13:02:04.520906710 1
DIFF 2022-06-20 13:02:04.520906710 -25
time now       : 1655722925 s, 000520978 us, 520978809 ns
time shm ref   : 1655722925 s, 000000052 us, 000052741 ns
time shm rx    : 1655722925 s, 000000052 us, 000052716 ns
diff rx vs ref : -00000025 ns
VALID 2022-06-20 13:02:05.520978809 1
DIFF 2022-06-20 13:02:05.520978809 -25
time now       : 1655722926 s, 000521050 us, 521050563 ns
time shm ref   : 1655722926 s, 000000052 us, 000052809 ns
time shm rx    : 1655722926 s, 000000052 us, 000052824 ns
diff rx vs ref : 000000015 ns
VALID 2022-06-20 13:02:06.521050563 1
DIFF 2022-06-20 13:02:06.521050563 15
time now       : 1655722927 s, 000521122 us, 521122370 ns
time shm ref   : 1655722927 s, 000000052 us, 000052809 ns
time shm rx    : 1655722927 s, 000000052 us, 000052768 ns
diff rx vs ref : -00000041 ns
VALID 2022-06-20 13:02:07.521122370 1
DIFF 2022-06-20 13:02:07.521122370 -41
time now       : 1655722928 s, 000521194 us, 521194238 ns
time shm ref   : 1655722928 s, 000000052 us, 000052298 ns
time shm rx    : 1655722928 s, 000000052 us, 000052285 ns
diff rx vs ref : -00000013 ns
VALID 2022-06-20 13:02:08.521194238 1
DIFF 2022-06-20 13:02:08.521194238 -13
time now       : 1655722929 s, 000521266 us, 521266982 ns
time shm ref   : 1655722929 s, 000000056 us, 000056398 ns
time shm rx    : 1655722929 s, 000000056 us, 000056392 ns
diff rx vs ref : -00000006 ns
VALID 2022-06-20 13:02:09.521266982 1
DIFF 2022-06-20 13:02:09.521266982 -6
time now       : 1655722930 s, 000521342 us, 521342203 ns
time shm ref   : 1655722930 s, 000000053 us, 000053127 ns
time shm rx    : 1655722930 s, 000000053 us, 000053068 ns
diff rx vs ref : -00000059 ns
VALID 2022-06-20 13:02:10.521342203 1
DIFF 2022-06-20 13:02:10.521342203 -59
time now       : 1655722931 s, 000521415 us, 521415561 ns
time shm ref   : 1655722931 s, 000000052 us, 000052900 ns
time shm rx    : 1655722931 s, 000000052 us, 000052827 ns
diff rx vs ref : -00000073 ns
VALID 2022-06-20 13:02:11.521415561 1
DIFF 2022-06-20 13:02:11.521415561 -73
time now       : 1655722932 s, 000521488 us, 521488159 ns
time shm ref   : 1655722932 s, 000000053 us, 000053252 ns
time shm rx    : 1655722932 s, 000000053 us, 000053208 ns
diff rx vs ref : -00000044 ns
VALID 2022-06-20 13:02:12.521488159 1
DIFF 2022-06-20 13:02:12.521488159 -44
time now       : 1655722933 s, 000521561 us, 521561185 ns
time shm ref   : 1655722933 s, 000000052 us, 000052377 ns
time shm rx    : 1655722933 s, 000000052 us, 000052399 ns
diff rx vs ref : 000000022 ns
VALID 2022-06-20 13:02:13.521561185 1
DIFF 2022-06-20 13:02:13.521561185 22
time now       : 1655722934 s, 000521635 us, 521635698 ns
time shm ref   : 1655722934 s, 000000058 us, 000058010 ns
time shm rx    : 1655722934 s, 000000058 us, 000058105 ns
diff rx vs ref : 000000095 ns
VALID 2022-06-20 13:02:14.521635698 1
DIFF 2022-06-20 13:02:14.521635698 95
time now       : 1655722935 s, 000521709 us, 521709647 ns
time shm ref   : 1655722935 s, 000000053 us, 000053138 ns
time shm rx    : 1655722935 s, 000000053 us, 000053069 ns
diff rx vs ref : -00000069 ns
VALID 2022-06-20 13:02:15.521709647 1
DIFF 2022-06-20 13:02:15.521709647 -69
time now       : 1655722936 s, 000521783 us, 521783418 ns
time shm ref   : 1655722936 s, 000000057 us, 000057420 ns
time shm rx    : 1655722936 s, 000000057 us, 000057494 ns
diff rx vs ref : 000000074 ns
VALID 2022-06-20 13:02:16.521783418 1
DIFF 2022-06-20 13:02:16.521783418 74
time now       : 1655722937 s, 000521863 us, 521863820 ns
time shm ref   : 1655722937 s, 000000053 us, 000053899 ns
time shm rx    : 1655722937 s, 000000053 us, 000053916 ns
diff rx vs ref : 000000017 ns
VALID 2022-06-20 13:02:17.521863820 1
DIFF 2022-06-20 13:02:17.521863820 17
time now       : 1655722938 s, 000521936 us, 521936494 ns
time shm ref   : 1655722938 s, 000000053 us, 000053320 ns
time shm rx    : 1655722938 s, 000000053 us, 000053248 ns
diff rx vs ref : -00000072 ns
VALID 2022-06-20 13:02:18.521936494 1
DIFF 2022-06-20 13:02:18.521936494 -72
time now       : 1655722939 s, 000522008 us, 522008208 ns
time shm ref   : 1655722939 s, 000000053 us, 000053059 ns
time shm rx    : 1655722939 s, 000000053 us, 000053065 ns
diff rx vs ref : 000000006 ns
VALID 2022-06-20 13:02:19.522008208 1
DIFF 2022-06-20 13:02:19.522008208 6
time now       : 1655722940 s, 000522079 us, 522079687 ns
time shm ref   : 1655722940 s, 000000052 us, 000052922 ns
time shm rx    : 1655722940 s, 000000052 us, 000052934 ns
diff rx vs ref : 000000012 ns
VALID 2022-06-20 13:02:20.522079687 1
DIFF 2022-06-20 13:02:20.522079687 12
time now       : 1655722941 s, 000522150 us, 522150925 ns
time shm ref   : 1655722941 s, 000000053 us, 000053081 ns
time shm rx    : 1655722941 s, 000000053 us, 000053035 ns
diff rx vs ref : -00000046 ns
VALID 2022-06-20 13:02:21.522150925 1
DIFF 2022-06-20 13:02:21.522150925 -46
time now       : 1655722942 s, 000522222 us, 522222129 ns
time shm ref   : 1655722942 s, 000000051 us, 000051957 ns
time shm rx    : 1655722942 s, 000000051 us, 000051952 ns
diff rx vs ref : -00000005 ns
VALID 2022-06-20 13:02:22.522222129 1
DIFF 2022-06-20 13:02:22.522222129 -5
time now       : 1655722943 s, 000522293 us, 522293672 ns
time shm ref   : 1655722943 s, 000000052 us, 000052457 ns
time shm rx    : 1655722943 s, 000000052 us, 000052436 ns
diff rx vs ref : -00000021 ns
VALID 2022-06-20 13:02:23.522293672 1
DIFF 2022-06-20 13:02:23.522293672 -21
time now       : 1655722944 s, 000522364 us, 522364716 ns
time shm ref   : 1655722944 s, 000000052 us, 000052741 ns
time shm rx    : 1655722944 s, 000000052 us, 000052734 ns
diff rx vs ref : -00000007 ns
VALID 2022-06-20 13:02:24.522364716 1
DIFF 2022-06-20 13:02:24.522364716 -7
time now       : 1655722945 s, 000522436 us, 522436359 ns
time shm ref   : 1655722945 s, 000000052 us, 000052570 ns
time shm rx    : 1655722945 s, 000000052 us, 000052592 ns
diff rx vs ref : 000000022 ns
VALID 2022-06-20 13:02:25.522436359 1
DIFF 2022-06-20 13:02:25.522436359 22
time now       : 1655722946 s, 000522508 us, 522508013 ns
time shm ref   : 1655722946 s, 000000052 us, 000052241 ns
time shm rx    : 1655722946 s, 000000052 us, 000052245 ns
diff rx vs ref : 000000004 ns
VALID 2022-06-20 13:02:26.522508013 1
DIFF 2022-06-20 13:02:26.522508013 4
time now       : 1655722947 s, 000522579 us, 522579180 ns
time shm ref   : 1655722947 s, 000000052 us, 000052457 ns
time shm rx    : 1655722947 s, 000000052 us, 000052460 ns
diff rx vs ref : 000000003 ns
VALID 2022-06-20 13:02:27.522579180 1
DIFF 2022-06-20 13:02:27.522579180 3
time now       : 1655722948 s, 000522635 us, 522635343 ns
time shm ref   : 1655722948 s, 000000052 us, 000052729 ns
time shm rx    : 1655722948 s, 000000052 us, 000052718 ns
diff rx vs ref : -00000011 ns
VALID 2022-06-20 13:02:28.522635343 1
DIFF 2022-06-20 13:02:28.522635343 -11
time now       : 1655722949 s, 000522706 us, 522706183 ns
time shm ref   : 1655722949 s, 000000052 us, 000052684 ns
time shm rx    : 1655722949 s, 000000052 us, 000052610 ns
diff rx vs ref : -00000074 ns
VALID 2022-06-20 13:02:29.522706183 1
DIFF 2022-06-20 13:02:29.522706183 -74
time now       : 1655722950 s, 000522777 us, 522777700 ns
time shm ref   : 1655722950 s, 000000052 us, 000052230 ns
time shm rx    : 1655722950 s, 000000052 us, 000052151 ns
diff rx vs ref : -00000079 ns
VALID 2022-06-20 13:02:30.522777700 1
DIFF 2022-06-20 13:02:30.522777700 -79
time now       : 1655722951 s, 000522847 us, 522847968 ns
time shm ref   : 1655722951 s, 000000052 us, 000052627 ns
time shm rx    : 1655722951 s, 000000052 us, 000052622 ns
diff rx vs ref : -00000005 ns
VALID 2022-06-20 13:02:31.522847968 1
DIFF 2022-06-20 13:02:31.522847968 -5
time now       : 1655722952 s, 000522919 us, 522919423 ns
time shm ref   : 1655722952 s, 000000052 us, 000052559 ns
time shm rx    : 1655722952 s, 000000052 us, 000052569 ns
diff rx vs ref : 000000010 ns
VALID 2022-06-20 13:02:32.522919423 1
DIFF 2022-06-20 13:02:32.522919423 10
time now       : 1655722953 s, 000522990 us, 522990149 ns
time shm ref   : 1655722953 s, 000000052 us, 000052514 ns
time shm rx    : 1655722953 s, 000000052 us, 000052555 ns
diff rx vs ref : 000000041 ns
VALID 2022-06-20 13:02:33.522990149 1
DIFF 2022-06-20 13:02:33.522990149 41
time now       : 1655722954 s, 000523061 us, 523061583 ns
time shm ref   : 1655722954 s, 000000052 us, 000052854 ns
time shm rx    : 1655722954 s, 000000052 us, 000052876 ns
diff rx vs ref : 000000022 ns
VALID 2022-06-20 13:02:34.523061583 1
DIFF 2022-06-20 13:02:34.523061583 22
time now       : 1655722955 s, 000523132 us, 523132413 ns
time shm ref   : 1655722955 s, 000000053 us, 000053229 ns
time shm rx    : 1655722955 s, 000000053 us, 000053194 ns
diff rx vs ref : -00000035 ns
VALID 2022-06-20 13:02:35.523132413 1
DIFF 2022-06-20 13:02:35.523132413 -35
time now       : 1655722956 s, 000523203 us, 523203610 ns
time shm ref   : 1655722956 s, 000000052 us, 000052218 ns
time shm rx    : 1655722956 s, 000000052 us, 000052210 ns
diff rx vs ref : -00000008 ns
VALID 2022-06-20 13:02:36.523203610 1
DIFF 2022-06-20 13:02:36.523203610 -8
time now       : 1655722957 s, 000523275 us, 523275636 ns
time shm ref   : 1655722957 s, 000000052 us, 000052979 ns
time shm rx    : 1655722957 s, 000000052 us, 000052994 ns
diff rx vs ref : 000000015 ns
VALID 2022-06-20 13:02:37.523275636 1
DIFF 2022-06-20 13:02:37.523275636 15
time now       : 1655722958 s, 000523346 us, 523346282 ns
time shm ref   : 1655722958 s, 000000052 us, 000052514 ns
time shm rx    : 1655722958 s, 000000052 us, 000052504 ns
diff rx vs ref : -00000010 ns
VALID 2022-06-20 13:02:38.523346282 1
DIFF 2022-06-20 13:02:38.523346282 -10
time now       : 1655722959 s, 000523416 us, 523416789 ns
time shm ref   : 1655722959 s, 000000052 us, 000052377 ns
time shm rx    : 1655722959 s, 000000052 us, 000052373 ns
diff rx vs ref : -00000004 ns
VALID 2022-06-20 13:02:39.523416789 1
DIFF 2022-06-20 13:02:39.523416789 -4
time now       : 1655722960 s, 000523487 us, 523487592 ns
time shm ref   : 1655722960 s, 000000052 us, 000052423 ns
time shm rx    : 1655722960 s, 000000052 us, 000052459 ns
diff rx vs ref : 000000036 ns
VALID 2022-06-20 13:02:40.523487592 1
DIFF 2022-06-20 13:02:40.523487592 36
time now       : 1655722961 s, 000523557 us, 523557870 ns
time shm ref   : 1655722961 s, 000000052 us, 000052434 ns
time shm rx    : 1655722961 s, 000000052 us, 000052411 ns
diff rx vs ref : -00000023 ns
VALID 2022-06-20 13:02:41.523557870 1
DIFF 2022-06-20 13:02:41.523557870 -23
time now       : 1655722962 s, 000523634 us, 523634801 ns
time shm ref   : 1655722962 s, 000000052 us, 000052934 ns
time shm rx    : 1655722962 s, 000000052 us, 000052957 ns
diff rx vs ref : 000000023 ns
VALID 2022-06-20 13:02:42.523634801 1
DIFF 2022-06-20 13:02:42.523634801 23
time now       : 1655722963 s, 000523705 us, 523705740 ns
time shm ref   : 1655722963 s, 000000052 us, 000052877 ns
time shm rx    : 1655722963 s, 000000052 us, 000052837 ns
diff rx vs ref : -00000040 ns
VALID 2022-06-20 13:02:43.523705740 1
DIFF 2022-06-20 13:02:43.523705740 -40
time now       : 1655722964 s, 000523776 us, 523776887 ns
time shm ref   : 1655722964 s, 000000053 us, 000053116 ns
time shm rx    : 1655722964 s, 000000053 us, 000053115 ns
diff rx vs ref : -00000001 ns
VALID 2022-06-20 13:02:44.523776887 1
DIFF 2022-06-20 13:02:44.523776887 -1
time now       : 1655722965 s, 000523847 us, 523847850 ns
time shm ref   : 1655722965 s, 000000052 us, 000052650 ns
time shm rx    : 1655722965 s, 000000052 us, 000052656 ns
diff rx vs ref : 000000006 ns
VALID 2022-06-20 13:02:45.523847850 1
DIFF 2022-06-20 13:02:45.523847850 6
time now       : 1655722966 s, 000523919 us, 523919288 ns
time shm ref   : 1655722966 s, 000000052 us, 000052355 ns
time shm rx    : 1655722966 s, 000000052 us, 000052359 ns
diff rx vs ref : 000000004 ns
VALID 2022-06-20 13:02:46.523919288 1
DIFF 2022-06-20 13:02:46.523919288 4
time now       : 1655722967 s, 000523989 us, 523989707 ns
time shm ref   : 1655722967 s, 000000052 us, 000052593 ns
time shm rx    : 1655722967 s, 000000052 us, 000052602 ns
diff rx vs ref : 000000009 ns
VALID 2022-06-20 13:02:47.523989707 1
DIFF 2022-06-20 13:02:47.523989707 9
time now       : 1655722968 s, 000524059 us, 524059812 ns
time shm ref   : 1655722968 s, 000000052 us, 000052991 ns
time shm rx    : 1655722968 s, 000000052 us, 000052985 ns
diff rx vs ref : -00000006 ns
VALID 2022-06-20 13:02:48.524059812 1
DIFF 2022-06-20 13:02:48.524059812 -6
time now       : 1655722969 s, 000524130 us, 524130852 ns
time shm ref   : 1655722969 s, 000000052 us, 000052434 ns
time shm rx    : 1655722969 s, 000000052 us, 000052455 ns
diff rx vs ref : 000000021 ns
VALID 2022-06-20 13:02:49.524130852 1
DIFF 2022-06-20 13:02:49.524130852 21
time now       : 1655722970 s, 000524201 us, 524201635 ns
time shm ref   : 1655722970 s, 000000052 us, 000052707 ns
time shm rx    : 1655722970 s, 000000052 us, 000052749 ns
diff rx vs ref : 000000042 ns
VALID 2022-06-20 13:02:50.524201635 1
DIFF 2022-06-20 13:02:50.524201635 42
time now       : 1655722971 s, 000524272 us, 524272879 ns
time shm ref   : 1655722971 s, 000000052 us, 000052593 ns
time shm rx    : 1655722971 s, 000000052 us, 000052607 ns
diff rx vs ref : 000000014 ns
VALID 2022-06-20 13:02:51.524272879 1
DIFF 2022-06-20 13:02:51.524272879 14
time now       : 1655722972 s, 000524344 us, 524344270 ns
time shm ref   : 1655722972 s, 000000052 us, 000052230 ns
time shm rx    : 1655722972 s, 000000052 us, 000052238 ns
diff rx vs ref : 000000008 ns
VALID 2022-06-20 13:02:52.524344270 1
DIFF 2022-06-20 13:02:52.524344270 8
time now       : 1655722973 s, 000524416 us, 524416248 ns
time shm ref   : 1655722973 s, 000000052 us, 000052695 ns
time shm rx    : 1655722973 s, 000000052 us, 000052644 ns
diff rx vs ref : -00000051 ns
VALID 2022-06-20 13:02:53.524416248 1
DIFF 2022-06-20 13:02:53.524416248 -51
time now       : 1655722974 s, 000524487 us, 524487726 ns
time shm ref   : 1655722974 s, 000000052 us, 000052264 ns
time shm rx    : 1655722974 s, 000000052 us, 000052281 ns
diff rx vs ref : 000000017 ns
VALID 2022-06-20 13:02:54.524487726 1
DIFF 2022-06-20 13:02:54.524487726 17
time now       : 1655722975 s, 000524558 us, 524558856 ns
time shm ref   : 1655722975 s, 000000053 us, 000053627 ns
time shm rx    : 1655722975 s, 000000053 us, 000053585 ns
diff rx vs ref : -00000042 ns
VALID 2022-06-20 13:02:55.524558856 1
DIFF 2022-06-20 13:02:55.524558856 -42
time now       : 1655722976 s, 000524637 us, 524637482 ns
time shm ref   : 1655722976 s, 000000053 us, 000053740 ns
time shm rx    : 1655722976 s, 000000053 us, 000053726 ns
diff rx vs ref : -00000014 ns
VALID 2022-06-20 13:02:56.524637482 1
DIFF 2022-06-20 13:02:56.524637482 -14
time now       : 1655722977 s, 000524709 us, 524709105 ns
time shm ref   : 1655722977 s, 000000053 us, 000053150 ns
time shm rx    : 1655722977 s, 000000053 us, 000053154 ns
diff rx vs ref : 000000004 ns
VALID 2022-06-20 13:02:57.524709105 1
DIFF 2022-06-20 13:02:57.524709105 4
time now       : 1655722978 s, 000524779 us, 524779736 ns
time shm ref   : 1655722978 s, 000000052 us, 000052843 ns
time shm rx    : 1655722978 s, 000000052 us, 000052839 ns
diff rx vs ref : -00000004 ns
VALID 2022-06-20 13:02:58.524779736 1
DIFF 2022-06-20 13:02:58.524779736 -4
time now       : 1655722979 s, 000524850 us, 524850302 ns
time shm ref   : 1655722979 s, 000000052 us, 000052957 ns
time shm rx    : 1655722979 s, 000000052 us, 000052948 ns
diff rx vs ref : -00000009 ns
VALID 2022-06-20 13:02:59.524850302 1
DIFF 2022-06-20 13:02:59.524850302 -9
time now       : 1655722980 s, 000524921 us, 524921019 ns
time shm ref   : 1655722980 s, 000000052 us, 000052843 ns
time shm rx    : 1655722980 s, 000000052 us, 000052899 ns
diff rx vs ref : 000000056 ns
VALID 2022-06-20 13:03:00.524921019 1
DIFF 2022-06-20 13:03:00.524921019 56
time now       : 1655722981 s, 000524991 us, 524991532 ns
time shm ref   : 1655722981 s, 000000052 us, 000052707 ns
time shm rx    : 1655722981 s, 000000052 us, 000052708 ns
diff rx vs ref : 000000001 ns
VALID 2022-06-20 13:03:01.524991532 1
DIFF 2022-06-20 13:03:01.524991532 1
time now       : 1655722982 s, 000525062 us, 525062703 ns
time shm ref   : 1655722982 s, 000000053 us, 000053138 ns
time shm rx    : 1655722982 s, 000000053 us, 000053153 ns
diff rx vs ref : 000000015 ns
VALID 2022-06-20 13:03:02.525062703 1
DIFF 2022-06-20 13:03:02.525062703 15
time now       : 1655722983 s, 000525134 us, 525134143 ns
time shm ref   : 1655722983 s, 000000053 us, 000053002 ns
time shm rx    : 1655722983 s, 000000053 us, 000053022 ns
diff rx vs ref : 000000020 ns
VALID 2022-06-20 13:03:03.525134143 1
DIFF 2022-06-20 13:03:03.525134143 20
time now       : 1655722984 s, 000525205 us, 525205553 ns
time shm ref   : 1655722984 s, 000000052 us, 000052514 ns
time shm rx    : 1655722984 s, 000000052 us, 000052552 ns
diff rx vs ref : 000000038 ns
VALID 2022-06-20 13:03:04.525205553 1
DIFF 2022-06-20 13:03:04.525205553 38
time now       : 1655722985 s, 000525276 us, 525276797 ns
time shm ref   : 1655722985 s, 000000052 us, 000052684 ns
time shm rx    : 1655722985 s, 000000052 us, 000052664 ns
diff rx vs ref : -00000020 ns
VALID 2022-06-20 13:03:05.525276797 1
DIFF 2022-06-20 13:03:05.525276797 -20
time now       : 1655722986 s, 000525348 us, 525348720 ns
time shm ref   : 1655722986 s, 000000052 us, 000052798 ns
time shm rx    : 1655722986 s, 000000052 us, 000052729 ns
diff rx vs ref : -00000069 ns
VALID 2022-06-20 13:03:06.525348720 1
DIFF 2022-06-20 13:03:06.525348720 -69
time now       : 1655722987 s, 000525419 us, 525419497 ns
time shm ref   : 1655722987 s, 000000053 us, 000053206 ns
time shm rx    : 1655722987 s, 000000053 us, 000053185 ns
diff rx vs ref : -00000021 ns
VALID 2022-06-20 13:03:07.525419497 1
DIFF 2022-06-20 13:03:07.525419497 -21
time now       : 1655722988 s, 000525490 us, 525490206 ns
time shm ref   : 1655722988 s, 000000052 us, 000052298 ns
time shm rx    : 1655722988 s, 000000052 us, 000052300 ns
diff rx vs ref : 000000002 ns
VALID 2022-06-20 13:03:08.525490206 1
DIFF 2022-06-20 13:03:08.525490206 2
time now       : 1655722989 s, 000525560 us, 525560775 ns
time shm ref   : 1655722989 s, 000000052 us, 000052434 ns
time shm rx    : 1655722989 s, 000000052 us, 000052481 ns
diff rx vs ref : 000000047 ns
VALID 2022-06-20 13:03:09.525560775 1
DIFF 2022-06-20 13:03:09.525560775 47
time now       : 1655722990 s, 000525636 us, 525636514 ns
time shm ref   : 1655722990 s, 000000052 us, 000052457 ns
time shm rx    : 1655722990 s, 000000052 us, 000052433 ns
diff rx vs ref : -00000024 ns
VALID 2022-06-20 13:03:10.525636514 1
DIFF 2022-06-20 13:03:10.525636514 -24
time now       : 1655722991 s, 000525706 us, 525706375 ns
time shm ref   : 1655722991 s, 000000052 us, 000052695 ns
time shm rx    : 1655722991 s, 000000052 us, 000052696 ns
diff rx vs ref : 000000001 ns
VALID 2022-06-20 13:03:11.525706375 1
DIFF 2022-06-20 13:03:11.525706375 1
time now       : 1655722992 s, 000525776 us, 525776886 ns
time shm ref   : 1655722992 s, 000000052 us, 000052491 ns
time shm rx    : 1655722992 s, 000000052 us, 000052515 ns
diff rx vs ref : 000000024 ns
VALID 2022-06-20 13:03:12.525776886 1
DIFF 2022-06-20 13:03:12.525776886 24
time now       : 1655722993 s, 000525850 us, 525850410 ns
time shm ref   : 1655722993 s, 000000052 us, 000052888 ns
time shm rx    : 1655722993 s, 000000052 us, 000052888 ns
diff rx vs ref : 000000000 ns
VALID 2022-06-20 13:03:13.525850410 1
DIFF 2022-06-20 13:03:13.525850410 0
time now       : 1655722994 s, 000525930 us, 525930690 ns
time shm ref   : 1655722994 s, 000000057 us, 000057125 ns
time shm rx    : 1655722994 s, 000000057 us, 000057213 ns
diff rx vs ref : 000000088 ns
VALID 2022-06-20 13:03:14.525930690 1
DIFF 2022-06-20 13:03:14.525930690 88
time now       : 1655722995 s, 000526003 us, 526003905 ns
time shm ref   : 1655722995 s, 000000053 us, 000053116 ns
time shm rx    : 1655722995 s, 000000053 us, 000053203 ns
diff rx vs ref : 000000087 ns
VALID 2022-06-20 13:03:15.526003905 1
DIFF 2022-06-20 13:03:15.526003905 87
time now       : 1655722996 s, 000526076 us, 526076608 ns
time shm ref   : 1655722996 s, 000000057 us, 000057829 ns
time shm rx    : 1655722996 s, 000000058 us, 000058142 ns
diff rx vs ref : 000000313 ns
VALID 2022-06-20 13:03:16.526076608 1
DIFF 2022-06-20 13:03:16.526076608 313
time now       : 1655722997 s, 000526157 us, 526157110 ns
time shm ref   : 1655722997 s, 000000053 us, 000053649 ns
time shm rx    : 1655722997 s, 000000053 us, 000053762 ns
diff rx vs ref : 000000113 ns
VALID 2022-06-20 13:03:17.526157110 1
DIFF 2022-06-20 13:03:17.526157110 113
time now       : 1655722998 s, 000526230 us, 526230244 ns
time shm ref   : 1655722998 s, 000000052 us, 000052775 ns
time shm rx    : 1655722998 s, 000000052 us, 000052762 ns
diff rx vs ref : -00000013 ns
VALID 2022-06-20 13:03:18.526230244 1
DIFF 2022-06-20 13:03:18.526230244 -13
time now       : 1655722999 s, 000526301 us, 526301892 ns
time shm ref   : 1655722999 s, 000000052 us, 000052786 ns
time shm rx    : 1655722999 s, 000000052 us, 000052751 ns
diff rx vs ref : -00000035 ns
VALID 2022-06-20 13:03:19.526301892 1
DIFF 2022-06-20 13:03:19.526301892 -35
time now       : 1655723000 s, 000526372 us, 526372915 ns
time shm ref   : 1655723000 s, 000000052 us, 000052548 ns
time shm rx    : 1655723000 s, 000000052 us, 000052522 ns
diff rx vs ref : -00000026 ns
VALID 2022-06-20 13:03:20.526372915 1
DIFF 2022-06-20 13:03:20.526372915 -26
time now       : 1655723001 s, 000526445 us, 526445267 ns
time shm ref   : 1655723001 s, 000000053 us, 000053104 ns
time shm rx    : 1655723001 s, 000000053 us, 000053141 ns
diff rx vs ref : 000000037 ns
VALID 2022-06-20 13:03:21.526445267 1
DIFF 2022-06-20 13:03:21.526445267 37
time now       : 1655723002 s, 000526516 us, 526516370 ns
time shm ref   : 1655723002 s, 000000053 us, 000053093 ns
time shm rx    : 1655723002 s, 000000053 us, 000053156 ns
diff rx vs ref : 000000063 ns
VALID 2022-06-20 13:03:22.526516370 1
DIFF 2022-06-20 13:03:22.526516370 63
time now       : 1655723003 s, 000526588 us, 526588335 ns
time shm ref   : 1655723003 s, 000000053 us, 000053104 ns
time shm rx    : 1655723003 s, 000000053 us, 000053143 ns
diff rx vs ref : 000000039 ns
VALID 2022-06-20 13:03:23.526588335 1
DIFF 2022-06-20 13:03:23.526588335 39
time now       : 1655723004 s, 000526635 us, 526635928 ns
time shm ref   : 1655723004 s, 000000053 us, 000053240 ns
time shm rx    : 1655723004 s, 000000053 us, 000053295 ns
diff rx vs ref : 000000055 ns
VALID 2022-06-20 13:03:24.526635928 1
DIFF 2022-06-20 13:03:24.526635928 55
time now       : 1655723005 s, 000526707 us, 526707550 ns
time shm ref   : 1655723005 s, 000000053 us, 000053422 ns
time shm rx    : 1655723005 s, 000000053 us, 000053412 ns
diff rx vs ref : -00000010 ns
VALID 2022-06-20 13:03:25.526707550 1
DIFF 2022-06-20 13:03:25.526707550 -10
time now       : 1655723006 s, 000526779 us, 526779151 ns
time shm ref   : 1655723006 s, 000000052 us, 000052866 ns
time shm rx    : 1655723006 s, 000000052 us, 000052892 ns
diff rx vs ref : 000000026 ns
VALID 2022-06-20 13:03:26.526779151 1
DIFF 2022-06-20 13:03:26.526779151 26
time now       : 1655723007 s, 000526852 us, 526852002 ns
time shm ref   : 1655723007 s, 000000052 us, 000052559 ns
time shm rx    : 1655723007 s, 000000052 us, 000052622 ns
diff rx vs ref : 000000063 ns
VALID 2022-06-20 13:03:27.526852002 1
DIFF 2022-06-20 13:03:27.526852002 63
time now       : 1655723008 s, 000526922 us, 526922619 ns
time shm ref   : 1655723008 s, 000000052 us, 000052707 ns
time shm rx    : 1655723008 s, 000000052 us, 000052745 ns
diff rx vs ref : 000000038 ns
VALID 2022-06-20 13:03:28.526922619 1
DIFF 2022-06-20 13:03:28.526922619 38
time now       : 1655723009 s, 000526994 us, 526994130 ns
time shm ref   : 1655723009 s, 000000052 us, 000052922 ns
time shm rx    : 1655723009 s, 000000052 us, 000052980 ns
diff rx vs ref : 000000058 ns
VALID 2022-06-20 13:03:29.526994130 1
DIFF 2022-06-20 13:03:29.526994130 58
time now       : 1655723010 s, 000527064 us, 527064808 ns
time shm ref   : 1655723010 s, 000000052 us, 000052366 ns
time shm rx    : 1655723010 s, 000000052 us, 000052347 ns
diff rx vs ref : -00000019 ns
VALID 2022-06-20 13:03:30.527064808 1
DIFF 2022-06-20 13:03:30.527064808 -19
time now       : 1655723011 s, 000527135 us, 527135276 ns
time shm ref   : 1655723011 s, 000000052 us, 000052604 ns
time shm rx    : 1655723011 s, 000000052 us, 000052659 ns
diff rx vs ref : 000000055 ns
VALID 2022-06-20 13:03:31.527135276 1
DIFF 2022-06-20 13:03:31.527135276 55
time now       : 1655723012 s, 000527206 us, 527206061 ns
time shm ref   : 1655723012 s, 000000052 us, 000052877 ns
time shm rx    : 1655723012 s, 000000052 us, 000052925 ns
diff rx vs ref : 000000048 ns
VALID 2022-06-20 13:03:32.527206061 1
DIFF 2022-06-20 13:03:32.527206061 48
time now       : 1655723013 s, 000527276 us, 527276483 ns
time shm ref   : 1655723013 s, 000000052 us, 000052286 ns
time shm rx    : 1655723013 s, 000000052 us, 000052340 ns
diff rx vs ref : 000000054 ns
VALID 2022-06-20 13:03:33.527276483 1
DIFF 2022-06-20 13:03:33.527276483 54
time now       : 1655723014 s, 000527347 us, 527347080 ns
time shm ref   : 1655723014 s, 000000052 us, 000052048 ns
time shm rx    : 1655723014 s, 000000052 us, 000052100 ns
diff rx vs ref : 000000052 ns
VALID 2022-06-20 13:03:34.527347080 1
DIFF 2022-06-20 13:03:34.527347080 52
time now       : 1655723015 s, 000527418 us, 527418402 ns
time shm ref   : 1655723015 s, 000000052 us, 000052763 ns
time shm rx    : 1655723015 s, 000000052 us, 000052776 ns
diff rx vs ref : 000000013 ns
VALID 2022-06-20 13:03:35.527418402 1
DIFF 2022-06-20 13:03:35.527418402 13
time now       : 1655723016 s, 000527489 us, 527489537 ns
time shm ref   : 1655723016 s, 000000053 us, 000053161 ns
time shm rx    : 1655723016 s, 000000053 us, 000053208 ns
diff rx vs ref : 000000047 ns
VALID 2022-06-20 13:03:36.527489537 1
DIFF 2022-06-20 13:03:36.527489537 47
time now       : 1655723017 s, 000527560 us, 527560282 ns
time shm ref   : 1655723017 s, 000000052 us, 000052377 ns
time shm rx    : 1655723017 s, 000000052 us, 000052384 ns
diff rx vs ref : 000000007 ns
VALID 2022-06-20 13:03:37.527560282 1
DIFF 2022-06-20 13:03:37.527560282 7
time now       : 1655723018 s, 000527636 us, 527636121 ns
time shm ref   : 1655723018 s, 000000052 us, 000052286 ns
time shm rx    : 1655723018 s, 000000052 us, 000052315 ns
diff rx vs ref : 000000029 ns
VALID 2022-06-20 13:03:38.527636121 1
DIFF 2022-06-20 13:03:38.527636121 29
time now       : 1655723019 s, 000527706 us, 527706737 ns
time shm ref   : 1655723019 s, 000000052 us, 000052332 ns
time shm rx    : 1655723019 s, 000000052 us, 000052401 ns
diff rx vs ref : 000000069 ns
VALID 2022-06-20 13:03:39.527706737 1
DIFF 2022-06-20 13:03:39.527706737 69
time now       : 1655723020 s, 000527777 us, 527777146 ns
time shm ref   : 1655723020 s, 000000052 us, 000052536 ns
time shm rx    : 1655723020 s, 000000052 us, 000052486 ns
diff rx vs ref : -00000050 ns
VALID 2022-06-20 13:03:40.527777146 1
DIFF 2022-06-20 13:03:40.527777146 -50
time now       : 1655723021 s, 000527847 us, 527847960 ns
time shm ref   : 1655723021 s, 000000052 us, 000052377 ns
time shm rx    : 1655723021 s, 000000052 us, 000052388 ns
diff rx vs ref : 000000011 ns
VALID 2022-06-20 13:03:41.527847960 1
DIFF 2022-06-20 13:03:41.527847960 11
time now       : 1655723022 s, 000527918 us, 527918194 ns
time shm ref   : 1655723022 s, 000000052 us, 000052218 ns
time shm rx    : 1655723022 s, 000000052 us, 000052233 ns
diff rx vs ref : 000000015 ns
VALID 2022-06-20 13:03:42.527918194 1
DIFF 2022-06-20 13:03:42.527918194 15
time now       : 1655723023 s, 000527989 us, 527989239 ns
time shm ref   : 1655723023 s, 000000052 us, 000052298 ns
time shm rx    : 1655723023 s, 000000052 us, 000052312 ns
diff rx vs ref : 000000014 ns
VALID 2022-06-20 13:03:43.527989239 1
DIFF 2022-06-20 13:03:43.527989239 14
time now       : 1655723024 s, 000528059 us, 528059695 ns
time shm ref   : 1655723024 s, 000000052 us, 000052786 ns
time shm rx    : 1655723024 s, 000000052 us, 000052812 ns
diff rx vs ref : 000000026 ns
VALID 2022-06-20 13:03:44.528059695 1
DIFF 2022-06-20 13:03:44.528059695 26
time now       : 1655723025 s, 000528131 us, 528131017 ns
time shm ref   : 1655723025 s, 000000053 us, 000053240 ns
time shm rx    : 1655723025 s, 000000053 us, 000053272 ns
diff rx vs ref : 000000032 ns
VALID 2022-06-20 13:03:45.528131017 1
DIFF 2022-06-20 13:03:45.528131017 32
time now       : 1655723026 s, 000528201 us, 528201699 ns
time shm ref   : 1655723026 s, 000000052 us, 000052900 ns
time shm rx    : 1655723026 s, 000000052 us, 000052886 ns
diff rx vs ref : -00000014 ns
VALID 2022-06-20 13:03:46.528201699 1
DIFF 2022-06-20 13:03:46.528201699 -14
time now       : 1655723027 s, 000528272 us, 528272618 ns
time shm ref   : 1655723027 s, 000000052 us, 000052684 ns
time shm rx    : 1655723027 s, 000000052 us, 000052710 ns
diff rx vs ref : 000000026 ns
VALID 2022-06-20 13:03:47.528272618 1
DIFF 2022-06-20 13:03:47.528272618 26
time now       : 1655723028 s, 000528343 us, 528343772 ns
time shm ref   : 1655723028 s, 000000052 us, 000052491 ns
time shm rx    : 1655723028 s, 000000052 us, 000052533 ns
diff rx vs ref : 000000042 ns
VALID 2022-06-20 13:03:48.528343772 1
DIFF 2022-06-20 13:03:48.528343772 42
time now       : 1655723029 s, 000528414 us, 528414338 ns
time shm ref   : 1655723029 s, 000000053 us, 000053013 ns
time shm rx    : 1655723029 s, 000000053 us, 000053017 ns
diff rx vs ref : 000000004 ns
VALID 2022-06-20 13:03:49.528414338 1
DIFF 2022-06-20 13:03:49.528414338 4
time now       : 1655723030 s, 000528485 us, 528485783 ns
time shm ref   : 1655723030 s, 000000053 us, 000053320 ns
time shm rx    : 1655723030 s, 000000053 us, 000053285 ns
diff rx vs ref : -00000035 ns
VALID 2022-06-20 13:03:50.528485783 1
DIFF 2022-06-20 13:03:50.528485783 -35
time now       : 1655723031 s, 000528557 us, 528557375 ns
time shm ref   : 1655723031 s, 000000052 us, 000052332 ns
time shm rx    : 1655723031 s, 000000052 us, 000052371 ns
diff rx vs ref : 000000039 ns
VALID 2022-06-20 13:03:51.528557375 1
DIFF 2022-06-20 13:03:51.528557375 39
time now       : 1655723032 s, 000528634 us, 528634871 ns
time shm ref   : 1655723032 s, 000000052 us, 000052411 ns
time shm rx    : 1655723032 s, 000000052 us, 000052381 ns
diff rx vs ref : -00000030 ns
VALID 2022-06-20 13:03:52.528634871 1
DIFF 2022-06-20 13:03:52.528634871 -30
time now       : 1655723033 s, 000528704 us, 528704903 ns
time shm ref   : 1655723033 s, 000000053 us, 000053377 ns
time shm rx    : 1655723033 s, 000000053 us, 000053278 ns
diff rx vs ref : -00000099 ns
VALID 2022-06-20 13:03:53.528704903 1
DIFF 2022-06-20 13:03:53.528704903 -99
time now       : 1655723034 s, 000528776 us, 528776225 ns
time shm ref   : 1655723034 s, 000000053 us, 000053161 ns
time shm rx    : 1655723034 s, 000000053 us, 000053081 ns
diff rx vs ref : -00000080 ns
VALID 2022-06-20 13:03:54.528776225 1
DIFF 2022-06-20 13:03:54.528776225 -80
time now       : 1655723035 s, 000528847 us, 528847142 ns
time shm ref   : 1655723035 s, 000000052 us, 000052366 ns
time shm rx    : 1655723035 s, 000000052 us, 000052278 ns
diff rx vs ref : -00000088 ns
VALID 2022-06-20 13:03:55.528847142 1
DIFF 2022-06-20 13:03:55.528847142 -88
time now       : 1655723036 s, 000528918 us, 528918747 ns
time shm ref   : 1655723036 s, 000000053 us, 000053047 ns
time shm rx    : 1655723036 s, 000000052 us, 000052945 ns
diff rx vs ref : -00000102 ns
VALID 2022-06-20 13:03:56.528918747 1
DIFF 2022-06-20 13:03:56.528918747 -102
time now       : 1655723037 s, 000528989 us, 528989249 ns
time shm ref   : 1655723037 s, 000000052 us, 000052763 ns
time shm rx    : 1655723037 s, 000000052 us, 000052631 ns
diff rx vs ref : -00000132 ns
VALID 2022-06-20 13:03:57.528989249 1
DIFF 2022-06-20 13:03:57.528989249 -132
time now       : 1655723038 s, 000529059 us, 529059608 ns
time shm ref   : 1655723038 s, 000000052 us, 000052604 ns
time shm rx    : 1655723038 s, 000000052 us, 000052600 ns
diff rx vs ref : -00000004 ns
VALID 2022-06-20 13:03:58.529059608 1
DIFF 2022-06-20 13:03:58.529059608 -4
time now       : 1655723039 s, 000529130 us, 529130715 ns
time shm ref   : 1655723039 s, 000000052 us, 000052389 ns
time shm rx    : 1655723039 s, 000000052 us, 000052374 ns
diff rx vs ref : -00000015 ns
VALID 2022-06-20 13:03:59.529130715 1
DIFF 2022-06-20 13:03:59.529130715 -15
time now       : 1655723040 s, 000529201 us, 529201674 ns
time shm ref   : 1655723040 s, 000000052 us, 000052559 ns
time shm rx    : 1655723040 s, 000000052 us, 000052552 ns
diff rx vs ref : -00000007 ns
VALID 2022-06-20 13:04:00.529201674 1
DIFF 2022-06-20 13:04:00.529201674 -7
time now       : 1655723041 s, 000529272 us, 529272380 ns
time shm ref   : 1655723041 s, 000000052 us, 000052854 ns
time shm rx    : 1655723041 s, 000000052 us, 000052845 ns
diff rx vs ref : -00000009 ns
VALID 2022-06-20 13:04:01.529272380 1
DIFF 2022-06-20 13:04:01.529272380 -9
time now       : 1655723042 s, 000529343 us, 529343196 ns
time shm ref   : 1655723042 s, 000000053 us, 000053025 ns
time shm rx    : 1655723042 s, 000000052 us, 000052984 ns
diff rx vs ref : -00000041 ns
VALID 2022-06-20 13:04:02.529343196 1
DIFF 2022-06-20 13:04:02.529343196 -41
time now       : 1655723043 s, 000529413 us, 529413551 ns
time shm ref   : 1655723043 s, 000000052 us, 000052207 ns
time shm rx    : 1655723043 s, 000000052 us, 000052161 ns
diff rx vs ref : -00000046 ns
VALID 2022-06-20 13:04:03.529413551 1
DIFF 2022-06-20 13:04:03.529413551 -46
time now       : 1655723044 s, 000529485 us, 529485482 ns
time shm ref   : 1655723044 s, 000000052 us, 000052252 ns
time shm rx    : 1655723044 s, 000000052 us, 000052249 ns
diff rx vs ref : -00000003 ns
VALID 2022-06-20 13:04:04.529485482 1
DIFF 2022-06-20 13:04:04.529485482 -3
time now       : 1655723045 s, 000529556 us, 529556624 ns
time shm ref   : 1655723045 s, 000000052 us, 000052900 ns
time shm rx    : 1655723045 s, 000000052 us, 000052878 ns
diff rx vs ref : -00000022 ns
VALID 2022-06-20 13:04:05.529556624 1
DIFF 2022-06-20 13:04:05.529556624 -22
time now       : 1655723046 s, 000529633 us, 529633959 ns
time shm ref   : 1655723046 s, 000000052 us, 000052684 ns
time shm rx    : 1655723046 s, 000000052 us, 000052712 ns
diff rx vs ref : 000000028 ns
VALID 2022-06-20 13:04:06.529633959 1
DIFF 2022-06-20 13:04:06.529633959 28
time now       : 1655723047 s, 000529704 us, 529704246 ns
time shm ref   : 1655723047 s, 000000052 us, 000052729 ns
time shm rx    : 1655723047 s, 000000052 us, 000052793 ns
diff rx vs ref : 000000064 ns
VALID 2022-06-20 13:04:07.529704246 1
DIFF 2022-06-20 13:04:07.529704246 64
time now       : 1655723048 s, 000529775 us, 529775052 ns
time shm ref   : 1655723048 s, 000000052 us, 000052604 ns
time shm rx    : 1655723048 s, 000000052 us, 000052648 ns
diff rx vs ref : 000000044 ns
VALID 2022-06-20 13:04:08.529775052 1
DIFF 2022-06-20 13:04:08.529775052 44
time now       : 1655723049 s, 000529844 us, 529844993 ns
time shm ref   : 1655723049 s, 000000052 us, 000052684 ns
time shm rx    : 1655723049 s, 000000052 us, 000052708 ns
diff rx vs ref : 000000024 ns
VALID 2022-06-20 13:04:09.529844993 1
DIFF 2022-06-20 13:04:09.529844993 24
time now       : 1655723050 s, 000529915 us, 529915861 ns
time shm ref   : 1655723050 s, 000000052 us, 000052139 ns
time shm rx    : 1655723050 s, 000000052 us, 000052207 ns
diff rx vs ref : 000000068 ns
VALID 2022-06-20 13:04:10.529915861 1
DIFF 2022-06-20 13:04:10.529915861 68
time now       : 1655723051 s, 000529986 us, 529986117 ns
time shm ref   : 1655723051 s, 000000053 us, 000053047 ns
time shm rx    : 1655723051 s, 000000053 us, 000053061 ns
diff rx vs ref : 000000014 ns
VALID 2022-06-20 13:04:11.529986117 1
DIFF 2022-06-20 13:04:11.529986117 14
time now       : 1655723052 s, 000530056 us, 530056216 ns
time shm ref   : 1655723052 s, 000000052 us, 000052116 ns
time shm rx    : 1655723052 s, 000000052 us, 000052149 ns
diff rx vs ref : 000000033 ns
VALID 2022-06-20 13:04:12.530056216 1
DIFF 2022-06-20 13:04:12.530056216 33
time now       : 1655723053 s, 000530128 us, 530128723 ns
time shm ref   : 1655723053 s, 000000052 us, 000052957 ns
time shm rx    : 1655723053 s, 000000052 us, 000052979 ns
diff rx vs ref : 000000022 ns
VALID 2022-06-20 13:04:13.530128723 1
DIFF 2022-06-20 13:04:13.530128723 22
time now       : 1655723054 s, 000530209 us, 530209289 ns
time shm ref   : 1655723054 s, 000000057 us, 000057795 ns
time shm rx    : 1655723054 s, 000000057 us, 000057724 ns
diff rx vs ref : -00000071 ns
VALID 2022-06-20 13:04:14.530209289 1
DIFF 2022-06-20 13:04:14.530209289 -71
time now       : 1655723055 s, 000530282 us, 530282593 ns
time shm ref   : 1655723055 s, 000000053 us, 000053536 ns
time shm rx    : 1655723055 s, 000000053 us, 000053484 ns
diff rx vs ref : -00000052 ns
VALID 2022-06-20 13:04:15.530282593 1
DIFF 2022-06-20 13:04:15.530282593 -52
time now       : 1655723056 s, 000530355 us, 530355810 ns
time shm ref   : 1655723056 s, 000000058 us, 000058215 ns
time shm rx    : 1655723056 s, 000000058 us, 000058521 ns
diff rx vs ref : 000000306 ns
VALID 2022-06-20 13:04:16.530355810 1
DIFF 2022-06-20 13:04:16.530355810 306
time now       : 1655723057 s, 000530435 us, 530435033 ns
time shm ref   : 1655723057 s, 000000053 us, 000053865 ns
time shm rx    : 1655723057 s, 000000054 us, 000054022 ns
diff rx vs ref : 000000157 ns
VALID 2022-06-20 13:04:17.530435033 1
DIFF 2022-06-20 13:04:17.530435033 157
time now       : 1655723058 s, 000530508 us, 530508565 ns
time shm ref   : 1655723058 s, 000000052 us, 000052559 ns
time shm rx    : 1655723058 s, 000000052 us, 000052538 ns
diff rx vs ref : -00000021 ns
VALID 2022-06-20 13:04:18.530508565 1
DIFF 2022-06-20 13:04:18.530508565 -21
time now       : 1655723059 s, 000530579 us, 530579116 ns
time shm ref   : 1655723059 s, 000000052 us, 000052627 ns
time shm rx    : 1655723059 s, 000000052 us, 000052588 ns
diff rx vs ref : -00000039 ns
VALID 2022-06-20 13:04:19.530579116 1
DIFF 2022-06-20 13:04:19.530579116 -39
time now       : 1655723060 s, 000530635 us, 530635712 ns
time shm ref   : 1655723060 s, 000000052 us, 000052820 ns
time shm rx    : 1655723060 s, 000000052 us, 000052836 ns
diff rx vs ref : 000000016 ns
VALID 2022-06-20 13:04:20.530635712 1
DIFF 2022-06-20 13:04:20.530635712 16
time now       : 1655723061 s, 000530706 us, 530706755 ns
time shm ref   : 1655723061 s, 000000053 us, 000053365 ns
time shm rx    : 1655723061 s, 000000053 us, 000053323 ns
diff rx vs ref : -00000042 ns
VALID 2022-06-20 13:04:21.530706755 1
DIFF 2022-06-20 13:04:21.530706755 -42
time now       : 1655723062 s, 000530777 us, 530777518 ns
time shm ref   : 1655723062 s, 000000053 us, 000053411 ns
time shm rx    : 1655723062 s, 000000053 us, 000053447 ns
diff rx vs ref : 000000036 ns
VALID 2022-06-20 13:04:22.530777518 1
DIFF 2022-06-20 13:04:22.530777518 36
time now       : 1655723063 s, 000530848 us, 530848258 ns
time shm ref   : 1655723063 s, 000000052 us, 000052934 ns
time shm rx    : 1655723063 s, 000000052 us, 000052961 ns
diff rx vs ref : 000000027 ns
VALID 2022-06-20 13:04:23.530848258 1
DIFF 2022-06-20 13:04:23.530848258 27
time now       : 1655723064 s, 000530919 us, 530919818 ns
time shm ref   : 1655723064 s, 000000052 us, 000052480 ns
time shm rx    : 1655723064 s, 000000052 us, 000052553 ns
diff rx vs ref : 000000073 ns
VALID 2022-06-20 13:04:24.530919818 1
DIFF 2022-06-20 13:04:24.530919818 73
time now       : 1655723065 s, 000530990 us, 530990901 ns
time shm ref   : 1655723065 s, 000000052 us, 000052866 ns
time shm rx    : 1655723065 s, 000000052 us, 000052914 ns
diff rx vs ref : 000000048 ns
VALID 2022-06-20 13:04:25.530990901 1
DIFF 2022-06-20 13:04:25.530990901 48
time now       : 1655723066 s, 000531061 us, 531061535 ns
time shm ref   : 1655723066 s, 000000052 us, 000052684 ns
time shm rx    : 1655723066 s, 000000052 us, 000052759 ns
diff rx vs ref : 000000075 ns
VALID 2022-06-20 13:04:26.531061535 1
DIFF 2022-06-20 13:04:26.531061535 75
time now       : 1655723067 s, 000531132 us, 531132099 ns
time shm ref   : 1655723067 s, 000000052 us, 000052809 ns
time shm rx    : 1655723067 s, 000000052 us, 000052866 ns
diff rx vs ref : 000000057 ns
VALID 2022-06-20 13:04:27.531132099 1
DIFF 2022-06-20 13:04:27.531132099 57
time now       : 1655723068 s, 000531202 us, 531202814 ns
time shm ref   : 1655723068 s, 000000052 us, 000052684 ns
time shm rx    : 1655723068 s, 000000052 us, 000052718 ns
diff rx vs ref : 000000034 ns
VALID 2022-06-20 13:04:28.531202814 1
DIFF 2022-06-20 13:04:28.531202814 34
time now       : 1655723069 s, 000531273 us, 531273257 ns
time shm ref   : 1655723069 s, 000000052 us, 000052241 ns
time shm rx    : 1655723069 s, 000000052 us, 000052279 ns
diff rx vs ref : 000000038 ns
VALID 2022-06-20 13:04:29.531273257 1
DIFF 2022-06-20 13:04:29.531273257 38
time now       : 1655723070 s, 000531344 us, 531344048 ns
time shm ref   : 1655723070 s, 000000052 us, 000052502 ns
time shm rx    : 1655723070 s, 000000052 us, 000052546 ns
diff rx vs ref : 000000044 ns
VALID 2022-06-20 13:04:30.531344048 1
DIFF 2022-06-20 13:04:30.531344048 44
time now       : 1655723071 s, 000531415 us, 531415119 ns
time shm ref   : 1655723071 s, 000000053 us, 000053263 ns
time shm rx    : 1655723071 s, 000000053 us, 000053276 ns
diff rx vs ref : 000000013 ns
VALID 2022-06-20 13:04:31.531415119 1
DIFF 2022-06-20 13:04:31.531415119 13
time now       : 1655723072 s, 000531486 us, 531486854 ns
time shm ref   : 1655723072 s, 000000052 us, 000052752 ns
time shm rx    : 1655723072 s, 000000052 us, 000052789 ns
diff rx vs ref : 000000037 ns
VALID 2022-06-20 13:04:32.531486854 1
DIFF 2022-06-20 13:04:32.531486854 37
time now       : 1655723073 s, 000531557 us, 531557087 ns
time shm ref   : 1655723073 s, 000000052 us, 000052786 ns
time shm rx    : 1655723073 s, 000000052 us, 000052757 ns
diff rx vs ref : -00000029 ns
VALID 2022-06-20 13:04:33.531557087 1
DIFF 2022-06-20 13:04:33.531557087 -29
time now       : 1655723074 s, 000531628 us, 531628171 ns
time shm ref   : 1655723074 s, 000000052 us, 000052150 ns
time shm rx    : 1655723074 s, 000000052 us, 000052155 ns
diff rx vs ref : 000000005 ns
VALID 2022-06-20 13:04:34.531628171 1
DIFF 2022-06-20 13:04:34.531628171 5
time now       : 1655723075 s, 000531704 us, 531704516 ns
time shm ref   : 1655723075 s, 000000052 us, 000052525 ns
time shm rx    : 1655723075 s, 000000052 us, 000052477 ns
diff rx vs ref : -00000048 ns
VALID 2022-06-20 13:04:35.531704516 1
DIFF 2022-06-20 13:04:35.531704516 -48
time now       : 1655723076 s, 000531775 us, 531775443 ns
time shm ref   : 1655723076 s, 000000053 us, 000053649 ns
time shm rx    : 1655723076 s, 000000053 us, 000053630 ns
diff rx vs ref : -00000019 ns
VALID 2022-06-20 13:04:36.531775443 1
DIFF 2022-06-20 13:04:36.531775443 -19
time now       : 1655723077 s, 000531847 us, 531847233 ns
time shm ref   : 1655723077 s, 000000052 us, 000052525 ns
time shm rx    : 1655723077 s, 000000052 us, 000052507 ns
diff rx vs ref : -00000018 ns
VALID 2022-06-20 13:04:37.531847233 1
DIFF 2022-06-20 13:04:37.531847233 -18
time now       : 1655723078 s, 000531917 us, 531917975 ns
time shm ref   : 1655723078 s, 000000052 us, 000052559 ns
time shm rx    : 1655723078 s, 000000052 us, 000052521 ns
diff rx vs ref : -00000038 ns
VALID 2022-06-20 13:04:38.531917975 1
DIFF 2022-06-20 13:04:38.531917975 -38
time now       : 1655723079 s, 000531988 us, 531988987 ns
time shm ref   : 1655723079 s, 000000052 us, 000052911 ns
time shm rx    : 1655723079 s, 000000052 us, 000052841 ns
diff rx vs ref : -00000070 ns
VALID 2022-06-20 13:04:39.531988987 1
DIFF 2022-06-20 13:04:39.531988987 -70
time now       : 1655723080 s, 000532060 us, 532060382 ns
time shm ref   : 1655723080 s, 000000052 us, 000052775 ns
time shm rx    : 1655723080 s, 000000052 us, 000052747 ns
diff rx vs ref : -00000028 ns
VALID 2022-06-20 13:04:40.532060382 1
DIFF 2022-06-20 13:04:40.532060382 -28
time now       : 1655723081 s, 000532131 us, 532131103 ns
time shm ref   : 1655723081 s, 000000052 us, 000052230 ns
time shm rx    : 1655723081 s, 000000052 us, 000052183 ns
diff rx vs ref : -00000047 ns
VALID 2022-06-20 13:04:41.532131103 1
DIFF 2022-06-20 13:04:41.532131103 -47
time now       : 1655723082 s, 000532202 us, 532202217 ns
time shm ref   : 1655723082 s, 000000052 us, 000052037 ns
time shm rx    : 1655723082 s, 000000052 us, 000052079 ns
diff rx vs ref : 000000042 ns
VALID 2022-06-20 13:04:42.532202217 1
DIFF 2022-06-20 13:04:42.532202217 42
time now       : 1655723083 s, 000532273 us, 532273104 ns
time shm ref   : 1655723083 s, 000000052 us, 000052423 ns
time shm rx    : 1655723083 s, 000000052 us, 000052400 ns
diff rx vs ref : -00000023 ns
VALID 2022-06-20 13:04:43.532273104 1
DIFF 2022-06-20 13:04:43.532273104 -23
time now       : 1655723084 s, 000532343 us, 532343620 ns
time shm ref   : 1655723084 s, 000000052 us, 000052707 ns
time shm rx    : 1655723084 s, 000000052 us, 000052728 ns
diff rx vs ref : 000000021 ns
VALID 2022-06-20 13:04:44.532343620 1
DIFF 2022-06-20 13:04:44.532343620 21
time now       : 1655723085 s, 000532414 us, 532414904 ns
time shm ref   : 1655723085 s, 000000052 us, 000052116 ns
time shm rx    : 1655723085 s, 000000052 us, 000052213 ns
diff rx vs ref : 000000097 ns
VALID 2022-06-20 13:04:45.532414904 1
DIFF 2022-06-20 13:04:45.532414904 97
time now       : 1655723086 s, 000532485 us, 532485710 ns
time shm ref   : 1655723086 s, 000000052 us, 000052559 ns
time shm rx    : 1655723086 s, 000000052 us, 000052579 ns
diff rx vs ref : 000000020 ns
VALID 2022-06-20 13:04:46.532485710 1
DIFF 2022-06-20 13:04:46.532485710 20
time now       : 1655723087 s, 000532556 us, 532556135 ns
time shm ref   : 1655723087 s, 000000052 us, 000052116 ns
time shm rx    : 1655723087 s, 000000052 us, 000052187 ns
diff rx vs ref : 000000071 ns
VALID 2022-06-20 13:04:47.532556135 1
DIFF 2022-06-20 13:04:47.532556135 71
time now       : 1655723088 s, 000532626 us, 532626104 ns
time shm ref   : 1655723088 s, 000000051 us, 000051730 ns
time shm rx    : 1655723088 s, 000000051 us, 000051686 ns
diff rx vs ref : -00000044 ns
VALID 2022-06-20 13:04:48.532626104 1
DIFF 2022-06-20 13:04:48.532626104 -44
time now       : 1655723089 s, 000532702 us, 532702607 ns
time shm ref   : 1655723089 s, 000000052 us, 000052582 ns
time shm rx    : 1655723089 s, 000000052 us, 000052632 ns
diff rx vs ref : 000000050 ns
VALID 2022-06-20 13:04:49.532702607 1
DIFF 2022-06-20 13:04:49.532702607 50
time now       : 1655723090 s, 000532772 us, 532772663 ns
time shm ref   : 1655723090 s, 000000052 us, 000052968 ns
time shm rx    : 1655723090 s, 000000052 us, 000052949 ns
diff rx vs ref : -00000019 ns
VALID 2022-06-20 13:04:50.532772663 1
DIFF 2022-06-20 13:04:50.532772663 -19
time now       : 1655723091 s, 000532843 us, 532843258 ns
time shm ref   : 1655723091 s, 000000052 us, 000052411 ns
time shm rx    : 1655723091 s, 000000052 us, 000052443 ns
diff rx vs ref : 000000032 ns
VALID 2022-06-20 13:04:51.532843258 1
DIFF 2022-06-20 13:04:51.532843258 32
time now       : 1655723092 s, 000532914 us, 532914022 ns
time shm ref   : 1655723092 s, 000000052 us, 000052536 ns
time shm rx    : 1655723092 s, 000000052 us, 000052558 ns
diff rx vs ref : 000000022 ns
VALID 2022-06-20 13:04:52.532914022 1
DIFF 2022-06-20 13:04:52.532914022 22
time now       : 1655723093 s, 000532984 us, 532984609 ns
time shm ref   : 1655723093 s, 000000052 us, 000052854 ns
time shm rx    : 1655723093 s, 000000052 us, 000052921 ns
diff rx vs ref : 000000067 ns
VALID 2022-06-20 13:04:53.532984609 1
DIFF 2022-06-20 13:04:53.532984609 67
time now       : 1655723094 s, 000533055 us, 533055787 ns
time shm ref   : 1655723094 s, 000000052 us, 000052922 ns
time shm rx    : 1655723094 s, 000000052 us, 000052904 ns
diff rx vs ref : -00000018 ns
VALID 2022-06-20 13:04:54.533055787 1
DIFF 2022-06-20 13:04:54.533055787 -18
time now       : 1655723095 s, 000533126 us, 533126968 ns
time shm ref   : 1655723095 s, 000000052 us, 000052502 ns
time shm rx    : 1655723095 s, 000000052 us, 000052549 ns
diff rx vs ref : 000000047 ns
VALID 2022-06-20 13:04:55.533126968 1
DIFF 2022-06-20 13:04:55.533126968 47
time now       : 1655723096 s, 000533197 us, 533197749 ns
time shm ref   : 1655723096 s, 000000052 us, 000052616 ns
time shm rx    : 1655723096 s, 000000052 us, 000052688 ns
diff rx vs ref : 000000072 ns
VALID 2022-06-20 13:04:56.533197749 1
DIFF 2022-06-20 13:04:56.533197749 72
time now       : 1655723097 s, 000533269 us, 533269237 ns
time shm ref   : 1655723097 s, 000000052 us, 000052707 ns
time shm rx    : 1655723097 s, 000000052 us, 000052765 ns
diff rx vs ref : 000000058 ns
VALID 2022-06-20 13:04:57.533269237 1
DIFF 2022-06-20 13:04:57.533269237 58
time now       : 1655723098 s, 000533339 us, 533339701 ns
time shm ref   : 1655723098 s, 000000052 us, 000052445 ns
time shm rx    : 1655723098 s, 000000052 us, 000052486 ns
diff rx vs ref : 000000041 ns
VALID 2022-06-20 13:04:58.533339701 1
DIFF 2022-06-20 13:04:58.533339701 41
time now       : 1655723099 s, 000533411 us, 533411498 ns
time shm ref   : 1655723099 s, 000000052 us, 000052252 ns
time shm rx    : 1655723099 s, 000000052 us, 000052294 ns
diff rx vs ref : 000000042 ns
VALID 2022-06-20 13:04:59.533411498 1
DIFF 2022-06-20 13:04:59.533411498 42
time now       : 1655723100 s, 000533482 us, 533482267 ns
time shm ref   : 1655723100 s, 000000052 us, 000052627 ns
time shm rx    : 1655723100 s, 000000052 us, 000052630 ns
diff rx vs ref : 000000003 ns
VALID 2022-06-20 13:05:00.533482267 1
DIFF 2022-06-20 13:05:00.533482267 3
time now       : 1655723101 s, 000533552 us, 533552785 ns
time shm ref   : 1655723101 s, 000000053 us, 000053070 ns
time shm rx    : 1655723101 s, 000000053 us, 000053038 ns
diff rx vs ref : -00000032 ns
VALID 2022-06-20 13:05:01.533552785 1
DIFF 2022-06-20 13:05:01.533552785 -32
time now       : 1655723102 s, 000533623 us, 533623918 ns
time shm ref   : 1655723102 s, 000000052 us, 000052866 ns
time shm rx    : 1655723102 s, 000000052 us, 000052946 ns
diff rx vs ref : 000000080 ns
VALID 2022-06-20 13:05:02.533623918 1
DIFF 2022-06-20 13:05:02.533623918 80
time now       : 1655723103 s, 000533700 us, 533700834 ns
time shm ref   : 1655723103 s, 000000052 us, 000052661 ns
time shm rx    : 1655723103 s, 000000052 us, 000052687 ns
diff rx vs ref : 000000026 ns
VALID 2022-06-20 13:05:03.533700834 1
DIFF 2022-06-20 13:05:03.533700834 26
time now       : 1655723104 s, 000533771 us, 533771010 ns
time shm ref   : 1655723104 s, 000000052 us, 000052650 ns
time shm rx    : 1655723104 s, 000000052 us, 000052683 ns
diff rx vs ref : 000000033 ns
VALID 2022-06-20 13:05:04.533771010 1
DIFF 2022-06-20 13:05:04.533771010 33
time now       : 1655723105 s, 000533842 us, 533842127 ns
time shm ref   : 1655723105 s, 000000052 us, 000052775 ns
time shm rx    : 1655723105 s, 000000052 us, 000052781 ns
diff rx vs ref : 000000006 ns
VALID 2022-06-20 13:05:05.533842127 1
DIFF 2022-06-20 13:05:05.533842127 6
time now       : 1655723106 s, 000533914 us, 533914785 ns
time shm ref   : 1655723106 s, 000000054 us, 000054104 ns
time shm rx    : 1655723106 s, 000000054 us, 000054113 ns
diff rx vs ref : 000000009 ns
VALID 2022-06-20 13:05:06.533914785 1
DIFF 2022-06-20 13:05:06.533914785 9
time now       : 1655723107 s, 000533987 us, 533987204 ns
time shm ref   : 1655723107 s, 000000053 us, 000053831 ns
time shm rx    : 1655723107 s, 000000053 us, 000053825 ns
diff rx vs ref : -00000006 ns
VALID 2022-06-20 13:05:07.533987204 1
DIFF 2022-06-20 13:05:07.533987204 -6
time now       : 1655723108 s, 000534059 us, 534059991 ns
time shm ref   : 1655723108 s, 000000053 us, 000053797 ns
time shm rx    : 1655723108 s, 000000053 us, 000053771 ns
diff rx vs ref : -00000026 ns
VALID 2022-06-20 13:05:08.534059991 1
DIFF 2022-06-20 13:05:08.534059991 -26
time now       : 1655723109 s, 000534134 us, 534134475 ns
time shm ref   : 1655723109 s, 000000054 us, 000054297 ns
time shm rx    : 1655723109 s, 000000054 us, 000054280 ns
diff rx vs ref : -00000017 ns
VALID 2022-06-20 13:05:09.534134475 1
DIFF 2022-06-20 13:05:09.534134475 -17
time now       : 1655723110 s, 000534207 us, 534207450 ns
time shm ref   : 1655723110 s, 000000053 us, 000053615 ns
time shm rx    : 1655723110 s, 000000053 us, 000053623 ns
diff rx vs ref : 000000008 ns
VALID 2022-06-20 13:05:10.534207450 1
DIFF 2022-06-20 13:05:10.534207450 8
time now       : 1655723111 s, 000534277 us, 534277921 ns
time shm ref   : 1655723111 s, 000000053 us, 000053184 ns
time shm rx    : 1655723111 s, 000000053 us, 000053196 ns
diff rx vs ref : 000000012 ns
VALID 2022-06-20 13:05:11.534277921 1
DIFF 2022-06-20 13:05:11.534277921 12
time now       : 1655723112 s, 000534348 us, 534348486 ns
time shm ref   : 1655723112 s, 000000052 us, 000052775 ns
time shm rx    : 1655723112 s, 000000052 us, 000052768 ns
diff rx vs ref : -00000007 ns
VALID 2022-06-20 13:05:12.534348486 1
DIFF 2022-06-20 13:05:12.534348486 -7
time now       : 1655723113 s, 000534420 us, 534420526 ns
time shm ref   : 1655723113 s, 000000052 us, 000052854 ns
time shm rx    : 1655723113 s, 000000052 us, 000052846 ns
diff rx vs ref : -00000008 ns
VALID 2022-06-20 13:05:13.534420526 1
DIFF 2022-06-20 13:05:13.534420526 -8
time now       : 1655723114 s, 000534502 us, 534502846 ns
time shm ref   : 1655723114 s, 000000057 us, 000057454 ns
time shm rx    : 1655723114 s, 000000057 us, 000057525 ns
diff rx vs ref : 000000071 ns
VALID 2022-06-20 13:05:14.534502846 1
DIFF 2022-06-20 13:05:14.534502846 71
time now       : 1655723115 s, 000534578 us, 534578244 ns
time shm ref   : 1655723115 s, 000000054 us, 000054933 ns
time shm rx    : 1655723115 s, 000000055 us, 000055017 ns
diff rx vs ref : 000000084 ns
VALID 2022-06-20 13:05:15.534578244 1
DIFF 2022-06-20 13:05:15.534578244 84
time now       : 1655723116 s, 000534636 us, 534636434 ns
time shm ref   : 1655723116 s, 000000056 us, 000056841 ns
time shm rx    : 1655723116 s, 000000057 us, 000057108 ns
diff rx vs ref : 000000267 ns
VALID 2022-06-20 13:05:16.534636434 1
DIFF 2022-06-20 13:05:16.534636434 267
time now       : 1655723117 s, 000534718 us, 534718116 ns
time shm ref   : 1655723117 s, 000000054 us, 000054013 ns
time shm rx    : 1655723117 s, 000000054 us, 000054107 ns
diff rx vs ref : 000000094 ns
VALID 2022-06-20 13:05:17.534718116 1
DIFF 2022-06-20 13:05:17.534718116 94
time now       : 1655723118 s, 000534791 us, 534791639 ns
time shm ref   : 1655723118 s, 000000053 us, 000053933 ns
time shm rx    : 1655723118 s, 000000053 us, 000053912 ns
diff rx vs ref : -00000021 ns
VALID 2022-06-20 13:05:18.534791639 1
DIFF 2022-06-20 13:05:18.534791639 -21
time now       : 1655723119 s, 000534864 us, 534864633 ns
time shm ref   : 1655723119 s, 000000053 us, 000053979 ns
time shm rx    : 1655723119 s, 000000053 us, 000053848 ns
diff rx vs ref : -00000131 ns
VALID 2022-06-20 13:05:19.534864633 1
DIFF 2022-06-20 13:05:19.534864633 -131
time now       : 1655723120 s, 000534937 us, 534937275 ns
time shm ref   : 1655723120 s, 000000053 us, 000053002 ns
time shm rx    : 1655723120 s, 000000052 us, 000052864 ns
diff rx vs ref : -00000138 ns
VALID 2022-06-20 13:05:20.534937275 1
DIFF 2022-06-20 13:05:20.534937275 -138
time now       : 1655723121 s, 000535010 us, 535010385 ns
time shm ref   : 1655723121 s, 000000052 us, 000052729 ns
time shm rx    : 1655723121 s, 000000052 us, 000052582 ns
diff rx vs ref : -00000147 ns
VALID 2022-06-20 13:05:21.535010385 1
DIFF 2022-06-20 13:05:21.535010385 -147
time now       : 1655723122 s, 000535083 us, 535083828 ns
time shm ref   : 1655723122 s, 000000056 us, 000056454 ns
time shm rx    : 1655723122 s, 000000056 us, 000056305 ns
diff rx vs ref : -00000149 ns
VALID 2022-06-20 13:05:22.535083828 1
DIFF 2022-06-20 13:05:22.535083828 -149
time now       : 1655723123 s, 000535156 us, 535156165 ns
time shm ref   : 1655723123 s, 000000053 us, 000053240 ns
time shm rx    : 1655723123 s, 000000053 us, 000053148 ns
diff rx vs ref : -00000092 ns
VALID 2022-06-20 13:05:23.535156165 1
DIFF 2022-06-20 13:05:23.535156165 -92
time now       : 1655723124 s, 000535227 us, 535227394 ns
time shm ref   : 1655723124 s, 000000052 us, 000052843 ns
time shm rx    : 1655723124 s, 000000052 us, 000052907 ns
diff rx vs ref : 000000064 ns
VALID 2022-06-20 13:05:24.535227394 1
DIFF 2022-06-20 13:05:24.535227394 64
time now       : 1655723125 s, 000535298 us, 535298965 ns
time shm ref   : 1655723125 s, 000000053 us, 000053240 ns
time shm rx    : 1655723125 s, 000000053 us, 000053236 ns
diff rx vs ref : -00000004 ns
VALID 2022-06-20 13:05:25.535298965 1
DIFF 2022-06-20 13:05:25.535298965 -4
time now       : 1655723126 s, 000535370 us, 535370422 ns
time shm ref   : 1655723126 s, 000000052 us, 000052866 ns
time shm rx    : 1655723126 s, 000000052 us, 000052878 ns
diff rx vs ref : 000000012 ns
VALID 2022-06-20 13:05:26.535370422 1
DIFF 2022-06-20 13:05:26.535370422 12
time now       : 1655723127 s, 000535442 us, 535442108 ns
time shm ref   : 1655723127 s, 000000053 us, 000053104 ns
time shm rx    : 1655723127 s, 000000053 us, 000053125 ns
diff rx vs ref : 000000021 ns
VALID 2022-06-20 13:05:27.535442108 1
DIFF 2022-06-20 13:05:27.535442108 21
time now       : 1655723128 s, 000535514 us, 535514003 ns
time shm ref   : 1655723128 s, 000000055 us, 000055648 ns
time shm rx    : 1655723128 s, 000000055 us, 000055698 ns
diff rx vs ref : 000000050 ns
VALID 2022-06-20 13:05:28.535514003 1
DIFF 2022-06-20 13:05:28.535514003 50
time now       : 1655723129 s, 000535586 us, 535586762 ns
time shm ref   : 1655723129 s, 000000053 us, 000053774 ns
time shm rx    : 1655723129 s, 000000053 us, 000053861 ns
diff rx vs ref : 000000087 ns
VALID 2022-06-20 13:05:29.535586762 1
DIFF 2022-06-20 13:05:29.535586762 87
time now       : 1655723130 s, 000535635 us, 535635130 ns
time shm ref   : 1655723130 s, 000000052 us, 000052991 ns
time shm rx    : 1655723130 s, 000000053 us, 000053101 ns
diff rx vs ref : 000000110 ns
VALID 2022-06-20 13:05:30.535635130 1
DIFF 2022-06-20 13:05:30.535635130 110
time now       : 1655723131 s, 000535707 us, 535707041 ns
time shm ref   : 1655723131 s, 000000053 us, 000053263 ns
time shm rx    : 1655723131 s, 000000053 us, 000053366 ns
diff rx vs ref : 000000103 ns
VALID 2022-06-20 13:05:31.535707041 1
DIFF 2022-06-20 13:05:31.535707041 103
time now       : 1655723132 s, 000535777 us, 535777542 ns
time shm ref   : 1655723132 s, 000000052 us, 000052445 ns
time shm rx    : 1655723132 s, 000000052 us, 000052416 ns
diff rx vs ref : -00000029 ns
VALID 2022-06-20 13:05:32.535777542 1
DIFF 2022-06-20 13:05:32.535777542 -29
time now       : 1655723133 s, 000535851 us, 535851488 ns
time shm ref   : 1655723133 s, 000000053 us, 000053070 ns
time shm rx    : 1655723133 s, 000000053 us, 000053153 ns
diff rx vs ref : 000000083 ns
VALID 2022-06-20 13:05:33.535851488 1
DIFF 2022-06-20 13:05:33.535851488 83
time now       : 1655723134 s, 000535924 us, 535924201 ns
time shm ref   : 1655723134 s, 000000055 us, 000055762 ns
time shm rx    : 1655723134 s, 000000055 us, 000055933 ns
diff rx vs ref : 000000171 ns
VALID 2022-06-20 13:05:34.535924201 1
DIFF 2022-06-20 13:05:34.535924201 171
time now       : 1655723135 s, 000535996 us, 535996861 ns
time shm ref   : 1655723135 s, 000000053 us, 000053888 ns
time shm rx    : 1655723135 s, 000000053 us, 000053853 ns
diff rx vs ref : -00000035 ns
VALID 2022-06-20 13:05:35.535996861 1
DIFF 2022-06-20 13:05:35.535996861 -35
time now       : 1655723136 s, 000536070 us, 536070456 ns
time shm ref   : 1655723136 s, 000000053 us, 000053195 ns
time shm rx    : 1655723136 s, 000000053 us, 000053129 ns
diff rx vs ref : -00000066 ns
VALID 2022-06-20 13:05:36.536070456 1
DIFF 2022-06-20 13:05:36.536070456 -66
time now       : 1655723137 s, 000536145 us, 536145587 ns
time shm ref   : 1655723137 s, 000000056 us, 000056659 ns
time shm rx    : 1655723137 s, 000000056 us, 000056529 ns
diff rx vs ref : -00000130 ns
VALID 2022-06-20 13:05:37.536145587 1
DIFF 2022-06-20 13:05:37.536145587 -130
time now       : 1655723138 s, 000536217 us, 536217281 ns
time shm ref   : 1655723138 s, 000000053 us, 000053468 ns
time shm rx    : 1655723138 s, 000000053 us, 000053376 ns
diff rx vs ref : -00000092 ns
VALID 2022-06-20 13:05:38.536217281 1
DIFF 2022-06-20 13:05:38.536217281 -92
time now       : 1655723139 s, 000536288 us, 536288576 ns
time shm ref   : 1655723139 s, 000000053 us, 000053513 ns
time shm rx    : 1655723139 s, 000000053 us, 000053408 ns
diff rx vs ref : -00000105 ns
VALID 2022-06-20 13:05:39.536288576 1
DIFF 2022-06-20 13:05:39.536288576 -105
time now       : 1655723140 s, 000536359 us, 536359907 ns
time shm ref   : 1655723140 s, 000000053 us, 000053195 ns
time shm rx    : 1655723140 s, 000000053 us, 000053147 ns
diff rx vs ref : -00000048 ns
VALID 2022-06-20 13:05:40.536359907 1
DIFF 2022-06-20 13:05:40.536359907 -48
time now       : 1655723141 s, 000536431 us, 536431860 ns
time shm ref   : 1655723141 s, 000000053 us, 000053206 ns
time shm rx    : 1655723141 s, 000000053 us, 000053163 ns
diff rx vs ref : -00000043 ns
VALID 2022-06-20 13:05:41.536431860 1
DIFF 2022-06-20 13:05:41.536431860 -43
time now       : 1655723142 s, 000536506 us, 536506333 ns
time shm ref   : 1655723142 s, 000000056 us, 000056284 ns
time shm rx    : 1655723142 s, 000000056 us, 000056261 ns
diff rx vs ref : -00000023 ns
VALID 2022-06-20 13:05:42.536506333 1
DIFF 2022-06-20 13:05:42.536506333 -23
time now       : 1655723143 s, 000536580 us, 536580184 ns
time shm ref   : 1655723143 s, 000000053 us, 000053967 ns
time shm rx    : 1655723143 s, 000000054 us, 000054006 ns
diff rx vs ref : 000000039 ns
VALID 2022-06-20 13:05:43.536580184 1
DIFF 2022-06-20 13:05:43.536580184 39
time now       : 1655723144 s, 000536635 us, 536635661 ns
time shm ref   : 1655723144 s, 000000057 us, 000057079 ns
time shm rx    : 1655723144 s, 000000057 us, 000057125 ns
diff rx vs ref : 000000046 ns
VALID 2022-06-20 13:05:44.536635661 1
DIFF 2022-06-20 13:05:44.536635661 46
time now       : 1655723145 s, 000536708 us, 536708280 ns
time shm ref   : 1655723145 s, 000000054 us, 000054013 ns
time shm rx    : 1655723145 s, 000000054 us, 000054041 ns
diff rx vs ref : 000000028 ns
VALID 2022-06-20 13:05:45.536708280 1
DIFF 2022-06-20 13:05:45.536708280 28
time now       : 1655723146 s, 000536779 us, 536779563 ns
time shm ref   : 1655723146 s, 000000052 us, 000052979 ns
time shm rx    : 1655723146 s, 000000053 us, 000053039 ns
diff rx vs ref : 000000060 ns
VALID 2022-06-20 13:05:46.536779563 1
DIFF 2022-06-20 13:05:46.536779563 60
time now       : 1655723147 s, 000536852 us, 536852889 ns
time shm ref   : 1655723147 s, 000000053 us, 000053502 ns
time shm rx    : 1655723147 s, 000000053 us, 000053515 ns
diff rx vs ref : 000000013 ns
VALID 2022-06-20 13:05:47.536852889 1
DIFF 2022-06-20 13:05:47.536852889 13
time now       : 1655723148 s, 000536926 us, 536926891 ns
time shm ref   : 1655723148 s, 000000056 us, 000056613 ns
time shm rx    : 1655723148 s, 000000056 us, 000056643 ns
diff rx vs ref : 000000030 ns
VALID 2022-06-20 13:05:48.536926891 1
DIFF 2022-06-20 13:05:48.536926891 30
time now       : 1655723150 s, 000000496 us, 000496636 ns
time shm ref   : 1655723150 s, 000000053 us, 000053479 ns
time shm rx    : 1655723150 s, 000000053 us, 000053498 ns
diff rx vs ref : 000000019 ns
VALID 2022-06-20 13:05:50.000496636 1
DIFF 2022-06-20 13:05:50.000496636 19
time now       : 1655723151 s, 000000569 us, 000569452 ns
time shm ref   : 1655723151 s, 000000054 us, 000054206 ns
time shm rx    : 1655723151 s, 000000054 us, 000054170 ns
diff rx vs ref : -00000036 ns
VALID 2022-06-20 13:05:51.000569452 1
DIFF 2022-06-20 13:05:51.000569452 -36
time now       : 1655723152 s, 000000636 us, 000636328 ns
time shm ref   : 1655723152 s, 000000053 us, 000053967 ns
time shm rx    : 1655723152 s, 000000053 us, 000053941 ns
diff rx vs ref : -00000026 ns
VALID 2022-06-20 13:05:52.000636328 1
DIFF 2022-06-20 13:05:52.000636328 -26
time now       : 1655723153 s, 000000710 us, 000710965 ns
time shm ref   : 1655723153 s, 000000054 us, 000054297 ns
time shm rx    : 1655723153 s, 000000054 us, 000054266 ns
diff rx vs ref : -00000031 ns
VALID 2022-06-20 13:05:53.000710965 1
DIFF 2022-06-20 13:05:53.000710965 -31
time now       : 1655723154 s, 000000787 us, 000787058 ns
time shm ref   : 1655723154 s, 000000055 us, 000055217 ns
time shm rx    : 1655723154 s, 000000055 us, 000055141 ns
diff rx vs ref : -00000076 ns
VALID 2022-06-20 13:05:54.000787058 1
DIFF 2022-06-20 13:05:54.000787058 -76
time now       : 1655723155 s, 000000861 us, 000861940 ns
time shm ref   : 1655723155 s, 000000053 us, 000053752 ns
time shm rx    : 1655723155 s, 000000053 us, 000053698 ns
diff rx vs ref : -00000054 ns
VALID 2022-06-20 13:05:55.000861940 1
DIFF 2022-06-20 13:05:55.000861940 -54
time now       : 1655723156 s, 000000934 us, 000934240 ns
time shm ref   : 1655723156 s, 000000053 us, 000053672 ns
time shm rx    : 1655723156 s, 000000053 us, 000053649 ns
diff rx vs ref : -00000023 ns
VALID 2022-06-20 13:05:56.000934240 1
DIFF 2022-06-20 13:05:56.000934240 -23
time now       : 1655723157 s, 000001007 us, 001007611 ns
time shm ref   : 1655723157 s, 000000056 us, 000056057 ns
time shm rx    : 1655723157 s, 000000056 us, 000056057 ns
diff rx vs ref : 000000000 ns
VALID 2022-06-20 13:05:57.001007611 1
DIFF 2022-06-20 13:05:57.001007611 0
time now       : 1655723158 s, 000001082 us, 001082877 ns
time shm ref   : 1655723158 s, 000000053 us, 000053354 ns
time shm rx    : 1655723158 s, 000000053 us, 000053352 ns
diff rx vs ref : -00000002 ns
VALID 2022-06-20 13:05:58.001082877 1
DIFF 2022-06-20 13:05:58.001082877 -2
time now       : 1655723159 s, 000001155 us, 001155485 ns
time shm ref   : 1655723159 s, 000000053 us, 000053025 ns
time shm rx    : 1655723159 s, 000000052 us, 000052989 ns
diff rx vs ref : -00000036 ns
VALID 2022-06-20 13:05:59.001155485 1
DIFF 2022-06-20 13:05:59.001155485 -36
time now       : 1655723160 s, 000001227 us, 001227310 ns
time shm ref   : 1655723160 s, 000000052 us, 000052718 ns
time shm rx    : 1655723160 s, 000000052 us, 000052654 ns
diff rx vs ref : -00000064 ns
VALID 2022-06-20 13:06:00.001227310 1
DIFF 2022-06-20 13:06:00.001227310 -64
time now       : 1655723161 s, 000001298 us, 001298104 ns
time shm ref   : 1655723161 s, 000000053 us, 000053502 ns
time shm rx    : 1655723161 s, 000000053 us, 000053498 ns
diff rx vs ref : -00000004 ns
VALID 2022-06-20 13:06:01.001298104 1
DIFF 2022-06-20 13:06:01.001298104 -4
time now       : 1655723162 s, 000001369 us, 001369129 ns
time shm ref   : 1655723162 s, 000000052 us, 000052661 ns
time shm rx    : 1655723162 s, 000000052 us, 000052637 ns
diff rx vs ref : -00000024 ns
VALID 2022-06-20 13:06:02.001369129 1
DIFF 2022-06-20 13:06:02.001369129 -24
time now       : 1655723163 s, 000001441 us, 001441008 ns
time shm ref   : 1655723163 s, 000000052 us, 000052741 ns
time shm rx    : 1655723163 s, 000000052 us, 000052826 ns
diff rx vs ref : 000000085 ns
VALID 2022-06-20 13:06:03.001441008 1
DIFF 2022-06-20 13:06:03.001441008 85
