shmid 2
polltime 1.000000
time now       : 1656310661 s, 000249152 us, 249152631 ns
time shm ref   : 1656310661 s, 000000051 us, 000051582 ns
time shm rx    : 1656310661 s, 000000051 us, 000051628 ns
diff rx vs ref : 000000046 ns
VALID 2022-06-27 08:17:41.249152631 1
DIFF 2022-06-27 08:17:41.249152631 46
time now       : 1656310662 s, 000249296 us, 249296939 ns
time shm ref   : 1656310662 s, 000000054 us, 000054830 ns
time shm rx    : 1656310662 s, 000000054 us, 000054707 ns
diff rx vs ref : -00000123 ns
VALID 2022-06-27 08:17:42.249296939 1
DIFF 2022-06-27 08:17:42.249296939 -123
time now       : 1656310663 s, 000249371 us, 249371184 ns
time shm ref   : 1656310663 s, 000000052 us, 000052309 ns
time shm rx    : 1656310663 s, 000000052 us, 000052305 ns
diff rx vs ref : -00000004 ns
VALID 2022-06-27 08:17:43.249371184 1
DIFF 2022-06-27 08:17:43.249371184 -4
time now       : 1656310664 s, 000249447 us, 249447239 ns
time shm ref   : 1656310664 s, 000000052 us, 000052548 ns
time shm rx    : 1656310664 s, 000000052 us, 000052561 ns
diff rx vs ref : 000000013 ns
VALID 2022-06-27 08:17:44.249447239 1
DIFF 2022-06-27 08:17:44.249447239 13
time now       : 1656310665 s, 000249518 us, 249518673 ns
time shm ref   : 1656310665 s, 000000056 us, 000056398 ns
time shm rx    : 1656310665 s, 000000056 us, 000056502 ns
diff rx vs ref : 000000104 ns
VALID 2022-06-27 08:17:45.249518673 1
DIFF 2022-06-27 08:17:45.249518673 104
time now       : 1656310666 s, 000249589 us, 249589501 ns
time shm ref   : 1656310666 s, 000000055 us, 000055989 ns
time shm rx    : 1656310666 s, 000000056 us, 000056087 ns
diff rx vs ref : 000000098 ns
VALID 2022-06-27 08:17:46.249589501 1
DIFF 2022-06-27 08:17:46.249589501 98
time now       : 1656310667 s, 000249635 us, 249635168 ns
time shm ref   : 1656310667 s, 000000053 us, 000053354 ns
time shm rx    : 1656310667 s, 000000053 us, 000053344 ns
diff rx vs ref : -00000010 ns
VALID 2022-06-27 08:17:47.249635168 1
DIFF 2022-06-27 08:17:47.249635168 -10
time now       : 1656310668 s, 000249706 us, 249706246 ns
time shm ref   : 1656310668 s, 000000053 us, 000053184 ns
time shm rx    : 1656310668 s, 000000053 us, 000053238 ns
diff rx vs ref : 000000054 ns
VALID 2022-06-27 08:17:48.249706246 1
DIFF 2022-06-27 08:17:48.249706246 54
time now       : 1656310669 s, 000249777 us, 249777878 ns
time shm ref   : 1656310669 s, 000000056 us, 000056102 ns
time shm rx    : 1656310669 s, 000000056 us, 000056171 ns
diff rx vs ref : 000000069 ns
VALID 2022-06-27 08:17:49.249777878 1
DIFF 2022-06-27 08:17:49.249777878 69
time now       : 1656310670 s, 000249852 us, 249852779 ns
time shm ref   : 1656310670 s, 000000053 us, 000053206 ns
time shm rx    : 1656310670 s, 000000053 us, 000053216 ns
diff rx vs ref : 000000010 ns
VALID 2022-06-27 08:17:50.249852779 1
DIFF 2022-06-27 08:17:50.249852779 10
time now       : 1656310671 s, 000249925 us, 249925073 ns
time shm ref   : 1656310671 s, 000000051 us, 000051367 ns
time shm rx    : 1656310671 s, 000000051 us, 000051369 ns
diff rx vs ref : 000000002 ns
VALID 2022-06-27 08:17:51.249925073 1
DIFF 2022-06-27 08:17:51.249925073 2
time now       : 1656310672 s, 000249996 us, 249996549 ns
time shm ref   : 1656310672 s, 000000051 us, 000051866 ns
time shm rx    : 1656310672 s, 000000051 us, 000051848 ns
diff rx vs ref : -00000018 ns
VALID 2022-06-27 08:17:52.249996549 1
DIFF 2022-06-27 08:17:52.249996549 -18
time now       : 1656310673 s, 000250067 us, 250067822 ns
time shm ref   : 1656310673 s, 000000052 us, 000052457 ns
time shm rx    : 1656310673 s, 000000052 us, 000052410 ns
diff rx vs ref : -00000047 ns
VALID 2022-06-27 08:17:53.250067822 1
DIFF 2022-06-27 08:17:53.250067822 -47
time now       : 1656310674 s, 000250138 us, 250138773 ns
time shm ref   : 1656310674 s, 000000051 us, 000051673 ns
time shm rx    : 1656310674 s, 000000051 us, 000051651 ns
diff rx vs ref : -00000022 ns
VALID 2022-06-27 08:17:54.250138773 1
DIFF 2022-06-27 08:17:54.250138773 -22
time now       : 1656310675 s, 000250210 us, 250210079 ns
time shm ref   : 1656310675 s, 000000051 us, 000051174 ns
time shm rx    : 1656310675 s, 000000051 us, 000051174 ns
diff rx vs ref : 000000000 ns
VALID 2022-06-27 08:17:55.250210079 1
DIFF 2022-06-27 08:17:55.250210079 0
time now       : 1656310676 s, 000250282 us, 250282663 ns
time shm ref   : 1656310676 s, 000000060 us, 000060339 ns
time shm rx    : 1656310676 s, 000000060 us, 000060454 ns
diff rx vs ref : 000000115 ns
VALID 2022-06-27 08:17:56.250282663 1
DIFF 2022-06-27 08:17:56.250282663 115
time now       : 1656310677 s, 000250365 us, 250365725 ns
time shm ref   : 1656310677 s, 000000059 us, 000059975 ns
time shm rx    : 1656310677 s, 000000060 us, 000060129 ns
diff rx vs ref : 000000154 ns
VALID 2022-06-27 08:17:57.250365725 1
DIFF 2022-06-27 08:17:57.250365725 154
