shmid 2
polltime 1.000000
time now       : 1655128463 s, 000452080 us, 452080263 ns
time shm ref   : 1655128463 s, 000000044 us, 000044677 ns
time shm rx    : 1655128463 s, 000000044 us, 000044624 ns
diff rx vs ref : -00000053 ns
DIFF 2022-06-13 15:54:23.452080263 -53
time now       : 1655128464 s, 000452226 us, 452226203 ns
time shm ref   : 1655128464 s, 000000045 us, 000045938 ns
time shm rx    : 1655128464 s, 000000045 us, 000045973 ns
diff rx vs ref : 000000035 ns
DIFF 2022-06-13 15:54:24.452226203 35
time now       : 1655128465 s, 000452281 us, 452281849 ns
time shm ref   : 1655128465 s, 000000044 us, 000044473 ns
time shm rx    : 1655128465 s, 000000044 us, 000044559 ns
diff rx vs ref : 000000086 ns
DIFF 2022-06-13 15:54:25.452281849 86
time now       : 1655128466 s, 000452351 us, 452351638 ns
time shm ref   : 1655128466 s, 000000044 us, 000044870 ns
time shm rx    : 1655128466 s, 000000044 us, 000044966 ns
diff rx vs ref : 000000096 ns
DIFF 2022-06-13 15:54:26.452351638 96
time now       : 1655128467 s, 000452423 us, 452423439 ns
time shm ref   : 1655128467 s, 000000046 us, 000046653 ns
time shm rx    : 1655128467 s, 000000046 us, 000046752 ns
diff rx vs ref : 000000099 ns
DIFF 2022-06-13 15:54:27.452423439 99
time now       : 1655128468 s, 000452493 us, 452493171 ns
time shm ref   : 1655128468 s, 000000044 us, 000044200 ns
time shm rx    : 1655128468 s, 000000044 us, 000044319 ns
diff rx vs ref : 000000119 ns
DIFF 2022-06-13 15:54:28.452493171 119
time now       : 1655128469 s, 000452563 us, 452563409 ns
time shm ref   : 1655128469 s, 000000046 us, 000046142 ns
time shm rx    : 1655128469 s, 000000046 us, 000046230 ns
diff rx vs ref : 000000088 ns
DIFF 2022-06-13 15:54:29.452563409 88
time now       : 1655128470 s, 000452633 us, 452633713 ns
time shm ref   : 1655128470 s, 000000044 us, 000044496 ns
time shm rx    : 1655128470 s, 000000044 us, 000044604 ns
diff rx vs ref : 000000108 ns
DIFF 2022-06-13 15:54:30.452633713 108
time now       : 1655128471 s, 000452703 us, 452703222 ns
time shm ref   : 1655128471 s, 000000044 us, 000044621 ns
time shm rx    : 1655128471 s, 000000044 us, 000044577 ns
diff rx vs ref : -00000044 ns
DIFF 2022-06-13 15:54:31.452703222 -44
time now       : 1655128472 s, 000452773 us, 452773271 ns
time shm ref   : 1655128472 s, 000000046 us, 000046029 ns
time shm rx    : 1655128472 s, 000000046 us, 000046061 ns
diff rx vs ref : 000000032 ns
DIFF 2022-06-13 15:54:32.452773271 32
time now       : 1655128473 s, 000452843 us, 452843308 ns
time shm ref   : 1655128473 s, 000000045 us, 000045836 ns
time shm rx    : 1655128473 s, 000000045 us, 000045772 ns
diff rx vs ref : -00000064 ns
DIFF 2022-06-13 15:54:33.452843308 -64
time now       : 1655128474 s, 000452913 us, 452913318 ns
time shm ref   : 1655128474 s, 000000044 us, 000044552 ns
time shm rx    : 1655128474 s, 000000044 us, 000044612 ns
diff rx vs ref : 000000060 ns
DIFF 2022-06-13 15:54:34.452913318 60
time now       : 1655128475 s, 000452983 us, 452983402 ns
time shm ref   : 1655128475 s, 000000047 us, 000047528 ns
time shm rx    : 1655128475 s, 000000047 us, 000047477 ns
diff rx vs ref : -00000051 ns
DIFF 2022-06-13 15:54:35.452983402 -51
time now       : 1655128476 s, 000453053 us, 453053304 ns
time shm ref   : 1655128476 s, 000000045 us, 000045382 ns
time shm rx    : 1655128476 s, 000000045 us, 000045352 ns
diff rx vs ref : -00000030 ns
DIFF 2022-06-13 15:54:36.453053304 -30
time now       : 1655128477 s, 000453123 us, 453123818 ns
time shm ref   : 1655128477 s, 000000047 us, 000047403 ns
time shm rx    : 1655128477 s, 000000047 us, 000047363 ns
diff rx vs ref : -00000040 ns
DIFF 2022-06-13 15:54:37.453123818 -40
time now       : 1655128478 s, 000453193 us, 453193986 ns
time shm ref   : 1655128478 s, 000000044 us, 000044462 ns
time shm rx    : 1655128478 s, 000000044 us, 000044513 ns
diff rx vs ref : 000000051 ns
DIFF 2022-06-13 15:54:38.453193986 51
time now       : 1655128479 s, 000453264 us, 453264352 ns
time shm ref   : 1655128479 s, 000000044 us, 000044882 ns
time shm rx    : 1655128479 s, 000000044 us, 000044965 ns
diff rx vs ref : 000000083 ns
DIFF 2022-06-13 15:54:39.453264352 83
time now       : 1655128480 s, 000453341 us, 453341474 ns
time shm ref   : 1655128480 s, 000000044 us, 000044462 ns
time shm rx    : 1655128480 s, 000000044 us, 000044532 ns
diff rx vs ref : 000000070 ns
DIFF 2022-06-13 15:54:40.453341474 70
time now       : 1655128481 s, 000453411 us, 453411298 ns
time shm ref   : 1655128481 s, 000000045 us, 000045813 ns
time shm rx    : 1655128481 s, 000000045 us, 000045762 ns
diff rx vs ref : -00000051 ns
DIFF 2022-06-13 15:54:41.453411298 -51
time now       : 1655128482 s, 000453482 us, 453482020 ns
time shm ref   : 1655128482 s, 000000044 us, 000044416 ns
time shm rx    : 1655128482 s, 000000044 us, 000044471 ns
diff rx vs ref : 000000055 ns
DIFF 2022-06-13 15:54:42.453482020 55
time now       : 1655128483 s, 000453551 us, 453551867 ns
time shm ref   : 1655128483 s, 000000046 us, 000046279 ns
time shm rx    : 1655128483 s, 000000046 us, 000046190 ns
diff rx vs ref : -00000089 ns
DIFF 2022-06-13 15:54:43.453551867 -89
time now       : 1655128484 s, 000453621 us, 453621808 ns
time shm ref   : 1655128484 s, 000000044 us, 000044655 ns
time shm rx    : 1655128484 s, 000000044 us, 000044753 ns
diff rx vs ref : 000000098 ns
DIFF 2022-06-13 15:54:44.453621808 98
time now       : 1655128485 s, 000453692 us, 453692420 ns
time shm ref   : 1655128485 s, 000000045 us, 000045983 ns
time shm rx    : 1655128485 s, 000000045 us, 000045930 ns
diff rx vs ref : -00000053 ns
DIFF 2022-06-13 15:54:45.453692420 -53
time now       : 1655128486 s, 000453763 us, 453763179 ns
time shm ref   : 1655128486 s, 000000044 us, 000044973 ns
time shm rx    : 1655128486 s, 000000045 us, 000045042 ns
diff rx vs ref : 000000069 ns
DIFF 2022-06-13 15:54:46.453763179 69
time now       : 1655128487 s, 000453834 us, 453834899 ns
time shm ref   : 1655128487 s, 000000044 us, 000044700 ns
time shm rx    : 1655128487 s, 000000044 us, 000044611 ns
diff rx vs ref : -00000089 ns
DIFF 2022-06-13 15:54:47.453834899 -89
time now       : 1655128488 s, 000453908 us, 453908105 ns
time shm ref   : 1655128488 s, 000000046 us, 000046631 ns
time shm rx    : 1655128488 s, 000000046 us, 000046503 ns
diff rx vs ref : -00000128 ns
DIFF 2022-06-13 15:54:48.453908105 -128
time now       : 1655128489 s, 000453978 us, 453978926 ns
time shm ref   : 1655128489 s, 000000044 us, 000044666 ns
time shm rx    : 1655128489 s, 000000044 us, 000044712 ns
diff rx vs ref : 000000046 ns
DIFF 2022-06-13 15:54:49.453978926 46
time now       : 1655128490 s, 000454050 us, 454050032 ns
time shm ref   : 1655128490 s, 000000044 us, 000044621 ns
time shm rx    : 1655128490 s, 000000044 us, 000044539 ns
diff rx vs ref : -00000082 ns
DIFF 2022-06-13 15:54:50.454050032 -82
time now       : 1655128491 s, 000454120 us, 454120569 ns
time shm ref   : 1655128491 s, 000000044 us, 000044893 ns
time shm rx    : 1655128491 s, 000000044 us, 000044783 ns
diff rx vs ref : -00000110 ns
DIFF 2022-06-13 15:54:51.454120569 -110
time now       : 1655128492 s, 000454191 us, 454191815 ns
time shm ref   : 1655128492 s, 000000044 us, 000044564 ns
time shm rx    : 1655128492 s, 000000044 us, 000044517 ns
diff rx vs ref : -00000047 ns
DIFF 2022-06-13 15:54:52.454191815 -47
time now       : 1655128493 s, 000454262 us, 454262414 ns
time shm ref   : 1655128493 s, 000000046 us, 000046029 ns
time shm rx    : 1655128493 s, 000000046 us, 000046106 ns
diff rx vs ref : 000000077 ns
DIFF 2022-06-13 15:54:53.454262414 77
