registerChannelProviderLocal firstTime true
Notice: devPCIFindSpec() expect B:D.F in hex
Found SFP Strangeness 00000000
#
# Start at "2021-W34-Aug25-1357-06-CEST"
#
# Version information:
# European Spallation Source ERIC : iocsh.bash (3.3.0-PID-4993)
#
# --->--> snip -->--> 
# Please Use Version and other environment variables
# in order to report or debug this shell
#
# HOSTDISPLAY=""
# WINDOWID=""
# PWD="/home/anderssandstrom/sources/ecmc_mtca_mrf_test/iocsh"
# USER="anderssandstrom"
# LOGNAME="anderssandstrom"
# EPICS_HOST_ARCH="linux-x86_64"
# EPICS_BASE="/epics/base-7.0.4"
# E3_REQUIRE_NAME="require"
# E3_REQUIRE_VERSION="3.3.0"
# E3_REQUIRE_LOCATION="/epics/base-7.0.4/require/3.3.0"
# E3_REQUIRE_BIN="/epics/base-7.0.4/require/3.3.0/bin"
# E3_REQUIRE_DB="/epics/base-7.0.4/require/3.3.0/db"
# E3_REQUIRE_DBD="/epics/base-7.0.4/require/3.3.0/dbd"
# E3_REQUIRE_INC="/epics/base-7.0.4/require/3.3.0/include"
# E3_REQUIRE_LIB="/epics/base-7.0.4/require/3.3.0/lib"
# EPICS_DRIVER_PATH="/epics/base-7.0.4/require/3.3.0/siteMods:/epics/base-7.0.4/require/3.3.0/siteApps"
# EPICS_CA_AUTO_ADDR_LIST=""
# EPICS_CA_ADDR_LIST=""
# PATH="/epics/base-7.0.4/require/3.3.0/bin:/epics/base-7.0.4/bin/linux-x86_64:/opt/conda/condabin:/usr/local/bin:/usr/bin:/usr/local/sbin:/usr/sbin:/home/anderssandstrom/.local/bin:/home/anderssandstrom/bin"
# --->--> snip -->--> 
#
# Set REQUIRE_IOC for its internal PVs
epicsEnvSet REQUIRE_IOC "REQMOD:ccpu-33584-004-4993"
#
# Enable an exit subroutine for sotfioc
dbLoadRecords "/epics/base-7.0.4/db/softIocExit.db" "IOC=REQMOD:ccpu-33584-004-4993"
#
# Set E3_IOCSH_TOP for the absolute path where iocsh.bash is executed.
epicsEnvSet E3_IOCSH_TOP "/home/anderssandstrom/sources/ecmc_mtca_mrf_test/iocsh"
#
# 
# Load require module, which has the version 3.3.0
# 
dlload /epics/base-7.0.4/require/3.3.0/lib/linux-x86_64/librequire.so
dbLoadDatabase /epics/base-7.0.4/require/3.3.0/dbd/require.dbd
require_registerRecordDeviceDriver
Loading module info records for require
# 
# Set E3_CMD_TOP for the absolute path where evr_mtca_300_standalone.cmd exists
epicsEnvSet E3_CMD_TOP "/home/anderssandstrom/sources/ecmc_mtca_mrf_test/iocsh"
#
iocshLoad 'evr_mtca_300_standalone.cmd','SECSUB=TEST'
require mrfioc2,2.2.1rc3
Module mrfioc2 version 2.2.1-rc.3.2 found in /epics/base-7.0.4/require/3.3.0/siteMods/mrfioc2/2.2.1-rc.3.2/
Module mrfioc2 depends on devlib2 2.9.0
Module devlib2 version 2.9.0 found in /epics/base-7.0.4/require/3.3.0/siteMods/devlib2/2.9.0/
Loading library /epics/base-7.0.4/require/3.3.0/siteMods/devlib2/2.9.0/lib/linux-x86_64/libdevlib2.so
Loaded devlib2 version 2.9.0
Loading dbd file /epics/base-7.0.4/require/3.3.0/siteMods/devlib2/2.9.0/dbd/devlib2.dbd
Calling function devlib2_registerRecordDeviceDriver
Loading module info records for devlib2
Loading library /epics/base-7.0.4/require/3.3.0/siteMods/mrfioc2/2.2.1-rc.3.2/lib/linux-x86_64/libmrfioc2.so
Loaded mrfioc2 version 2.2.1-rc.3.2
Loading dbd file /epics/base-7.0.4/require/3.3.0/siteMods/mrfioc2/2.2.1-rc.3.2/dbd/mrfioc2.dbd
Calling function mrfioc2_registerRecordDeviceDriver
Loading module info records for mrfioc2
epicsEnvSet("EPICS_CA_MAX_ARRAY_BYTES","10000000")
epicsEnvSet("SYSSUB", "LAB-010")
epicsEnvSet("DISDEVID", "Ctrl-EVR-001")
epicsEnvSet("PREFIX", "TEST:Ctrl-EVR-001:")
epicsEnvSet("PCIID", "08:00.0")
# Not use in this script, but it is needed for the expansion. 
epicsEnvSet("MainEvtCODE" "14")
#
# Record names follows the template "$(P)$(R=)$(S=:)Signal-SD"
# "P" is mandatory, "R" is optional (default empty), "S" is optional (defaul separator ":")
# "DEV" is a unique identifier of the EVR card used by mrfioc2 device support layer
#
iocshLoad("/epics/base-7.0.4/require/3.3.0/siteMods/mrfioc2/2.2.1-rc.3.2//evr-mtca-300.iocsh", "P=TEST:Ctrl-EVR-001:, S=, DEV=Ctrl-EVR-001, PCIID=08:00.0")
#                       $(P)$(R)$(S=:)SubDev-Signal-SD
#  RT             - software timestamp source w/o RT thread scheduling
#                   wtRT : diable software timestamp source
#                   woRT : Default, enable it. 
mrmEvrSetupPCI("Ctrl-EVR-001",  "08:00.0")
Device Ctrl-EVR-001  8:0.0 slot=1-1
Using IRQ 142
FWVersion 0x18070207
Found version 519
Sequencer capabilitStarting iocInit
iocRun: All initialization complete
Starting NTP SHM writer for segment 2
