registerChannelProviderLocal firstTime true
#
# Start at "2022-W13-Mar28-1418-45-CEST"
#
# Version information:
# European Spallation Source ERIC : iocsh.bash (3.4.1-PID-8354)
#
# --->--> snip -->--> 
# Please Use Version and other environment variables
# in order to report or debug this shell
#
# HOSTDISPLAY=""
# WINDOWID=""
# PWD="/home/anderssandstrom/sources/ecmc_mtca_mrf_test/iocsh"
# USER="anderssandstrom"
# LOGNAME="anderssandstrom"
# EPICS_HOST_ARCH="linux-x86_64"
# EPICS_BASE="/epics/base-7.0.5"
# E3_REQUIRE_NAME="require"
# E3_REQUIRE_VERSION="3.4.1"
# E3_REQUIRE_LOCATION="/epics/base-7.0.5/require/3.4.1"
# E3_REQUIRE_BIN="/epics/base-7.0.5/require/3.4.1/bin"
# E3_REQUIRE_DB="/epics/base-7.0.5/require/3.4.1/db"
# E3_REQUIRE_DBD="/epics/base-7.0.5/require/3.4.1/dbd"
# E3_REQUIRE_INC="/epics/base-7.0.5/require/3.4.1/include"
# E3_REQUIRE_LIB="/epics/base-7.0.5/require/3.4.1/lib"
# EPICS_DRIVER_PATH="/epics/base-7.0.5/require/3.4.1/siteMods:/epics/base-7.0.5/require/3.4.1/siteApps"
# EPICS_CA_AUTO_ADDR_LIST=""
# EPICS_CA_ADDR_LIST=""
# PATH="/epics/base-7.0.5/require/3.4.1/bin:/epics/base-7.0.5/bin/linux-x86_64:/usr/condabin:/usr/local/bin:/usr/bin:/usr/local/sbin:/usr/sbin:/home/anderssandstrom/.local/bin:/home/anderssandstrom/bin"
# --->--> snip -->--> 
#
# Set REQUIRE_IOC for its internal PVs
epicsEnvSet REQUIRE_IOC "REQMOD:lab-mot-ctrl-cp-8354"
#
# Enable an exit subroutine for sotfioc
dbLoadRecords "/epics/base-7.0.5/db/softIocExit.db" "IOC=REQMOD:lab-mot-ctrl-cp-8354"
#
# Set E3_IOCSH_TOP for the absolute path where iocsh.bash is executed.
epicsEnvSet E3_IOCSH_TOP "/home/anderssandstrom/sources/ecmc_mtca_mrf_test/iocsh"
#
# 
# Load require module, which has the version 3.4.1
# 
dlload /epics/base-7.0.5/require/3.4.1/lib/linux-x86_64/librequire.so
dbLoadDatabase /epics/base-7.0.5/require/3.4.1/dbd/require.dbd
require_registerRecordDeviceDriver
Loading module info records for require
# 
# Set E3_CMD_TOP for the absolute path where ecmc.script exists
epicsEnvSet E3_CMD_TOP "/home/anderssandstrom/sources/ecmc_mtca_mrf_test/iocsh"
#
iocshLoad 'ecmc.script',''
##############################################################################
## Initiation:
epicsEnvSet("IOC" ,"IOC_MTCA")
epicsEnvSet("ECMCCFG_INIT" ,"")  #Only run startup once (auto at PSI, need call at ESS), variable set to "#" in startup.cmd
epicsEnvSet("SCRIPTEXEC" ,"iocshLoad")
# Configure ecmc
require ecmccfg 7.0.1
Module ecmccfg version 7.0.1+0 found in /epics/base-7.0.5/require/3.4.1/siteMods/ecmccfg/7.0.1+0/
Loading library /epics/base-7.0.5/require/3.4.1/siteMods/ecmccfg/7.0.1+0/lib/linux-x86_64/libecmccfg.so
Loaded ecmccfg version 7.0.1+0
Loading dbd file /epics/base-7.0.5/require/3.4.1/siteMods/ecmccfg/7.0.1+0/dbd/ecmccfg.dbd
Calling function ecmccfg_registerRecordDeviceDriver
Loading module info records for ecmccfg
# run module startup.cmd (only needed at ESS  PSI auto call at require)
iocshLoad /epics/base-7.0.5/require/3.4.1/siteMods/ecmccfg/7.0.1+0/startup.cmd, "IOC=IOC_MTCA,ECMC_VER=7.0.1,EC_RATE=1000"
#==============================================================================
# startup.cmd
on error halt
require ecmc        "7.0.1"
Module ecmc version 7.0.1+0 found in /epics/base-7.0.5/require/3.4.1/siteMods/ecmc/7.0.1+0/
Module ecmc depends on asyn 4.41.0+0
Module asyn version 4.41.0+0 found in /epics/base-7.0.5/require/3.4.1/siteMods/asyn/4.41.0+0/
Loading library /epics/base-7.0.5/require/3.4.1/siteMods/asyn/4.41.0+0/lib/linux-x86_64/libasyn.so
Loaded asyn version 4.41.0+0
Loading dbd file /epics/base-7.0.5/require/3.4.1/siteMods/asyn/4.41.0+0/dbd/asyn.dbd
Calling function asyn_registerRecordDeviceDriver
Loading module info records for asyn
Module ecmc depends on exprtk 1.2.1+0
Module exprtk version 1.2.1+0 found in /epics/base-7.0.5/require/3.4.1/siteMods/exprtk/1.2.1+0/
Loading library /epics/base-7.0.5/require/3.4.1/siteMods/exprtk/1.2.1+0/lib/linux-x86_64/libexprtk.so
Loaded exprtk version 1.2.1+0
exprtk has no dbd file
Loading module info records for exprtk
Module ecmc depends on motor 7.0.6+0
Module motor version 7.0.6+0 found in /epics/base-7.0.5/require/3.4.1/siteMods/motor/7.0.6+0/
Module motor depends on asyn 4.41.0+0
Module asyn version 4.41.0+0 already loaded
Loading library /epics/base-7.0.5/require/3.4.1/siteMods/motor/7.0.6+0/lib/linux-x86_64/libmotor.so
Loaded motor version 7.0.6+0
Loading dbd file /epics/base-7.0.5/require/3.4.1/siteMods/motor/7.0.6+0/dbd/motor.dbd
Calling function motor_registerRecordDeviceDriver
Loading module info records for motor
Loading library /epics/base-7.0.5/require/3.4.1/siteMods/ecmc/7.0.1+0/lib/linux-x86_64/libecmc.so
Loaded ecmc version 7.0.1+0
Loading dbd file /epics/base-7.0.5/require/3.4.1/siteMods/ecmc/7.0.1+0/dbd/ecmc.dbd
Calling function ecmc_registerRecordDeviceDriver
Loading module info records for ecmc
ecmcEpicsEnvSetCalcTernary(ECMC_EXE_CMD, "'ecmcMotorRecord'='EthercatMC'", "require  EthercatMC 3.0.2 # Using EthercatMC motor record support.","# Using ecmcMotorRecord motor record support.")
# Using ecmcMotorRecord motor record support.
epicsEnvUnset(ECMC_EXE_CMD)
epicsEnvSet("ECMC_CONFIG_ROOT",     "/epics/base-7.0.5/require/3.4.1/siteMods/ecmccfg/7.0.1+0/")
epicsEnvSet("ECMC_CONFIG_DB",       "/epics/base-7.0.5/require/3.4.1/siteMods/ecmccfg/7.0.1+0/db")
epicsEnvSet("SCRIPTEXEC",           "iocshLoad")
epicsEnvSet("SM_PREFIX",            "IOC_MTCA:")    # colon added since IOC is _not_ PREFIX
epicsEnvSet("ECMC_PROC_HOOK",       "")
epicsEnvSet(ECMC_MODE, FULL)
ecmcEpicsEnvSetCalcTernary(ECMC_SUPPORT_MOTION, "'FULL'=='FULL'","","# MODE == DAQ, DISABLING MOTION.")
epicsEnvShow(ECMC_SUPPORT_MOTION)
ECMC_SUPPORT_MOTION=
ecmcFileExist("/epics/base-7.0.5/require/3.4.1/siteMods/ecmccfg/7.0.1+0/initAll.cmd",1)
iocshLoad "/epics/base-7.0.5/require/3.4.1/siteMods/ecmccfg/7.0.1+0/initAll.cmd"
#==============================================================================
# initAll.cmd
ecmcFileExist("/epics/base-7.0.5/require/3.4.1/siteMods/ecmccfg/7.0.1+0/init.cmd",1)
iocshLoad /epics/base-7.0.5/require/3.4.1/siteMods/ecmccfg/7.0.1+0/init.cmd
#==============================================================================
# init.cmd
epicsEnvSet("ECMC_ASYN_TIMEOUT",      1)                   # Asyn timeout
epicsEnvSet("ECMC_ASYN_ADDR",         0)                   # Asyn Address
epicsEnvSet("ECMC_MOTOR_PORT",        "NOT SET")
epicsEnvSet("ECMC_ASYN_PORT",         "NOT SET")
epicsEnvSet("ECMC_PREFIX",            "NOT SET")
epicsEnvSet("ECMC_GEN_EC_RECORDS",    "NOT SET")
epicsEnvSet("ECMC_GEN_AX_RECORDS",    "NOT SET")
epicsEnvSet("ECMC_EC_AXIS_HEALTH",    "NOT SET")
epicsEnvSet("ECMC_PLC_SAMPLE_RATE_MS", "NOT SET")
epicsEnvSet("ECMC_TSE",               -2)
ecmcFileExist("/epics/base-7.0.5/require/3.4.1/siteMods/ecmccfg/7.0.1+0/initAxis.cmd",1)
iocshLoad "/epics/base-7.0.5/require/3.4.1/siteMods/ecmccfg/7.0.1+0/initAxis.cmd"
#==============================================================================
# initAxis.cmd
epicsEnvSet("ECMC_MOTOR_NAME",            "NOT SET")
epicsEnvSet("ECMC_R",                     "NOT SET")
epicsEnvSet("ECMC_AXIS_NO",               "NOT SET")
epicsEnvSet("ECMC_DESC",                  "NOT SET")
epicsEnvSet("ECMC_EGU",                   "NOT SET")       # Motor Record Unit
epicsEnvSet("ECMC_PREC",                  "NOT SET")       # Motor Record Precision
epicsEnvSet("ECMC_AXISCONFIG",            "NOT SET")       # Extra parameters to driver
epicsEnvSet("ECMC_EC_AXIS_HEALTH",        "NOT SET")       # Entry for axis health output (example: ec0.s1.BO_1.0)
epicsEnvSet("ECMC_ENC_SCALE_NUM",         "NOT SET")
epicsEnvSet("ECMC_ENC_SCALE_DENOM",       "NOT SET")
epicsEnvSet("ECMC_ENC_BITS",              "NOT SET")
epicsEnvSet("ECMC_ENC_TYPE",              "NOT SET")       # Type: 0=Incremental, 1=Absolute
epicsEnvSet("ECMC_EC_ENC_ACTPOS",         "NOT SET")       # Ethercat entry for actual position input (encoder)
epicsEnvSet("ECMC_ENC_ABS_BITS",          "NOT SET")       # Absolute bit count (for absolute encoders) always least significant part
epicsEnvSet("ECMC_ENC_ABS_OFFSET",        "NOT SET")       # Encoder offset in eng units (for absolute encoders)
epicsEnvSet("ECMC_EC_ENC_LATCHPOS",       "")              # Ethercat entry for latch position (only valid for home seq 11,12)
epicsEnvSet("ECMC_EC_ENC_LATCH_CONTROL",  "")              # Ethercat entry for latch control (only valid for home seq 11,12)
epicsEnvSet("ECMC_EC_ENC_LATCH_STATUS",   "")              # Ethercat entry for latch status (only valid for home seq 11,12)
epicsEnvSet("ECMC_DRV_SCALE_NUM",         "NOT SET")
epicsEnvSet("ECMC_DRV_SCALE_DENOM",       "NOT SET")
epicsEnvSet("ECMC_EC_DRV_CONTROL",        "NOT SET")       # Ethercat entry for control word or bit output
epicsEnvSet("ECMC_EC_DRV_STATUS",         "NOT SET")       # Ethercat entry for status word or bit input
epicsEnvSet("ECMC_EC_DRV_VELOCITY",       "NOT SET")       # Ethercat entry for velocity setpoint output
epicsEnvSet("ECMC_EC_DRV_BRAKE",          "NOT SET")       # Ethercat entry for brake output
epicsEnvSet("ECMC_EC_DRV_REDUCE_TORQUE",  "NOT SET")       # Ethercat entry for reduce torque output
epicsEnvSet("ECMC_DRV_BRAKE_OPEN_DLY_TIME",    "NOT SET")  # Brake timing parameter in cycles (default 1kHz)
epicsEnvSet("ECMC_DRV_BRAKE_CLOSE_AHEAD_TIME", "NOT SET")  # Brake timing parameter in cycles (default 1kHz)
epicsEnvSet("ECMC_VELO",                  "NOT SET")
epicsEnvSet("ECMC_JOG_VEL",               "NOT SET")
epicsEnvSet("ECMC_JAR",                   "NOT SET")       # JAR defaults to VELO/ACCL
epicsEnvSet("ECMC_ACCL",                  "NOT SET")
epicsEnvSet("ECMC_EMERG_DECEL",           "NOT SET")       # Emergency deceleration
epicsEnvSet("ECMC_HOME_PROC",              "NOT SET")
epicsEnvSet("ECMC_HOME_POS",               "NOT SET")
epicsEnvSet("ECMC_HOME_VEL_TO",            "NOT SET")
epicsEnvSet("ECMC_HOME_VEL_FRM",           "NOT SET")
epicsEnvSet("ECMC_HOME_ACC",               "NOT SET")
epicsEnvSet("ECMC_HOME_DEC",               "NOT SET")
epicsEnvSet("ECMC_HOME_LATCH_COUNT_OFFSET","0")
epicsEnvSet("ECMC_CNTRL_KP",              "NOT SET")
epicsEnvSet("ECMC_CNTRL_KI",              "NOT SET")
epicsEnvSet("ECMC_CNTRL_KD",              "NOT SET")
epicsEnvSet("ECMC_CNTRL_KFF",             "NOT SET")
epicsEnvSet("ECMC_EC_MON_LOWLIM",         "NOT SET")       #  Ethercat entry for low limit switch input
epicsEnvSet("ECMC_EC_MON_HIGHLIM",        "NOT SET")       #  Ethercat entry for high limit switch inpuit
epicsEnvSet("ECMC_EC_MON_HOME_SWITCH",    "NOT SET")       #  Ethercat entry for home switch input
epicsEnvSet("ECMC_EC_MON_EXT_INTERLOCK",  "NOT SET")       #  Ethercat entry for external interlock input
epicsEnvSet("ECMC_SOFT_LOW_LIM",          "NOT SET")
epicsEnvSet("ECMC_SOFT_HIGH_LIM",         "NOT SET")
epicsEnvSet("ECMC_DXLM_ENABLE",           "NOT SET")
epicsEnvSet("ECMC_MON_LAG_MON_TOL",       "NOT SET")
epicsEnvSet("ECMC_MON_LAG_MON_TIME",      "NOT SET")
epicsEnvSet("ECMC_MON_LAG_MON_ENA",       "NOT SET")
epicsEnvSet("ECMC_MON_AT_TARGET_TOL",     "NOT SET")
epicsEnvSet("ECMC_MON_AT_TARGET_TIME",    "NOT SET")
epicsEnvSet("ECMC_MON_AT_TARGET_ENA",     "NOT SET")
epicsEnvSet("ECMC_MON_VELO_MAX",          "NOT SET")
epicsEnvSet("ECMC_MON_VELO_MAX_TRAJ_TIME","NOT SET")
epicsEnvSet("ECMC_MON_VELO_MAX_DRV_TIME", "NOT SET")
epicsEnvSet("ECMC_MON_VELO_MAX_ENA",      "NOT SET")
epicsEnvSet("ECMC_EGU",               "mm")
epicsEnvSet("ECMC_PREC",              3)
epicsEnvSet("ECMC_AXISFIELDINIT",     "")                  # Extra field init to motor record
epicsEnvSet("ECMC_AXISCONFIG",        "")                  # Extra parameters to driver
############################################################
############# ASYN Configuration:
epicsEnvSet("ECMC_MOTOR_PORT"     "MCU1")
epicsEnvSet("ECMC_ASYN_PORT"      "MC_CPU1")
epicsEnvSet("ECMC_PREFIX"         "IOC_MTCA:")
ecmcAsynPortDriverConfigure(MC_CPU1,1000,0,0,100)
ecmcAsynPortDriverConfigure: portName = MC_CPU1, paramTableSize = 1000, disableAutoConnect = 0, priority = 0, defaultSampleRateMS = 100.000000
asynOctetSetOutputEos(MC_CPU1, -1, ";\n")
asynOctetSetInputEos(MC_CPU1, -1, ";\n")
asynSetTraceMask(MC_CPU1, -1, 0x41)
asynSetTraceIOMask(MC_CPU1, -1, 6)
asynSetTraceInfoMask(MC_CPU1, -1, 1)
ecmcMotorRecordCreateController(MCU1, MC_CPU1,2022/03/28 14:18:46.013 
ECMC Initializes.............
2022/03/28 14:18:46.013 ESS Open Source EtherCAT Motion Control Epics Module2022/03/28 14:18:46.013 
Mode: Configuration
2022/03/28 14:18:46.013 OK
2022/03/28 14:18:46.013 OK
2022/03/28 14:18:46.014 OK
2022/03/28 14:18:46.017 OK
2022/03/28 14:18:46.024 OK
2022/03/28 14:18:46.024 OK
2022/03/28 14:18:46.024 OK
2022/03/28 14:18:46.026 OK
2022/03/28 14:18:46.027 OK
2022/03/28 14:18:46.028 OK
2022/03/28 14:18:46.028 OK
2022/03/28 14:18:46.028 OK
 "64", 200, 1000, "")
############################################################
############# Misc settings:
# Disable function call trace printouts
ecmcConfigOrDie "Cfg.SetEnableFuncCallDiag(0)"
# Disable on change printouts from objects (enable for easy logging)
ecmcConfigOrDie "Cfg.SetTraceMaskBit(15,0)"
# Choose to generate EPICS-records for EtherCAT-entries
# (For records use ECMC_GEN_EC_RECORDS="-records" otherwise ECMC_GEN_EC_RECORDS="")
epicsEnvSet("ECMC_GEN_EC_RECORDS",          "-records")
# Choose to generate EPICS-records for ax-entries (PosAct, SetPos,..)
# (For records use ECMC_GEN_AX_RECORDS="-records" otherwise ECMC_GEN_AX_RECORDS="")
epicsEnvSet("ECMC_GEN_AX_RECORDS",          "-records")
# suffix for pva enabled scripts, templates and substitutions
ecmcEpicsEnvSetCalcTernary(ECMC_PVA, "0", "Pva","")
# Set EtherCAT frequency (defaults to 1000)
ecmcConfigOrDie "Cfg.SetSampleRate(1000)"
epicsEnvSet("ECMC_EC_SAMPLE_RATE" ,   1000)
ecmcEpicsEnvSetCalc("ECMC_EC_SAMPLE_RATE_MS" ,1000/1000)
# Update records in 10ms (100Hz) for FULL MODE and in EC_RATE for DAQ mode
ecmcEpicsEnvSetCalcTernary(ECMC_SAMPLE_RATE_MS, "'FULL'=='DAQ'","1","10")
epicsEnvSet("ECMC_P_SCRIPT",        "mXsXXX")
ecmcEpicsEnvSetCalcTernary(ECMC_MASTER_CMD, "0>=0", "","#- ")
 ecmcFileExist("/epics/base-7.0.5/require/3.4.1/siteMods/ecmccfg/7.0.1+0/addMaster.cmd",1)
 iocshLoad "/epics/base-7.0.5/require/3.4.1/siteMods/ecmccfg/7.0.1+0/addMaster.cmd", "MASTER_ID=0"
#===============================================================================
# addMaster.cfg
epicsEnvSet("ECMC_EC_MASTER_ID"          "0")
# Claim master
ecmcConfigOrDie "Cfg.EcSetMaster(0)"
epicsEnvSet("ECMC_EC_MASTER_ID" ,0)
epicsEnvSet("ECMC_TMP_DIR",         "/tmp/IOC_MTCA/EcMaster_0/")
system "mkdir -p /tmp/IOC_MTCA/EcMaster_0/"
epicsEnvSet("ECMC_TMP_DIR",         "/tmp/IOC_MTCA/EcMaster_0/")
system "mkdir -p /tmp/IOC_MTCA/EcMaster_0/"
ecmcFileExist("/epics/base-7.0.5/require/3.4.1/siteMods/ecmccfg/7.0.1+0/setDiagnostics.cmd",1)
iocshLoad /epics/base-7.0.5/require/3.4.1/siteMods/ecmccfg/7.0.1+0/setDiagnostics.cmd
#==============================================================================
# setDiagnostics.cmd
ecmcConfigOrDie "Cfg.EcSetDiagnostics(1)"
ecmcConfigOrDie "Cfg.EcEnablePrintouts(0)"
ecmcConfigOrDie "Cfg.EcSetDomainFailedCyclesLimit(100)"
epicsEnvSet("ECMCCFG_INIT" ,"#")
# Note NELM equals oversampling factor in this case. Use +-320mv Config file for all 4 channels
epicsEnvSet("NELM",              "20")
epicsEnvSet("ECMC_EC_SLAVE_NUM",              "5")
iocshLoad /epics/base-7.0.5/require/3.4.1/siteMods/ecmccfg/7.0.1+0/addSlave.cmd, "SLAVE_ID=5, HW_DESC=EL1252"
#==============================================================================
# addSlave.cmd
epicsEnvSet("ECMC_EC_SLAVE_NUM",  "5")
epicsEnvSet("HW_DESC",            "EL1252")
epicsEnvSet("P_SCRIPT",           "mXsXXX")
# add ${HW_DESC} to the bus at position ${SLAVE_ID}
ecmcFileExist("/epics/base-7.0.5/require/3.4.1/siteMods/ecmccfg/7.0.1+0/ecmcEL1252.cmd",1)
iocshLoad "/epics/base-7.0.5/require/3.4.1/siteMods/ecmccfg/7.0.1+0/ecmcEL1252.cmd" "NELM=20"
epicsEnvSet("ECMC_EC_HWTYPE"             "EL1252")
epicsEnvSet("ECMC_EC_VENDOR_ID"          "0x2")
epicsEnvSet("ECMC_EC_PRODUCT_ID"         "0x04e43052")
iocshLoad /epics/base-7.0.5/require/3.4.1/siteMods/ecmccfg/7.0.1+0/slaveVerify.cmd
ecmcEpicsEnvSetCalcTernary(ECMC_SLAVE_VERIFY, "0==0", "","#- ")
ecmcConfigOrDie "Cfg.EcSlaveVerify(0,5,0x2,0x04e43052)"
ecmcEpicsEnvSetCalcTernary(ECMC_SLAVE_RESET, "0>0", "","#- ")
epicsEnvSet(ECMC_EC_SLAVE_FW, "0x0000")
epicsEnvUnset(ECMC_SLAVE_VERIFY)
epicsEnvUnset(ECMC_COMMENT)
iocshLoad /epics/base-7.0.5/require/3.4.1/siteMods/ecmccfg/7.0.1+0/ecmcEX1002.cmd
ecmcConfigOrDie "Cfg.EcAddEntryDT(5,0x2,0x04e43052,2,0,0x1a00,0x6000,0x1,B1,binaryInput01)"
ecmcConfigOrDie "Cfg.EcAddEntryDT(5,0x2,0x04e43052,2,0,0x1a01,0x6010,0x1,B1,binaryInput02)"
ecmcConfigOrDie "Cfg.EcAddEntryDT(5,0x2,0x04e43052,2,1,0x1a13,0x1d09,0xae,U8,status01)"
ecmcConfigOrDie "Cfg.EcAddEntryDT(5,0x2,0x04e43052,2,1,0x1a13,0x1d09,0xaf,U8,status02)"
ecmcConf2022/03/28 14:18:46.028 OK
2022/03/28 14:18:46.028 OK
2022/03/28 14:18:46.028 OK
2022/03/28 14:18:46.028 OK
2022/03/28 14:18:46.039 OK
2022/03/28 14:18:46.039 OK
2022/03/28 14:18:46.039 OK
2022/03/28 14:18:46.039 OK
2022/03/28 14:18:46.039 OK
2022/03/28 14:18:46.039 OK
2022/03/28 14:18:46.047 INFO: Locking memory
2022/03/28 14:18:46.047 WARNING: mlockall() failed (0x20045).
2022/03/28 14:18:46.051 Starting up EtherCAT bus: 0 second(s). Max wait time 30 second(s).
2022/03/28 14:18:46.145 ../devEcmcSup/ethercat/ecmcEcSlave.cpp/checkConfigState:374: ERROR: Slave 5: Not operational (0x24011).
2022/03/28 14:18:46.145 ../devEcmcSup/ethercat/ecmcEcSlave.cpp/checkConfigState:379: ERROR_EC_SLAVE_NOT_OPERATIONAL (0x24011).
2022/03/28 14:18:46.247 ../devEcmcSup/main/ecmcError.cpp/errorReset:103: NO_ERROR (0x0).
2022/03/28 14:18:48.051 EtherCAT bus started!
2022/03/28 14:18:48.051 OK
2022/03/28 14:18:48.052 ecmcAsynPortDriver:getEpicsState: EPICS state: initHookAtIocBuild (0). Allow callbacks: true.
Starting iocInit
2022/03/28 14:18:48.052 ecmcAsynPortDriver:getEpicsState: EPICS state: initHookAtBeginning (1). Allow callbacks: true.
2022/03/28 14:18:48.052 ecmcAsynPortDriver:getEpicsState: EPICS state: initHookAfterCallbackInit (2). Allow callbacks: true.
2022/03/28 14:18:48.052 ecmcAsynPortDriver:getEpicsState: EPICS state: initHookAfterCaLinkInit (3). Allow callbacks: true.
2022/03/28 14:18:48.052 ecmcAsynPortDriver:getEpicsState: EPICS state: initHookAfterInitDrvSup (4). Allow callbacks: true.
2022/03/28 14:18:48.052 ecmcAsynPortDriver:getEpicsState: EPICS state: initHookAfterInitRecSup (5). Allow callbacks: true.
2022/03/28 14:18:48.052 ecmcAsynPortDriver:getEpicsState: EPICS state: initHookAfterInitDevSup (6). Allow callbacks: true.
2022/03/28 14:18:48.052 ecmcAsynPortDriver:drvUserCreate: Parameter ecmc.error.reset linked to record (asyn reason 1).
2022/03/28 14:18:48.052 ecmcAsynPortDriver:drvUserCreate: Parameter ec0.s5.status01 linked to record (asyn reason 2).
2022/03/28 14:18:48.052 ecmcAsynPortDriver:drvUserCreate: Parameter ec0.s5.status02 linked to record (asyn reason 3).
2022/03/28 14:18:48.053 ecmcAsynPortDriver:drvUserCreate: Parameter ecmc.error.msg linked to record (asyn reason 4).
2022/03/28 14:18:48.053 ecmcAsynPortDriver:drvUserCreate: Parameter ecmc.updated linked to record (asyn reason 5).
2022/03/28 14:18:48.053 ecmcAsynPortDriver:drvUserCreate: Parameter ec0.s5.slavestatus linked to record (asyn reason 6).
2022/03/28 14:18:48.053 ecmcAsynPortDriver:drvUserCreate: Parameter ec0.masterstatus linked to record (asyn reason 7).
2022/03/28 14:18:48.053 ecmcAsynPortDriver:drvUserCreate: Parameter ec0.slavecounter linked to record (asyn reason 8).
2022/03/28 14:18:48.053 ecmcAsynPortDriver:drvUserCreate: Parameter ec0.memmapcounter linked to record (asyn reason 9).
2022/03/28 14:18:48.053 ecmcAsynPortDriver:drvUserCreate: Parameter ec0.domainfailcountertotal linked to record (asyn reason 10).
2022/03/28 14:18:48.053 ecmcAsynPortDriver:drvUserCreate: Parameter ec0.entrycounter linked to record (asyn reason 11).
2022/03/28 14:18:48.053 ecmcAsynPortDriver:drvUserCreate: Parameter ec0.domainstatus linked to record (asyn reason 12).
2022/03/28 14:18:48.053 ecmcAsynPortDriver:drvUserCreate: Parameter ec0.s5.binaryInput01 linked to record (asyn reason 13).
2022/03/28 14:18:48.053 ecmcAsynPortDriver:drvUserCreate: Parameter ec0.s5.binaryInput02 linked to record (asyn reason 14).
2022/03/28 14:18:48.053 ecmcAsynPortDriver:drvUserCreate: Parameter ec0.ok linked to record (asyn reason 15).
2022/03/28 14:18:48.054 ecmcAsynPortDriver:drvUserCreate: Parameter ec0.s5.ONE linked to record (asyn reason 16).
2022/03/28 14:18:48.054 ecmcAsynPortDriver:drvUserCreate: Parameter ec0.s5.ZERO linked to record (asyn reason 17).
igOrDie "Cfg.EcAddEntryDT(5,0x2,0x04e43052,2,1,0x1a13,0x1d09,0xb0,U64,timestampLatchPositive01)"
ecmcConfigOrDie "Cfg.EcAddEntryDT(5,0x2,0x04e43052,2,1,0x1a13,0x1d09,0xb8,U64,timestampLatchNegative01)"
ecmcConfigOrDie "Cfg.EcAddEntryDT(5,0x2,0x04e43052,2,1,0x1a13,0x1d09,0xc0,U64,timestampLatchPositive02)"
ecmcConfigOrDie "Cfg.EcAddEntryDT(5,0x2,0x04e43052,2,1,0x1a13,0x1d09,0xc8,U64,timestampLatchNegative02)"
# deduce what the prefix should be
ecmcFileExist("/epics/base-7.0.5/require/3.4.1/siteMods/ecmccfg/7.0.1+0/ecmcmXsXXX.cmd",1)
iocshLoad "/epics/base-7.0.5/require/3.4.1/siteMods/ecmccfg/7.0.1+0/ecmcmXsXXX.cmd" "MASTER_ID=0,SLAVE_POS=5,HWTYPE=EL1252"
#==============================================================================
# ecmcmXsXXX.cmd
ecmcEpicsEnvSetCalc("sid", "5","%03d")
ecmcEpicsEnvSetCalc("mid", "0","%01d")
epicsEnvSet("ECMC_G",            "IOC_MTCA:m0s005")
epicsEnvSet("ECMC_P",            "IOC_MTCA:m0s005-")
epicsEnvUnset(sid)
epicsEnvUnset(mid)
ecmcEpicsEnvSetCalcTernary(DEFAULT_SUBS, "True", "","#- ")
iocshLoad "/epics/base-7.0.5/require/3.4.1/siteMods/ecmccfg/7.0.1+0/applySubstitutions.cmd" "SUBST_FILE=ecmcEL1252.substitutions,ECMC_P=IOC_MTCA:m0s005-"
#==============================================================================
# applySubstitutions.cmd
ecmcFileExist(ecmcEL1252.substitutions,1,1)
dbLoadTemplate(ecmcEL1252.substitutions,"ECMC_P=IOC_MTCA:m0s005-,ECMC_G=IOC_MTCA:m0s005,PORT=MC_CPU1,ADDR=0,TIMEOUT=1,MASTER_ID=0,SLAVE_POS=5,HWTYPE=EL1252,T_SMP_MS=10,TSE=-2,NELM=20")
epicsEnvUnset(DEFAULT_SUBS)
ecmcEpicsEnvSetCalcTernary(DEFAULT_SLAVE_PVS, "True", "","#- ")
iocshLoad "/epics/base-7.0.5/require/3.4.1/siteMods/ecmccfg/7.0.1+0/applyTemplate.cmd" "TEMPLATE_FILE=ecmcEcSlave.template,ECMC_P=IOC_MTCA:m0s005-,ECMC_G=IOC_MTCA:m0s005"
#==============================================================================
# applyTemplate.cmd
ecmcFileExist(ecmcEcSlave.template,1,1)
dbLoadRecords("ecmcEcSlave.template", "ECMC_P=IOC_MTCA:m0s005-,ECMC_G=IOC_MTCA:m0s005,PORT=MC_CPU1,ADDR=0,TIMEOUT=1,MASTER_ID=0,SLAVE_POS=5,HWTYPE=EL1252,T_SMP_MS=10,TSE=-2,")
epicsEnvUnset(DEFAULT_SLAVE_PVS)
# increment SLAVE_ID
ecmcEpicsEnvSetCalc("SLAVE_ID", "5+1","%d")
epicsEnvSet("ECMC_SAMPLE_RATE_MS", 10)
#Apply hardware configuration
ecmcConfigOrDie "Cfg.EcApplyConfig(1)"
# Use CLOCK_REALTIME
ecmcConfigOrDie "Cfg.EcUseClockRealtime(1)"
ecmcConfigOrDie "Cfg.EcSelectReferenceDC(0,5)"
##############################################################################
## Configure diagnostics:
ecmcConfigOrDie "Cfg.EcSetDiagnostics(1)"
ecmcConfigOrDie "Cfg.EcEnablePrintouts(0)"
ecmcConfigOrDie "Cfg.EcSetDomainFailedCyclesLimit(100)"
##############################################################################
## go active
iocshLoad (/epics/base-7.0.5/require/3.4.1/siteMods/ecmccfg/7.0.1+0/setAppMode.cmd)
#==============================================================================
# setAppMode.cmd
ecmcFileExist("/epics/base-7.0.5/require/3.4.1/siteMods/ecmccfg/7.0.1+0/general.cmd",1)
iocshLoad /epics/base-7.0.5/require/3.4.1/siteMods/ecmccfg/7.0.1+0/general.cmd
#==============================================================================
# general.cmd
ecmcFileExist("ecmcGeneral.db",1,1)
dbLoadRecords("ecmcGeneral.db","P=IOC_MTCA:,PORT=MC_CPU1,ADDR=0,TIMEOUT=1,T_SMP_MS=10,TSE=-2,ECMC_PROC_HOOK=")
# Examples of commands for info:
# ecmcReport <level> or asynReport <level>
# ecmcReport 3
# ecmcGrepParam <pattern>
# List all ecmc params for ethercat slave 2:
# ecmcGrepParam *s2*
#
ecmcEpicsEnvSetCalcTernary(ECMC_MASTER_CMD, "0>=0", "","#- ")
 ecmcFileExist("ecmcEc.db",1,1)
 dbLoadRecords("ecmcEc.db","P=IOC_MTCA:,PORT=MC_CPU1,ADDR=0,TIMEOUT=1,MASTER_ID=0,T_SMP_MS=10,TSE=-2")
ecmcConfigOrDie "Cfg.SetAppMode(1)"
iocInit()
############################################################################
## EPICS R7.0.5-E3-7.0.5-patch
## Rev. 2021-03-19T04:42+0100
############################################################################
ECATtimestamp aSubRecord: IOC_MTCA:m0s005-BI01-TimeRiseTS
ECATtimestamp aSubRecord: IOC_MTCA:m0s005-BI01-TimeFallTS
ECATtimestamp aSubRecord: IOC_MTCA:m0s005-BI02-TimeRiseTS
ECATtimestamp aSubRecord: IOC_MTCA:m0s005-BI02-TimeFallTS
2022/03/28 14:18:48.054 ecmcAsynPortDriver:drvUserCreate: Parameter ec0.s5.timestampLatchPositive01 linked to record (asyn reason 18).
2022/03/28 14:18:48.054 ecmcAsynPortDriver:drvUserCreate: Parameter ec0.s5.timestampLatchNegative01 linked to record (asyn reason 19).
2022/03/28 14:18:48.054 ecmcAsynPortDriver:drvUserCreate: Parameter ec0.s5.timestampLatchPositive02 linked to record (asyn reason 20).
2022/03/28 14:18:48.054 ecmcAsynPortDriver:drvUserCreate: Parameter ec0.s5.timestampLatchNegative02 linked to record (asyn reason 21).
2022/03/28 14:18:48.055 ecmcAsynPortDriver:drvUserCreate: Parameter ecmc.appmode linked to record (asyn reason 22).
2022/03/28 14:18:48.055 ecmcAsynPortDriver:drvUserCreate: Parameter ecmc.error.id linked to record (asyn reason 23).
2022/03/28 14:18:48.055 ecmcAsynPortDriver:drvUserCreate: Parameter ecmc.thread.latency.min linked to record (asyn reason 24).
2022/03/28 14:18:48.055 ecmcAsynPortDriver:drvUserCreate: Parameter ecmc.thread.latency.max linked to record (asyn reason 25).
2022/03/28 14:18:48.055 ecmcAsynPortDriver:drvUserCreate: Parameter ecmc.thread.period.min linked to record (asyn reason 26).
2022/03/28 14:18:48.056 ecmcAsynPortDriver:drvUserCreate: Parameter ecmc.thread.period.max linked to record (asyn reason 27).
2022/03/28 14:18:48.056 ecmcAsynPortDriver:drvUserCreate: Parameter ecmc.thread.execute.min linked to record (asyn reason 28).
2022/03/28 14:18:48.056 ecmcAsynPortDriver:drvUserCreate: Parameter ecmc.thread.execute.max linked to record (asyn reason 29).
2022/03/28 14:18:48.056 ecmcAsynPortDriver:drvUserCreate: Parameter ecmc.thread.send.min linked to record (asyn reason 30).
2022/03/28 14:18:48.057 ecmcAsynPortDriver:drvUserCreate: Parameter ecmc.thread.send.max linked to record (asyn reason 31).
2022/03/28 14:18:48.058 ecmcAsynPortDriver:getEpicsState: EPICS state: initHookAfterInitDatabase (7). Allow callbacks: true.
2022/03/28 14:18:48.058 ecmcAsynPortDriver:getEpicsState: EPICS state: initHookAfterFinishDevSup (8). Allow callbacks: true.
2022/03/28 14:18:48.558 ecmcAsynPortDriver:getEpicsState: EPICS state: initHookAfterScanInit (9). Allow callbacks: true.
2022/03/28 14:18:48.558 ecmcAsynPortDriver:getEpicsState: EPICS state: initHookAfterInitialProcess (10). Allow callbacks: true.
cas warning: Configured TCP port was unavailable.
cas warning: Using dynamically assigned TCP port 38562,
cas warning: but now two or more servers share the same UDP port.
cas warning: Depending on your IP kernel this server may not be
cas warning: reachable with UDP unicast (a host's IP in EPICS_CA_ADDR_LIST)
2022/03/28 14:18:48.559 ecmcAsynPortDriver:getEpicsState: EPICS state: Unknown state (11). Allow callbacks: true.
2022/03/28 14:18:48.559 ecmcAsynPortDriver:getEpicsState: EPICS state: initHookAfterIocBuilt (12). Allow callbacks: true.
2022/03/28 14:18:48.559 ecmcAsynPortDriver:getEpicsState: EPICS state: initHookAtIocRun (13). Allow callbacks: true.
2022/03/28 14:18:48.559 ecmcAsynPortDriver:getEpicsState: EPICS state: initHookAfterDatabaseRunning (14). Allow callbacks: true.
2022/03/28 14:18:48.559 ecmcAsynPortDriver:getEpicsState: EPICS state: initHookAfterInterruptAccept (28). Allow callbacks: true.
2022/03/28 14:18:48.559 ecmcAsynPortDriver:getEpicsState: EPICS state: initHookAfterCaServerRunning (15). Allow callbacks: true.
2022/03/28 14:18:48.559 ecmcAsynPortDriver:getEpicsState: EPICS state: Unknown state (29). Allow callbacks: true.
iocRun: All initialization complete
2022-03-28T14:18:48.559 Using dynamically assigned TCP port 34910.
2022/03/28 14:18:48.559 ecmcAsynPortDriver:getEpicsState: EPICS state: initHookAfterIocRunning (16). Allow callbacks: true.
##############################################################################
## Store Records to file
dbl > pvs.log
# Set the IOC Prompt String One 
epicsEnvSet IOCSH_PS1 "lab-mot-ctrl-cp-8354 > "
#
[?1034hlab-mot-ctrl-cp-8354 > 