IOC_MTCA:MCU-ErrRst
IOC_MTCA:m0s002-BI01-Stat
IOC_MTCA:m0s002-BI02-Stat
IOC_MTCA:m0s002-Stat_
IOC_MTCA:m0-Stat_
IOC_MTCA:m0-Dom-Stat_
REQMOD:lab-mot-ctrl-cp-23757:MODULES
REQMOD:lab-mot-ctrl-cp-23757:VERSIONS
REQMOD:lab-mot-ctrl-cp-23757:MOD_VER
IOC_MTCA:MCU-ErrMsg
IOC_MTCA:MCU-Updated
IOC_MTCA:m0s002-Stat
IOC_MTCA:m0-Stat
IOC_MTCA:m0-SlvCntr
IOC_MTCA:m0-MemmapCntr
IOC_MTCA:m0-DomFailCntrTot
IOC_MTCA:m0-EntryCntr
IOC_MTCA:m0-Dom-Stat
IOC_MTCA:m0s002-BI01
IOC_MTCA:m0s002-BI02
IOC_MTCA:m0s002-Online
IOC_MTCA:m0s002-Operational
IOC_MTCA:m0s002-Alstate-Init
IOC_MTCA:m0s002-Alstate-Preop
IOC_MTCA:m0s002-Alstate-Safeop
IOC_MTCA:m0s002-Alstate-Op
IOC_MTCA:m0-LinkUp
IOC_MTCA:m0-AlStates-Init
IOC_MTCA:m0-AlStates-Preop
IOC_MTCA:m0-AlStates-Safeop
IOC_MTCA:m0-AlStates-Op
IOC_MTCA:m0-Dom-RedunActive
IOC_MTCA:m0-Dom-WC-Zero
IOC_MTCA:m0-Dom-WC-Incomplete
IOC_MTCA:m0-Dom-WC-Complete
IOC_MTCA:m0-Stat-OK
IOC_MTCA:m0s002-EntryCntr
IOC_MTCA:m0-SlvRsp
IOC_MTCA:m0-Dom-WC
IOC_MTCA:m0s002-One
IOC_MTCA:m0s002-Zero
IOC_MTCA:m0s002-BI01-TimeRiseTS
IOC_MTCA:m0s002-BI01-TimeFallTS
IOC_MTCA:m0s002-BI02-TimeRiseTS
IOC_MTCA:m0s002-BI02-TimeFallTS
REQMOD:lab-mot-ctrl-cp-23757:exit
REQMOD:lab-mot-ctrl-cp-23757:BaseVersion
REQMOD:lab-mot-ctrl-cp-23757:require_VER
REQMOD:lab-mot-ctrl-cp-23757:ecmccfg_VER
REQMOD:lab-mot-ctrl-cp-23757:asyn_VER
REQMOD:lab-mot-ctrl-cp-23757:exprtk_VER
REQMOD:lab-mot-ctrl-cp-23757:motor_VER
REQMOD:lab-mot-ctrl-cp-23757:ecmc_VER
IOC_MTCA:m0s002-HWType
IOC_MTCA:m0s002-BI01-TimeRise
IOC_MTCA:m0s002-BI01-TimeFall
IOC_MTCA:m0s002-BI02-TimeRise
IOC_MTCA:m0s002-BI02-TimeFall
IOC_MTCA:MCU-AppMode
IOC_MTCA:MCU-ErrId
IOC_MTCA:MCU-ThdLatMin
IOC_MTCA:MCU-ThdLatMax
IOC_MTCA:MCU-ThdPrdMin
IOC_MTCA:MCU-ThdPrdMmax
IOC_MTCA:MCU-ThdExeMin
IOC_MTCA:MCU-ThdExeMax
IOC_MTCA:MCU-ThdSndMin
IOC_MTCA:MCU-ThdSndMax
IOC_MTCA:MCU-Cmd
