## 
## Better support for Real-Time IOC Application.
## Now we set 'export LD_BIND_NOW=1'
## If one may meet the 'Operation not permitted' message, 
## please run iocsh without the real-time option
##
#
# Start at "2022-W24-Jun14-1407-32-CEST"
#
# Version information:
# European Spallation Source ERIC : iocsh (4.0.0-PID-20421)
#
# --->--> snip -->--> 
# Please Use Version and other environment variables
# in order to report or debug this shell
#
# HOSTDISPLAY=""
# WINDOWID=""
# PWD="/home/anderssandstrom/sources/ecmc_mtca_mrf_test/iocsh_real"
# USER="anderssandstrom"
# LOGNAME="anderssandstrom"
# EPICS_HOST_ARCH="linux-x86_64"
# EPICS_BASE="/epics/base-7.0.6.1"
# E3_REQUIRE_NAME="require"
# E3_REQUIRE_VERSION="4.0.0"
# E3_REQUIRE_LOCATION="/epics/base-7.0.6.1/require/4.0.0"
# E3_REQUIRE_BIN="/epics/base-7.0.6.1/require/4.0.0/bin"
# E3_REQUIRE_DB="/epics/base-7.0.6.1/require/4.0.0/db"
# E3_REQUIRE_DBD="/epics/base-7.0.6.1/require/4.0.0/dbd"
# E3_REQUIRE_INC="/epics/base-7.0.6.1/require/4.0.0/include"
# E3_REQUIRE_LIB="/epics/base-7.0.6.1/require/4.0.0/lib"
# EPICS_DRIVER_PATH="/epics/base-7.0.6.1/require/4.0.0/siteMods"
# EPICS_CA_AUTO_ADDR_LIST=""
# EPICS_CA_ADDR_LIST=""
# EPICS_PVA_AUTO_ADDR_LIST=""
# EPICS_PVA_ADDR_LIST=""
# PATH="/epics/base-7.0.6.1/require/4.0.0/bin:/epics/base-7.0.6.1/bin/linux-x86_64:/home/anderssandstrom/.conda/envs/mrfconda/epics/bin/linux-x86_64:/usr/condabin:/usr/local/bin:/usr/bin:/usr/local/sbin:/usr/sbin:/home/anderssandstrom/.local/bin:/home/anderssandstrom/bin"
# --->--> snip -->--> 
#
# Set REQUIRE_IOC for its internal PVs
epicsEnvSet REQUIRE_IOC "REQMOD:lab-mot-ctrl-cp-20421"
#
# Enable an exit subroutine for sotfioc
dbLoadRecords "/epics/base-7.0.6.1/db/softIocExit.db" "IOC=REQMOD:lab-mot-ctrl-cp-20421"
#
# Set E3_IOCSH_TOP for the absolute path where iocsh is executed.
epicsEnvSet E3_IOCSH_TOP "/home/anderssandstrom/sources/ecmc_mtca_mrf_test/iocsh_real"
#
# 
# Load require module, which has the version 4.0.0
# 
dlload /epics/base-7.0.6.1/require/4.0.0/lib/linux-x86_64/librequire.so
dbLoadDatabase /epics/base-7.0.6.1/require/4.0.0/dbd/require.dbd
require_registerRecordDeviceDriver
Loading module info records for require
# 
# Set E3_CMD_TOP for the absolute path where st.mrfioc_nanos.cmd exists
epicsEnvSet E3_CMD_TOP "/home/anderssandstrom/sources/ecmc_mtca_mrf_test/iocsh_real"
#
iocshLoad 'st.mrfioc_nanos.cmd',''
#!/usr/bin/env iocsh.bash
require mrfioc2 asm_add_nanos
Module mrfioc2 version asm_add_nanos found in /home/anderssandstrom/sources/e3-mrfioc2/cellMods//base-7.0.6.1/require-4.0.0/mrfioc2/asm_add_nanos/
Module mrfioc2 depends on devlib2 2.11.0+0
Module devlib2 version 2.11.0+0 found in /epics/base-7.0.6.1/require/4.0.0/siteMods/devlib2/2.11.0+0/
Loading library /epics/base-7.0.6.1/require/4.0.0/siteMods/devlib2/2.11.0+0/lib/linux-x86_64/libdevlib2.so
Loaded devlib2 version 2.11.0+0
Loading dbd file /epics/base-7.0.6.1/require/4.0.0/siteMods/devlib2/2.11.0+0/dbd/devlib2.dbd
Calling function devlib2_registerRecordDeviceDriver
Loading module info records for devlib2
Loading library /home/anderssandstrom/sources/e3-mrfioc2/cellMods//base-7.0.6.1/require-4.0.0/mrfioc2/asm_add_nanos/lib/linux-x86_64/libmrfioc2.so
Loaded mrfioc2 version asm_add_nanos
Loading dbd file /home/anderssandstrom/sources/e3-mrfioc2/cellMods//base-7.0.6.1/require-4.0.0/mrfioc2/asm_add_nanos/dbd/mrfioc2.dbd
Calling function mrfioc2_registerRecordDeviceDriver
Loading module info records for mrfioc2
require(evr_seq_calc)
Module evr_seq_calc version 1.0.0+0 found in /epics/base-7.0.6.1/require/4.0.0/siteMods/evr_seq_calc/1.0.0+0/
Loading library /epics/base-7.0.6.1/require/4.0.0/siteMods/evr_seq_calc/1.0.0+0/lib/linux-x86_64/libevr_seq_calc.so
Loaded evr_seq_calc version 1.0.0+0
Loading dbd file /epics/base-7.0.6.1/require/4.0.0/siteMods/evr_seq_calc/1.0.0+0/dbd/evr_seq_calc.dbd
Calling function evr_seq_calc_registerRecordDeviceDriver
Loading module info records for evr_seq_calc
require(mcoreutils)
Module mcoreutils version 1.2.2+0 found in /epics/base-7.0.6.1/require/4.0.0/siteMods/mcoreutils/1.2.2+0/
Loading library /epics/base-7.0.6.1/require/4.0.0/siteMods/mcoreutils/1.2.2+0/lib/linux-x86_64/libmcoreutils.so
Loaded mcoreutils version 1.2.2+0
Loading dbd file /epics/base-7.0.6.1/require/4.0.0/siteMods/mcoremacLib: macro essioc_DIR is undefined (expanding string iocshLoad("$(essioc_DIR)/essioc.iocsh"))
Notice: devPCIFindSpec() expect B:D.F in hex
Unknown EVR: EVR
macLib: macro cntpstats_DIR is undefined (expanding string iocshLoad("$(cntpstats_DIR)/cntpstats.iocsh","SYS=$(SYS), DEV=$(DEV)"))
Starting iocInit
MCAG:TS-EVR-01:Ena-Sel: failed to find/create object 'EVR' : Object not found : EVR
MCAG:TS-EVR-01:ExtInhib-Sel: failed to find/create object 'EVR' : Object not found : EVR
MCAG:TS-EVR-01:Link-RxMode-Sel: failed to find/create object 'EVR:BUFRX' : Object not found : EVR:BUFRX
MCAG:TS-EVR-01:SyncTimestamp-Cmd: failed to find/create object 'EVR' : Object not found : EVR
MCAG:TS-EVR-01:Link-TxMode-Sel: failed to find/create object 'EVR:BUFTX' : Object not found : EVR:BUFTX
MCAG:TS-EVR-01:SoftSeq-0-Commit-Cmd: failed to find/create object 'EVR:SEQ0' : No such PARENT object
MCAG:TS-EVR-01:SoftSeq-0-Load-Cmd: failed to find/create object 'EVR:SEQ0' : No such PARENT object
MCAG:TS-EVR-01:SoftSeq-0-Unload-Cmd: failed to find/create object 'EVR:SEQ0' : No such PARENT object
MCAG:TS-EVR-01:SoftSeq-0-Enable-Cmd: failed to find/create object 'EVR:SEQ0' : No such PARENT object
MCAG:TS-EVR-01:SoftSeq-0-Disable-Cmd: failed to find/create object 'EVR:SEQ0' : No such PARENT object
MCAG:TS-EVR-01:SoftSeq-0-SoftTrig-Cmd: failed to find/create object 'EVR:SEQ0' : No such PARENT object
MCAG:TS-EVR-01:SoftSeq-1-Commit-Cmd: failed to find/create object 'EVR:SEQ1' : No such PARENT object
MCAG:TS-EVR-01:SoftSeq-1-Load-Cmd: failed to find/create object 'EVR:SEQ1' : No such PARENT object
MCAG:TS-EVR-01:SoftSeq-1-Unload-Cmd: failed to find/create object 'EVR:SEQ1' : No such PARENT object
MCAG:TS-EVR-01:SoftSeq-1-Enable-Cmd: failed to find/create object 'EVR:SEQ1' : No such PARENT object
MCAG:TS-EVR-01:SoftSeq-1-Disable-Cmd: failed to find/create object 'EVR:SEQ1' : No such PARENT object
MCAG:TS-EVR-01:SoftSeq-1-SoftTrig-Cmd: failed to find/create object 'EVR:SEQ1' : No such PARENT object
MCAG:TS-EVR-01:SoftSeq-2-Commit-Cmd: failed to find/create object 'EVR:SEQ2' : No such PARENT object
MCAG:TS-EVR-01:SoftSeq-2-Load-Cmd: failed to find/create object 'EVR:SEQ2' : No such PARENT object
MCAG:TS-EVR-01:SoftSeq-2-Unload-Cmd: failed to find/create object 'EVR:SEQ2' : No such PARENT object
MCAG:TS-EVR-01:SoftSeq-2-Enable-Cmd: failed to find/create object 'EVR:SEQ2' : No such PARENT object
MCAG:TS-EVR-01:SoftSeq-2-Disable-Cmd: failed to find/create object 'EVR:SEQ2' : No such PARENT object
MCAG:TS-EVR-01:SoftSeq-2-SoftTrig-Cmd: failed to find/create object 'EVR:SEQ2' : No such PARENT object
MCAG:TS-EVR-01:SFP-Update-Cmd: failed to find/create object 'EVR:SFP' : Object not found : EVR:SFP
MCAG:TS-EVR-01:DC-Ena-Sel: failed to find/create object 'EVR' : Object not found : EVR
MCAG:TS-EVR-01:Out-Int-Ena-SP: failed to find/create object 'EVR:Int' : Object not found : EVR:Int
MCAG:TS-EVR-01:Out-FP0-Ena-SP: failed to find/create object 'EVR:FrontOut0' : Object not found : EVR:FrontOut0
MCAG:TS-EVR-01:Out-FP1-Ena-SP: failed to find/create object 'EVR:FrontOut1' : Object not found : EVR:FrontOut1
MCAG:TS-EVR-01:Out-FP2-Ena-SP: failed to find/create object 'EVR:FrontOut2' : Object not found : EVR:FrontOut2
MCAG:TS-EVR-01:Out-FP3-Ena-SP: failed to find/create object 'EVR:FrontOut3' : Object not found : EVR:FrontOut3
MCAG:TS-EVR-01:Out-Back0-Ena-SP: failed to find/create object 'EVR:Backplane0' : Object not found : EVR:Backplane0
MCAG:TS-EVR-01:Out-Back1-Ena-SP: failed to find/create object 'EVR:Backplane1' : Object not found : EVR:Backplane1
MCAG:TS-EVR-01:Out-Back2-Ena-SP: failed to find/create object 'EVR:Backplane2' : Object not found : EVR:Backplane2
MCAG:TS-EVR-01:Out-Back3-Ena-SP: failed to find/create object 'EVR:Backplane3' : Object not found : EVR:Backplane3
MCAG:TS-EVR-01:Out-Back4-Ena-SP: failed to find/create object 'EVR:Backplane4' : Object not found : EVR:Backplane4
MCAG:TS-EVR-01:Out-Back5-Ena-SP: failed to find/create object 'EVR:Backplane5' : Object not found : EVR:Backplane5
MCAG:TS-EVR-01:Out-Back6-Ena-SP: failed to find/create object 'EVR:Backplane6' : Object not found : EVR:Backplane6
MCAG:TS-EVR-01:Out-Back7-Ena-SP: failed to find/create object 'EVR:Backplane7' : Object not found : EVR:Backplane7
MCAG:TS-EVR-01:Out-FPUV0-Ena-SP: failed to find/create object 'EVR:FrontUnivOut0' : Object not found : EVR:FrontUnivOut0
MCAG:TS-EVR-01:Out-FPUV1-Ena-SP: failed to find/create object 'EVR:FrontUnivOut1' : Object not found : EVR:FrontUnivOut1
MCAG:TS-EVR-01:Out-FPUV0-Ena-Sel: failed to find/create object 'EVR:CML0' : Object not found : EVR:CML0
MCAG:TS-EVR-01:Out-FPUV0-Pwr-Sel: failed to find/create object 'EVR:CML0' : Object not found : EVR:CML0
MCAG:TS-EVR-01:Out-FPUV0-Rst-Sel: failed to find/create object 'EVR:CML0' : Object not found : EVR:CML0
MCAG:TS-EVR-01:Out-FPUV0-Freq-Lvl-SP: failed to find/create object 'EVR:CML0' : Object not found : EVR:CML0
MCAG:TS-EVR-01:Out-FPUV0-Pat-WfCycle-SP: failed to find/create object 'EVR:CML0' : Object not found : EVR:CML0
MCAG:TS-EVR-01:Out-FPUV1-Ena-Sel: failed to find/create object 'EVR:CML1' : Object not found : EVR:CML1
MCAG:TS-EVR-01:Out-FPUV1-Pwr-Sel: failed to find/create object 'EVR:CML1' : Object not found : EVR:CML1
MCAG:TS-EVR-01:Out-FPUV1-Rst-Sel: failed to find/create object 'EVR:CML1' : Object not found : EVR:CML1
MCAG:TS-EVR-01:Out-FPUV1-Freq-Lvl-SP: failed to find/create object 'EVR:CML1' : Object not found : EVR:CML1
MCAG:TS-EVR-01:Out-FPUV1-Pat-WfCycle-SP: failed to find/create object 'EVR:CML1' : Object not found : EVR:CML1
MCAG:TS-EVR-01:DlyGen-0-Ena-Sel: failed to find/create object 'EVR:Pul0' : Object not found : EVR:Pul0
MCAG:TS-EVR-01:DlyGen-0-Polarity-Sel: failed to find/create object 'EVR:Pul0' : Object not found : EVR:Pul0
MCAG:TS-EVR-01:DlyGen-1-Ena-Sel: failed to find/create object 'EVR:Pul1' : Object not found : EVR:Pul1
MCAG:TS-EVR-01:DlyGen-1-Polarity-Sel: failed to find/create object 'EVR:Pul1' : Object not found : EVR:Pul1
MCAG:TS-EVR-01:DlyGen-2-Ena-Sel: failed to find/create object 'EVR:Pul2' : Object not found : EVR:Pul2
MCAG:TS-EVR-01:DlyGen-2-Polarity-Sel: failed to find/create object 'EVR:Pul2' : Object not found : EVR:Pul2
MCAG:TS-EVR-01:DlyGen-3-Ena-Sel: failed to find/create object 'EVR:Pul3' : Object not found : EVR:Pul3
MCAG:TS-EVR-01:DlyGen-3-Polarity-Sel: failed to find/create object 'EVR:Pul3' : Object not found : EVR:Pul3
MCAG:TS-EVR-01:DlyGen-4-Ena-Sel: failed to find/create object 'EVR:Pul4' : Object not found : EVR:Pul4
MCAG:TS-EVR-01:DlyGen-4-Polarity-Sel: failed to find/create object 'EVR:Pul4' : Object not found : EVR:Pul4
MCAG:TS-EVR-01:DlyGen-5-Ena-Sel: failed to find/create object 'EVR:Pul5' : Object not found : EVR:Pul5
MCAG:TS-EVR-01:DlyGen-5-Polarity-Sel: failed to find/create object 'EVR:Pul5' : Object not found : EVR:Pul5
MCAG:TS-EVR-01:DlyGen-6-Ena-Sel: failed to find/create object 'EVR:Pul6' : Object not found : EVR:Pul6
MCAG:TS-EVR-01:DlyGen-6-Polarity-Sel: failed to find/create object 'EVR:Pul6' : Object not found : EVR:Pul6
MCAG:TS-EVR-01:DlyGen-7-Ena-Sel: failed to find/create object 'EVR:Pul7' : Object not found : EVR:Pul7
MCAG:TS-EVR-01:DlyGen-7-Polarity-Sel: failed to find/create object 'EVR:Pul7' : Object not found : EVR:Pul7
MCAG:TS-EVR-01:DlyGen-8-Ena-Sel: failed to find/create object 'EVR:Pul8' : Object not found : EVR:Pul8
MCAG:TS-EVR-01:DlyGen-8-Polarity-Sel: failed to find/create object 'EVR:Pul8' : Object not found : EVR:Pul8
MCAG:TS-EVR-01:DlyGen-9-Ena-Sel: failed to find/create object 'EVR:Pul9' : Object not found : EVR:Pul9
MCAG:TS-EVR-01:DlyGen-9-Polarity-Sel: failed to find/create object 'EVR:Pul9' : Object not found : EVR:Pul9
MCAG:TS-EVR-01:DlyGen-10-Ena-Sel: failed to find/create object 'EVR:Pul10' : Object not found : EVR:Pul10
MCAG:TS-EVR-01:DlyGen-10-Polarity-Sel: failed to find/create object 'EVR:Pul10' : Object not found : EVR:Pul10
MCAG:TS-EVR-01:DlyGen-11-Ena-Sel: failed to find/create object 'EVR:Pul11' : Object not found : EVR:Pul11
MCAG:TS-EVR-01:DlyGen-11-Polarity-Sel: failed to find/create object 'EVR:Pul11' : Object not found : EVR:Pul11
MCAG:TS-EVR-01:DlyGen-12-Ena-Sel: failed to find/create object 'EVR:Pul12' : Object not found : EVR:Pul12
MCAG:TS-EVR-01:DlyGen-12-Polarity-Sel: failed to find/create object 'EVR:Pul12' : Object not found : EVR:Pul12
MCAG:TS-EVR-01:DlyGen-13-Ena-Sel: failed to find/create object 'EVR:Pul13' : Object not found : EVR:Pul13
MCAG:TS-EVR-01:DlyGen-13-Polarity-Sel: failed to find/create object 'EVR:Pul13' : Object not found : EVR:Pul13
MCAG:TS-EVR-01:DlyGen-14-Ena-Sel: failed to find/create object 'EVR:Pul14' : Object not found : EVR:Pul14
MCAG:TS-EVR-01:DlyGen-14-Polarity-Sel: failed to find/create object 'EVR:Pul14' : Object not found : EVR:Pul14
MCAG:TS-EVR-01:DlyGen-15-Ena-Sel: failed to find/create object 'EVR:Pul15' : Object not found : EVR:Pul15
MCAG:TS-EVR-01:DlyGen-15-Polarity-Sel: failed to find/create object 'EVR:Pul15' : Object not found : EVR:Pul15
MCAG:TS-EVR-01:DlyGen-28-Ena-Sel: failed to find/create object 'EVR:Pul28' : Object not found : EVR:Pul28
MCAG:TS-EVR-01:DlyGen-28-Polarity-Sel: failed to find/create object 'EVR:Pul28' : Object not found : EVR:Pul28
MCAG:TS-EVR-01:DlyGen-29-Ena-Sel: failed to find/create object 'EVR:Pul29' : Object not found : EVR:Pul29
MCAG:TS-EVR-01:DlyGen-29-Polarity-Sel: failed to find/create object 'EVR:Pul29' : Object not found : EVR:Pul29
MCAG:TS-EVR-01:DlyGen-30-Ena-Sel: failed to find/create object 'EVR:Pul30' : Object not found : EVR:Pul30
MCAG:TS-EVR-01:DlyGen-30-Polarity-Sel: failed to find/create object 'EVR:Pul30' : Object not found : EVR:Pul30
MCAG:TS-EVR-01:DlyGen-31-Ena-Sel: failed to find/create object 'EVR:Pul31' : Object not found : EVR:Pul31
MCAG:TS-EVR-01:DlyGen-31-Polarity-Sel: failed to find/create object 'EVR:Pul31' : Object not found : EVR:Pul31
MCAG:TS-EVR-01:In-0-Lvl-Sel: failed to find/create object 'EVR:FPIn0' : Object not found : EVR:FPIn0
MCAG:TS-EVR-01:In-0-Edge-Sel: failed to find/create object 'EVR:FPIn0' : Object not found : EVR:FPIn0
MCAG:TS-EVR-01:In-1-Lvl-Sel: failed to find/create object 'EVR:FPIn1' : Object not found : EVR:FPIn1
MCAG:TS-EVR-01:In-1-Edge-Sel: failed to find/create object 'EVR:FPIn1' : Object not found : EVR:FPIn1
MCAG:TS-EVR-01:Src-Clk-RB: failed to find/create object 'EVR' : Object not found : EVR
MCAG:TS-EVR-01:SoftSeq-0-TsResolution-RB: failed to find/create object 'EVR:SEQ0' : No such PARENT object
MCAG:TS-EVR-01:SoftSeq-0-RunMode-RB: failed to find/create object 'EVR:SEQ0' : No such PARENT object
MCAG:TS-EVR-01:SoftSeq-1-TsResolution-RB: failed to find/create object 'EVR:SEQ1' : No such PARENT object
MCAG:TS-EVR-01:SoftSeq-1-RunMode-RB: failed to find/create object 'EVR:SEQ1' : No such PARENT object
MCAG:TS-EVR-01:SoftSeq-2-TsResolution-RB: failed to find/create object 'EVR:SEQ2' : No such PARENT object
MCAG:TS-EVR-01:SoftSeq-2-RunMode-RB: failed to find/create object 'EVR:SEQ2' : No such PARENT object
MCAG:TS-EVR-01:DC-LckTrk-Sts: failed to find/create object 'EVR' : Object not found : EVR
MCAG:TS-EVR-01:DC-LckDat-Sts: failed to find/create object 'EVR' : Object not found : EVR
MCAG:TS-EVR-01:Src-Clk-SP: failed to find/create object 'EVR' : Object not found : EVR
MCAG:TS-EVR-01:TimeSrc-Sel: failed to find/create object 'EVR' : Object not found : EVR
MCAG:TS-EVR-01:SoftSeq-0-TsResolution-Sel: failed to find/create object 'EVR:SEQ0' : No such PARENT object
MCAG:TS-EVR-01:SoftSeq-0-RunMode-Sel: failed to find/create object 'EVR:SEQ0' : No such PARENT object
MCAG:TS-EVR-01:SoftSeq-1-TsResolution-Sel: failed to find/create object 'EVR:SEQ1' : No such PARENT object
MCAG:TS-EVR-01:SoftSeq-1-RunMode-Sel: failed to find/create object 'EVR:SEQ1' : No such PARENT object
MCAG:TS-EVR-01:SoftSeq-2-TsResolution-Sel: failed to find/create object 'EVR:SEQ2' : No such PARENT object
MCAG:TS-EVR-01:SoftSeq-2-RunMode-Sel: failed to find/create object 'EVR:SEQ2' : No such PARENT object
MCAG:TS-EVR-01:Out-FPUV0-Mode-Sel: failed to find/create object 'EVR:CML0' : Object not found : EVR:CML0
MCAG:TS-EVR-01:Out-FPUV1-Mode-Sel: failed to find/create object 'EVR:CML1' : Object not found : EVR:CML1
MCAG:TS-EVR-01:In-0-Trig-Ext-Sel: failed to find/create object 'EVR:FPIn0' : Object not found : EVR:FPIn0
MCAG:TS-EVR-01:In-0-Trig-Back-Sel: failed to find/create object 'EVR:FPIn0' : Object not found : EVR:FPIn0
MCAG:TS-EVR-01:In-0-DBus-Sel: failed to find/create object 'EVR:FPIn0' : Object not found : EVR:FPIn0
MCAG:TS-EVR-01:In-1-Trig-Ext-Sel: failed to find/create object 'EVR:FPIn1' : Object not found : EVR:FPIn1
MCAG:TS-EVR-01:In-1-Trig-Back-Sel: failed to find/create object 'EVR:FPIn1' : Object not found : EVR:FPIn1
MCAG:TS-EVR-01:In-1-DBus-Sel: failed to find/create object 'EVR:FPIn1' : Object not found : EVR:FPIn1
MCAG:TS-EVR-01:Link-Clk-SP: failed to find/create object 'EVR' : Object not found : EVR
MCAG:TS-EVR-01:Time-Clock-SP: failed to find/create object 'EVR' : Object not found : EVR
MCAG:TS-EVR-01:DC-Tgt-SP: failed to find/create object 'EVR' : Object not found : EVR
MCAG:TS-EVR-01:Out-FPUV0-Freq-Init-SP: failed to find/create object 'EVR:CML0' : Object not found : EVR:CML0
MCAG:TS-EVR-01:Out-FPUV0-Freq-High-SP: failed to find/create object 'EVR:CML0' : Object not found : EVR:CML0
MCAG:TS-EVR-01:Out-FPUV0-Freq-Low-SP: failed to find/create object 'EVR:CML0' : Object not found : EVR:CML0
MCAG:TS-EVR-01:Out-FPUV1-Freq-Init-SP: failed to find/create object 'EVR:CML1' : Object not found : EVR:CML1
MCAG:TS-EVR-01:Out-FPUV1-Freq-High-SP: failed to find/create object 'EVR:CML1' : Object not found : EVR:CML1
MCAG:TS-EVR-01:Out-FPUV1-Freq-Low-SP: failed to find/create object 'EVR:CML1' : Object not found : EVR:CML1
MCAG:TS-EVR-01:DlyGen-0-Delay-SP: failed to find/create object 'EVR:Pul0' : Object not found : EVR:Pul0
MCAG:TS-EVR-01:DlyGen-0-Width-SP: failed to find/create object 'EVR:Pul0' : Object not found : EVR:Pul0
MCAG:TS-EVR-01:DlyGen-1-Delay-SP: failed to find/create object 'EVR:Pul1' : Object not found : EVR:Pul1
MCAG:TS-EVR-01:DlyGen-1-Width-SP: failed to find/create object 'EVR:Pul1' : Object not found : EVR:Pul1
MCAG:TS-EVR-01:DlyGen-2-Delay-SP: failed to find/create object 'EVR:Pul2' : Object not found : EVR:Pul2
MCAG:TS-EVR-01:DlyGen-2-Width-SP: failed to find/create object 'EVR:Pul2' : Object not found : EVR:Pul2
MCAG:TS-EVR-01:DlyGen-3-Delay-SP: failed to find/create object 'EVR:Pul3' : Object not found : EVR:Pul3
MCAG:TS-EVR-01:DlyGen-3-Width-SP: failed to find/create object 'EVR:Pul3' : Object not found : EVR:Pul3
MCAG:TS-EVR-01:DlyGen-4-Delay-SP: failed to find/create object 'EVR:Pul4' : Object not found : EVR:Pul4
MCAG:TS-EVR-01:DlyGen-4-Width-SP: failed to find/create object 'EVR:Pul4' : Object not found : EVR:Pul4
MCAG:TS-EVR-01:DlyGen-5-Delay-SP: failed to find/create object 'EVR:Pul5' : Object not found : EVR:Pul5
MCAG:TS-EVR-01:DlyGen-5-Width-SP: failed to find/create object 'EVR:Pul5' : Object not found : EVR:Pul5
MCAG:TS-EVR-01:DlyGen-6-Delay-SP: failed to find/create object 'EVR:Pul6' : Object not found : EVR:Pul6
MCAG:TS-EVR-01:DlyGen-6-Width-SP: failed to find/create object 'EVR:Pul6' : Object not found : EVR:Pul6
MCAG:TS-EVR-01:DlyGen-7-Delay-SP: failed to find/create object 'EVR:Pul7' : Object not found : EVR:Pul7
MCAG:TS-EVR-01:DlyGen-7-Width-SP: failed to find/create object 'EVR:Pul7' : Object not found : EVR:Pul7
MCAG:TS-EVR-01:DlyGen-8-Delay-SP: failed to find/create object 'EVR:Pul8' : Object not found : EVR:Pul8
MCAG:TS-EVR-01:DlyGen-8-Width-SP: failed to find/create object 'EVR:Pul8' : Object not found : EVR:Pul8
MCAG:TS-EVR-01:DlyGen-9-Delay-SP: failed to find/create object 'EVR:Pul9' : Object not found : EVR:Pul9
MCAG:TS-EVR-01:DlyGen-9-Width-SP: failed to find/create object 'EVR:Pul9' : Object not found : EVR:Pul9
MCAG:TS-EVR-01:DlyGen-10-Delay-SP: failed to find/create object 'EVR:Pul10' : Object not found : EVR:Pul10
MCAG:TS-EVR-01:DlyGen-10-Width-SP: failed to find/create object 'EVR:Pul10' : Object not found : EVR:Pul10
MCAG:TS-EVR-01:DlyGen-11-Delay-SP: failed to find/create object 'EVR:Pul11' : Object not found : EVR:Pul11
MCAG:TS-EVR-01:DlyGen-11-Width-SP: failed to find/create object 'EVR:Pul11' : Object not found : EVR:Pul11
MCAG:TS-EVR-01:DlyGen-12-Delay-SP: failed to find/create object 'EVR:Pul12' : Object not found : EVR:Pul12
MCAG:TS-EVR-01:DlyGen-12-Width-SP: failed to find/create object 'EVR:Pul12' : Object not found : EVR:Pul12
MCAG:TS-EVR-01:DlyGen-13-Delay-SP: failed to find/create object 'EVR:Pul13' : Object not found : EVR:Pul13
MCAG:TS-EVR-01:DlyGen-13-Width-SP: failed to find/create object 'EVR:Pul13' : Object not found : EVR:Pul13
MCAG:TS-EVR-01:DlyGen-14-Delay-SP: failed to find/create object 'EVR:Pul14' : Object not found : EVR:Pul14
MCAG:TS-EVR-01:DlyGen-14-Width-SP: failed to find/create object 'EVR:Pul14' : Object not found : EVR:Pul14
MCAG:TS-EVR-01:DlyGen-15-Delay-SP: failed to find/create object 'EVR:Pul15' : Object not found : EVR:Pul15
MCAG:TS-EVR-01:DlyGen-15-Width-SP: failed to find/create object 'EVR:Pul15' : Object not found : EVR:Pul15
MCAG:TS-EVR-01:DlyGen-28-Delay-SP: failed to find/create object 'EVR:Pul28' : Object not found : EVR:Pul28
MCAG:TS-EVR-01:DlyGen-28-Width-SP: failed to find/create object 'EVR:Pul28' : Object not found : EVR:Pul28
MCAG:TS-EVR-01:DlyGen-29-Delay-SP: failed to find/create object 'EVR:Pul29' : Object not found : EVR:Pul29
MCAG:TS-EVR-01:DlyGen-29-Width-SP: failed to find/create object 'EVR:Pul29' : Object not found : EVR:Pul29
MCAG:TS-EVR-01:DlyGen-30-Delay-SP: failed to find/create object 'EVR:Pul30' : Object not found : EVR:Pul30
MCAG:TS-EVR-01:DlyGen-30-Width-SP: failed to find/create object 'EVR:Pul30' : Object not found : EVR:Pul30
MCAG:TS-EVR-01:DlyGen-31-Delay-SP: failed to find/create object 'EVR:Pul31' : Object not found : EVR:Pul31
MCAG:TS-EVR-01:DlyGen-31-Width-SP: failed to find/create object 'EVR:Pul31' : Object not found : EVR:Pul31
MCAG:TS-EVR-01:DlyGen-0-Mask-RB: failed to find/create object 'EVR:Pul0' : Object not found : EVR:Pul0
MCAG:TS-EVR-01:DlyGen-0-EnableGate-RB: failed to find/create object 'EVR:Pul0' : Object not found : EVR:Pul0
MCAG:TS-EVR-01:DlyGen-1-Mask-RB: failed to find/create object 'EVR:Pul1' : Object not found : EVR:Pul1
MCAG:TS-EVR-01:DlyGen-1-EnableGate-RB: failed to find/create object 'EVR:Pul1' : Object not found : EVR:Pul1
MCAG:TS-EVR-01:DlyGen-2-Mask-RB: failed to find/create object 'EVR:Pul2' : Object not found : EVR:Pul2
MCAG:TS-EVR-01:DlyGen-2-EnableGate-RB: failed to find/create object 'EVR:Pul2' : Object not found : EVR:Pul2
MCAG:TS-EVR-01:DlyGen-3-Mask-RB: failed to find/create object 'EVR:Pul3' : Object not found : EVR:Pul3
MCAG:TS-EVR-01:DlyGen-3-EnableGate-RB: failed to find/create object 'EVR:Pul3' : Object not found : EVR:Pul3
MCAG:TS-EVR-01:DlyGen-4-Mask-RB: failed to find/create object 'EVR:Pul4' : Object not found : EVR:Pul4
MCAG:TS-EVR-01:DlyGen-4-EnableGate-RB: failed to find/create object 'EVR:Pul4' : Object not found : EVR:Pul4
MCAG:TS-EVR-01:DlyGen-5-Mask-RB: failed to find/create object 'EVR:Pul5' : Object not found : EVR:Pul5
MCAG:TS-EVR-01:DlyGen-5-EnableGate-RB: failed to find/create object 'EVR:Pul5' : Object not found : EVR:Pul5
MCAG:TS-EVR-01:DlyGen-6-Mask-RB: failed to find/create object 'EVR:Pul6' : Object not found : EVR:Pul6
MCAG:TS-EVR-01:DlyGen-6-EnableGate-RB: failed to find/create object 'EVR:Pul6' : Object not found : EVR:Pul6
MCAG:TS-EVR-01:DlyGen-7-Mask-RB: failed to find/create object 'EVR:Pul7' : Object not found : EVR:Pul7
MCAG:TS-EVR-01:DlyGen-7-EnableGate-RB: failed to find/create object 'EVR:Pul7' : Object not found : EVR:Pul7
MCAG:TS-EVR-01:DlyGen-8-Mask-RB: failed to find/create object 'EVR:Pul8' : Object not found : EVR:Pul8
MCAG:TS-EVR-01:DlyGen-8-EnableGate-RB: failed to find/create object 'EVR:Pul8' : Object not found : EVR:Pul8
MCAG:TS-EVR-01:DlyGen-9-Mask-RB: failed to find/create object 'EVR:Pul9' : Object not found : EVR:Pul9
MCAG:TS-EVR-01:DlyGen-9-EnableGate-RB: failed to find/create object 'EVR:Pul9' : Object not found : EVR:Pul9
MCAG:TS-EVR-01:DlyGen-10-Mask-RB: failed to find/create object 'EVR:Pul10' : Object not found : EVR:Pul10
MCAG:TS-EVR-01:DlyGen-10-EnableGate-RB: failed to find/create object 'EVR:Pul10' : Object not found : EVR:Pul10
MCAG:TS-EVR-01:DlyGen-11-Mask-RB: failed to find/create object 'EVR:Pul11' : Object not found : EVR:Pul11
MCAG:TS-EVR-01:DlyGen-11-EnableGate-RB: failed to find/create object 'EVR:Pul11' : Object not found : EVR:Pul11
MCAG:TS-EVR-01:DlyGen-12-Mask-RB: failed to find/create object 'EVR:Pul12' : Object not found : EVR:Pul12
MCAG:TS-EVR-01:DlyGen-12-EnableGate-RB: failed to find/create object 'EVR:Pul12' : Object not found : EVR:Pul12
MCAG:TS-EVR-01:DlyGen-13-Mask-RB: failed to find/create object 'EVR:Pul13' : Object not found : EVR:Pul13
MCAG:TS-EVR-01:DlyGen-13-EnableGate-RB: failed to find/create object 'EVR:Pul13' : Object not found : EVR:Pul13
MCAG:TS-EVR-01:DlyGen-14-Mask-RB: failed to find/create object 'EVR:Pul14' : Object not found : EVR:Pul14
MCAG:TS-EVR-01:DlyGen-14-EnableGate-RB: failed to find/create object 'EVR:Pul14' : Object not found : EVR:Pul14
MCAG:TS-EVR-01:DlyGen-15-Mask-RB: failed to find/create object 'EVR:Pul15' : Object not found : EVR:Pul15
MCAG:TS-EVR-01:DlyGen-15-EnableGate-RB: failed to find/create object 'EVR:Pul15' : Object not found : EVR:Pul15
MCAG:TS-EVR-01:dbus-send-s8: failed to find object 'EVR:BUFTX'
MCAG:TS-EVR-01:dbus-send-u32: failed to find object 'EVR:BUFTX'
MCAG:TS-EVR-01:dbus-recv-s8: failed to find object 'EVR:BUFRX'
MCAG:TS-EVR-01:dbus-recv-u32: failed to find object 'EVR:BUFRX'
MCAG:TS-EVR-01:SoftSeq-0-EvtCode-SP: failed to find/create object 'EVR:SEQ0' : No such PARENT object
MCAG:TS-EVR-01:SoftSeq-0-EvtCode-RB: failed to find/create object 'EVR:SEQ0' : No such PARENT object
MCAG:TS-EVR-01:SoftSeq-0-Timestamp-SP: failed to find/create object 'EVR:SEQ0' : No such PARENT object
MCAG:TS-EVR-01:SoftSeq-0-Timestamp-RB: failed to find/create object 'EVR:SEQ0' : No such PARENT object
MCAG:TS-EVR-01:SoftSeq-1-EvtCode-SP: failed to find/create object 'EVR:SEQ1' : No such PARENT object
MCAG:TS-EVR-01:SoftSeq-1-EvtCode-RB: failed to find/create object 'EVR:SEQ1' : No such PARENT object
MCAG:TS-EVR-01:SoftSeq-1-Timestamp-SP: failed to find/create object 'EVR:SEQ1' : No such PARENT object
MCAG:TS-EVR-01:SoftSeq-1-Timestamp-RB: failed to find/create object 'EVR:SEQ1' : No such PARENT object
MCAG:TS-EVR-01:SoftSeq-2-EvtCode-SP: failed to find/create object 'EVR:SEQ2' : No such PARENT object
MCAG:TS-EVR-01:SoftSeq-2-EvtCode-RB: failed to find/create object 'EVR:SEQ2' : No such PARENT object
MCAG:TS-EVR-01:SoftSeq-2-Timestamp-SP: failed to find/create object 'EVR:SEQ2' : No such PARENT object
MCAG:TS-EVR-01:SoftSeq-2-Timestamp-RB: failed to find/create object 'EVR:SEQ2' : No such PARENT object
MCAG:TS-EVR-01:Out-FPUV0-Pat-Rise-SP: failed to find/create object 'EVR:CML0' : Object not found : EVR:CML0
MCAG:TS-EVR-01:Out-FPUV0-Pat-High-SP: failed to find/create object 'EVR:CML0' : Object not found : EVR:CML0
MCAG:TS-EVR-01:Out-FPUV0-Pat-Fall-SP: failed to find/create object 'EVR:CML0' : Object not found : EVR:CML0
MCAG:TS-EVR-01:Out-FPUV0-Pat-Low-SP: failed to find/create object 'EVR:CML0' : Object not found : EVR:CML0
MCAG:TS-EVR-01:Out-FPUV0-Pat-Wf-SP: failed to find/create object 'EVR:CML0' : Object not found : EVR:CML0
MCAG:TS-EVR-01:Out-FPUV0-Pat-Wf-RB: failed to find/create object 'EVR:CML0' : Object not found : EVR:CML0
MCAG:TS-EVR-01:Out-FPUV1-Pat-Rise-SP: failed to find/create object 'EVR:CML1' : Object not found : EVR:CML1
MCAG:TS-EVR-01:Out-FPUV1-Pat-High-SP: failed to find/create object 'EVR:CML1' : Object not found : EVR:CML1
MCAG:TS-EVR-01:Out-FPUV1-Pat-Fall-SP: failed to find/create object 'EVR:CML1' : Object not found : EVR:CML1
MCAG:TS-EVR-01:Out-FPUV1-Pat-Low-SP: failed to find/create object 'EVR:CML1' : Object not found : EVR:CML1
MCAG:TS-EVR-01:Out-FPUV1-Pat-Wf-SP: failed to find/create object 'EVR:CML1' : Object not found : EVR:CML1
MCAG:TS-EVR-01:Out-FPUV1-Pat-Wf-RB: failed to find/create object 'EVR:CML1' : Object not found : EVR:CML1
MCAG:TS-EVR-01:Cnt-LinkTimo-I: failed to find/create object 'EVR' : Object not found : EVR
MCAG:TS-EVR-01:Cnt-RxErr-I: failed to find/create object 'EVR' : Object not found : EVR
MCAG:TS-EVR-01:Cnt-HwOflw-I: failed to find/create object 'EVR' : Object not found : EVR
MCAG:TS-EVR-01:Cnt-SwOflw-I: failed to find/create object 'EVR' : Object not found : EVR
MCAG:TS-EVR-01:Cnt-IRQ-I: failed to find/create object 'EVR' : Object not found : EVR
MCAG:TS-EVR-01:Cnt-FIFOEvt-I: failed to find/create object 'EVR' : Object not found : EVR
MCAG:TS-EVR-01:Cnt-FIFOLoop-I: failed to find/create object 'EVR' : Object not found : EVR
MCAG:TS-EVR-01:Time-Div-I: failed to find/create object 'EVR' : Object not found : EVR
MCAG:TS-EVR-01:SoftSeq-0-NumOfStarts-I: failed to find/create object 'EVR:SEQ0' : No such PARENT object
MCAG:TS-EVR-01:SoftSeq-0-NumOfRuns-I: failed to find/create object 'EVR:SEQ0' : No such PARENT object
MCAG:TS-EVR-01:SoftSeq-1-NumOfStarts-I: failed to find/create object 'EVR:SEQ1' : No such PARENT object
MCAG:TS-EVR-01:SoftSeq-1-NumOfRuns-I: failed to find/create object 'EVR:SEQ1' : No such PARENT object
MCAG:TS-EVR-01:SoftSeq-2-NumOfStarts-I: failed to find/create object 'EVR:SEQ2' : No such PARENT object
MCAG:TS-EVR-01:SoftSeq-2-NumOfRuns-I: failed to find/create object 'EVR:SEQ2' : No such PARENT object
MCAG:TS-EVR-01:SoftSeq-0-TrigSrc-RB_: failed to find/create object 'EVR:SEQ0' : No such PARENT object
MCAG:TS-EVR-01:SoftSeq-1-TrigSrc-RB_: failed to find/create object 'EVR:SEQ1' : No such PARENT object
MCAG:TS-EVR-01:SoftSeq-2-TrigSrc-RB_: failed to find/create object 'EVR:SEQ2' : No such PARENT object
MCAG:TS-EVR-01:DC-ID-I: failed to find/create object 'EVR' : Object not found : EVR
MCAG:TS-EVR-01:PS-0-Div-RB: failed to find/create object 'EVR:PS0' : Object not found : EVR:PS0
MCAG:TS-EVR-01:PS-0-PhasOffs-Raw-RB: failed to find/create object 'EVR:PS0' : Object not found : EVR:PS0
MCAG:TS-EVR-01:PS-1-Div-RB: failed to find/create object 'EVR:PS1' : Object not found : EVR:PS1
MCAG:TS-EVR-01:PS-1-PhasOffs-Raw-RB: failed to find/create object 'EVR:PS1' : Object not found : EVR:PS1
MCAG:TS-EVR-01:PS-2-Div-RB: failed to find/create object 'EVR:PS2' : Object not found : EVR:PS2
MCAG:TS-EVR-01:PS-2-PhasOffs-Raw-RB: failed to find/create object 'EVR:PS2' : Object not found : EVR:PS2
MCAG:TS-EVR-01:PS-3-Div-RB: failed to find/create object 'EVR:PS3' : Object not found : EVR:PS3
MCAG:TS-EVR-01:PS-3-PhasOffs-Raw-RB: failed to find/create object 'EVR:PS3' : Object not found : EVR:PS3
MCAG:TS-EVR-01:PS-4-Div-RB: failed to find/create object 'EVR:PS4' : Object not found : EVR:PS4
MCAG:TS-EVR-01:PS-4-PhasOffs-Raw-RB: failed to find/create object 'EVR:PS4' : Object not found : EVR:PS4
MCAG:TS-EVR-01:PS-5-Div-RB: failed to find/create object 'EVR:PS5' : Object not found : EVR:PS5
MCAG:TS-EVR-01:PS-5-PhasOffs-Raw-RB: failed to find/create object 'EVR:PS5' : Object not found : EVR:PS5
MCAG:TS-EVR-01:PS-6-Div-RB: failed to find/create object 'EVR:PS6' : Object not found : EVR:PS6
MCAG:TS-EVR-01:PS-6-PhasOffs-Raw-RB: failed to find/create object 'EVR:PS6' : Object not found : EVR:PS6
MCAG:TS-EVR-01:PS-7-Div-RB: failed to find/create object 'EVR:PS7' : Object not found : EVR:PS7
MCAG:TS-EVR-01:PS-7-PhasOffs-Raw-RB: failed to find/create object 'EVR:PS7' : Object not found : EVR:PS7
MCAG:TS-EVR-01:Out-Int-Src-RB_: failed to find/create object 'EVR:Int' : Object not found : EVR:Int
MCAG:TS-EVR-01:Out-Int-Src2-RB_: failed to find/create object 'EVR:Int' : Object not found : EVR:Int
MCAG:TS-EVR-01:Out-FP0-Src-RB_: failed to find/create object 'EVR:FrontOut0' : Object not found : EVR:FrontOut0
MCAG:TS-EVR-01:Out-FP0-Src2-RB_: failed to find/create object 'EVR:FrontOut0' : Object not found : EVR:FrontOut0
MCAG:TS-EVR-01:Out-FP1-Src-RB_: failed to find/create object 'EVR:FrontOut1' : Object not found : EVR:FrontOut1
MCAG:TS-EVR-01:Out-FP1-Src2-RB_: failed to find/create object 'EVR:FrontOut1' : Object not found : EVR:FrontOut1
MCAG:TS-EVR-01:Out-FP2-Src-RB_: failed to find/create object 'EVR:FrontOut2' : Object not found : EVR:FrontOut2
MCAG:TS-EVR-01:Out-FP2-Src2-RB_: failed to find/create object 'EVR:FrontOut2' : Object not found : EVR:FrontOut2
MCAG:TS-EVR-01:Out-FP3-Src-RB_: failed to find/create object 'EVR:FrontOut3' : Object not found : EVR:FrontOut3
MCAG:TS-EVR-01:Out-FP3-Src2-RB_: failed to find/create object 'EVR:FrontOut3' : Object not found : EVR:FrontOut3
MCAG:TS-EVR-01:Out-Back0-Src-RB_: failed to find/create object 'EVR:Backplane0' : Object not found : EVR:Backplane0
MCAG:TS-EVR-01:Out-Back0-Src2-RB_: failed to find/create object 'EVR:Backplane0' : Object not found : EVR:Backplane0
MCAG:TS-EVR-01:Out-Back1-Src-RB_: failed to find/create object 'EVR:Backplane1' : Object not found : EVR:Backplane1
MCAG:TS-EVR-01:Out-Back1-Src2-RB_: failed to find/create object 'EVR:Backplane1' : Object not found : EVR:Backplane1
MCAG:TS-EVR-01:Out-Back2-Src-RB_: failed to find/create object 'EVR:Backplane2' : Object not found : EVR:Backplane2
MCAG:TS-EVR-01:Out-Back2-Src2-RB_: failed to find/create object 'EVR:Backplane2' : Object not found : EVR:Backplane2
MCAG:TS-EVR-01:Out-Back3-Src-RB_: failed to find/create object 'EVR:Backplane3' : Object not found : EVR:Backplane3
MCAG:TS-EVR-01:Out-Back3-Src2-RB_: failed to find/create object 'EVR:Backplane3' : Object not found : EVR:Backplane3
MCAG:TS-EVR-01:Out-Back4-Src-RB_: failed to find/create object 'EVR:Backplane4' : Object not found : EVR:Backplane4
MCAG:TS-EVR-01:Out-Back4-Src2-RB_: failed to find/create object 'EVR:Backplane4' : Object not found : EVR:Backplane4
MCAG:TS-EVR-01:Out-Back5-Src-RB_: failed to find/create object 'EVR:Backplane5' : Object not found : EVR:Backplane5
MCAG:TS-EVR-01:Out-Back5-Src2-RB_: failed to find/create object 'EVR:Backplane5' : Object not found : EVR:Backplane5
MCAG:TS-EVR-01:Out-Back6-Src-RB_: failed to find/create object 'EVR:Backplane6' : Object not found : EVR:Backplane6
MCAG:TS-EVR-01:Out-Back6-Src2-RB_: failed to find/create object 'EVR:Backplane6' : Object not found : EVR:Backplane6
MCAG:TS-EVR-01:Out-Back7-Src-RB_: failed to find/create object 'EVR:Backplane7' : Object not found : EVR:Backplane7
MCAG:TS-EVR-01:Out-Back7-Src2-RB_: failed to find/create object 'EVR:Backplane7' : Object not found : EVR:Backplane7
MCAG:TS-EVR-01:Out-FPUV0-Src-RB_: failed to find/create object 'EVR:FrontUnivOut0' : Object not found : EVR:FrontUnivOut0
MCAG:TS-EVR-01:Out-FPUV0-Src2-RB_: failed to find/create object 'EVR:FrontUnivOut0' : Object not found : EVR:FrontUnivOut0
MCAG:TS-EVR-01:Out-FPUV1-Src-RB_: failed to find/create object 'EVR:FrontUnivOut1' : Object not found : EVR:FrontUnivOut1
MCAG:TS-EVR-01:Out-FPUV1-Src2-RB_: failed to find/create object 'EVR:FrontUnivOut1' : Object not found : EVR:FrontUnivOut1
MCAG:TS-EVR-01:Out-FPUV0-Mult-I: failed to find/create object 'EVR:CML0' : Object not found : EVR:CML0
MCAG:TS-EVR-01:Out-FPUV0-Freq-Init-RB: failed to find/create object 'EVR:CML0' : Object not found : EVR:CML0
MCAG:TS-EVR-01:Out-FPUV0-Freq-High-RB: failed to find/create object 'EVR:CML0' : Object not found : EVR:CML0
MCAG:TS-EVR-01:Out-FPUV0-Freq-Low-RB: failed to find/create object 'EVR:CML0' : Object not found : EVR:CML0
MCAG:TS-EVR-01:Out-FPUV1-Mult-I: failed to find/create object 'EVR:CML1' : Object not found : EVR:CML1
MCAG:TS-EVR-01:Out-FPUV1-Freq-Init-RB: failed to find/create object 'EVR:CML1' : Object not found : EVR:CML1
MCAG:TS-EVR-01:Out-FPUV1-Freq-High-RB: failed to find/create object 'EVR:CML1' : Object not found : EVR:CML1
MCAG:TS-EVR-01:Out-FPUV1-Freq-Low-RB: failed to find/create object 'EVR:CML1' : Object not found : EVR:CML1
MCAG:TS-EVR-01:DlyGen-0-Delay-Raw-RB: failed to find/create object 'EVR:Pul0' : Object not found : EVR:Pul0
MCAG:TS-EVR-01:DlyGen-0-Width-Raw-RB: failed to find/create object 'EVR:Pul0' : Object not found : EVR:Pul0
MCAG:TS-EVR-01:DlyGen-0-Prescaler-RB: failed to find/create object 'EVR:Pul0' : Object not found : EVR:Pul0
MCAG:TS-EVR-01:DlyGen-1-Delay-Raw-RB: failed to find/create object 'EVR:Pul1' : Object not found : EVR:Pul1
MCAG:TS-EVR-01:DlyGen-1-Width-Raw-RB: failed to find/create object 'EVR:Pul1' : Object not found : EVR:Pul1
MCAG:TS-EVR-01:DlyGen-1-Prescaler-RB: failed to find/create object 'EVR:Pul1' : Object not found : EVR:Pul1
MCAG:TS-EVR-01:DlyGen-2-Delay-Raw-RB: failed to find/create object 'EVR:Pul2' : Object not found : EVR:Pul2
MCAG:TS-EVR-01:DlyGen-2-Width-Raw-RB: failed to find/create object 'EVR:Pul2' : Object not found : EVR:Pul2
MCAG:TS-EVR-01:DlyGen-2-Prescaler-RB: failed to find/create object 'EVR:Pul2' : Object not found : EVR:Pul2
MCAG:TS-EVR-01:DlyGen-3-Delay-Raw-RB: failed to find/create object 'EVR:Pul3' : Object not found : EVR:Pul3
MCAG:TS-EVR-01:DlyGen-3-Width-Raw-RB: failed to find/create object 'EVR:Pul3' : Object not found : EVR:Pul3
MCAG:TS-EVR-01:DlyGen-3-Prescaler-RB: failed to find/create object 'EVR:Pul3' : Object not found : EVR:Pul3
MCAG:TS-EVR-01:DlyGen-4-Delay-Raw-RB: failed to find/create object 'EVR:Pul4' : Object not found : EVR:Pul4
MCAG:TS-EVR-01:DlyGen-4-Width-Raw-RB: failed to find/create object 'EVR:Pul4' : Object not found : EVR:Pul4
MCAG:TS-EVR-01:DlyGen-4-Prescaler-RB: failed to find/create object 'EVR:Pul4' : Object not found : EVR:Pul4
MCAG:TS-EVR-01:DlyGen-5-Delay-Raw-RB: failed to find/create object 'EVR:Pul5' : Object not found : EVR:Pul5
MCAG:TS-EVR-01:DlyGen-5-Width-Raw-RB: failed to find/create object 'EVR:Pul5' : Object not found : EVR:Pul5
MCAG:TS-EVR-01:DlyGen-5-Prescaler-RB: failed to find/create object 'EVR:Pul5' : Object not found : EVR:Pul5
MCAG:TS-EVR-01:DlyGen-6-Delay-Raw-RB: failed to find/create object 'EVR:Pul6' : Object not found : EVR:Pul6
MCAG:TS-EVR-01:DlyGen-6-Width-Raw-RB: failed to find/create object 'EVR:Pul6' : Object not found : EVR:Pul6
MCAG:TS-EVR-01:DlyGen-6-Prescaler-RB: failed to find/create object 'EVR:Pul6' : Object not found : EVR:Pul6
MCAG:TS-EVR-01:DlyGen-7-Delay-Raw-RB: failed to find/create object 'EVR:Pul7' : Object not found : EVR:Pul7
MCAG:TS-EVR-01:DlyGen-7-Width-Raw-RB: failed to find/create object 'EVR:Pul7' : Object not found : EVR:Pul7
MCAG:TS-EVR-01:DlyGen-7-Prescaler-RB: failed to find/create object 'EVR:Pul7' : Object not found : EVR:Pul7
MCAG:TS-EVR-01:DlyGen-8-Delay-Raw-RB: failed to find/create object 'EVR:Pul8' : Object not found : EVR:Pul8
MCAG:TS-EVR-01:DlyGen-8-Width-Raw-RB: failed to find/create object 'EVR:Pul8' : Object not found : EVR:Pul8
MCAG:TS-EVR-01:DlyGen-8-Prescaler-RB: failed to find/create object 'EVR:Pul8' : Object not found : EVR:Pul8
MCAG:TS-EVR-01:DlyGen-9-Delay-Raw-RB: failed to find/create object 'EVR:Pul9' : Object not found : EVR:Pul9
MCAG:TS-EVR-01:DlyGen-9-Width-Raw-RB: failed to find/create object 'EVR:Pul9' : Object not found : EVR:Pul9
MCAG:TS-EVR-01:DlyGen-9-Prescaler-RB: failed to find/create object 'EVR:Pul9' : Object not found : EVR:Pul9
MCAG:TS-EVR-01:DlyGen-10-Delay-Raw-RB: failed to find/create object 'EVR:Pul10' : Object not found : EVR:Pul10
MCAG:TS-EVR-01:DlyGen-10-Width-Raw-RB: failed to find/create object 'EVR:Pul10' : Object not found : EVR:Pul10
MCAG:TS-EVR-01:DlyGen-10-Prescaler-RB: failed to find/create object 'EVR:Pul10' : Object not found : EVR:Pul10
MCAG:TS-EVR-01:DlyGen-11-Delay-Raw-RB: failed to find/create object 'EVR:Pul11' : Object not found : EVR:Pul11
MCAG:TS-EVR-01:DlyGen-11-Width-Raw-RB: failed to find/create object 'EVR:Pul11' : Object not found : EVR:Pul11
MCAG:TS-EVR-01:DlyGen-11-Prescaler-RB: failed to find/create object 'EVR:Pul11' : Object not found : EVR:Pul11
MCAG:TS-EVR-01:DlyGen-12-Delay-Raw-RB: failed to find/create object 'EVR:Pul12' : Object not found : EVR:Pul12
MCAG:TS-EVR-01:DlyGen-12-Width-Raw-RB: failed to find/create object 'EVR:Pul12' : Object not found : EVR:Pul12
MCAG:TS-EVR-01:DlyGen-12-Prescaler-RB: failed to find/create object 'EVR:Pul12' : Object not found : EVR:Pul12
MCAG:TS-EVR-01:DlyGen-13-Delay-Raw-RB: failed to find/create object 'EVR:Pul13' : Object not found : EVR:Pul13
MCAG:TS-EVR-01:DlyGen-13-Width-Raw-RB: failed to find/create object 'EVR:Pul13' : Object not found : EVR:Pul13
MCAG:TS-EVR-01:DlyGen-13-Prescaler-RB: failed to find/create object 'EVR:Pul13' : Object not found : EVR:Pul13
MCAG:TS-EVR-01:DlyGen-14-Delay-Raw-RB: failed to find/create object 'EVR:Pul14' : Object not found : EVR:Pul14
MCAG:TS-EVR-01:DlyGen-14-Width-Raw-RB: failed to find/create object 'EVR:Pul14' : Object not found : EVR:Pul14
MCAG:TS-EVR-01:DlyGen-14-Prescaler-RB: failed to find/create object 'EVR:Pul14' : Object not found : EVR:Pul14
MCAG:TS-EVR-01:DlyGen-15-Delay-Raw-RB: failed to find/create object 'EVR:Pul15' : Object not found : EVR:Pul15
MCAG:TS-EVR-01:DlyGen-15-Width-Raw-RB: failed to find/create object 'EVR:Pul15' : Object not found : EVR:Pul15
MCAG:TS-EVR-01:DlyGen-15-Prescaler-RB: failed to find/create object 'EVR:Pul15' : Object not found : EVR:Pul15
MCAG:TS-EVR-01:DlyGen-28-Delay-Raw-RB: failed to find/create object 'EVR:Pul28' : Object not found : EVR:Pul28
MCAG:TS-EVR-01:DlyGen-28-Width-Raw-RB: failed to find/create object 'EVR:Pul28' : Object not found : EVR:Pul28
MCAG:TS-EVR-01:DlyGen-28-Prescaler-RB: failed to find/create object 'EVR:Pul28' : Object not found : EVR:Pul28
MCAG:TS-EVR-01:DlyGen-29-Delay-Raw-RB: failed to find/create object 'EVR:Pul29' : Object not found : EVR:Pul29
MCAG:TS-EVR-01:DlyGen-29-Width-Raw-RB: failed to find/create object 'EVR:Pul29' : Object not found : EVR:Pul29
MCAG:TS-EVR-01:DlyGen-29-Prescaler-RB: failed to find/create object 'EVR:Pul29' : Object not found : EVR:Pul29
MCAG:TS-EVR-01:DlyGen-30-Delay-Raw-RB: failed to find/create object 'EVR:Pul30' : Object not found : EVR:Pul30
MCAG:TS-EVR-01:DlyGen-30-Width-Raw-RB: failed to find/create object 'EVR:Pul30' : Object not found : EVR:Pul30
MCAG:TS-EVR-01:DlyGen-30-Prescaler-RB: failed to find/create object 'EVR:Pul30' : Object not found : EVR:Pul30
MCAG:TS-EVR-01:DlyGen-31-Delay-Raw-RB: failed to find/create object 'EVR:Pul31' : Object not found : EVR:Pul31
MCAG:TS-EVR-01:DlyGen-31-Width-Raw-RB: failed to find/create object 'EVR:Pul31' : Object not found : EVR:Pul31
MCAG:TS-EVR-01:DlyGen-31-Prescaler-RB: failed to find/create object 'EVR:Pul31' : Object not found : EVR:Pul31
MCAG:TS-EVR-01:Link-Sts: failed to find/create object 'EVR' : Object not found : EVR
MCAG:TS-EVR-01:Pll-Sts: failed to find/create object 'EVR' : Object not found : EVR
MCAG:TS-EVR-01:Time-Valid-Sts: failed to find/create object 'EVR' : Object not found : EVR
MCAG:TS-EVR-01:SoftSeq-0-Load-RB: failed to find/create object 'EVR:SEQ0' : No such PARENT object
MCAG:TS-EVR-01:SoftSeq-0-Commit-RB: failed to find/create object 'EVR:SEQ0' : No such PARENT object
MCAG:TS-EVR-01:SoftSeq-0-Enable-Sts: failed to find/create object 'EVR:SEQ0' : No such PARENT object
MCAG:TS-EVR-01:SoftSeq-1-Load-RB: failed to find/create object 'EVR:SEQ1' : No such PARENT object
MCAG:TS-EVR-01:SoftSeq-1-Commit-RB: failed to find/create object 'EVR:SEQ1' : No such PARENT object
MCAG:TS-EVR-01:SoftSeq-1-Enable-Sts: failed to find/create object 'EVR:SEQ1' : No such PARENT object
MCAG:TS-EVR-01:SoftSeq-2-Load-RB: failed to find/create object 'EVR:SEQ2' : No such PARENT object
MCAG:TS-EVR-01:SoftSeq-2-Commit-RB: failed to find/create object 'EVR:SEQ2' : No such PARENT object
MCAG:TS-EVR-01:SoftSeq-2-Enable-Sts: failed to find/create object 'EVR:SEQ2' : No such PARENT object
MCAG:TS-EVR-01:DC-Ena-RB: failed to find/create object 'EVR' : Object not found : EVR
MCAG:TS-EVR-01:DC-Lck-Sts: failed to find/create object 'EVR' : Object not found : EVR
MCAG:TS-EVR-01:Out-Int-State-Sts: failed to find/create object 'EVR' : Object not found : EVR
MCAG:TS-EVR-01:DlyGen-0-Mask-Sel: failed to find/create object 'EVR:Pul0' : Object not found : EVR:Pul0
MCAG:TS-EVR-01:DlyGen-0-EnableGate-Sel: failed to find/create object 'EVR:Pul0' : Object not found : EVR:Pul0
MCAG:TS-EVR-01:DlyGen-1-Mask-Sel: failed to find/create object 'EVR:Pul1' : Object not found : EVR:Pul1
MCAG:TS-EVR-01:DlyGen-1-EnableGate-Sel: failed to find/create object 'EVR:Pul1' : Object not found : EVR:Pul1
MCAG:TS-EVR-01:DlyGen-2-Mask-Sel: failed to find/create object 'EVR:Pul2' : Object not found : EVR:Pul2
MCAG:TS-EVR-01:DlyGen-2-EnableGate-Sel: failed to find/create object 'EVR:Pul2' : Object not found : EVR:Pul2
MCAG:TS-EVR-01:DlyGen-3-Mask-Sel: failed to find/create object 'EVR:Pul3' : Object not found : EVR:Pul3
MCAG:TS-EVR-01:DlyGen-3-EnableGate-Sel: failed to find/create object 'EVR:Pul3' : Object not found : EVR:Pul3
MCAG:TS-EVR-01:DlyGen-4-Mask-Sel: failed to find/create object 'EVR:Pul4' : Object not found : EVR:Pul4
MCAG:TS-EVR-01:DlyGen-4-EnableGate-Sel: failed to find/create object 'EVR:Pul4' : Object not found : EVR:Pul4
MCAG:TS-EVR-01:DlyGen-5-Mask-Sel: failed to find/create object 'EVR:Pul5' : Object not found : EVR:Pul5
MCAG:TS-EVR-01:DlyGen-5-EnableGate-Sel: failed to find/create object 'EVR:Pul5' : Object not found : EVR:Pul5
MCAG:TS-EVR-01:DlyGen-6-Mask-Sel: failed to find/create object 'EVR:Pul6' : Object not found : EVR:Pul6
MCAG:TS-EVR-01:DlyGen-6-EnableGate-Sel: failed to find/create object 'EVR:Pul6' : Object not found : EVR:Pul6
MCAG:TS-EVR-01:DlyGen-7-Mask-Sel: failed to find/create object 'EVR:Pul7' : Object not found : EVR:Pul7
MCAG:TS-EVR-01:DlyGen-7-EnableGate-Sel: failed to find/create object 'EVR:Pul7' : Object not found : EVR:Pul7
MCAG:TS-EVR-01:DlyGen-8-Mask-Sel: failed to find/create object 'EVR:Pul8' : Object not found : EVR:Pul8
MCAG:TS-EVR-01:DlyGen-8-EnableGate-Sel: failed to find/create object 'EVR:Pul8' : Object not found : EVR:Pul8
MCAG:TS-EVR-01:DlyGen-9-Mask-Sel: failed to find/create object 'EVR:Pul9' : Object not found : EVR:Pul9
MCAG:TS-EVR-01:DlyGen-9-EnableGate-Sel: failed to find/create object 'EVR:Pul9' : Object not found : EVR:Pul9
MCAG:TS-EVR-01:DlyGen-10-Mask-Sel: failed to find/create object 'EVR:Pul10' : Object not found : EVR:Pul10
MCAG:TS-EVR-01:DlyGen-10-EnableGate-Sel: failed to find/create object 'EVR:Pul10' : Object not found : EVR:Pul10
MCAG:TS-EVR-01:DlyGen-11-Mask-Sel: failed to find/create object 'EVR:Pul11' : Object not found : EVR:Pul11
MCAG:TS-EVR-01:DlyGen-11-EnableGate-Sel: failed to find/create object 'EVR:Pul11' : Object not found : EVR:Pul11
MCAG:TS-EVR-01:DlyGen-12-Mask-Sel: failed to find/create object 'EVR:Pul12' : Object not found : EVR:Pul12
MCAG:TS-EVR-01:DlyGen-12-EnableGate-Sel: failed to find/create object 'EVR:Pul12' : Object not found : EVR:Pul12
MCAG:TS-EVR-01:DlyGen-13-Mask-Sel: failed to find/create object 'EVR:Pul13' : Object not found : EVR:Pul13
MCAG:TS-EVR-01:DlyGen-13-EnableGate-Sel: failed to find/create object 'EVR:Pul13' : Object not found : EVR:Pul13
MCAG:TS-EVR-01:DlyGen-14-Mask-Sel: failed to find/create object 'EVR:Pul14' : Object not found : EVR:Pul14
MCAG:TS-EVR-01:DlyGen-14-EnableGate-Sel: failed to find/create object 'EVR:Pul14' : Object not found : EVR:Pul14
MCAG:TS-EVR-01:DlyGen-15-Mask-Sel: failed to find/create object 'EVR:Pul15' : Object not found : EVR:Pul15
MCAG:TS-EVR-01:DlyGen-15-EnableGate-Sel: failed to find/create object 'EVR:Pul15' : Object not found : EVR:Pul15
MCAG:TS-EVR-01:Time-Src-Sel_: failed to find/create object 'EVR' : Object not found : EVR
MCAG:TS-EVR-01:EvtCode-SP: failed to find/create object 'EVR' : Object not found : EVR
MCAG:TS-EVR-01:SoftSeq-0-TrigSrc-Sel_: failed to find/create object 'EVR:SEQ0' : No such PARENT object
MCAG:TS-EVR-01:SoftSeq-1-TrigSrc-Sel_: failed to find/create object 'EVR:SEQ1' : No such PARENT object
MCAG:TS-EVR-01:SoftSeq-2-TrigSrc-Sel_: failed to find/create object 'EVR:SEQ2' : No such PARENT object
MCAG:TS-EVR-01:Evt-Blink0-SP: failed to find object 'EVR'
MCAG:TS-EVR-01:Evt-Blink1-SP: failed to find object 'EVR'
MCAG:TS-EVR-01:Evt-ResetPS-SP: failed to find object 'EVR'
MCAG:TS-EVR-01:1hz-SP: failed to find object 'EVR'
MCAG:TS-EVR-01:EvtA-SP: failed to find object 'EVR'
MCAG:TS-EVR-01:EvtB-SP: failed to find object 'EVR'
MCAG:TS-EVR-01:EvtC-SP: failed to find object 'EVR'
MCAG:TS-EVR-01:EvtD-SP: failed to find object 'EVR'
MCAG:TS-EVR-01:EvtE-SP: failed to find object 'EVR'
MCAG:TS-EVR-01:EvtF-SP: failed to find object 'EVR'
MCAG:TS-EVR-01:EvtG-SP: failed to find object 'EVR'
MCAG:TS-EVR-01:EvtH-SP: failed to find object 'EVR'
MCAG:TS-EVR-01:PS-0-Div-SP: failed to find/create object 'EVR:PS0' : Object not found : EVR:PS0
MCAG:TS-EVR-01:PS-0-PhasOffs-Raw-SP: failed to find/create object 'EVR:PS0' : Object not found : EVR:PS0
MCAG:TS-EVR-01:PS-1-Div-SP: failed to find/create object 'EVR:PS1' : Object not found : EVR:PS1
MCAG:TS-EVR-01:PS-1-PhasOffs-Raw-SP: failed to find/create object 'EVR:PS1' : Object not found : EVR:PS1
MCAG:TS-EVR-01:PS-2-Div-SP: failed to find/create object 'EVR:PS2' : Object not found : EVR:PS2
MCAG:TS-EVR-01:PS-2-PhasOffs-Raw-SP: failed to find/create object 'EVR:PS2' : Object not found : EVR:PS2
MCAG:TS-EVR-01:PS-3-Div-SP: failed to find/create object 'EVR:PS3' : Object not found : EVR:PS3
MCAG:TS-EVR-01:PS-3-PhasOffs-Raw-SP: failed to find/create object 'EVR:PS3' : Object not found : EVR:PS3
MCAG:TS-EVR-01:PS-4-Div-SP: failed to find/create object 'EVR:PS4' : Object not found : EVR:PS4
MCAG:TS-EVR-01:PS-4-PhasOffs-Raw-SP: failed to find/create object 'EVR:PS4' : Object not found : EVR:PS4
MCAG:TS-EVR-01:PS-5-Div-SP: failed to find/create object 'EVR:PS5' : Object not found : EVR:PS5
MCAG:TS-EVR-01:PS-5-PhasOffs-Raw-SP: failed to find/create object 'EVR:PS5' : Object not found : EVR:PS5
MCAG:TS-EVR-01:PS-6-Div-SP: failed to find/create object 'EVR:PS6' : Object not found : EVR:PS6
MCAG:TS-EVR-01:PS-6-PhasOffs-Raw-SP: failed to find/create object 'EVR:PS6' : Object not found : EVR:PS6
MCAG:TS-EVR-01:PS-7-Div-SP: failed to find/create object 'EVR:PS7' : Object not found : EVR:PS7
MCAG:TS-EVR-01:PS-7-PhasOffs-Raw-SP: failed to find/create object 'EVR:PS7' : Object not found : EVR:PS7
MCAG:TS-EVR-01:Out-Int-Src-SP: failed to find/create object 'EVR:Int' : Object not found : EVR:Int
MCAG:TS-EVR-01:Out-Int-Src2-SP: failed to find/create object 'EVR:Int' : Object not found : EVR:Int
MCAG:TS-EVR-01:Out-FP0-Src-SP: failed to find/create object 'EVR:FrontOut0' : Object not found : EVR:FrontOut0
MCAG:TS-EVR-01:Out-FP0-Src2-SP: failed to find/create object 'EVR:FrontOut0' : Object not found : EVR:FrontOut0
MCAG:TS-EVR-01:Out-FP1-Src-SP: failed to find/create object 'EVR:FrontOut1' : Object not found : EVR:FrontOut1
MCAG:TS-EVR-01:Out-FP1-Src2-SP: failed to find/create object 'EVR:FrontOut1' : Object not found : EVR:FrontOut1
MCAG:TS-EVR-01:Out-FP2-Src-SP: failed to find/create object 'EVR:FrontOut2' : Object not found : EVR:FrontOut2
MCAG:TS-EVR-01:Out-FP2-Src2-SP: failed to find/create object 'EVR:FrontOut2' : Object not found : EVR:FrontOut2
MCAG:TS-EVR-01:Out-FP3-Src-SP: failed to find/create object 'EVR:FrontOut3' : Object not found : EVR:FrontOut3
MCAG:TS-EVR-01:Out-FP3-Src2-SP: failed to find/create object 'EVR:FrontOut3' : Object not found : EVR:FrontOut3
MCAG:TS-EVR-01:Out-Back0-Src-SP: failed to find/create object 'EVR:Backplane0' : Object not found : EVR:Backplane0
MCAG:TS-EVR-01:Out-Back0-Src2-SP: failed to find/create object 'EVR:Backplane0' : Object not found : EVR:Backplane0
MCAG:TS-EVR-01:Out-Back1-Src-SP: failed to find/create object 'EVR:Backplane1' : Object not found : EVR:Backplane1
MCAG:TS-EVR-01:Out-Back1-Src2-SP: failed to find/create object 'EVR:Backplane1' : Object not found : EVR:Backplane1
MCAG:TS-EVR-01:Out-Back2-Src-SP: failed to find/create object 'EVR:Backplane2' : Object not found : EVR:Backplane2
MCAG:TS-EVR-01:Out-Back2-Src2-SP: failed to find/create object 'EVR:Backplane2' : Object not found : EVR:Backplane2
MCAG:TS-EVR-01:Out-Back3-Src-SP: failed to find/create object 'EVR:Backplane3' : Object not found : EVR:Backplane3
MCAG:TS-EVR-01:Out-Back3-Src2-SP: failed to find/create object 'EVR:Backplane3' : Object not found : EVR:Backplane3
MCAG:TS-EVR-01:Out-Back4-Src-SP: failed to find/create object 'EVR:Backplane4' : Object not found : EVR:Backplane4
MCAG:TS-EVR-01:Out-Back4-Src2-SP: failed to find/create object 'EVR:Backplane4' : Object not found : EVR:Backplane4
MCAG:TS-EVR-01:Out-Back5-Src-SP: failed to find/create object 'EVR:Backplane5' : Object not found : EVR:Backplane5
MCAG:TS-EVR-01:Out-Back5-Src2-SP: failed to find/create object 'EVR:Backplane5' : Object not found : EVR:Backplane5
MCAG:TS-EVR-01:Out-Back6-Src-SP: failed to find/create object 'EVR:Backplane6' : Object not found : EVR:Backplane6
MCAG:TS-EVR-01:Out-Back6-Src2-SP: failed to find/create object 'EVR:Backplane6' : Object not found : EVR:Backplane6
MCAG:TS-EVR-01:Out-Back7-Src-SP: failed to find/create object 'EVR:Backplane7' : Object not found : EVR:Backplane7
MCAG:TS-EVR-01:Out-Back7-Src2-SP: failed to find/create object 'EVR:Backplane7' : Object not found : EVR:Backplane7
MCAG:TS-EVR-01:Out-FPUV0-Src-SP: failed to find/create object 'EVR:FrontUnivOut0' : Object not found : EVR:FrontUnivOut0
MCAG:TS-EVR-01:Out-FPUV0-Src2-SP: failed to find/create object 'EVR:FrontUnivOut0' : Object not found : EVR:FrontUnivOut0
MCAG:TS-EVR-01:Out-FPUV1-Src-SP: failed to find/create object 'EVR:FrontUnivOut1' : Object not found : EVR:FrontUnivOut1
MCAG:TS-EVR-01:Out-FPUV1-Src2-SP: failed to find/create object 'EVR:FrontUnivOut1' : Object not found : EVR:FrontUnivOut1
MCAG:TS-EVR-01:DlyGen-0-Prescaler-SP: failed to find/create object 'EVR:Pul0' : Object not found : EVR:Pul0
MCAG:TS-EVR-01:DlyGen-1-Prescaler-SP: failed to find/create object 'EVR:Pul1' : Object not found : EVR:Pul1
MCAG:TS-EVR-01:DlyGen-2-Prescaler-SP: failed to find/create object 'EVR:Pul2' : Object not found : EVR:Pul2
MCAG:TS-EVR-01:DlyGen-3-Prescaler-SP: failed to find/create object 'EVR:Pul3' : Object not found : EVR:Pul3
MCAG:TS-EVR-01:DlyGen-4-Prescaler-SP: failed to find/create object 'EVR:Pul4' : Object not found : EVR:Pul4
MCAG:TS-EVR-01:DlyGen-5-Prescaler-SP: failed to find/create object 'EVR:Pul5' : Object not found : EVR:Pul5
MCAG:TS-EVR-01:DlyGen-6-Prescaler-SP: failed to find/create object 'EVR:Pul6' : Object not found : EVR:Pul6
MCAG:TS-EVR-01:DlyGen-7-Prescaler-SP: failed to find/create object 'EVR:Pul7' : Object not found : EVR:Pul7
MCAG:TS-EVR-01:DlyGen-8-Prescaler-SP: failed to find/create object 'EVR:Pul8' : Object not found : EVR:Pul8
MCAG:TS-EVR-01:DlyGen-9-Prescaler-SP: failed to find/create object 'EVR:Pul9' : Object not found : EVR:Pul9
MCAG:TS-EVR-01:DlyGen-10-Prescaler-SP: failed to find/create object 'EVR:Pul10' : Object not found : EVR:Pul10
MCAG:TS-EVR-01:DlyGen-11-Prescaler-SP: failed to find/create object 'EVR:Pul11' : Object not found : EVR:Pul11
MCAG:TS-EVR-01:DlyGen-12-Prescaler-SP: failed to find/create object 'EVR:Pul12' : Object not found : EVR:Pul12
MCAG:TS-EVR-01:DlyGen-13-Prescaler-SP: failed to find/create object 'EVR:Pul13' : Object not found : EVR:Pul13
MCAG:TS-EVR-01:DlyGen-14-Prescaler-SP: failed to find/create object 'EVR:Pul14' : Object not found : EVR:Pul14
MCAG:TS-EVR-01:DlyGen-15-Prescaler-SP: failed to find/create object 'EVR:Pul15' : Object not found : EVR:Pul15
MCAG:TS-EVR-01:DlyGen-28-Prescaler-SP: failed to find/create object 'EVR:Pul28' : Object not found : EVR:Pul28
MCAG:TS-EVR-01:DlyGen-29-Prescaler-SP: failed to find/create object 'EVR:Pul29' : Object not found : EVR:Pul29
MCAG:TS-EVR-01:DlyGen-30-Prescaler-SP: failed to find/create object 'EVR:Pul30' : Object not found : EVR:Pul30
MCAG:TS-EVR-01:DlyGen-31-Prescaler-SP: failed to find/create object 'EVR:Pul31' : Object not found : EVR:Pul31
MCAG:TS-EVR-01:DlyGen-0-Evt-Trig0-SP: failed to find object 'EVR:Pul0'
MCAG:TS-EVR-01:DlyGen-0-Evt-Trig1-SP: failed to find object 'EVR:Pul0'
MCAG:TS-EVR-01:DlyGen-0-Evt-Trig2-SP: failed to find object 'EVR:Pul0'
MCAG:TS-EVR-01:DlyGen-1-Evt-Trig0-SP: failed to find object 'EVR:Pul1'
MCAG:TS-EVR-01:DlyGen-1-Evt-Trig1-SP: failed to find object 'EVR:Pul1'
MCAG:TS-EVR-01:DlyGen-1-Evt-Trig2-SP: failed to find object 'EVR:Pul1'
MCAG:TS-EVR-01:DlyGen-2-Evt-Trig0-SP: failed to find object 'EVR:Pul2'
MCAG:TS-EVR-01:DlyGen-2-Evt-Trig1-SP: failed to find object 'EVR:Pul2'
MCAG:TS-EVR-01:DlyGen-2-Evt-Trig2-SP: failed to find object 'EVR:Pul2'
MCAG:TS-EVR-01:DlyGen-3-Evt-Trig0-SP: failed to find object 'EVR:Pul3'
MCAG:TS-EVR-01:DlyGen-3-Evt-Trig1-SP: failed to find object 'EVR:Pul3'
MCAG:TS-EVR-01:DlyGen-3-Evt-Trig2-SP: failed to find object 'EVR:Pul3'
MCAG:TS-EVR-01:DlyGen-4-Evt-Trig0-SP: failed to find object 'EVR:Pul4'
MCAG:TS-EVR-01:DlyGen-4-Evt-Trig1-SP: failed to find object 'EVR:Pul4'
MCAG:TS-EVR-01:DlyGen-4-Evt-Trig2-SP: failed to find object 'EVR:Pul4'
MCAG:TS-EVR-01:DlyGen-5-Evt-Trig0-SP: failed to find object 'EVR:Pul5'
MCAG:TS-EVR-01:DlyGen-5-Evt-Trig1-SP: failed to find object 'EVR:Pul5'
MCAG:TS-EVR-01:DlyGen-5-Evt-Trig2-SP: failed to find object 'EVR:Pul5'
MCAG:TS-EVR-01:DlyGen-6-Evt-Trig0-SP: failed to find object 'EVR:Pul6'
MCAG:TS-EVR-01:DlyGen-6-Evt-Trig1-SP: failed to find object 'EVR:Pul6'
MCAG:TS-EVR-01:DlyGen-6-Evt-Trig2-SP: failed to find object 'EVR:Pul6'
MCAG:TS-EVR-01:DlyGen-7-Evt-Trig0-SP: failed to find object 'EVR:Pul7'
MCAG:TS-EVR-01:DlyGen-7-Evt-Trig1-SP: failed to find object 'EVR:Pul7'
MCAG:TS-EVR-01:DlyGen-7-Evt-Trig2-SP: failed to find object 'EVR:Pul7'
MCAG:TS-EVR-01:DlyGen-8-Evt-Trig0-SP: failed to find object 'EVR:Pul8'
MCAG:TS-EVR-01:DlyGen-8-Evt-Trig1-SP: failed to find object 'EVR:Pul8'
MCAG:TS-EVR-01:DlyGen-8-Evt-Trig2-SP: failed to find object 'EVR:Pul8'
MCAG:TS-EVR-01:DlyGen-9-Evt-Trig0-SP: failed to find object 'EVR:Pul9'
MCAG:TS-EVR-01:DlyGen-9-Evt-Trig1-SP: failed to find object 'EVR:Pul9'
MCAG:TS-EVR-01:DlyGen-9-Evt-Trig2-SP: failed to find object 'EVR:Pul9'
MCAG:TS-EVR-01:DlyGen-10-Evt-Trig0-SP: failed to find object 'EVR:Pul10'
MCAG:TS-EVR-01:DlyGen-10-Evt-Trig1-SP: failed to find object 'EVR:Pul10'
MCAG:TS-EVR-01:DlyGen-10-Evt-Trig2-SP: failed to find object 'EVR:Pul10'
MCAG:TS-EVR-01:DlyGen-11-Evt-Trig0-SP: failed to find object 'EVR:Pul11'
MCAG:TS-EVR-01:DlyGen-11-Evt-Trig1-SP: failed to find object 'EVR:Pul11'
MCAG:TS-EVR-01:DlyGen-11-Evt-Trig2-SP: failed to find object 'EVR:Pul11'
MCAG:TS-EVR-01:DlyGen-12-Evt-Trig0-SP: failed to find object 'EVR:Pul12'
MCAG:TS-EVR-01:DlyGen-12-Evt-Trig1-SP: failed to find object 'EVR:Pul12'
MCAG:TS-EVR-01:DlyGen-12-Evt-Trig2-SP: failed to find object 'EVR:Pul12'
MCAG:TS-EVR-01:DlyGen-13-Evt-Trig0-SP: failed to find object 'EVR:Pul13'
MCAG:TS-EVR-01:DlyGen-13-Evt-Trig1-SP: failed to find object 'EVR:Pul13'
MCAG:TS-EVR-01:DlyGen-13-Evt-Trig2-SP: failed to find object 'EVR:Pul13'
MCAG:TS-EVR-01:DlyGen-14-Evt-Trig0-SP: failed to find object 'EVR:Pul14'
MCAG:TS-EVR-01:DlyGen-14-Evt-Trig1-SP: failed to find object 'EVR:Pul14'
MCAG:TS-EVR-01:DlyGen-14-Evt-Trig2-SP: failed to find object 'EVR:Pul14'
MCAG:TS-EVR-01:DlyGen-15-Evt-Trig0-SP: failed to find object 'EVR:Pul15'
MCAG:TS-EVR-01:DlyGen-15-Evt-Trig1-SP: failed to find object 'EVR:Pul15'
MCAG:TS-EVR-01:DlyGen-15-Evt-Trig2-SP: failed to find object 'EVR:Pul15'
MCAG:TS-EVR-01:DlyGen-28-Evt-Trig0-SP: failed to find object 'EVR:Pul28'
MCAG:TS-EVR-01:DlyGen-28-Evt-Trig1-SP: failed to find object 'EVR:Pul28'
MCAG:TS-EVR-01:DlyGen-28-Evt-Trig2-SP: failed to find object 'EVR:Pul28'
MCAG:TS-EVR-01:DlyGen-29-Evt-Trig0-SP: failed to find object 'EVR:Pul29'
MCAG:TS-EVR-01:DlyGen-29-Evt-Trig1-SP: failed to find object 'EVR:Pul29'
MCAG:TS-EVR-01:DlyGen-29-Evt-Trig2-SP: failed to find object 'EVR:Pul29'
MCAG:TS-EVR-01:DlyGen-30-Evt-Trig0-SP: failed to find object 'EVR:Pul30'
MCAG:TS-EVR-01:DlyGen-30-Evt-Trig1-SP: failed to find object 'EVR:Pul30'
MCAG:TS-EVR-01:DlyGen-30-Evt-Trig2-SP: failed to find object 'EVR:Pul30'
MCAG:TS-EVR-01:DlyGen-31-Evt-Trig0-SP: failed to find object 'EVR:Pul31'
MCAG:TS-EVR-01:DlyGen-31-Evt-Trig1-SP: failed to find object 'EVR:Pul31'
MCAG:TS-EVR-01:DlyGen-31-Evt-Trig2-SP: failed to find object 'EVR:Pul31'
MCAG:TS-EVR-01:In-0-Code-Ext-SP: failed to find/create object 'EVR:FPIn0' : Object not found : EVR:FPIn0
MCAG:TS-EVR-01:In-0-Code-Back-SP: failed to find/create object 'EVR:FPIn0' : Object not found : EVR:FPIn0
MCAG:TS-EVR-01:In-1-Code-Ext-SP: failed to find/create object 'EVR:FPIn1' : Object not found : EVR:FPIn1
MCAG:TS-EVR-01:In-1-Code-Back-SP: failed to find/create object 'EVR:FPIn1' : Object not found : EVR:FPIn1
MCAG:TS-EVR-01:EVTN0-SP: failed to find object 'EVR'
MCAG:TS-EVR-01:EVTN1-SP: failed to find object 'EVR'
MCAG:TS-EVR-01:EVTN2-SP: failed to find object 'EVR'
MCAG:TS-EVR-01:EVTN3-SP: failed to find object 'EVR'
MCAG:TS-EVR-01:EVTN4-SP: failed to find object 'EVR'
MCAG:TS-EVR-01:EVTN5-SP: failed to find object 'EVR'
MCAG:TS-EVR-01:EVTN6-SP: failed to find object 'EVR'
MCAG:TS-EVR-01:EVTN7-SP: failed to find object 'EVR'
MCAG:TS-EVR-01:EVTN8-SP: failed to find object 'EVR'
MCAG:TS-EVR-01:EVTN9-SP: failed to find object 'EVR'
MCAG:TS-EVR-01:EVTNA-SP: failed to find object 'EVR'
MCAG:TS-EVR-01:EVTNB-SP: failed to find object 'EVR'
MCAG:TS-EVR-01:EVTNC-SP: failed to find object 'EVR'
MCAG:TS-EVR-01:EVTND-SP: failed to find object 'EVR'
MCAG:TS-EVR-01:EVTNE-SP: failed to find object 'EVR'
MCAG:TS-EVR-01:EVTNF-SP: failed to find object 'EVR'
MCAG:TS-EVR-01:HwType-I: failed to find/create object 'EVR' : Object not found : EVR
MCAG:TS-EVR-01:FwVer-I: failed to find/create object 'EVR' : Object not found : EVR
MCAG:TS-EVR-01:SwVer-I: failed to find/create object 'EVR' : Object not found : EVR
MCAG:TS-EVR-01:Pos-I: failed to find/create object 'EVR' : Object not found : EVR
MCAG:TS-EVR-01:Time-I: failed to find object 'EVR'
MCAG:TS-EVR-01:Timestamp-RB: failed to find/create object 'EVR' : Object not found : EVR
MCAG:TS-EVR-01:SoftSeq-0-Error-RB: failed to find/create object 'EVR:SEQ0' : No such PARENT object
MCAG:TS-EVR-01:SoftSeq-1-Error-RB: failed to find/create object 'EVR:SEQ1' : No such PARENT object
MCAG:TS-EVR-01:SoftSeq-2-Error-RB: failed to find/create object 'EVR:SEQ2' : No such PARENT object
MCAG:TS-EVR-01:SFP-Vendor-I: failed to find/create object 'EVR:SFP' : Object not found : EVR:SFP
MCAG:TS-EVR-01:SFP-Part-I: failed to find/create object 'EVR:SFP' : Object not found : EVR:SFP
MCAG:TS-EVR-01:SFP-Rev-I: failed to find/create object 'EVR:SFP' : Object not found : EVR:SFP
MCAG:TS-EVR-01:SFP-Serial-I: failed to find/create object 'EVR:SFP' : Object not found : EVR:SFP
MCAG:TS-EVR-01:SFP-Date-Manu-I: failed to find/create object 'EVR:SFP' : Object not found : EVR:SFP
MCAG:TS-EVR-01:Link-Clk-I: failed to find/create object 'EVR' : Object not found : EVR
MCAG:TS-EVR-01:Time-Clock-I: failed to find/create object 'EVR' : Object not found : EVR
MCAG:TS-EVR-01:TimeErr-I: failed to find/create object 'EVR' : Object not found : EVR
MCAG:TS-EVR-01:SFP-T-I: failed to find/create object 'EVR:SFP' : Object not found : EVR:SFP
MCAG:TS-EVR-01:SFP-Pwr-TX-I: failed to find/create object 'EVR:SFP' : Object not found : EVR:SFP
MCAG:TS-EVR-01:SFP-Pwr-RX-I: failed to find/create object 'EVR:SFP' : Object not found : EVR:SFP
MCAG:TS-EVR-01:SFP-Speed-Link-I: failed to find/create object 'EVR:SFP' : Object not found : EVR:SFP
MCAG:TS-EVR-01:DC-Tgt-RB: failed to find/create object 'EVR' : Object not found : EVR
MCAG:TS-EVR-01:DC-Msrd-I: failed to find/create object 'EVR' : Object not found : EVR
MCAG:TS-EVR-01:DC-Corr-I: failed to find/create object 'EVR' : Object not found : EVR
MCAG:TS-EVR-01:DlyGen-0-Delay-RB: failed to find/create object 'EVR:Pul0' : Object not found : EVR:Pul0
MCAG:TS-EVR-01:DlyGen-0-Width-RB: failed to find/create object 'EVR:Pul0' : Object not found : EVR:Pul0
MCAG:TS-EVR-01:DlyGen-1-Delay-RB: failed to find/create object 'EVR:Pul1' : Object not found : EVR:Pul1
MCAG:TS-EVR-01:DlyGen-1-Width-RB: failed to find/create object 'EVR:Pul1' : Object not found : EVR:Pul1
MCAG:TS-EVR-01:DlyGen-2-Delay-RB: failed to find/create object 'EVR:Pul2' : Object not found : EVR:Pul2
MCAG:TS-EVR-01:DlyGen-2-Width-RB: failed to find/create object 'EVR:Pul2' : Object not found : EVR:Pul2
MCAG:TS-EVR-01:DlyGen-3-Delay-RB: failed to find/create object 'EVR:Pul3' : Object not found : EVR:Pul3
MCAG:TS-EVR-01:DlyGen-3-Width-RB: failed to find/create object 'EVR:Pul3' : Object not found : EVR:Pul3
MCAG:TS-EVR-01:DlyGen-4-Delay-RB: failed to find/create object 'EVR:Pul4' : Object not found : EVR:Pul4
MCAG:TS-EVR-01:DlyGen-4-Width-RB: failed to find/create object 'EVR:Pul4' : Object not found : EVR:Pul4
MCAG:TS-EVR-01:DlyGen-5-Delay-RB: failed to find/create object 'EVR:Pul5' : Object not found : EVR:Pul5
MCAG:TS-EVR-01:DlyGen-5-Width-RB: failed to find/create object 'EVR:Pul5' : Object not found : EVR:Pul5
MCAG:TS-EVR-01:DlyGen-6-Delay-RB: failed to find/create object 'EVR:Pul6' : Object not found : EVR:Pul6
MCAG:TS-EVR-01:DlyGen-6-Width-RB: failed to find/create object 'EVR:Pul6' : Object not found : EVR:Pul6
MCAG:TS-EVR-01:DlyGen-7-Delay-RB: failed to find/create object 'EVR:Pul7' : Object not found : EVR:Pul7
MCAG:TS-EVR-01:DlyGen-7-Width-RB: failed to find/create object 'EVR:Pul7' : Object not found : EVR:Pul7
MCAG:TS-EVR-01:DlyGen-8-Delay-RB: failed to find/create object 'EVR:Pul8' : Object not found : EVR:Pul8
MCAG:TS-EVR-01:DlyGen-8-Width-RB: failed to find/create object 'EVR:Pul8' : Object not found : EVR:Pul8
MCAG:TS-EVR-01:DlyGen-9-Delay-RB: failed to find/create object 'EVR:Pul9' : Object not found : EVR:Pul9
MCAG:TS-EVR-01:DlyGen-9-Width-RB: failed to find/create object 'EVR:Pul9' : Object not found : EVR:Pul9
MCAG:TS-EVR-01:DlyGen-10-Delay-RB: failed to find/create object 'EVR:Pul10' : Object not found : EVR:Pul10
MCAG:TS-EVR-01:DlyGen-10-Width-RB: failed to find/create object 'EVR:Pul10' : Object not found : EVR:Pul10
MCAG:TS-EVR-01:DlyGen-11-Delay-RB: failed to find/create object 'EVR:Pul11' : Object not found : EVR:Pul11
MCAG:TS-EVR-01:DlyGen-11-Width-RB: failed to find/create object 'EVR:Pul11' : Object not found : EVR:Pul11
MCAG:TS-EVR-01:DlyGen-12-Delay-RB: failed to find/create object 'EVR:Pul12' : Object not found : EVR:Pul12
MCAG:TS-EVR-01:DlyGen-12-Width-RB: failed to find/create object 'EVR:Pul12' : Object not found : EVR:Pul12
MCAG:TS-EVR-01:DlyGen-13-Delay-RB: failed to find/create object 'EVR:Pul13' : Object not found : EVR:Pul13
MCAG:TS-EVR-01:DlyGen-13-Width-RB: failed to find/create object 'EVR:Pul13' : Object not found : EVR:Pul13
MCAG:TS-EVR-01:DlyGen-14-Delay-RB: failed to find/create object 'EVR:Pul14' : Object not found : EVR:Pul14
MCAG:TS-EVR-01:DlyGen-14-Width-RB: failed to find/create object 'EVR:Pul14' : Object not found : EVR:Pul14
MCAG:TS-EVR-01:DlyGen-15-Delay-RB: failed to find/create object 'EVR:Pul15' : Object not found : EVR:Pul15
MCAG:TS-EVR-01:DlyGen-15-Width-RB: failed to find/create object 'EVR:Pul15' : Object not found : EVR:Pul15
MCAG:TS-EVR-01:DlyGen-28-Delay-RB: failed to find/create object 'EVR:Pul28' : Object not found : EVR:Pul28
MCAG:TS-EVR-01:DlyGen-28-Width-RB: failed to find/create object 'EVR:Pul28' : Object not found : EVR:Pul28
MCAG:TS-EVR-01:DlyGen-29-Delay-RB: failed to find/create object 'EVR:Pul29' : Object not found : EVR:Pul29
MCAG:TS-EVR-01:DlyGen-29-Width-RB: failed to find/create object 'EVR:Pul29' : Object not found : EVR:Pul29
MCAG:TS-EVR-01:DlyGen-30-Delay-RB: failed to find/create object 'EVR:Pul30' : Object not found : EVR:Pul30
MCAG:TS-EVR-01:DlyGen-30-Width-RB: failed to find/create object 'EVR:Pul30' : Object not found : EVR:Pul30
MCAG:TS-EVR-01:DlyGen-31-Delay-RB: failed to find/create object 'EVR:Pul31' : Object not found : EVR:Pul31
MCAG:TS-EVR-01:DlyGen-31-Width-RB: failed to find/create object 'EVR:Pul31' : Object not found : EVR:Pul31
iocRun: All initialization complete
MCAG:TS-EVR-01:EvtA-SP: failed to find object 'EVR'
MCAG:TS-EVR-01:EvtB-SP: failed to find object 'EVR'
MCAG:TS-EVR-01:EvtC-SP: failed to find object 'EVR'
MCAG:TS-EVR-01:EvtD-SP: failed to find object 'EVR'
MCAG:TS-EVR-01:EvtE-SP: failed to find object 'EVR'
MCAG:TS-EVR-01:EvtF-SP: failed to find object 'EVR'
MCAG:TS-EVR-01:EvtG-SP: failed to find object 'EVR'
MCAG:TS-EVR-01:EvtH-SP: failed to find object 'EVR'
utils/1.2.2+0/dbd/mcoreutils.dbd
Calling function mcoreutils_registerRecordDeviceDriver
MCoreUtils version 1.2.2+0
MCoreUtils: Read 0 thread rule(s) from /etc/rtrules
MCoreUtils: Read 0 thread rule(s) from /home/anderssandstrom/.rtrules
Loading module info records for mcoreutils
epicsEnvSet "PCIID" "8:00.0"
mcoreThreadRuleAdd mrf * * 2 EVRFIFO
epicsEnvSet("TOP", "/home/anderssandstrom/sources/ecmc_mtca_mrf_test/iocsh_real/..")
epicsEnvSet("IOC", "mcag-evr-01")
epicsEnvSet("SYS", "MCAG:")
epicsEnvSet("EVR", "EVR-01")
epicsEnvSet("DEV", "TS-EVR-01")
epicsEnvSet("SYSPV", "MCAG:TS-EVR-01")
epicsEnvSet("MRF_HW_DB", "evr-mtca-300-univ.db")
epicsEnvSet("BASEEVTNO", "21")
epicsEnvSet("BASEEVTNO", "21")
epicsEnvSet("CHOP_DRV", "ECMC")
# -----------------------------------------------------------------------------
# loading databases
# -----------------------------------------------------------------------------
# E3 Common databases
iocshLoad("/home/anderssandstrom/sources/e3-mrfioc2/cellMods/base-7.0.6.1/require-4.0.0/mrfioc2/asm_add_nanos//evr.iocsh", "EVRDB=evr-mtca-300-univ.db, P=MCAG:TS-EVR-01, EVR=EVR, PCIID=8:00.0")
# @about: evr.iocsh
mrmEvrSetupPCI "EVR" "8:00.0"
PCI Device not found on 8:00.0
dbLoadRecords "evr-mtca-300-univ.db" "P=MCAG:TS-EVR-01, EVR=EVR, FEVT=88.0525"
var evrMrmTimeNSOverflowThreshold 500000000
iocshLoad("/home/anderssandstrom/sources/e3-mrfioc2/cellMods/base-7.0.6.1/require-4.0.0/mrfioc2/asm_add_nanos//evrevt.iocsh", "P=MCAG:TS-EVR-01")
# @about: evrevt.iocsh
dbLoadRecords "evrevent.db" "EN=MCAG:TS-EVR-01:EVTN0, OBJ=EVR, CODE=255, EVNT=255"
dbLoadRecords "evrevent.db" "EN=MCAG:TS-EVR-01:EVTN1, OBJ=EVR, CODE=255, EVNT=255"
dbLoadRecords "evrevent.db" "EN=MCAG:TS-EVR-01:EVTN2, OBJ=EVR, CODE=255, EVNT=255"
dbLoadRecords "evrevent.db" "EN=MCAG:TS-EVR-01:EVTN3, OBJ=EVR, CODE=255, EVNT=255"
dbLoadRecords "evrevent.db" "EN=MCAG:TS-EVR-01:EVTN4, OBJ=EVR, CODE=255, EVNT=255"
dbLoadRecords "evrevent.db" "EN=MCAG:TS-EVR-01:EVTN5, OBJ=EVR, CODE=255, EVNT=255"
dbLoadRecords "evrevent.db" "EN=MCAG:TS-EVR-01:EVTN6, OBJ=EVR, CODE=255, EVNT=255"
dbLoadRecords "evrevent.db" "EN=MCAG:TS-EVR-01:EVTN7, OBJ=EVR, CODE=255, EVNT=255"
dbLoadRecords "evrevent.db" "EN=MCAG:TS-EVR-01:EVTN8, OBJ=EVR, CODE=255, EVNT=255"
dbLoadRecords "evrevent.db" "EN=MCAG:TS-EVR-01:EVTN9, OBJ=EVR, CODE=255, EVNT=255"
dbLoadRecords "evrevent.db" "EN=MCAG:TS-EVR-01:EVTNA, OBJ=EVR, CODE=255, EVNT=255"
dbLoadRecords "evrevent.db" "EN=MCAG:TS-EVR-01:EVTNB, OBJ=EVR, CODE=255, EVNT=255"
dbLoadRecords "evrevent.db" "EN=MCAG:TS-EVR-01:EVTNC, OBJ=EVR, CODE=255, EVNT=255"
dbLoadRecords "evrevent.db" "EN=MCAG:TS-EVR-01:EVTND, OBJ=EVR, CODE=255, EVNT=255"
dbLoadRecords "evrevent.db" "EN=MCAG:TS-EVR-01:EVTNE, OBJ=EVR, CODE=255, EVNT=255"
dbLoadRecords "evrevent.db" "EN=MCAG:TS-EVR-01:EVTNF, OBJ=EVR, CODE=255, EVNT=255"
time2ntp("EVR", 2)
iocInit()
############################################################################
## EPICS R7.0.6.1-E3-7.0.6.1-patch
## Rev. 2022-03-11T15:27+0100
############################################################################
iocshLoad("/home/anderssandstrom/sources/e3-mrfioc2/cellMods/base-7.0.6.1/require-4.0.0/mrfioc2/asm_add_nanos//evr.r.iocsh", "P=MCAG:TS-EVR-01, EVR=EVR")
# @about: evr.r.iocsh
#Disable not used FIFO traffic: 0 cannot be applied
dbpf "MCAG:TS-EVR-01:EvtA-SP.OUT" "@OBJ=EVR,Code=255"
DBF_STRING:         "@OBJ=EVR,Code=255" 
dbpf "MCAG:TS-EVR-01:EvtB-SP.OUT" "@OBJ=EVR,Code=255"
DBF_STRING:         "@OBJ=EVR,Code=255" 
dbpf "MCAG:TS-EVR-01:EvtC-SP.OUT" "@OBJ=EVR,Code=255"
DBF_STRING:         "@OBJ=EVR,Code=255" 
dbpf "MCAG:TS-EVR-01:EvtD-SP.OUT" "@OBJ=EVR,Code=255"
DBF_STRING:         "@OBJ=EVR,Code=255" 
dbpf "MCAG:TS-EVR-01:EvtE-SP.OUT" "@OBJ=EVR,Code=255"
DBF_STRING:         "@OBJ=EVR,Code=255" 
dbpf "MCAG:TS-EVR-01:EvtF-SP.OUT" "@OBJ=EVR,Code=255"
DBF_STRING:         "@OBJ=EVR,Code=255" 
dbpf "MCAG:TS-EVR-01:EvtG-SP.OUT" "@OBJ=EVR,Code=255"
DBF_STRING:         "@OBJ=EVR,Code=255" 
dbpf "MCAG:TS-EVR-01:EvtH-SP.OUT" "@OBJ=EVR,Code=255"
DBF_STRING:         "@OBJ=EVR,Code=255" 
# Enable EVR
dbpf "MCAG:TS-MCAG:TS-EVR-01:Time-I: failed to find object 'EVR'
EVR-01:Ena-Sel" "Enabled"
DBF_STRING:         "Enabled" 
# Set delay compensation to X ns, needed to avoid timestamp issue
dbpf "MCAG:TS-EVR-01:DC-Tgt-SP" "10000"
DBF_DOUBLE:         10000     
dbpf "MCAG:TS-EVR-01:DC-Ena-Sel" "Enable"
DBF_STRING:         "Enable"  
# Set the LED event 0 to event 14
dbpf "MCAG:TS-EVR-01:Evt-Blink0-SP" "14"
DBF_LONG:           14 = 0xe  
# TIMESTAMP CONFIGURATION
# 0-disabled: EVT_PPS comes from evg; 1-external; 2-Sys.Clock: locally generated EVT_PPS
dbpf "MCAG:TS-EVR-01:TimeSrc-Sel" "0"
DBF_STRING:         "Disable (noop)"    
#dbpf "MCAG:TS-EVR-01:TimeSrc-Sel" "2"
dbpf "MCAG:TS-EVR-01:Time-I.EVNT" "125"
DBF_STRING:         "125"     
dbpf "MCAG:TS-EVR-01:Time-I.INP" "@OBJ=EVR, Code=125"
DBF_STRING:         "@OBJ=EVR, Code=125"          
# Add proper ns calculation reference for the rf ticks
dbpf "MCAG:TS-EVR-01:Link-Clk-SP" "88.0525"
DBF_DOUBLE:         88.0525   
dbpf "MCAG:TS-EVR-01:Time-Clock-SP" "88.0525"
DBF_DOUBLE:         88.0525   
iocshLoad("/home/anderssandstrom/sources/e3-mrfioc2/cellMods/base-7.0.6.1/require-4.0.0/mrfioc2/asm_add_nanos//evrdlygen.r.iocsh", "P=MCAG:TS-EVR-01, EVR=EVR")
# @about: evrdlygen.r.iocsh
# Define pulsers - width
dbpf "MCAG:TS-EVR-01:DlyGen-0-Width-SP"  "0"
DBF_DOUBLE:         0         
dbpf "MCAG:TS-EVR-01:DlyGen-1-Width-SP"  "0"
DBF_DOUBLE:         0         
dbpf "MCAG:TS-EVR-01:DlyGen-2-Width-SP"  "0"
DBF_DOUBLE:         0         
dbpf "MCAG:TS-EVR-01:DlyGen-3-Width-SP"  "0"
DBF_DOUBLE:         0         
dbpf "MCAG:TS-EVR-01:DlyGen-4-Width-SP"  "0"
DBF_DOUBLE:         0         
dbpf "MCAG:TS-EVR-01:DlyGen-5-Width-SP"  "0"
DBF_DOUBLE:         0         
dbpf "MCAG:TS-EVR-01:DlyGen-6-Width-SP"  "0"
DBF_DOUBLE:         0         
dbpf "MCAG:TS-EVR-01:DlyGen-7-Width-SP"  "0"
DBF_DOUBLE:         0         
dbpf "MCAG:TS-EVR-01:DlyGen-8-Width-SP"  "0"
DBF_DOUBLE:         0         
dbpf "MCAG:TS-EVR-01:DlyGen-9-Width-SP"  "0"
DBF_DOUBLE:         0         
dbpf "MCAG:TS-EVR-01:DlyGen-10-Width-SP" "0"
DBF_DOUBLE:         0         
dbpf "MCAG:TS-EVR-01:DlyGen-11-Width-SP" "0"
DBF_DOUBLE:         0         
dbpf "MCAG:TS-EVR-01:DlyGen-12-Width-SP" "0"
DBF_DOUBLE:         0         
dbpf "MCAG:TS-EVR-01:DlyGen-13-Width-SP" "0"
DBF_DOUBLE:         0         
dbpf "MCAG:TS-EVR-01:DlyGen-14-Width-SP" "0"
DBF_DOUBLE:         0         
# NULL pulser
dbpf "MCAG:TS-EVR-01:DlyGen-15-Width-SP" "0"
DBF_DOUBLE:         0         
### Define pulsers - trigger events
dbpf "MCAG:TS-EVR-01:DlyGen-0-Evt-Trig0-SP"  "0"
DBF_LONG:           0 = 0x0   
dbpf "MCAG:TS-EVR-01:DlyGen-1-Evt-Trig0-SP"  "0"
DBF_LONG:           0 = 0x0   
dbpf "MCAG:TS-EVR-01:DlyGen-2-Evt-Trig0-SP"  "0"
DBF_LONG:           0 = 0x0   
dbpf "MCAG:TS-EVR-01:DlyGen-3-Evt-Trig0-SP"  "0"
DBF_LONG:           0 = 0x0   
dbpf "MCAG:TS-EVR-01:DlyGen-4-Evt-Trig0-SP"  "0"
DBF_LONG:           0 = 0x0   
dbpf "MCAG:TS-EVR-01:DlyGen-5-Evt-Trig0-SP"  "0"
DBF_LONG:           0 = 0x0   
dbpf "MCAG:TS-EVR-01:DlyGen-6-Evt-Trig0-SP"  "0"
DBF_LONG:           0 = 0x0   
dbpf "MCAG:TS-EVR-01:DlyGen-7-Evt-Trig0-SP"  "0"
DBF_LONG:           0 = 0x0   
dbpf "MCAG:TS-EVR-01:DlyGen-8-Evt-Trig0-SP"  "0"
DBF_LONG:           0 = 0x0   
dbpf "MCAG:TS-EVR-01:DlyGen-9-Evt-Trig0-SP"  "0"
DBF_LONG:           0 = 0x0   
dbpf "MCAG:TS-EVR-01:DlyGen-10-Evt-Trig0-SP" "0"
DBF_LONG:           0 = 0x0   
dbpf "MCAG:TS-EVR-01:DlyGen-11-Evt-Trig0-SP" "0"
DBF_LONG:           0 = 0x0   
dbpf "MCAG:TS-EVR-01:DlyGen-12-Evt-Trig0-SP" "0"
DBF_LONG:           0 = 0x0   
dbpf "MCAG:TS-EVR-01:DlyGen-13-Evt-Trig0-SP" "0"
DBF_LONG:           0 = 0x0   
dbpf "MCAG:TS-EVR-01:DlyGen-14-Evt-Trig0-SP" "0"
DBF_LONG:           0 = 0x0   
dbpf "MCAG:TS-EVR-01:DlyGen-15-Evt-Trig0-SP" "0"
DBF_LONG:           0 = 0x0   
dbpf "MCAG:TS-EVR-01:DlyGen-0-Evt-Trig1-SP"  "0"
DBF_LONG:           0 = 0x0   
dbpf "MCAG:TS-EVR-01:DlyGen-1-Evt-Trig1-SP"  "0"
DBF_LONG:           0 = 0x0   
dbpf "MCAG:TS-EVR-01:DlyGen-2-Evt-Trig1-SP"  "0"
DBF_LONG:           0 = 0x0   
dbpf "MCAG:TS-EVR-01:DlyGen-3-Evt-Trig1-SP"  "0"
DBF_LONG:           0 = 0x0   
dbpf "MCAG:TS-EVR-01:DlyGen-4-Evt-Trig1-SP"  "0"
DBF_LONG:           0 = 0x0   
dbpf "MCAG:TS-EVR-01:DlyGen-5-Evt-Trig1-SP"  "0"
DBF_LONG:           0 = 0x0   
dbpf "MCAG:TS-EVR-01:DlyGen-6-Evt-Trig1-SP"  "0"
DBF_LONG:           0 = 0x0   
dbpf "MCAG:TS-EVR-01:DlyGen-7-Evt-Trig1-SP"  "0"
DBF_LONG:           0 = 0x0   
dbpf "MCAG:TS-EVR-01:DlyGen-8-Evt-Trig1-SP"  "0"
DBF_LONG:           0 = 0x0   
dbpf "MCAG:TS-EVR-01:DlyGen-9-Evt-Trig1-SP"  "0"
DBF_LONG:           0 = 0x0   
dbpf "MCAG:TS-EVR-01:DlyGen-10-Evt-Trig1-SP" "0"
DBF_LONG:           0 = 0x0   
dbpf "MCAG:TS-EVR-01:DlyGen-11-Evt-Trig1-SP" "0"
DBF_LONG:           0 = 0x0   
dbpf "MCAG:TS-EVR-01:DlyGen-12-Evt-Trig1-SP" "0"
DBF_LONG:           0 = 0x0   
dbpf "MCAG:TS-EVR-01:DlyGen-13-Evt-Trig1-SP" "0"
DBF_LONG:           0 = 0x0   
dbpf "MCAG:TS-EVR-01:DlyGen-14-Evt-Trig1-SP" "0"
DBF_LONG:           0 = 0x0   
dbpf "MCAG:TS-EVR-01:DlyGen-15-Evt-Trig1-SP" "0"
DBF_LONG:           0 = 0x0   
dbpf "MCAG:TS-EVR-01:DlyGen-0-Evt-Trig2-SP"  "0"
DBF_LONG:           0 = 0x0   
dbpf "MCAG:TS-EVR-01:DlyGen-1-Evt-Trig2-SP"  "0"
DBF_LONG:           0 = 0x0   
dbpf "MCAG:TS-EVR-01:DlyGen-2-Evt-Trig2-SP"  "0"
DBF_LONG:           0 = 0x0   
dbpf "MCAG:TS-EVR-01:DlyGen-3-Evt-Trig2-SP"  "0"
DBF_LONG:           0 = 0x0   
dbpf "MCAG:TS-EVR-01:DlyGen-4-Evt-Trig2-SP"  "0"
DBF_LONG:           0 = 0x0   
dbpf "MCAG:TS-EVR-01:DlyGen-5-Evt-Trig2-SP"  "0"
DBF_LONG:           0 = 0x0   
dbpf "MCAG:TS-EVR-01:DlyGen-6-Evt-Trig2-SP"  "0"
DBF_LONG:           0 = 0x0   
dbpf "MCAG:TS-EVR-01:DlyGen-7-Evt-Trig2-SP"  "0"
DBF_LONG:           0 = 0x0   
dbpf "MCAG:TS-EVR-01:DlyGen-8-Evt-Trig2-SP"  "0"
DBF_LONG:           0 = 0x0   
dbpf "MCAG:TS-EVR-01:DlyGen-9-Evt-Trig2-SP"  "0"
DBF_LONG:           0 = 0x0   
dbpf "MCAG:TS-EVR-01:DlyGen-10-Evt-Trig2-SP" "0"
DBF_LONG:           0 = 0x0   
dbpf "MCAG:TS-EVR-01:DlyGen-11-Evt-Trig2-SP" "0"
DBF_LONG:           0 = 0x0   
dbpf "MCAG:TS-EVR-01:DlyGen-12-Evt-Trig2-SP" "0"
DBF_LONG:           0 = 0x0   
dbpf "MCAG:TS-EVR-01:DlyGen-13-Evt-Trig2-SP" "0"
DBF_LONG:           0 = 0x0   
dbpf "MCAG:TS-EVR-01:DlyGen-14-Evt-Trig2-SP" "0"
DBF_LONG:           0 = 0x0   
dbpf "MCAG:TS-EVR-01:DlyGen-15-Evt-Trig2-SP" "0"
DBF_LONG:           0 = 0x0   
iocshLoad("/home/anderssandstrom/sources/e3-mrfioc2/cellMods/base-7.0.6.1/require-4.0.0/mrfioc2/asm_add_nanos//evrout.r.iocsh", "P=MCAG:TS-EVR-01, EVR=EVR")
# @about: evrout.r.iocsh
# BP SRC configuration
### MTCA EVR Backplane0, RX17 (0)
dbpf "MCAG:TS-EVR-01:Out-Back0-Src-SP" "15"
DBF_LONG:           15 = 0xf  
### MTCA EVR Backplane1, TX17 (0)
dbpf "MCAG:TS-EVR-01:Out-Back1-Src-SP" "15"
DBF_LONG:           15 = 0xf  
### MTCA EVR Backplane2, RX18 (0)
dbpf "MCAG:TS-EVR-01:Out-Back2-Src-SP" "15"
DBF_LONG:           15 = 0xf  
### MTCA EVR Backplane3, TX18 (0)
dbpf "MCAG:TS-EVR-01:Out-Back3-Src-SP" "15"
DBF_LONG:           15 = 0xf  
### MTCA EVR Backplane4, RX19 (0)
dbpf "MCAG:TS-EVR-01:Out-Back4-Src-SP" "15"
DBF_LONG:           15 = 0xf  
### MTCA EVR Backplane5, TX19 (0)
dbpf "MCAG:TS-EVR-01:Out-Back5-Src-SP" "15"
DBF_LONG:           15 = 0xf  
### MTCA EVR Backplane6, RX20 (0)
dbpf "MCAG:TS-EVR-01:Out-Back6-Src-SP" "15"
DBF_LONG:           15 = 0xf  
### MTCA EVR Backplane7, TX20 (0)
dbpf "MCAG:TS-EVR-01:Out-Back7-Src-SP" "15"
DBF_LONG:           15 = 0xf  
# FP outputs
dbpf "MCAG:TS-EVR-01:Out-FP0-Src-SP" "15"
DBF_LONG:           15 = 0xf  
dbpf "MCAG:TS-EVR-01:Out-FP1-Src-SP" "15"
DBF_LONG:           15 = 0xf  
dbpf "MCAG:TS-EVR-01:Out-FP2-Src-SP" "15"
DBF_LONG:           15 = 0xf  
dbpf "MCAG:TS-EVR-01:Out-FP3-Src-SP" "15"
DBF_LONG:           15 = 0xf  
dbpf "MCAG:TS-EVR-01:Out-FPUV0-Src-SP" "15"
DBF_LONG:           15 = 0xf  
dbpf "MCAG:TS-EVR-01:Out-FPUV1-Src-SP" "15"
DBF_LONG:           15 = 0xf  
dbpf "MCAG:TS-EVR-01:Out-FPUV2-Src-SP" "15"
PV 'MCAG:TS-EVR-01:Out-FPUV2-Src-SP' not found
dbpf "MCAG:TS-EVR-01:Out-FPUV3-Src-SP" "15"
PV 'MCAG:TS-EVR-01:Out-FPUV3-Src-SP' not found
iocshLoad("/home/anderssandstrom/sources/e3-mrfioc2/cellMods/base-7.0.6.1/require-4.0.0/mrfioc2/asm_add_nanos//evrin.r.iocsh", "P=MCAG:TS-EVR-01, EVR=EVR")
# @about: evrin.r.iocsh
# Backplane inputs
#dbpf "MCAG:TS-EVR-01:Out-Back0-Src-Scale-SP" "Tri-state"
#dbpf "MCAG:TS-EVR-01:Out-Back1-Src-Scale-SP" "Tri-state"
#dbpf "MCAG:TS-EVR-01:Out-Back2-Src-Scale-SP" "Tri-state"
#dbpf "MCAG:TS-EVR-01:Out-Back3-Src-Scale-SP" "Tri-state"
#dbpf "MCAG:TS-EVR-01:Out-Back4-Src-Scale-SP" "Tri-state"
#dbpf "MCAG:TS-EVR-01:Out-Back5-Src-Scale-SP" "Tri-state"
#dbpf "MCAG:TS-EVR-01:Out-Back6-Src-Scale-SP" "Tri-state"
#dbpf "MCAG:TS-EVR-01:Out-Back7-Src-Scale-SP" "Tri-state"
#dbpf "MCAG:TS-EVR-01:BPIn-0-Trig-Ext-Sel" "Edge"
#dbpf "MCAG:TS-EVR-01:BPIn-1-Trig-Ext-Sel" "Edge"
#dbpf "MCAG:TS-EVR-01:BPIn-2-Trig-Ext-Sel" "Edge"
#dbpf "MCAG:TS-EVR-01:BPIn-3-Trig-Ext-Sel" "Edge"
#dbpf "MCAG:TS-EVR-01:BPIn-4-Trig-Ext-Sel" "Edge"
#dbpf "MCAG:TS-EVR-01:BPIn-5-Trig-Ext-Sel" "Edge"
#dbpf "MCAG:TS-EVR-01:BPIn-6-Trig-Ext-Sel" "Edge"
#dbpf "MCAG:TS-EVR-01:BPIn-7-Trig-Ext-Sel" "Edge"
# Local EVR events
#dbpf "MCAG:TS-EVR-01:BPIn-0-Code-Ext-SP" "0"
#dbpf "MCAG:TS-EVR-01:BPIn-1-Code-Ext-SP" "0"
#dbpf "MCAG:TS-EVR-01:BPIn-2-Code-Ext-SP" "0"
#dbpf "MCAG:TS-EVR-01:BPIn-3-Code-Ext-SP" "0"
#dbpf "MCAG:TS-EVR-01:BPIn-4-Code-Ext-SP" "0"
#dbpf "MCAG:TS-EVR-01:BPIn-5-Code-Ext-SP" "0"
#dbpf "MCAG:TS-EVR-01:BPIn-6-Code-Ext-SP" "0"
#dbpf "MCAG:TS-EVR-01:BPIn-7-Code-Ext-SP" "0"
# Front panel inputs
#dbpf "MCAG:TS-EVR-01:In-0-Trig-Ext-Sel" "Edge"
#dbpf "MCAG:TS-EVR-01:In-1-Trig-Ext-Sel" "Edge"
#dbpf "MCAG:TS-EVR-01:In-2-Trig-Ext-Sel" "Edge"
#dbpf "MCAG:TS-EVR-01:In-3-Trig-Ext-Sel" "Edge"
# Univ inputs
#dbpf "MCAG:TS-EVR-01:UnivIn-0-Trig-Ext-Sel" "Edge"
#dbpf "MCAG:TS-EVR-01:UnivIn-1-Trig-Ext-Sel" "Edge"
#dbpf "MCAG:TS-EVR-01:UnivIn-2-Trig-Ext-Sel" "Edge"
#dbpf "MCAG:TS-EVR-01:UnivIn-3-Trig-Ext-Sel" "Edge"
# Local EVR events for FP
#dbpf "MCAG:TS-EVR-01:In-0-Code-Ext-SP" "0"
#dbpf "MCAG:TS-EVR-01:In-1-Code-Ext-SP" "0"
#dbpf "MCAG:TS-EVR-01:In-2-Code-Ext-SP" "0"
#dbpf "MCAG:TS-EVR-01:In-3-Code-Ext-SP" "0"
# Local EVR events for UNIV
#dbpf "MCAG:TS-EVR-01:UnivIn-0-Code-Ext-SP" "0"
#dbpf "MCAG:TS-EVR-01:UnivIn-1-Code-Ext-SP" "0"
#dbpf "MCAG:TS-EVR-01:UnivIn-2-Code-Ext-SP" "0"
#dbpf "MCAG:TS-EVR-01:UnivIn-3-Code-Ext-SP" "0"
######### OUTPUTS #########
#Set up delay generator 0 to trigger on event 14
dbpf MCAG:TS-EVR-01:DlyGen-0-Width-SP 1000 #1ms
DBF_DOUBLE:         1000      
dbpf MCAG:TS-EVR-01:DlyGen-0-Delay-SP 0 #0ms
DBF_DOUBLE:         0         
dbpf MCAG:TS-EVR-01:DlyGen-0-Evt-Trig0-SP 125
DBF_LONG:           125 = 0x7d          
epicsEnvSet EPICS_DRIVER_PATH /home/anderssandstrom/sources/e3-mrfioc2/cellMods//base-7.0.6.1/require-4.0.0:/epics/base-7.0.6.1/require/4.0.0/siteMods
# Set the IOC Prompt String One 
epicsEnvSet IOCSH_PS1 "lab-mot-ctrl-cp-20421 > "
#
# Real Time "RT"
[?1034hlab-mot-ctrl-cp-20421 > 