IOC_TEST:ShmValid              2022-09-28 08:02:59.053710 1  
IOC_TEST:ShmTimeDiff           2022-09-28 08:02:59.061907 -35  
IOC_MTCA:m0s002-BI01-TimeRiseTS 2000-01-01 01:00:00.000000 0  
IOC_MTCA:m0s002-BI02-TimeRiseTS 2022-09-28 08:02:58.999970 999969840  
IOC_MTCA:m0s002-BI02           2022-09-23 14:05:19.013114 0  
IOC_TEST:ShmTimeDiff           2022-09-28 08:03:00.061745 -16  
IOC_TEST:ShmTimeDiff           2022-09-28 08:03:01.063289 -44  
IOC_MTCA:m0s002-BI02-TimeRiseTS 2022-09-28 08:03:01.999970 999969959  
IOC_TEST:ShmTimeDiff           2022-09-28 08:03:02.062528 -83  
IOC_MTCA:m0s002-BI02-TimeRiseTS 2022-09-28 08:03:02.999970 999969840  
IOC_TEST:ShmTimeDiff           2022-09-28 08:03:03.061916 -14  
IOC_TEST:ShmTimeDiff           2022-09-28 08:03:04.062644 -29  
IOC_TEST:ShmTimeDiff           2022-09-28 08:03:05.062363 -62  
IOC_TEST:ShmTimeDiff           2022-09-28 08:03:06.062112 14  
IOC_TEST:ShmTimeDiff           2022-09-28 08:03:07.062760 9  
IOC_TEST:ShmTimeDiff           2022-09-28 08:03:08.063189 39  
IOC_TEST:ShmTimeDiff           2022-09-28 08:03:09.063311 7  
IOC_TEST:ShmTimeDiff           2022-09-28 08:03:10.063913 -40  
IOC_TEST:ShmTimeDiff           2022-09-28 08:03:11.062954 37  
IOC_TEST:ShmTimeDiff           2022-09-28 08:03:12.063114 -29  
IOC_TEST:ShmTimeDiff           2022-09-28 08:03:13.063568 -71  
IOC_TEST:ShmTimeDiff           2022-09-28 08:03:14.063621 16  
IOC_TEST:ShmTimeDiff           2022-09-28 08:03:15.063747 -60  
IOC_MTCA:m0s002-BI02-TimeRiseTS 2022-09-28 08:03:15.999970 999969959  
IOC_TEST:ShmTimeDiff           2022-09-28 08:03:16.063625 28  
IOC_MTCA:m0s002-BI02-TimeRiseTS 2022-09-28 08:03:16.999970 999969840  
IOC_TEST:ShmTimeDiff           2022-09-28 08:03:18.063210 20  
IOC_TEST:ShmTimeDiff           2022-09-28 08:03:19.063122 -5  
IOC_TEST:ShmTimeDiff           2022-09-28 08:03:20.063753 16  
IOC_MTCA:m0s002-BI02-TimeRiseTS 2022-09-28 08:03:20.999970 999969959  
IOC_TEST:ShmTimeDiff           2022-09-28 08:03:21.063905 4  
IOC_MTCA:m0s002-BI02-TimeRiseTS 2022-09-28 08:03:21.999970 999969840  
IOC_TEST:ShmTimeDiff           2022-09-28 08:03:22.063759 6  
IOC_MTCA:m0s002-BI02-TimeRiseTS 2022-09-28 08:03:22.999970 999969959  
IOC_TEST:ShmTimeDiff           2022-09-28 08:03:23.063843 26  
IOC_TEST:ShmTimeDiff           2022-09-28 08:03:24.063792 35  
IOC_MTCA:m0s002-BI02-TimeRiseTS 2022-09-28 08:03:24.999970 999969840  
IOC_TEST:ShmTimeDiff           2022-09-28 08:03:25.064559 39  
IOC_TEST:ShmTimeDiff           2022-09-28 08:03:26.064056 58  
IOC_TEST:ShmTimeDiff           2022-09-28 08:03:27.064176 48  
IOC_TEST:ShmTimeDiff           2022-09-28 08:03:28.064011 29  
IOC_TEST:ShmTimeDiff           2022-09-28 08:03:29.064063 8  
