IOC_TEST:ShmValid              2022-09-23 14:31:46.026043 1  
IOC_TEST:ShmTimeDiff           2022-09-23 14:31:46.034646 37  
IOC_MTCA:m0s002-BI01-TimeRiseTS 2000-01-01 01:00:00.000000 0  
IOC_MTCA:m0s002-BI02-TimeRiseTS 2022-09-23 14:31:45.999970 999969720  
IOC_MTCA:m0s002-BI02           2022-09-23 14:05:19.013114 0  
IOC_TEST:ShmTimeDiff           2022-09-23 14:31:47.034797 94  
IOC_TEST:ShmTimeDiff           2022-09-23 14:31:48.033934 114  
IOC_TEST:ShmTimeDiff           2022-09-23 14:31:49.034481 -18  
IOC_MTCA:m0s002-BI02-TimeRiseTS 2022-09-23 14:31:49.999969 999969482  
IOC_TEST:ShmTimeDiff           2022-09-23 14:31:50.034285 -19  
IOC_TEST:ShmTimeDiff           2022-09-23 14:31:51.034731 24  
IOC_TEST:ShmTimeDiff           2022-09-23 14:31:52.034391 -130  
IOC_TEST:ShmTimeDiff           2022-09-23 14:31:53.034649 -29  
IOC_TEST:ShmTimeDiff           2022-09-23 14:31:54.034719 37  
IOC_MTCA:m0s002-BI02-TimeRiseTS 2022-09-23 14:31:54.999970 999969720  
IOC_TEST:ShmTimeDiff           2022-09-23 14:31:55.034680 15  
IOC_MTCA:m0s002-BI02-TimeRiseTS 2022-09-23 14:31:55.999969 999969482  
IOC_TEST:ShmTimeDiff           2022-09-23 14:31:56.034926 68  
IOC_MTCA:m0s002-BI02-TimeRiseTS 2022-09-23 14:31:56.999970 999969720  
IOC_TEST:ShmTimeDiff           2022-09-23 14:31:57.034945 -1  
IOC_TEST:ShmTimeDiff           2022-09-23 14:31:58.035232 10  
IOC_TEST:ShmTimeDiff           2022-09-23 14:31:59.035130 37  
IOC_TEST:ShmTimeDiff           2022-09-23 14:32:00.035205 96  
IOC_TEST:ShmTimeDiff           2022-09-23 14:32:01.035301 17  
IOC_TEST:ShmTimeDiff           2022-09-23 14:32:02.034990 13  
IOC_TEST:ShmTimeDiff           2022-09-23 14:32:03.035478 12  
IOC_TEST:ShmTimeDiff           2022-09-23 14:32:04.035253 -2  
IOC_TEST:ShmTimeDiff           2022-09-23 14:32:05.035389 91  
IOC_TEST:ShmTimeDiff           2022-09-23 14:32:06.035644 -3  
IOC_TEST:ShmTimeDiff           2022-09-23 14:32:07.038423 -4  
IOC_TEST:ShmTimeDiff           2022-09-23 14:32:08.036962 -6  
IOC_TEST:ShmTimeDiff           2022-09-23 14:32:09.035800 -87  
IOC_TEST:ShmTimeDiff           2022-09-23 14:32:10.036217 35  
IOC_TEST:ShmTimeDiff           2022-09-23 14:32:11.035855 -75  
IOC_TEST:ShmTimeDiff           2022-09-23 14:32:12.035816 -50  
IOC_TEST:ShmTimeDiff           2022-09-23 14:32:13.036229 -23  
IOC_MTCA:m0s002-BI02-TimeRiseTS 2022-09-23 14:32:13.999969 999969482  
IOC_TEST:ShmTimeDiff           2022-09-23 14:32:14.035938 43  
IOC_MTCA:m0s002-BI02-TimeRiseTS 2022-09-23 14:32:14.999970 999969720  
IOC_TEST:ShmTimeDiff           2022-09-23 14:32:15.035922 8  
IOC_TEST:ShmTimeDiff           2022-09-23 14:32:16.036406 -7  
IOC_TEST:ShmTimeDiff           2022-09-23 14:32:17.036330 60  
IOC_TEST:ShmTimeDiff           2022-09-23 14:32:18.036225 -34  
IOC_TEST:ShmTimeDiff           2022-09-23 14:32:19.036815 58  
IOC_TEST:ShmTimeDiff           2022-09-23 14:32:20.036784 20  
IOC_TEST:ShmTimeDiff           2022-09-23 14:32:21.036546 -45  
IOC_TEST:ShmTimeDiff           2022-09-23 14:32:22.036740 17  
IOC_TEST:ShmTimeDiff           2022-09-23 14:32:23.036969 -76  
IOC_TEST:ShmTimeDiff           2022-09-23 14:32:24.036765 35  
IOC_TEST:ShmTimeDiff           2022-09-23 14:32:25.036745 -79  
IOC_TEST:ShmTimeDiff           2022-09-23 14:32:26.037100 43  
IOC_TEST:ShmTimeDiff           2022-09-23 14:32:27.037085 55  
IOC_MTCA:m0s002-BI02-TimeRiseTS 2022-09-23 14:32:27.999970 999969840  
IOC_TEST:ShmTimeDiff           2022-09-23 14:32:28.037466 54  
IOC_MTCA:m0s002-BI02-TimeRiseTS 2022-09-23 14:32:28.999970 999969720  
IOC_TEST:ShmTimeDiff           2022-09-23 14:32:29.037384 40  
IOC_TEST:ShmTimeDiff           2022-09-23 14:32:30.037655 -4  
IOC_MTCA:m0s002-BI02-TimeRiseTS 2022-09-23 14:32:30.999970 999969840  
IOC_TEST:ShmTimeDiff           2022-09-23 14:32:31.037051 54  
IOC_MTCA:m0s002-BI02-TimeRiseTS 2022-09-23 14:32:31.999970 999969720  
IOC_TEST:ShmTimeDiff           2022-09-23 14:32:32.037611 68  
IOC_TEST:ShmTimeDiff           2022-09-23 14:32:33.037803 -79  
IOC_TEST:ShmTimeDiff           2022-09-23 14:32:34.038032 3  
IOC_TEST:ShmTimeDiff           2022-09-23 14:32:35.038935 17  
IOC_TEST:ShmTimeDiff           2022-09-23 14:32:36.038623 53  
IOC_TEST:ShmTimeDiff           2022-09-23 14:32:37.037976 21  
IOC_MTCA:m0s002-BI02-TimeRiseTS 2022-09-23 14:32:37.999970 999969840  
IOC_TEST:ShmTimeDiff           2022-09-23 14:32:38.038787 57  
IOC_MTCA:m0s002-BI02-TimeRiseTS 2022-09-23 14:32:38.999970 999969720  
IOC_TEST:ShmTimeDiff           2022-09-23 14:32:39.038050 -46  
IOC_TEST:ShmTimeDiff           2022-09-23 14:32:40.037804 66  
IOC_TEST:ShmTimeDiff           2022-09-23 14:32:41.039078 -50  
IOC_TEST:ShmTimeDiff           2022-09-23 14:32:42.038187 42  
IOC_TEST:ShmTimeDiff           2022-09-23 14:32:43.037973 -48  
IOC_TEST:ShmTimeDiff           2022-09-23 14:32:44.038296 -5  
IOC_MTCA:m0s002-BI02-TimeRiseTS 2022-09-23 14:32:44.999970 999969840  
IOC_TEST:ShmTimeDiff           2022-09-23 14:32:45.038465 17  
IOC_TEST:ShmTimeDiff           2022-09-23 14:32:46.038587 -16  
IOC_MTCA:m0s002-BI02-TimeRiseTS 2022-09-23 14:32:46.999970 999969720  
IOC_TEST:ShmTimeDiff           2022-09-23 14:32:47.038625 2  
IOC_TEST:ShmTimeDiff           2022-09-23 14:32:48.038893 -16  
IOC_TEST:ShmTimeDiff           2022-09-23 14:32:49.038893 73  
IOC_TEST:ShmTimeDiff           2022-09-23 14:32:50.038924 -14  
IOC_TEST:ShmTimeDiff           2022-09-23 14:32:51.038893 -37  
IOC_TEST:ShmTimeDiff           2022-09-23 14:32:52.038762 -73  
IOC_TEST:ShmTimeDiff           2022-09-23 14:32:53.039053 119  
IOC_TEST:ShmTimeDiff           2022-09-23 14:32:54.039317 112  
IOC_TEST:ShmTimeDiff           2022-09-23 14:32:55.039261 -46  
IOC_TEST:ShmTimeDiff           2022-09-23 14:32:56.039248 -36  
IOC_TEST:ShmTimeDiff           2022-09-23 14:32:57.039627 -27  
IOC_TEST:ShmTimeDiff           2022-09-23 14:32:58.040060 38  
IOC_TEST:ShmTimeDiff           2022-09-23 14:32:59.040039 -27  
IOC_TEST:ShmTimeDiff           2022-09-23 14:33:00.040008 67  
IOC_TEST:ShmTimeDiff           2022-09-23 14:33:01.040197 106  
IOC_TEST:ShmTimeDiff           2022-09-23 14:33:02.039648 6  
IOC_TEST:ShmTimeDiff           2022-09-23 14:33:03.039822 83  
IOC_TEST:ShmTimeDiff           2022-09-23 14:33:04.040322 -13  
IOC_MTCA:m0s002-BI02-TimeRiseTS 2022-09-23 14:33:04.999970 999969840  
IOC_TEST:ShmTimeDiff           2022-09-23 14:33:05.039979 -46  
IOC_MTCA:m0s002-BI02-TimeRiseTS 2022-09-23 14:33:05.999970 999969720  
IOC_TEST:ShmTimeDiff           2022-09-23 14:33:06.040293 89  
IOC_TEST:ShmTimeDiff           2022-09-23 14:33:07.041228 99  
IOC_TEST:ShmTimeDiff           2022-09-23 14:33:08.041126 79  
IOC_TEST:ShmTimeDiff           2022-09-23 14:33:09.040844 127  
IOC_TEST:ShmTimeDiff           2022-09-23 14:33:10.040198 -23  
IOC_TEST:ShmTimeDiff           2022-09-23 14:33:11.040377 -79  
IOC_TEST:ShmTimeDiff           2022-09-23 14:33:12.040594 -8  
IOC_TEST:ShmTimeDiff           2022-09-23 14:33:13.040643 72  
IOC_MTCA:m0s002-BI02-TimeRiseTS 2022-09-23 14:33:13.999970 999969840  
IOC_TEST:ShmTimeDiff           2022-09-23 14:33:14.040706 63  
IOC_MTCA:m0s002-BI02-TimeRiseTS 2022-09-23 14:33:14.999970 999969720  
IOC_TEST:ShmTimeDiff           2022-09-23 14:33:15.041183 -61  
IOC_TEST:ShmTimeDiff           2022-09-23 14:33:16.040722 44  
IOC_TEST:ShmTimeDiff           2022-09-23 14:33:17.040651 56  
IOC_TEST:ShmTimeDiff           2022-09-23 14:33:18.040973 50  
IOC_TEST:ShmTimeDiff           2022-09-23 14:33:19.041099 -36  
IOC_MTCA:m0s002-BI02-TimeRiseTS 2022-09-23 14:33:19.999970 999969840  
IOC_TEST:ShmTimeDiff           2022-09-23 14:33:20.041230 -21  
IOC_MTCA:m0s002-BI02-TimeRiseTS 2022-09-23 14:33:20.999970 999969720  
IOC_TEST:ShmTimeDiff           2022-09-23 14:33:21.041194 39  
IOC_MTCA:m0s002-BI02-TimeRiseTS 2022-09-23 14:33:21.999970 999969840  
IOC_TEST:ShmTimeDiff           2022-09-23 14:33:22.041300 141  
IOC_TEST:ShmTimeDiff           2022-09-23 14:33:23.041439 118  
IOC_MTCA:m0s002-BI02-TimeRiseTS 2022-09-23 14:33:23.999970 999969720  
IOC_TEST:ShmTimeDiff           2022-09-23 14:33:24.041808 97  
IOC_TEST:ShmTimeDiff           2022-09-23 14:33:25.041615 84  
IOC_MTCA:m0s002-BI02-TimeRiseTS 2022-09-23 14:33:25.999970 999969840  
IOC_TEST:ShmTimeDiff           2022-09-23 14:33:26.042057 -27  
IOC_MTCA:m0s002-BI02-TimeRiseTS 2022-09-23 14:33:26.999970 999969720  
IOC_TEST:ShmTimeDiff           2022-09-23 14:33:27.041570 1  
IOC_MTCA:m0s002-BI02-TimeRiseTS 2022-09-23 14:33:27.999969 999969482  
IOC_TEST:ShmTimeDiff           2022-09-23 14:33:28.041429 39  
IOC_MTCA:m0s002-BI02-TimeRiseTS 2022-09-23 14:33:28.999970 999969720  
IOC_TEST:ShmTimeDiff           2022-09-23 14:33:29.042577 44  
IOC_TEST:ShmTimeDiff           2022-09-23 14:33:30.042442 -43  
IOC_TEST:ShmTimeDiff           2022-09-23 14:33:31.042585 45  
IOC_TEST:ShmTimeDiff           2022-09-23 14:33:32.041725 -36  
IOC_TEST:ShmTimeDiff           2022-09-23 14:33:33.042578 26  
IOC_TEST:ShmTimeDiff           2022-09-23 14:33:34.042936 53  
IOC_TEST:ShmTimeDiff           2022-09-23 14:33:35.043733 -29  
IOC_TEST:ShmTimeDiff           2022-09-23 14:33:36.043831 -12  
IOC_TEST:ShmTimeDiff           2022-09-23 14:33:37.042416 -111  
IOC_TEST:ShmTimeDiff           2022-09-23 14:33:38.043910 34  
IOC_TEST:ShmTimeDiff           2022-09-23 14:33:39.043056 -125  
IOC_TEST:ShmTimeDiff           2022-09-23 14:33:40.043002 2  
IOC_TEST:ShmTimeDiff           2022-09-23 14:33:41.045486 28  
IOC_TEST:ShmTimeDiff           2022-09-23 14:33:42.043004 -127  
IOC_TEST:ShmTimeDiff           2022-09-23 14:33:43.043213 -83  
IOC_TEST:ShmTimeDiff           2022-09-23 14:33:44.043347 -122  
IOC_TEST:ShmTimeDiff           2022-09-23 14:33:45.043215 -7  
IOC_TEST:ShmTimeDiff           2022-09-23 14:33:46.043188 -65  
IOC_TEST:ShmTimeDiff           2022-09-23 14:33:47.043325 -55  
IOC_TEST:ShmTimeDiff           2022-09-23 14:33:48.043613 -4  
IOC_TEST:ShmTimeDiff           2022-09-23 14:33:49.043363 30  
IOC_TEST:ShmTimeDiff           2022-09-23 14:33:50.043183 -13  
IOC_TEST:ShmTimeDiff           2022-09-23 14:33:51.044226 -47  
IOC_TEST:ShmTimeDiff           2022-09-23 14:33:52.043698 14  
IOC_TEST:ShmTimeDiff           2022-09-23 14:33:53.043744 28  
IOC_TEST:ShmTimeDiff           2022-09-23 14:33:54.043733 -46  
IOC_TEST:ShmTimeDiff           2022-09-23 14:33:55.043726 -24  
IOC_MTCA:m0s002-BI02-TimeRiseTS 2022-09-23 14:33:55.999970 999969840  
IOC_TEST:ShmTimeDiff           2022-09-23 14:33:56.044078 94  
IOC_MTCA:m0s002-BI02-TimeRiseTS 2022-09-23 14:33:56.999970 999969720  
IOC_TEST:ShmTimeDiff           2022-09-23 14:33:57.043903 -47  
IOC_TEST:ShmTimeDiff           2022-09-23 14:33:58.043903 -31  
IOC_TEST:ShmTimeDiff           2022-09-23 14:33:59.044111 135  
IOC_TEST:ShmTimeDiff           2022-09-23 14:34:00.044086 107  
IOC_TEST:ShmTimeDiff           2022-09-23 14:34:01.044749 2  
IOC_TEST:ShmTimeDiff           2022-09-23 14:34:02.044403 117  
IOC_TEST:ShmTimeDiff           2022-09-23 14:34:03.044476 19  
IOC_MTCA:m0s002-BI02-TimeRiseTS 2022-09-23 14:34:03.999969 999969482  
IOC_TEST:ShmTimeDiff           2022-09-23 14:34:04.044490 100  
IOC_MTCA:m0s002-BI02-TimeRiseTS 2022-09-23 14:34:04.999970 999969720  
IOC_TEST:ShmTimeDiff           2022-09-23 14:34:05.044398 11  
IOC_TEST:ShmTimeDiff           2022-09-23 14:34:06.045126 69  
IOC_TEST:ShmTimeDiff           2022-09-23 14:34:07.045875 -80  
IOC_TEST:ShmTimeDiff           2022-09-23 14:34:08.046341 110  
IOC_TEST:ShmTimeDiff           2022-09-23 14:34:09.044778 78  
IOC_TEST:ShmTimeDiff           2022-09-23 14:34:10.045247 102  
IOC_TEST:ShmTimeDiff           2022-09-23 14:34:11.044827 89  
IOC_MTCA:m0s002-BI02-TimeRiseTS 2022-09-23 14:34:11.999970 999969840  
IOC_TEST:ShmTimeDiff           2022-09-23 14:34:12.045372 -35  
IOC_MTCA:m0s002-BI02-TimeRiseTS 2022-09-23 14:34:12.999970 999969720  
IOC_TEST:ShmTimeDiff           2022-09-23 14:34:13.044961 75  
IOC_TEST:ShmTimeDiff           2022-09-23 14:34:14.044936 -33  
IOC_TEST:ShmTimeDiff           2022-09-23 14:34:15.045495 -56  
IOC_TEST:ShmTimeDiff           2022-09-23 14:34:16.045645 47  
IOC_TEST:ShmTimeDiff           2022-09-23 14:34:17.045583 -150  
IOC_TEST:ShmTimeDiff           2022-09-23 14:34:18.045539 -113  
IOC_TEST:ShmTimeDiff           2022-09-23 14:34:19.045717 -115  
IOC_TEST:ShmTimeDiff           2022-09-23 14:34:20.045808 18  
IOC_TEST:ShmTimeDiff           2022-09-23 14:34:21.045691 -45  
IOC_TEST:ShmTimeDiff           2022-09-23 14:34:22.045723 -43  
IOC_TEST:ShmTimeDiff           2022-09-23 14:34:23.046061 68  
IOC_TEST:ShmTimeDiff           2022-09-23 14:34:24.046366 30  
IOC_TEST:ShmTimeDiff           2022-09-23 14:34:25.046368 -89  
IOC_MTCA:m0s002-BI02-TimeRiseTS 2022-09-23 14:34:25.999970 999969840  
IOC_TEST:ShmTimeDiff           2022-09-23 14:34:26.046321 -75  
IOC_MTCA:m0s002-BI02-TimeRiseTS 2022-09-23 14:34:26.999970 999969720  
IOC_TEST:ShmTimeDiff           2022-09-23 14:34:27.046388 -107  
IOC_TEST:ShmTimeDiff           2022-09-23 14:34:28.046752 79  
IOC_MTCA:m0s002-BI02-TimeRiseTS 2022-09-23 14:34:28.999970 999969840  
IOC_TEST:ShmTimeDiff           2022-09-23 14:34:29.046247 -19  
IOC_TEST:ShmTimeDiff           2022-09-23 14:34:30.046875 105  
IOC_TEST:ShmTimeDiff           2022-09-23 14:34:31.046835 91  
IOC_MTCA:m0s002-BI02-TimeRiseTS 2022-09-23 14:34:31.999970 999969720  
IOC_TEST:ShmTimeDiff           2022-09-23 14:34:32.047361 5  
IOC_TEST:ShmTimeDiff           2022-09-23 14:34:33.046994 -48  
IOC_MTCA:m0s002-BI02-TimeRiseTS 2022-09-23 14:34:33.999970 999969840  
IOC_TEST:ShmTimeDiff           2022-09-23 14:34:34.046768 74  
IOC_MTCA:m0s002-BI02-TimeRiseTS 2022-09-23 14:34:34.999970 999969720  
IOC_TEST:ShmTimeDiff           2022-09-23 14:34:35.058630 -49  
IOC_TEST:ShmTimeDiff           2022-09-23 14:34:36.047560 6  
IOC_TEST:ShmTimeDiff           2022-09-23 14:34:37.047518 74  
IOC_TEST:ShmTimeDiff           2022-09-23 14:34:38.052311 3  
IOC_TEST:ShmTimeDiff           2022-09-23 14:34:39.047113 41  
