IOC_MTCA:m0s002-BI01-TimeRiseTS 2000-01-01 01:00:00.000000 0  
IOC_MTCA:m0s002-BI02-TimeRiseTS 2022-09-26 08:30:16.999970 999969840  
IOC_MTCA:m0s002-BI02           2022-09-23 14:05:19.013114 0  
IOC_TEST:ShmValid              2022-09-26 08:30:17.079957 1  
IOC_TEST:ShmTimeDiff           2022-09-26 08:30:17.088176 6  
IOC_TEST:ShmTimeDiff           2022-09-26 08:30:18.088149 79  
IOC_TEST:ShmTimeDiff           2022-09-26 08:30:19.088433 125  
IOC_TEST:ShmTimeDiff           2022-09-26 08:30:20.088456 42  
IOC_MTCA:m0s002-BI02-TimeRiseTS 2022-09-26 08:30:20.999970 999969720  
IOC_TEST:ShmTimeDiff           2022-09-26 08:30:21.088595 22  
IOC_MTCA:m0s002-BI02-TimeRiseTS 2022-09-26 08:30:21.999970 999969840  
IOC_TEST:ShmTimeDiff           2022-09-26 08:30:22.088843 104  
IOC_TEST:ShmTimeDiff           2022-09-26 08:30:23.088667 49  
IOC_MTCA:m0s002-BI02-TimeRiseTS 2022-09-26 08:30:23.999970 999969720  
IOC_TEST:ShmTimeDiff           2022-09-26 08:30:24.088624 53  
IOC_MTCA:m0s002-BI02-TimeRiseTS 2022-09-26 08:30:24.999970 999969840  
IOC_TEST:ShmTimeDiff           2022-09-26 08:30:25.088710 -21  
IOC_MTCA:m0s002-BI02-TimeRiseTS 2022-09-26 08:30:25.999970 999969720  
IOC_TEST:ShmTimeDiff           2022-09-26 08:30:26.089050 -93  
IOC_TEST:ShmTimeDiff           2022-09-26 08:30:27.088912 -15  
IOC_TEST:ShmTimeDiff           2022-09-26 08:30:28.088860 -16  
IOC_TEST:ShmTimeDiff           2022-09-26 08:30:29.089322 -63  
IOC_TEST:ShmTimeDiff           2022-09-26 08:30:30.091541 -98  
IOC_TEST:ShmTimeDiff           2022-09-26 08:30:31.089710 -23  
IOC_TEST:ShmTimeDiff           2022-09-26 08:30:32.089528 10  
IOC_TEST:ShmTimeDiff           2022-09-26 08:30:33.089655 -60  
