IOC_TEST:ShmValid              2022-10-04 08:21:31.056938 1  
IOC_TEST:ShmTimeDiff           2022-10-04 08:21:31.065394 67  
IOC_MTCA:m0s002-BI01-TimeRiseTS 2000-01-01 01:00:00.000000 0  
IOC_MTCA:m0s002-BI02-TimeRiseTS 2022-10-04 08:21:30.999970 999969840  
IOC_MTCA:m0s002-BI02           2022-09-23 14:05:19.013114 0  
IOC_TEST:ShmTimeDiff           2022-10-04 08:21:32.065512 86  
IOC_MTCA:m0s002-BI02-TimeRiseTS 2022-10-04 08:21:32.999970 999969959  
IOC_TEST:ShmTimeDiff           2022-10-04 08:21:33.065528 110  
IOC_MTCA:m0s002-BI02-TimeRiseTS 2022-10-04 08:21:33.999970 999969840  
IOC_TEST:ShmTimeDiff           2022-10-04 08:21:34.065518 -38  
IOC_TEST:ShmTimeDiff           2022-10-04 08:21:35.065402 -68  
IOC_TEST:ShmTimeDiff           2022-10-04 08:21:36.065567 10  
IOC_TEST:ShmTimeDiff           2022-10-04 08:21:37.065763 11  
IOC_TEST:ShmTimeDiff           2022-10-04 08:21:38.065999 -65  
IOC_TEST:ShmTimeDiff           2022-10-04 08:21:39.066289 103  
IOC_TEST:ShmTimeDiff           2022-10-04 08:21:40.066853 -9  
IOC_TEST:ShmTimeDiff           2022-10-04 08:21:41.065820 -23  
IOC_MTCA:m0s002-BI02-TimeRiseTS 2022-10-04 08:21:41.999970 999969959  
IOC_TEST:ShmTimeDiff           2022-10-04 08:21:42.066014 -132  
IOC_MTCA:m0s002-BI02-TimeRiseTS 2022-10-04 08:21:42.999970 999969840  
IOC_TEST:ShmTimeDiff           2022-10-04 08:21:43.066451 -10  
IOC_TEST:ShmTimeDiff           2022-10-04 08:21:44.066293 121  
IOC_TEST:ShmTimeDiff           2022-10-04 08:21:45.066538 -45  
IOC_TEST:ShmTimeDiff           2022-10-04 08:21:46.066691 14  
IOC_TEST:ShmTimeDiff           2022-10-04 08:21:47.066733 -50  
IOC_TEST:ShmTimeDiff           2022-10-04 08:21:48.067110 -7  
IOC_TEST:ShmTimeDiff           2022-10-04 08:21:49.067067 135  
IOC_TEST:ShmTimeDiff           2022-10-04 08:21:50.066786 -23  
IOC_TEST:ShmTimeDiff           2022-10-04 08:21:51.066704 194  
IOC_MTCA:m0s002-BI02-TimeRiseTS 2022-10-04 08:21:51.999970 999969959  
IOC_TEST:ShmTimeDiff           2022-10-04 08:21:52.066802 -20  
IOC_MTCA:m0s002-BI02-TimeRiseTS 2022-10-04 08:21:52.999970 999969840  
IOC_TEST:ShmTimeDiff           2022-10-04 08:21:53.067271 -23  
IOC_TEST:ShmTimeDiff           2022-10-04 08:21:54.071269 46  
IOC_TEST:ShmTimeDiff           2022-10-04 08:21:55.067222 113  
IOC_MTCA:m0s002-BI02-TimeRiseTS 2022-10-04 08:21:55.999970 999969720  
IOC_TEST:ShmTimeDiff           2022-10-04 08:21:56.067243 -13  
IOC_MTCA:m0s002-BI02-TimeRiseTS 2022-10-04 08:21:56.999970 999969840  
IOC_TEST:ShmTimeDiff           2022-10-04 08:21:57.067352 -7  
IOC_TEST:ShmTimeDiff           2022-10-04 08:21:58.068805 47  
