IOC_TEST:ShmValid              2022-10-11 08:40:02.055599 1  
IOC_MTCA:m0s002-BI01-TimeRiseTS 2000-01-01 01:00:00.000000 0  
IOC_MTCA:m0s002-BI02-TimeRiseTS 2022-10-07 13:31:46.276996 276995897  
IOC_MTCA:m0s002-BI02           2022-09-23 14:05:19.013114 0  
IOC_TEST:ShmTimeDiff           2022-10-11 08:40:02.064066 -24  
IOC_TEST:ShmTimeDiff           2022-10-11 08:40:03.063769 80  
IOC_TEST:ShmTimeDiff           2022-10-11 08:40:04.063955 -44  
IOC_TEST:ShmTimeDiff           2022-10-11 08:40:05.063899 -67  
IOC_TEST:ShmTimeDiff           2022-10-11 08:40:06.064255 -53  
IOC_TEST:ShmTimeDiff           2022-10-11 08:40:07.064609 65  
IOC_TEST:ShmTimeDiff           2022-10-11 08:40:08.064216 125  
IOC_TEST:ShmTimeDiff           2022-10-11 08:40:09.064625 69  
IOC_TEST:ShmTimeDiff           2022-10-11 08:40:10.064764 52  
IOC_TEST:ShmTimeDiff           2022-10-11 08:40:11.065273 -86  
IOC_TEST:ShmTimeDiff           2022-10-11 08:40:12.064754 104  
IOC_TEST:ShmTimeDiff           2022-10-11 08:40:13.064596 66  
IOC_TEST:ShmTimeDiff           2022-10-11 08:40:14.064944 -33  
IOC_TEST:ShmTimeDiff           2022-10-11 08:40:15.064692 49  
IOC_TEST:ShmTimeDiff           2022-10-11 08:40:16.064897 -18  
IOC_TEST:ShmTimeDiff           2022-10-11 08:40:17.065034 57  
IOC_TEST:ShmTimeDiff           2022-10-11 08:40:18.064918 74  
IOC_TEST:ShmTimeDiff           2022-10-11 08:40:19.064996 61  
IOC_TEST:ShmTimeDiff           2022-10-11 08:40:20.064927 27  
IOC_TEST:ShmTimeDiff           2022-10-11 08:40:21.064859 142  
IOC_TEST:ShmTimeDiff           2022-10-11 08:40:22.066913 105  
IOC_TEST:ShmTimeDiff           2022-10-11 08:40:23.066383 31  
IOC_TEST:ShmTimeDiff           2022-10-11 08:40:24.065301 -79  
IOC_TEST:ShmTimeDiff           2022-10-11 08:40:25.065589 86  
IOC_TEST:ShmTimeDiff           2022-10-11 08:40:26.065532 78  
IOC_TEST:ShmTimeDiff           2022-10-11 08:40:27.065848 104  
IOC_TEST:ShmTimeDiff           2022-10-11 08:40:28.065830 90  
IOC_TEST:ShmTimeDiff           2022-10-11 08:40:29.065945 68  
IOC_TEST:ShmTimeDiff           2022-10-11 08:40:30.065991 23  
IOC_TEST:ShmTimeDiff           2022-10-11 08:40:31.065841 34  
IOC_TEST:ShmTimeDiff           2022-10-11 08:40:32.066157 -70  
IOC_TEST:ShmTimeDiff           2022-10-11 08:40:33.065987 61  
IOC_TEST:ShmTimeDiff           2022-10-11 08:40:34.066693 21  
IOC_TEST:ShmTimeDiff           2022-10-11 08:40:35.066004 66  
IOC_TEST:ShmTimeDiff           2022-10-11 08:40:36.066199 43  
IOC_TEST:ShmTimeDiff           2022-10-11 08:40:37.067022 13  
IOC_TEST:ShmTimeDiff           2022-10-11 08:40:38.066925 49  
IOC_TEST:ShmTimeDiff           2022-10-11 08:40:39.066675 -37  
IOC_TEST:ShmTimeDiff           2022-10-11 08:40:40.066781 24  
IOC_TEST:ShmTimeDiff           2022-10-11 08:40:41.067147 66  
IOC_TEST:ShmTimeDiff           2022-10-11 08:40:42.066984 -27  
IOC_TEST:ShmTimeDiff           2022-10-11 08:40:43.067183 -42  
IOC_TEST:ShmTimeDiff           2022-10-11 08:40:44.067220 -39  
IOC_TEST:ShmTimeDiff           2022-10-11 08:40:45.067270 9  
IOC_TEST:ShmTimeDiff           2022-10-11 08:40:46.067252 -30  
IOC_TEST:ShmTimeDiff           2022-10-11 08:40:47.067095 -96  
IOC_TEST:ShmTimeDiff           2022-10-11 08:40:48.067140 97  
IOC_TEST:ShmTimeDiff           2022-10-11 08:40:49.067480 -78  
IOC_TEST:ShmTimeDiff           2022-10-11 08:40:50.067513 41  
IOC_TEST:ShmTimeDiff           2022-10-11 08:40:51.067561 66  
IOC_TEST:ShmTimeDiff           2022-10-11 08:40:52.068086 -44  
IOC_TEST:ShmTimeDiff           2022-10-11 08:40:53.068590 58  
IOC_TEST:ShmTimeDiff           2022-10-11 08:40:54.068038 28  
IOC_TEST:ShmTimeDiff           2022-10-11 08:40:55.067933 -33  
IOC_TEST:ShmTimeDiff           2022-10-11 08:40:56.067934 -34  
IOC_TEST:ShmTimeDiff           2022-10-11 08:40:57.067890 35  
IOC_TEST:ShmTimeDiff           2022-10-11 08:40:58.067849 -21  
IOC_TEST:ShmTimeDiff           2022-10-11 08:40:59.068065 4  
IOC_TEST:ShmTimeDiff           2022-10-11 08:41:00.068230 -72  
IOC_TEST:ShmTimeDiff           2022-10-11 08:41:01.068152 -1  
IOC_TEST:ShmTimeDiff           2022-10-11 08:41:02.068063 -61  
IOC_TEST:ShmTimeDiff           2022-10-11 08:41:03.068363 21  
IOC_TEST:ShmTimeDiff           2022-10-11 08:41:04.068816 -20  
IOC_TEST:ShmTimeDiff           2022-10-11 08:41:05.068717 -23  
IOC_TEST:ShmTimeDiff           2022-10-11 08:41:06.068571 -28  
IOC_TEST:ShmTimeDiff           2022-10-11 08:41:07.069288 50  
IOC_TEST:ShmTimeDiff           2022-10-11 08:41:08.068695 -66  
IOC_TEST:ShmTimeDiff           2022-10-11 08:41:09.068859 -74  
IOC_TEST:ShmTimeDiff           2022-10-11 08:41:10.068883 -58  
IOC_TEST:ShmTimeDiff           2022-10-11 08:41:11.069687 -55  
IOC_TEST:ShmTimeDiff           2022-10-11 08:41:12.069012 20  
IOC_TEST:ShmTimeDiff           2022-10-11 08:41:13.069642 41  
IOC_TEST:ShmTimeDiff           2022-10-11 08:41:14.069188 -103  
IOC_TEST:ShmTimeDiff           2022-10-11 08:41:15.069311 -55  
IOC_TEST:ShmTimeDiff           2022-10-11 08:41:16.069311 68  
IOC_TEST:ShmTimeDiff           2022-10-11 08:41:17.069629 -53  
IOC_TEST:ShmTimeDiff           2022-10-11 08:41:18.069429 -43  
IOC_TEST:ShmTimeDiff           2022-10-11 08:41:19.069813 48  
IOC_TEST:ShmTimeDiff           2022-10-11 08:41:20.069768 22  
IOC_TEST:ShmTimeDiff           2022-10-11 08:41:21.069868 39  
IOC_TEST:ShmTimeDiff           2022-10-11 08:41:22.070538 -39  
IOC_TEST:ShmTimeDiff           2022-10-11 08:41:23.071548 31  
IOC_TEST:ShmTimeDiff           2022-10-11 08:41:24.070037 14  
IOC_TEST:ShmTimeDiff           2022-10-11 08:41:25.070060 -54  
IOC_TEST:ShmTimeDiff           2022-10-11 08:41:26.069838 -131  
IOC_TEST:ShmTimeDiff           2022-10-11 08:41:27.070363 -4  
IOC_TEST:ShmTimeDiff           2022-10-11 08:41:28.070173 -14  
IOC_TEST:ShmTimeDiff           2022-10-11 08:41:29.071720 -27  
IOC_TEST:ShmTimeDiff           2022-10-11 08:41:30.070211 18  
IOC_TEST:ShmTimeDiff           2022-10-11 08:41:31.070370 -42  
IOC_TEST:ShmTimeDiff           2022-10-11 08:41:32.070579 -53  
IOC_TEST:ShmTimeDiff           2022-10-11 08:41:33.070435 30  
IOC_TEST:ShmTimeDiff           2022-10-11 08:41:34.071168 38  
IOC_TEST:ShmTimeDiff           2022-10-11 08:41:35.071643 43  
IOC_TEST:ShmTimeDiff           2022-10-11 08:41:36.071055 47  
IOC_TEST:ShmTimeDiff           2022-10-11 08:41:37.072409 22  
IOC_TEST:ShmTimeDiff           2022-10-11 08:41:38.071172 59  
IOC_TEST:ShmTimeDiff           2022-10-11 08:41:39.071318 73  
IOC_TEST:ShmTimeDiff           2022-10-11 08:41:40.071119 -28  
IOC_TEST:ShmTimeDiff           2022-10-11 08:41:41.072091 -42  
IOC_TEST:ShmTimeDiff           2022-10-11 08:41:42.071382 -87  
IOC_TEST:ShmTimeDiff           2022-10-11 08:41:43.071632 -26  
IOC_TEST:ShmTimeDiff           2022-10-11 08:41:44.071663 -46  
IOC_TEST:ShmTimeDiff           2022-10-11 08:41:45.071816 -40  
IOC_TEST:ShmTimeDiff           2022-10-11 08:41:46.071752 3  
IOC_TEST:ShmTimeDiff           2022-10-11 08:41:47.071898 -32  
IOC_TEST:ShmTimeDiff           2022-10-11 08:41:48.072087 3  
IOC_TEST:ShmTimeDiff           2022-10-11 08:41:49.071711 1  
IOC_TEST:ShmTimeDiff           2022-10-11 08:41:50.072275 -27  
IOC_TEST:ShmTimeDiff           2022-10-11 08:41:51.071869 32  
IOC_TEST:ShmTimeDiff           2022-10-11 08:41:52.076218 28  
IOC_TEST:ShmTimeDiff           2022-10-11 08:41:53.073410 -15  
IOC_TEST:ShmTimeDiff           2022-10-11 08:41:54.072483 -21  
IOC_TEST:ShmTimeDiff           2022-10-11 08:41:55.072609 65  
IOC_TEST:ShmTimeDiff           2022-10-11 08:41:56.072456 56  
